
*** Running vivado
    with args -log Pmod_AD2_wrapper.vdi -applog -m64 -product Vivado -messageDb vivado.pb -mode batch -source Pmod_AD2_wrapper.tcl -notrace



****** Vivado v2021.2 (64-bit)
  **** SW Build 3367213 on Tue Oct 19 02:48:09 MDT 2021
  **** IP Build 3369179 on Thu Oct 21 08:25:16 MDT 2021
    ** Copyright 1986-2021 Xilinx, Inc. All Rights Reserved.

source Pmod_AD2_wrapper.tcl -notrace
create_project: Time (s): cpu = 00:00:07 ; elapsed = 00:00:07 . Memory (MB): peak = 1553.074 ; gain = 0.000
INFO: [IP_Flow 19-234] Refreshing IP repositories
INFO: [IP_Flow 19-1700] Loaded user IP repository 'c:/Users/luisr/Desktop/vivado-library-master'.
INFO: [IP_Flow 19-2313] Loaded Vivado IP repository 'C:/Xilinx/Vivado/2021.2/data/ip'.
WARNING: [IP_Flow 19-4995] The host OS only allows 260 characters in a normal path. The IP cache path is more than 80 characters. If you experience issues with IP caching, please consider changing the IP cache to a location with a shorter path. Alternately consider using the OS subst command to map part of the path to a drive letter. 
Current IP cache path is C:/Users/luisr/.Xilinx/VHDL_Projects/Graduate_Project/FPGA/Pmod_AD2/Pmod_AD2.cache/ip 
Command: link_design -top Pmod_AD2_wrapper -part xc7z020clg400-1
Design is defaulting to srcset: sources_1
Design is defaulting to constrset: constrs_1
INFO: [Device 21-403] Loading part xc7z020clg400-1
INFO: [Project 1-454] Reading design checkpoint 'c:/Users/luisr/.Xilinx/VHDL_Projects/Graduate_Project/FPGA/Pmod_AD2/Pmod_AD2.gen/sources_1/bd/Pmod_AD2/ip/Pmod_AD2_PmodAD2_0_0/Pmod_AD2_PmodAD2_0_0.dcp' for cell 'Pmod_AD2_i/PmodAD2_0'
INFO: [Project 1-454] Reading design checkpoint 'c:/Users/luisr/.Xilinx/VHDL_Projects/Graduate_Project/FPGA/Pmod_AD2/Pmod_AD2.gen/sources_1/bd/Pmod_AD2/ip/Pmod_AD2_processing_system7_0_0/Pmod_AD2_processing_system7_0_0.dcp' for cell 'Pmod_AD2_i/processing_system7_0'
INFO: [Project 1-454] Reading design checkpoint 'c:/Users/luisr/.Xilinx/VHDL_Projects/Graduate_Project/FPGA/Pmod_AD2/Pmod_AD2.gen/sources_1/bd/Pmod_AD2/ip/Pmod_AD2_rst_ps7_0_50M_0/Pmod_AD2_rst_ps7_0_50M_0.dcp' for cell 'Pmod_AD2_i/rst_ps7_0_50M'
INFO: [Project 1-454] Reading design checkpoint 'c:/Users/luisr/.Xilinx/VHDL_Projects/Graduate_Project/FPGA/Pmod_AD2/Pmod_AD2.gen/sources_1/bd/Pmod_AD2/ip/Pmod_AD2_auto_pc_0/Pmod_AD2_auto_pc_0.dcp' for cell 'Pmod_AD2_i/ps7_0_axi_periph/s00_couplers/auto_pc'
Netlist sorting complete. Time (s): cpu = 00:00:00 ; elapsed = 00:00:00.300 . Memory (MB): peak = 1553.074 ; gain = 0.000
INFO: [Netlist 29-17] Analyzing 51 Unisim elements for replacement
INFO: [Netlist 29-28] Unisim Transformation completed in 0 CPU seconds
INFO: [Project 1-479] Netlist was created with Vivado 2021.2
INFO: [Project 1-570] Preparing netlist for logic optimization
Parsing XDC File [c:/Users/luisr/.Xilinx/VHDL_Projects/Graduate_Project/FPGA/Pmod_AD2/Pmod_AD2.gen/sources_1/bd/Pmod_AD2/ip/Pmod_AD2_processing_system7_0_0/Pmod_AD2_processing_system7_0_0.xdc] for cell 'Pmod_AD2_i/processing_system7_0/inst'
Finished Parsing XDC File [c:/Users/luisr/.Xilinx/VHDL_Projects/Graduate_Project/FPGA/Pmod_AD2/Pmod_AD2.gen/sources_1/bd/Pmod_AD2/ip/Pmod_AD2_processing_system7_0_0/Pmod_AD2_processing_system7_0_0.xdc] for cell 'Pmod_AD2_i/processing_system7_0/inst'
Parsing XDC File [c:/Users/luisr/.Xilinx/VHDL_Projects/Graduate_Project/FPGA/Pmod_AD2/Pmod_AD2.gen/sources_1/bd/Pmod_AD2/ip/Pmod_AD2_PmodAD2_0_0/src/PmodAD2_pmod_bridge_0_0/PmodAD2_pmod_bridge_0_0_board.xdc] for cell 'Pmod_AD2_i/PmodAD2_0/inst/pmod_bridge_0/inst'
Finished Parsing XDC File [c:/Users/luisr/.Xilinx/VHDL_Projects/Graduate_Project/FPGA/Pmod_AD2/Pmod_AD2.gen/sources_1/bd/Pmod_AD2/ip/Pmod_AD2_PmodAD2_0_0/src/PmodAD2_pmod_bridge_0_0/PmodAD2_pmod_bridge_0_0_board.xdc] for cell 'Pmod_AD2_i/PmodAD2_0/inst/pmod_bridge_0/inst'
Parsing XDC File [c:/Users/luisr/.Xilinx/VHDL_Projects/Graduate_Project/FPGA/Pmod_AD2/Pmod_AD2.gen/sources_1/bd/Pmod_AD2/ip/Pmod_AD2_PmodAD2_0_0/src/PmodAD2_axi_iic_0_0/PmodAD2_axi_iic_0_0_board.xdc] for cell 'Pmod_AD2_i/PmodAD2_0/inst/axi_iic_0/U0'
Finished Parsing XDC File [c:/Users/luisr/.Xilinx/VHDL_Projects/Graduate_Project/FPGA/Pmod_AD2/Pmod_AD2.gen/sources_1/bd/Pmod_AD2/ip/Pmod_AD2_PmodAD2_0_0/src/PmodAD2_axi_iic_0_0/PmodAD2_axi_iic_0_0_board.xdc] for cell 'Pmod_AD2_i/PmodAD2_0/inst/axi_iic_0/U0'
Parsing XDC File [c:/Users/luisr/.Xilinx/VHDL_Projects/Graduate_Project/FPGA/Pmod_AD2/Pmod_AD2.gen/sources_1/bd/Pmod_AD2/ip/Pmod_AD2_PmodAD2_0_0/Pmod_AD2_PmodAD2_0_0_board.xdc] for cell 'Pmod_AD2_i/PmodAD2_0/inst'
Finished Parsing XDC File [c:/Users/luisr/.Xilinx/VHDL_Projects/Graduate_Project/FPGA/Pmod_AD2/Pmod_AD2.gen/sources_1/bd/Pmod_AD2/ip/Pmod_AD2_PmodAD2_0_0/Pmod_AD2_PmodAD2_0_0_board.xdc] for cell 'Pmod_AD2_i/PmodAD2_0/inst'
Parsing XDC File [c:/Users/luisr/.Xilinx/VHDL_Projects/Graduate_Project/FPGA/Pmod_AD2/Pmod_AD2.gen/sources_1/bd/Pmod_AD2/ip/Pmod_AD2_rst_ps7_0_50M_0/Pmod_AD2_rst_ps7_0_50M_0_board.xdc] for cell 'Pmod_AD2_i/rst_ps7_0_50M/U0'
Finished Parsing XDC File [c:/Users/luisr/.Xilinx/VHDL_Projects/Graduate_Project/FPGA/Pmod_AD2/Pmod_AD2.gen/sources_1/bd/Pmod_AD2/ip/Pmod_AD2_rst_ps7_0_50M_0/Pmod_AD2_rst_ps7_0_50M_0_board.xdc] for cell 'Pmod_AD2_i/rst_ps7_0_50M/U0'
Parsing XDC File [c:/Users/luisr/.Xilinx/VHDL_Projects/Graduate_Project/FPGA/Pmod_AD2/Pmod_AD2.gen/sources_1/bd/Pmod_AD2/ip/Pmod_AD2_rst_ps7_0_50M_0/Pmod_AD2_rst_ps7_0_50M_0.xdc] for cell 'Pmod_AD2_i/rst_ps7_0_50M/U0'
Finished Parsing XDC File [c:/Users/luisr/.Xilinx/VHDL_Projects/Graduate_Project/FPGA/Pmod_AD2/Pmod_AD2.gen/sources_1/bd/Pmod_AD2/ip/Pmod_AD2_rst_ps7_0_50M_0/Pmod_AD2_rst_ps7_0_50M_0.xdc] for cell 'Pmod_AD2_i/rst_ps7_0_50M/U0'
Parsing XDC File [C:/Users/luisr/.Xilinx/VHDL_Projects/Graduate_Project/FPGA/Pmod_AD2/Pmod_AD2.srcs/constrs_1/new/Pmod_AD2_Cons.xdc]
Finished Parsing XDC File [C:/Users/luisr/.Xilinx/VHDL_Projects/Graduate_Project/FPGA/Pmod_AD2/Pmod_AD2.srcs/constrs_1/new/Pmod_AD2_Cons.xdc]
INFO: [Opt 31-138] Pushed 0 inverter(s) to 0 load pin(s).
Netlist sorting complete. Time (s): cpu = 00:00:00 ; elapsed = 00:00:00.003 . Memory (MB): peak = 1553.074 ; gain = 0.000
INFO: [Project 1-111] Unisim Transformation Summary:
  A total of 8 instances were transformed.
  IOBUF => IOBUF (IBUF, OBUFT): 8 instances

14 Infos, 1 Warnings, 0 Critical Warnings and 0 Errors encountered.
link_design completed successfully
link_design: Time (s): cpu = 00:00:27 ; elapsed = 00:00:48 . Memory (MB): peak = 1553.074 ; gain = 0.000
Command: opt_design
Attempting to get a license for feature 'Implementation' and/or device 'xc7z020'
INFO: [Common 17-349] Got license for feature 'Implementation' and/or device 'xc7z020'
Running DRC as a precondition to command opt_design

Starting DRC Task
INFO: [DRC 23-27] Running DRC with 2 threads
INFO: [Project 1-461] DRC finished with 0 Errors
INFO: [Project 1-462] Please refer to the DRC report (report_drc) for more information.

Time (s): cpu = 00:00:05 ; elapsed = 00:00:03 . Memory (MB): peak = 1553.074 ; gain = 0.000

Starting Cache Timing Information Task
INFO: [Timing 38-35] Done setting XDC timing constraints.
Ending Cache Timing Information Task | Checksum: 299a71b87

Time (s): cpu = 00:00:14 ; elapsed = 00:00:14 . Memory (MB): peak = 1847.535 ; gain = 294.461

Starting Logic Optimization Task

Phase 1 Retarget
INFO: [Opt 31-138] Pushed 0 inverter(s) to 0 load pin(s).
INFO: [Opt 31-49] Retargeted 0 cell(s).
Phase 1 Retarget | Checksum: 21a0ac0b3

Time (s): cpu = 00:00:00 ; elapsed = 00:00:00.133 . Memory (MB): peak = 2148.828 ; gain = 0.000
INFO: [Opt 31-389] Phase Retarget created 3 cells and removed 28 cells

Phase 2 Constant propagation
INFO: [Opt 31-138] Pushed 0 inverter(s) to 0 load pin(s).
Phase 2 Constant propagation | Checksum: 1fdd95adf

Time (s): cpu = 00:00:00 ; elapsed = 00:00:00.173 . Memory (MB): peak = 2148.828 ; gain = 0.000
INFO: [Opt 31-389] Phase Constant propagation created 0 cells and removed 88 cells

Phase 3 Sweep
Phase 3 Sweep | Checksum: 1e069878c

Time (s): cpu = 00:00:00 ; elapsed = 00:00:00.340 . Memory (MB): peak = 2148.828 ; gain = 0.000
INFO: [Opt 31-389] Phase Sweep created 0 cells and removed 155 cells

Phase 4 BUFG optimization
Phase 4 BUFG optimization | Checksum: 1e069878c

Time (s): cpu = 00:00:00 ; elapsed = 00:00:00.374 . Memory (MB): peak = 2148.828 ; gain = 0.000
INFO: [Opt 31-662] Phase BUFG optimization created 0 cells of which 0 are BUFGs and removed 0 cells.

Phase 5 Shift Register Optimization
INFO: [Opt 31-1064] SRL Remap converted 0 SRLs to 0 registers and converted 0 registers of register chains to 0 SRLs
Phase 5 Shift Register Optimization | Checksum: 1e069878c

Time (s): cpu = 00:00:00 ; elapsed = 00:00:00.380 . Memory (MB): peak = 2148.828 ; gain = 0.000
INFO: [Opt 31-389] Phase Shift Register Optimization created 0 cells and removed 0 cells

Phase 6 Post Processing Netlist
Phase 6 Post Processing Netlist | Checksum: 1e069878c

Time (s): cpu = 00:00:00 ; elapsed = 00:00:00.396 . Memory (MB): peak = 2148.828 ; gain = 0.000
INFO: [Opt 31-389] Phase Post Processing Netlist created 0 cells and removed 0 cells
Opt_design Change Summary
=========================


-------------------------------------------------------------------------------------------------------------------------
|  Phase                        |  #Cells created  |  #Cells Removed  |  #Constrained objects preventing optimizations  |
-------------------------------------------------------------------------------------------------------------------------
|  Retarget                     |               3  |              28  |                                              0  |
|  Constant propagation         |               0  |              88  |                                              0  |
|  Sweep                        |               0  |             155  |                                              0  |
|  BUFG optimization            |               0  |               0  |                                              0  |
|  Shift Register Optimization  |               0  |               0  |                                              0  |
|  Post Processing Netlist      |               0  |               0  |                                              0  |
-------------------------------------------------------------------------------------------------------------------------



Starting Connectivity Check Task

Time (s): cpu = 00:00:00 ; elapsed = 00:00:00.005 . Memory (MB): peak = 2148.828 ; gain = 0.000
Ending Logic Optimization Task | Checksum: 19e7e613d

Time (s): cpu = 00:00:00 ; elapsed = 00:00:00.461 . Memory (MB): peak = 2148.828 ; gain = 0.000

Starting Power Optimization Task
INFO: [Pwropt 34-132] Skipping clock gating for clocks with a period < 2.00 ns.
Ending Power Optimization Task | Checksum: 19e7e613d

Time (s): cpu = 00:00:00 ; elapsed = 00:00:00.011 . Memory (MB): peak = 2148.828 ; gain = 0.000

Starting Final Cleanup Task
Ending Final Cleanup Task | Checksum: 19e7e613d

Time (s): cpu = 00:00:00 ; elapsed = 00:00:00.001 . Memory (MB): peak = 2148.828 ; gain = 0.000

Starting Netlist Obfuscation Task
Netlist sorting complete. Time (s): cpu = 00:00:00 ; elapsed = 00:00:00.001 . Memory (MB): peak = 2148.828 ; gain = 0.000
Ending Netlist Obfuscation Task | Checksum: 19e7e613d

Time (s): cpu = 00:00:00 ; elapsed = 00:00:00.001 . Memory (MB): peak = 2148.828 ; gain = 0.000
INFO: [Common 17-83] Releasing license: Implementation
31 Infos, 1 Warnings, 0 Critical Warnings and 0 Errors encountered.
opt_design completed successfully
opt_design: Time (s): cpu = 00:00:22 ; elapsed = 00:00:21 . Memory (MB): peak = 2148.828 ; gain = 595.754
INFO: [Timing 38-480] Writing timing data to binary archive.
Writing placer database...
Writing XDEF routing.
Writing XDEF routing logical nets.
Writing XDEF routing special nets.
Write XDEF Complete: Time (s): cpu = 00:00:01 ; elapsed = 00:00:00.101 . Memory (MB): peak = 2148.828 ; gain = 0.000
INFO: [Common 17-1381] The checkpoint 'C:/Users/luisr/.Xilinx/VHDL_Projects/Graduate_Project/FPGA/Pmod_AD2/Pmod_AD2.runs/impl_1/Pmod_AD2_wrapper_opt.dcp' has been generated.
INFO: [runtcl-4] Executing : report_drc -file Pmod_AD2_wrapper_drc_opted.rpt -pb Pmod_AD2_wrapper_drc_opted.pb -rpx Pmod_AD2_wrapper_drc_opted.rpx
Command: report_drc -file Pmod_AD2_wrapper_drc_opted.rpt -pb Pmod_AD2_wrapper_drc_opted.pb -rpx Pmod_AD2_wrapper_drc_opted.rpx
INFO: [IP_Flow 19-1839] IP Catalog is up to date.
INFO: [Timing 38-35] Done setting XDC timing constraints.
INFO: [DRC 23-27] Running DRC with 2 threads
INFO: [Vivado_Tcl 2-168] The results of DRC are in file C:/Users/luisr/.Xilinx/VHDL_Projects/Graduate_Project/FPGA/Pmod_AD2/Pmod_AD2.runs/impl_1/Pmod_AD2_wrapper_drc_opted.rpt.
report_drc completed successfully
Command: place_design
Attempting to get a license for feature 'Implementation' and/or device 'xc7z020'
INFO: [Common 17-349] Got license for feature 'Implementation' and/or device 'xc7z020'
INFO: [DRC 23-27] Running DRC with 2 threads
INFO: [Vivado_Tcl 4-198] DRC finished with 0 Errors
INFO: [Vivado_Tcl 4-199] Please refer to the DRC report (report_drc) for more information.
Running DRC as a precondition to command place_design
INFO: [DRC 23-27] Running DRC with 2 threads
INFO: [Vivado_Tcl 4-198] DRC finished with 0 Errors
INFO: [Vivado_Tcl 4-199] Please refer to the DRC report (report_drc) for more information.

Starting Placer Task
INFO: [Place 30-611] Multithreading enabled for place_design using a maximum of 2 CPUs

Phase 1 Placer Initialization

Phase 1.1 Placer Initialization Netlist Sorting
Netlist sorting complete. Time (s): cpu = 00:00:00 ; elapsed = 00:00:00.002 . Memory (MB): peak = 2185.797 ; gain = 0.000
Phase 1.1 Placer Initialization Netlist Sorting | Checksum: 165075a6b

Time (s): cpu = 00:00:00 ; elapsed = 00:00:00.011 . Memory (MB): peak = 2185.797 ; gain = 0.000
Netlist sorting complete. Time (s): cpu = 00:00:00 ; elapsed = 00:00:00 . Memory (MB): peak = 2185.797 ; gain = 0.000

Phase 1.2 IO Placement/ Clock Placement/ Build Placer Device
Phase 1.2 IO Placement/ Clock Placement/ Build Placer Device | Checksum: 81cfdd90

Time (s): cpu = 00:00:01 ; elapsed = 00:00:00.595 . Memory (MB): peak = 2185.797 ; gain = 0.000

Phase 1.3 Build Placer Netlist Model
Phase 1.3 Build Placer Netlist Model | Checksum: 1e9b6b085

Time (s): cpu = 00:00:01 ; elapsed = 00:00:01 . Memory (MB): peak = 2185.797 ; gain = 0.000

Phase 1.4 Constrain Clocks/Macros
Phase 1.4 Constrain Clocks/Macros | Checksum: 1e9b6b085

Time (s): cpu = 00:00:02 ; elapsed = 00:00:01 . Memory (MB): peak = 2185.797 ; gain = 0.000
Phase 1 Placer Initialization | Checksum: 1e9b6b085

Time (s): cpu = 00:00:02 ; elapsed = 00:00:01 . Memory (MB): peak = 2185.797 ; gain = 0.000

Phase 2 Global Placement

Phase 2.1 Floorplanning
Phase 2.1 Floorplanning | Checksum: 1df6c245b

Time (s): cpu = 00:00:02 ; elapsed = 00:00:01 . Memory (MB): peak = 2185.797 ; gain = 0.000

Phase 2.2 Update Timing before SLR Path Opt
Phase 2.2 Update Timing before SLR Path Opt | Checksum: 1f889fc31

Time (s): cpu = 00:00:02 ; elapsed = 00:00:01 . Memory (MB): peak = 2185.797 ; gain = 0.000

Phase 2.3 Post-Processing in Floorplanning
Phase 2.3 Post-Processing in Floorplanning | Checksum: 1f889fc31

Time (s): cpu = 00:00:02 ; elapsed = 00:00:01 . Memory (MB): peak = 2185.797 ; gain = 0.000

Phase 2.4 Global Placement Core

Phase 2.4.1 Physical Synthesis In Placer
INFO: [Physopt 32-1035] Found 0 LUTNM shape to break, 40 LUT instances to create LUTNM shape
INFO: [Physopt 32-1044] Break lutnm for timing: one critical 0, two critical 0, total 0, new lutff created 0
INFO: [Physopt 32-1138] End 1 Pass. Optimized 12 nets or LUTs. Breaked 0 LUT, combined 12 existing LUTs and moved 0 existing LUT
INFO: [Physopt 32-65] No nets found for high-fanout optimization.
INFO: [Physopt 32-232] Optimized 0 net. Created 0 new instance.
INFO: [Physopt 32-775] End 1 Pass. Optimized 0 net or cell. Created 0 new cell, deleted 0 existing cell and moved 0 existing cell
INFO: [Physopt 32-670] No setup violation found.  DSP Register Optimization was not performed.
INFO: [Physopt 32-670] No setup violation found.  Shift Register to Pipeline Optimization was not performed.
INFO: [Physopt 32-670] No setup violation found.  Shift Register Optimization was not performed.
INFO: [Physopt 32-670] No setup violation found.  BRAM Register Optimization was not performed.
INFO: [Physopt 32-670] No setup violation found.  URAM Register Optimization was not performed.
INFO: [Physopt 32-949] No candidate nets found for dynamic/static region interface net replication
INFO: [Physopt 32-775] End 1 Pass. Optimized 0 net or cell. Created 0 new cell, deleted 0 existing cell and moved 0 existing cell
Netlist sorting complete. Time (s): cpu = 00:00:00 ; elapsed = 00:00:00.002 . Memory (MB): peak = 2185.797 ; gain = 0.000

Summary of Physical Synthesis Optimizations
============================================


-----------------------------------------------------------------------------------------------------------------------------------------------------------
|  Optimization                                     |  Added Cells  |  Removed Cells  |  Optimized Cells/Nets  |  Dont Touch  |  Iterations  |  Elapsed   |
-----------------------------------------------------------------------------------------------------------------------------------------------------------
|  LUT Combining                                    |            0  |             12  |                    12  |           0  |           1  |  00:00:00  |
|  Retime                                           |            0  |              0  |                     0  |           0  |           1  |  00:00:00  |
|  Very High Fanout                                 |            0  |              0  |                     0  |           0  |           1  |  00:00:00  |
|  DSP Register                                     |            0  |              0  |                     0  |           0  |           0  |  00:00:00  |
|  Shift Register to Pipeline                       |            0  |              0  |                     0  |           0  |           0  |  00:00:00  |
|  Shift Register                                   |            0  |              0  |                     0  |           0  |           0  |  00:00:00  |
|  BRAM Register                                    |            0  |              0  |                     0  |           0  |           0  |  00:00:00  |
|  URAM Register                                    |            0  |              0  |                     0  |           0  |           0  |  00:00:00  |
|  Dynamic/Static Region Interface Net Replication  |            0  |              0  |                     0  |           0  |           1  |  00:00:00  |
|  Total                                            |            0  |             12  |                    12  |           0  |           4  |  00:00:00  |
-----------------------------------------------------------------------------------------------------------------------------------------------------------


Phase 2.4.1 Physical Synthesis In Placer | Checksum: c5138afc

Time (s): cpu = 00:00:09 ; elapsed = 00:00:05 . Memory (MB): peak = 2185.797 ; gain = 0.000
Phase 2.4 Global Placement Core | Checksum: 175ac1f4c

Time (s): cpu = 00:00:09 ; elapsed = 00:00:05 . Memory (MB): peak = 2185.797 ; gain = 0.000
Phase 2 Global Placement | Checksum: 175ac1f4c

Time (s): cpu = 00:00:09 ; elapsed = 00:00:05 . Memory (MB): peak = 2185.797 ; gain = 0.000

Phase 3 Detail Placement

Phase 3.1 Commit Multi Column Macros
Phase 3.1 Commit Multi Column Macros | Checksum: edf0fd0e

Time (s): cpu = 00:00:09 ; elapsed = 00:00:05 . Memory (MB): peak = 2185.797 ; gain = 0.000

Phase 3.2 Commit Most Macros & LUTRAMs
Phase 3.2 Commit Most Macros & LUTRAMs | Checksum: 16e6234ae

Time (s): cpu = 00:00:10 ; elapsed = 00:00:05 . Memory (MB): peak = 2185.797 ; gain = 0.000

Phase 3.3 Area Swap Optimization
Phase 3.3 Area Swap Optimization | Checksum: 195ea7d9c

Time (s): cpu = 00:00:10 ; elapsed = 00:00:05 . Memory (MB): peak = 2185.797 ; gain = 0.000

Phase 3.4 Pipeline Register Optimization
Phase 3.4 Pipeline Register Optimization | Checksum: 18ec34ee1

Time (s): cpu = 00:00:10 ; elapsed = 00:00:05 . Memory (MB): peak = 2185.797 ; gain = 0.000

Phase 3.5 Small Shape Detail Placement
Phase 3.5 Small Shape Detail Placement | Checksum: 24915d0f7

Time (s): cpu = 00:00:11 ; elapsed = 00:00:06 . Memory (MB): peak = 2185.797 ; gain = 0.000

Phase 3.6 Re-assign LUT pins
Phase 3.6 Re-assign LUT pins | Checksum: 1c11945e8

Time (s): cpu = 00:00:11 ; elapsed = 00:00:06 . Memory (MB): peak = 2185.797 ; gain = 0.000

Phase 3.7 Pipeline Register Optimization
Phase 3.7 Pipeline Register Optimization | Checksum: 1c85ff72b

Time (s): cpu = 00:00:11 ; elapsed = 00:00:06 . Memory (MB): peak = 2185.797 ; gain = 0.000
Phase 3 Detail Placement | Checksum: 1c85ff72b

Time (s): cpu = 00:00:11 ; elapsed = 00:00:06 . Memory (MB): peak = 2185.797 ; gain = 0.000

Phase 4 Post Placement Optimization and Clean-Up

Phase 4.1 Post Commit Optimization
INFO: [Timing 38-35] Done setting XDC timing constraints.

Phase 4.1.1 Post Placement Optimization
Post Placement Optimization Initialization | Checksum: a9c78438

Phase 4.1.1.1 BUFG Insertion

Starting Physical Synthesis Task

Phase 1 Physical Synthesis Initialization
INFO: [Physopt 32-721] Multithreading enabled for phys_opt_design using a maximum of 2 CPUs
INFO: [Physopt 32-619] Estimated Timing Summary | WNS=13.016 | TNS=0.000 |
Phase 1 Physical Synthesis Initialization | Checksum: 9419f6d3

Time (s): cpu = 00:00:01 ; elapsed = 00:00:00.084 . Memory (MB): peak = 2185.797 ; gain = 0.000
INFO: [Place 46-56] BUFG insertion identified 0 candidate nets. Inserted BUFG: 0, Replicated BUFG Driver: 0, Skipped due to Placement/Routing Conflicts: 0, Skipped due to Timing Degradation: 0, Skipped due to Illegal Netlist: 0.
Ending Physical Synthesis Task | Checksum: e20761dc

Time (s): cpu = 00:00:01 ; elapsed = 00:00:00.090 . Memory (MB): peak = 2185.797 ; gain = 0.000
Phase 4.1.1.1 BUFG Insertion | Checksum: a9c78438

Time (s): cpu = 00:00:12 ; elapsed = 00:00:07 . Memory (MB): peak = 2185.797 ; gain = 0.000

Phase 4.1.1.2 Post Placement Timing Optimization
INFO: [Place 30-746] Post Placement Timing Summary WNS=13.016. For the most accurate timing information please run report_timing.
Phase 4.1.1.2 Post Placement Timing Optimization | Checksum: cae7e195

Time (s): cpu = 00:00:12 ; elapsed = 00:00:07 . Memory (MB): peak = 2185.797 ; gain = 0.000

Time (s): cpu = 00:00:12 ; elapsed = 00:00:07 . Memory (MB): peak = 2185.797 ; gain = 0.000
Phase 4.1 Post Commit Optimization | Checksum: cae7e195

Time (s): cpu = 00:00:12 ; elapsed = 00:00:07 . Memory (MB): peak = 2185.797 ; gain = 0.000

Phase 4.2 Post Placement Cleanup
Phase 4.2 Post Placement Cleanup | Checksum: cae7e195

Time (s): cpu = 00:00:12 ; elapsed = 00:00:07 . Memory (MB): peak = 2185.797 ; gain = 0.000

Phase 4.3 Placer Reporting

Phase 4.3.1 Print Estimated Congestion
INFO: [Place 30-612] Post-Placement Estimated Congestion 
 ____________________________________________________
|           | Global Congestion | Short Congestion  |
| Direction | Region Size       | Region Size       |
|___________|___________________|___________________|
|      North|                1x1|                1x1|
|___________|___________________|___________________|
|      South|                1x1|                1x1|
|___________|___________________|___________________|
|       East|                1x1|                1x1|
|___________|___________________|___________________|
|       West|                1x1|                1x1|
|___________|___________________|___________________|

Phase 4.3.1 Print Estimated Congestion | Checksum: cae7e195

Time (s): cpu = 00:00:12 ; elapsed = 00:00:07 . Memory (MB): peak = 2185.797 ; gain = 0.000
Phase 4.3 Placer Reporting | Checksum: cae7e195

Time (s): cpu = 00:00:12 ; elapsed = 00:00:07 . Memory (MB): peak = 2185.797 ; gain = 0.000

Phase 4.4 Final Placement Cleanup
Netlist sorting complete. Time (s): cpu = 00:00:00 ; elapsed = 00:00:00.001 . Memory (MB): peak = 2185.797 ; gain = 0.000

Time (s): cpu = 00:00:12 ; elapsed = 00:00:07 . Memory (MB): peak = 2185.797 ; gain = 0.000
Phase 4 Post Placement Optimization and Clean-Up | Checksum: f99568a6

Time (s): cpu = 00:00:12 ; elapsed = 00:00:07 . Memory (MB): peak = 2185.797 ; gain = 0.000
Ending Placer Task | Checksum: d73de21b

Time (s): cpu = 00:00:12 ; elapsed = 00:00:07 . Memory (MB): peak = 2185.797 ; gain = 0.000
INFO: [Common 17-83] Releasing license: Implementation
66 Infos, 1 Warnings, 0 Critical Warnings and 0 Errors encountered.
place_design completed successfully
place_design: Time (s): cpu = 00:00:15 ; elapsed = 00:00:09 . Memory (MB): peak = 2185.797 ; gain = 0.984
INFO: [Timing 38-480] Writing timing data to binary archive.
Writing placer database...
Writing XDEF routing.
Writing XDEF routing logical nets.
Writing XDEF routing special nets.
Write XDEF Complete: Time (s): cpu = 00:00:01 ; elapsed = 00:00:00.319 . Memory (MB): peak = 2185.797 ; gain = 0.000
INFO: [Common 17-1381] The checkpoint 'C:/Users/luisr/.Xilinx/VHDL_Projects/Graduate_Project/FPGA/Pmod_AD2/Pmod_AD2.runs/impl_1/Pmod_AD2_wrapper_placed.dcp' has been generated.
INFO: [runtcl-4] Executing : report_io -file Pmod_AD2_wrapper_io_placed.rpt
report_io: Time (s): cpu = 00:00:00 ; elapsed = 00:00:00.100 . Memory (MB): peak = 2185.797 ; gain = 0.000
INFO: [runtcl-4] Executing : report_utilization -file Pmod_AD2_wrapper_utilization_placed.rpt -pb Pmod_AD2_wrapper_utilization_placed.pb
INFO: [runtcl-4] Executing : report_control_sets -verbose -file Pmod_AD2_wrapper_control_sets_placed.rpt
report_control_sets: Time (s): cpu = 00:00:00 ; elapsed = 00:00:00.012 . Memory (MB): peak = 2185.797 ; gain = 0.000
Command: phys_opt_design
Attempting to get a license for feature 'Implementation' and/or device 'xc7z020'
INFO: [Common 17-349] Got license for feature 'Implementation' and/or device 'xc7z020'
INFO: [Vivado_Tcl 4-383] Design worst setup slack (WNS) is greater than or equal to 0.000 ns. Skipping all physical synthesis optimizations.
INFO: [Vivado_Tcl 4-232] No setup violation found. The netlist was not modified.
INFO: [Common 17-83] Releasing license: Implementation
75 Infos, 1 Warnings, 0 Critical Warnings and 0 Errors encountered.
phys_opt_design completed successfully
INFO: [Timing 38-480] Writing timing data to binary archive.
Writing placer database...
Writing XDEF routing.
Writing XDEF routing logical nets.
Writing XDEF routing special nets.
Write XDEF Complete: Time (s): cpu = 00:00:01 ; elapsed = 00:00:00.280 . Memory (MB): peak = 2191.414 ; gain = 5.617
INFO: [Common 17-1381] The checkpoint 'C:/Users/luisr/.Xilinx/VHDL_Projects/Graduate_Project/FPGA/Pmod_AD2/Pmod_AD2.runs/impl_1/Pmod_AD2_wrapper_physopt.dcp' has been generated.
Command: route_design
Attempting to get a license for feature 'Implementation' and/or device 'xc7z020'
INFO: [Common 17-349] Got license for feature 'Implementation' and/or device 'xc7z020'
Running DRC as a precondition to command route_design
INFO: [DRC 23-27] Running DRC with 2 threads
INFO: [Vivado_Tcl 4-198] DRC finished with 0 Errors
INFO: [Vivado_Tcl 4-199] Please refer to the DRC report (report_drc) for more information.


Starting Routing Task
INFO: [Route 35-254] Multithreading enabled for route_design using a maximum of 2 CPUs

Phase 1 Build RT Design
Checksum: PlaceDB: 4f249437 ConstDB: 0 ShapeSum: 88194de4 RouteDB: 0
Post Restoration Checksum: NetGraph: 2db0cafe NumContArr: 9d554fcc Constraints: 0 Timing: 0
Phase 1 Build RT Design | Checksum: cb061aca

Time (s): cpu = 00:01:05 ; elapsed = 00:01:03 . Memory (MB): peak = 2280.648 ; gain = 80.160

Phase 2 Router Initialization

Phase 2.1 Create Timer
Phase 2.1 Create Timer | Checksum: cb061aca

Time (s): cpu = 00:01:05 ; elapsed = 00:01:03 . Memory (MB): peak = 2280.648 ; gain = 80.160

Phase 2.2 Fix Topology Constraints
Phase 2.2 Fix Topology Constraints | Checksum: cb061aca

Time (s): cpu = 00:01:05 ; elapsed = 00:01:03 . Memory (MB): peak = 2285.375 ; gain = 84.887

Phase 2.3 Pre Route Cleanup
Phase 2.3 Pre Route Cleanup | Checksum: cb061aca

Time (s): cpu = 00:01:05 ; elapsed = 00:01:03 . Memory (MB): peak = 2285.375 ; gain = 84.887
 Number of Nodes with overlaps = 0

Phase 2.4 Update Timing
Phase 2.4 Update Timing | Checksum: 1371a55e3

Time (s): cpu = 00:01:08 ; elapsed = 00:01:05 . Memory (MB): peak = 2308.035 ; gain = 107.547
INFO: [Route 35-416] Intermediate Timing Summary | WNS=13.068 | TNS=0.000  | WHS=-0.143 | THS=-18.816|


Router Utilization Summary
  Global Vertical Routing Utilization    = 0 %
  Global Horizontal Routing Utilization  = 0 %
  Routable Net Status*
  *Does not include unroutable nets such as driverless and loadless.
  Run report_route_status for detailed report.
  Number of Failed Nets               = 1560
    (Failed Nets is the sum of unrouted and partially routed nets)
  Number of Unrouted Nets             = 1560
  Number of Partially Routed Nets     = 0
  Number of Node Overlaps             = 0

Phase 2 Router Initialization | Checksum: 9197ee14

Time (s): cpu = 00:01:08 ; elapsed = 00:01:05 . Memory (MB): peak = 2308.035 ; gain = 107.547

Phase 3 Initial Routing

Phase 3.1 Global Routing
Phase 3.1 Global Routing | Checksum: 9197ee14

Time (s): cpu = 00:01:08 ; elapsed = 00:01:05 . Memory (MB): peak = 2308.035 ; gain = 107.547
Phase 3 Initial Routing | Checksum: 1d2a521a7

Time (s): cpu = 00:01:10 ; elapsed = 00:01:06 . Memory (MB): peak = 2308.035 ; gain = 107.547

Phase 4 Rip-up And Reroute

Phase 4.1 Global Iteration 0
 Number of Nodes with overlaps = 136
 Number of Nodes with overlaps = 0
INFO: [Route 35-416] Intermediate Timing Summary | WNS=12.822 | TNS=0.000  | WHS=N/A    | THS=N/A    |

Phase 4.1 Global Iteration 0 | Checksum: 214f837db

Time (s): cpu = 00:01:11 ; elapsed = 00:01:07 . Memory (MB): peak = 2308.035 ; gain = 107.547

Phase 4.2 Global Iteration 1
 Number of Nodes with overlaps = 3
 Number of Nodes with overlaps = 0
INFO: [Route 35-416] Intermediate Timing Summary | WNS=12.822 | TNS=0.000  | WHS=N/A    | THS=N/A    |

Phase 4.2 Global Iteration 1 | Checksum: 20c4f2afb

Time (s): cpu = 00:01:11 ; elapsed = 00:01:07 . Memory (MB): peak = 2308.035 ; gain = 107.547
Phase 4 Rip-up And Reroute | Checksum: 20c4f2afb

Time (s): cpu = 00:01:11 ; elapsed = 00:01:07 . Memory (MB): peak = 2308.035 ; gain = 107.547

Phase 5 Delay and Skew Optimization

Phase 5.1 Delay CleanUp
Phase 5.1 Delay CleanUp | Checksum: 20c4f2afb

Time (s): cpu = 00:01:11 ; elapsed = 00:01:07 . Memory (MB): peak = 2308.035 ; gain = 107.547

Phase 5.2 Clock Skew Optimization
Phase 5.2 Clock Skew Optimization | Checksum: 20c4f2afb

Time (s): cpu = 00:01:11 ; elapsed = 00:01:07 . Memory (MB): peak = 2308.035 ; gain = 107.547
Phase 5 Delay and Skew Optimization | Checksum: 20c4f2afb

Time (s): cpu = 00:01:11 ; elapsed = 00:01:07 . Memory (MB): peak = 2308.035 ; gain = 107.547

Phase 6 Post Hold Fix

Phase 6.1 Hold Fix Iter

Phase 6.1.1 Update Timing
Phase 6.1.1 Update Timing | Checksum: 22c893015

Time (s): cpu = 00:01:11 ; elapsed = 00:01:07 . Memory (MB): peak = 2308.035 ; gain = 107.547
INFO: [Route 35-416] Intermediate Timing Summary | WNS=12.972 | TNS=0.000  | WHS=0.056  | THS=0.000  |

Phase 6.1 Hold Fix Iter | Checksum: 1869d9b57

Time (s): cpu = 00:01:11 ; elapsed = 00:01:07 . Memory (MB): peak = 2308.035 ; gain = 107.547
Phase 6 Post Hold Fix | Checksum: 1869d9b57

Time (s): cpu = 00:01:11 ; elapsed = 00:01:07 . Memory (MB): peak = 2308.035 ; gain = 107.547

Phase 7 Route finalize

Router Utilization Summary
  Global Vertical Routing Utilization    = 0.230506 %
  Global Horizontal Routing Utilization  = 0.256339 %
  Routable Net Status*
  *Does not include unroutable nets such as driverless and loadless.
  Run report_route_status for detailed report.
  Number of Failed Nets               = 0
    (Failed Nets is the sum of unrouted and partially routed nets)
  Number of Unrouted Nets             = 0
  Number of Partially Routed Nets     = 0
  Number of Node Overlaps             = 0

Phase 7 Route finalize | Checksum: 1a90d7897

Time (s): cpu = 00:01:11 ; elapsed = 00:01:07 . Memory (MB): peak = 2308.035 ; gain = 107.547

Phase 8 Verifying routed nets

 Verification completed successfully
Phase 8 Verifying routed nets | Checksum: 1a90d7897

Time (s): cpu = 00:01:11 ; elapsed = 00:01:07 . Memory (MB): peak = 2308.035 ; gain = 107.547

Phase 9 Depositing Routes
Phase 9 Depositing Routes | Checksum: 1b963b915

Time (s): cpu = 00:01:12 ; elapsed = 00:01:08 . Memory (MB): peak = 2308.035 ; gain = 107.547

Phase 10 Post Router Timing
INFO: [Route 35-57] Estimated Timing Summary | WNS=12.972 | TNS=0.000  | WHS=0.056  | THS=0.000  |

INFO: [Route 35-327] The final timing numbers are based on the router estimated timing analysis. For a complete and accurate timing signoff, please run report_timing_summary.
Phase 10 Post Router Timing | Checksum: 1b963b915

Time (s): cpu = 00:01:12 ; elapsed = 00:01:08 . Memory (MB): peak = 2308.035 ; gain = 107.547
INFO: [Route 35-16] Router Completed Successfully

Time (s): cpu = 00:01:12 ; elapsed = 00:01:08 . Memory (MB): peak = 2308.035 ; gain = 107.547

Routing Is Done.
INFO: [Common 17-83] Releasing license: Implementation
90 Infos, 1 Warnings, 0 Critical Warnings and 0 Errors encountered.
route_design completed successfully
route_design: Time (s): cpu = 00:01:15 ; elapsed = 00:01:10 . Memory (MB): peak = 2308.035 ; gain = 116.621
INFO: [Timing 38-480] Writing timing data to binary archive.
Writing placer database...
Writing XDEF routing.
Writing XDEF routing logical nets.
Writing XDEF routing special nets.
Write XDEF Complete: Time (s): cpu = 00:00:01 ; elapsed = 00:00:00.458 . Memory (MB): peak = 2311.824 ; gain = 3.789
INFO: [Common 17-1381] The checkpoint 'C:/Users/luisr/.Xilinx/VHDL_Projects/Graduate_Project/FPGA/Pmod_AD2/Pmod_AD2.runs/impl_1/Pmod_AD2_wrapper_routed.dcp' has been generated.
INFO: [runtcl-4] Executing : report_drc -file Pmod_AD2_wrapper_drc_routed.rpt -pb Pmod_AD2_wrapper_drc_routed.pb -rpx Pmod_AD2_wrapper_drc_routed.rpx
Command: report_drc -file Pmod_AD2_wrapper_drc_routed.rpt -pb Pmod_AD2_wrapper_drc_routed.pb -rpx Pmod_AD2_wrapper_drc_routed.rpx
INFO: [IP_Flow 19-1839] IP Catalog is up to date.
INFO: [DRC 23-27] Running DRC with 2 threads
INFO: [Vivado_Tcl 2-168] The results of DRC are in file C:/Users/luisr/.Xilinx/VHDL_Projects/Graduate_Project/FPGA/Pmod_AD2/Pmod_AD2.runs/impl_1/Pmod_AD2_wrapper_drc_routed.rpt.
report_drc completed successfully
INFO: [runtcl-4] Executing : report_methodology -file Pmod_AD2_wrapper_methodology_drc_routed.rpt -pb Pmod_AD2_wrapper_methodology_drc_routed.pb -rpx Pmod_AD2_wrapper_methodology_drc_routed.rpx
Command: report_methodology -file Pmod_AD2_wrapper_methodology_drc_routed.rpt -pb Pmod_AD2_wrapper_methodology_drc_routed.pb -rpx Pmod_AD2_wrapper_methodology_drc_routed.rpx
INFO: [Timing 38-35] Done setting XDC timing constraints.
INFO: [DRC 23-133] Running Methodology with 2 threads
INFO: [Vivado_Tcl 2-1520] The results of Report Methodology are in file C:/Users/luisr/.Xilinx/VHDL_Projects/Graduate_Project/FPGA/Pmod_AD2/Pmod_AD2.runs/impl_1/Pmod_AD2_wrapper_methodology_drc_routed.rpt.
report_methodology completed successfully
INFO: [runtcl-4] Executing : report_power -file Pmod_AD2_wrapper_power_routed.rpt -pb Pmod_AD2_wrapper_power_summary_routed.pb -rpx Pmod_AD2_wrapper_power_routed.rpx
Command: report_power -file Pmod_AD2_wrapper_power_routed.rpt -pb Pmod_AD2_wrapper_power_summary_routed.pb -rpx Pmod_AD2_wrapper_power_routed.rpx
INFO: [Timing 38-35] Done setting XDC timing constraints.
Running Vector-less Activity Propagation...

Finished Running Vector-less Activity Propagation
102 Infos, 1 Warnings, 0 Critical Warnings and 0 Errors encountered.
report_power completed successfully
INFO: [runtcl-4] Executing : report_route_status -file Pmod_AD2_wrapper_route_status.rpt -pb Pmod_AD2_wrapper_route_status.pb
INFO: [runtcl-4] Executing : report_timing_summary -max_paths 10 -report_unconstrained -file Pmod_AD2_wrapper_timing_summary_routed.rpt -pb Pmod_AD2_wrapper_timing_summary_routed.pb -rpx Pmod_AD2_wrapper_timing_summary_routed.rpx -warn_on_violation 
INFO: [Timing 38-91] UpdateTimingParams: Speed grade: -1, Delay Type: min_max.
INFO: [Timing 38-191] Multithreading enabled for timing update using a maximum of 2 CPUs
INFO: [runtcl-4] Executing : report_incremental_reuse -file Pmod_AD2_wrapper_incremental_reuse_routed.rpt
INFO: [Vivado_Tcl 4-1062] Incremental flow is disabled. No incremental reuse Info to report.
INFO: [runtcl-4] Executing : report_clock_utilization -file Pmod_AD2_wrapper_clock_utilization_routed.rpt
INFO: [runtcl-4] Executing : report_bus_skew -warn_on_violation -file Pmod_AD2_wrapper_bus_skew_routed.rpt -pb Pmod_AD2_wrapper_bus_skew_routed.pb -rpx Pmod_AD2_wrapper_bus_skew_routed.rpx
INFO: [Timing 38-91] UpdateTimingParams: Speed grade: -1, Delay Type: min_max.
INFO: [Timing 38-191] Multithreading enabled for timing update using a maximum of 2 CPUs
Command: write_bitstream -force Pmod_AD2_wrapper.bit
Attempting to get a license for feature 'Implementation' and/or device 'xc7z020'
INFO: [Common 17-349] Got license for feature 'Implementation' and/or device 'xc7z020'
Running DRC as a precondition to command write_bitstream
INFO: [IP_Flow 19-1839] IP Catalog is up to date.
INFO: [DRC 23-27] Running DRC with 2 threads
WARNING: [DRC BUFC-1] Input Buffer Connections: Input buffer Pmod_out_0_pin10_iobuf/IBUF has no loads. It is recommended to have an input buffer drive an internal load.
WARNING: [DRC BUFC-1] Input Buffer Connections: Input buffer Pmod_out_0_pin1_iobuf/IBUF has no loads. It is recommended to have an input buffer drive an internal load.
WARNING: [DRC BUFC-1] Input Buffer Connections: Input buffer Pmod_out_0_pin2_iobuf/IBUF has no loads. It is recommended to have an input buffer drive an internal load.
WARNING: [DRC BUFC-1] Input Buffer Connections: Input buffer Pmod_out_0_pin7_iobuf/IBUF has no loads. It is recommended to have an input buffer drive an internal load.
WARNING: [DRC BUFC-1] Input Buffer Connections: Input buffer Pmod_out_0_pin8_iobuf/IBUF has no loads. It is recommended to have an input buffer drive an internal load.
WARNING: [DRC BUFC-1] Input Buffer Connections: Input buffer Pmod_out_0_pin9_iobuf/IBUF has no loads. It is recommended to have an input buffer drive an internal load.
INFO: [Vivado 12-3199] DRC finished with 0 Errors, 6 Warnings
INFO: [Vivado 12-3200] Please refer to the DRC report (report_drc) for more information.
INFO: [Designutils 20-2272] Running write_bitstream with 2 threads.
Loading data files...
Loading site data...
Loading route data...
Processing options...
Creating bitmap...
Creating bitstream...
Writing bitstream ./Pmod_AD2_wrapper.bit...
INFO: [Vivado 12-1842] Bitgen Completed Successfully.
INFO: [Project 1-1876] WebTalk data collection is mandatory when using a ULT device. To see the specific WebTalk data collected for your design, open the usage_statistics_webtalk.html or usage_statistics_webtalk.xml file in the implementation directory.
INFO: [Common 17-83] Releasing license: Implementation
12 Infos, 6 Warnings, 0 Critical Warnings and 0 Errors encountered.
write_bitstream completed successfully
write_bitstream: Time (s): cpu = 00:00:23 ; elapsed = 00:00:23 . Memory (MB): peak = 2777.520 ; gain = 441.629
INFO: [Common 17-206] Exiting Vivado at Tue Oct 18 19:14:15 2022...
