Duplicated file found; will not be sent for synthesis: c:/Users/luisr/Desktop/FPGA/Hardware/Arty A7-100T/UART_DDR/UART_DDR.gen/sources_1/bd/UART_DDR/ipshared/f0b6/hdl/verilog/sc_util_v1_0_4_constants.vh
Duplicated file found; will not be sent for synthesis: c:/Users/luisr/Desktop/FPGA/Hardware/Arty A7-100T/UART_DDR/UART_DDR.gen/sources_1/bd/UART_DDR/ipshared/f0b6/hdl/verilog/sc_util_v1_0_4_constants_noc.vh
Duplicated file found; will not be sent for synthesis: c:/Users/luisr/Desktop/FPGA/Hardware/Arty A7-100T/UART_DDR/UART_DDR.gen/sources_1/bd/UART_DDR/ipshared/f0b6/hdl/verilog/sc_util_v1_0_4_structs.svh
Duplicated file found; will not be sent for synthesis: c:/Users/luisr/Desktop/FPGA/Hardware/Arty A7-100T/UART_DDR/UART_DDR.gen/sources_1/bd/UART_DDR/ipshared/f0b6/hdl/sc_util_v1_0_vl_rfs.sv
Duplicated file found; will not be sent for synthesis: c:/Users/luisr/Desktop/FPGA/Hardware/Arty A7-100T/UART_DDR/UART_DDR.gen/sources_1/bd/UART_DDR/ipshared/c012/hdl/sc_switchboard_v1_0_vl_rfs.sv
Duplicated file found; will not be sent for synthesis: c:/Users/luisr/Desktop/FPGA/Hardware/Arty A7-100T/UART_DDR/UART_DDR.gen/sources_1/bd/UART_DDR/ipshared/f0b6/hdl/verilog/sc_util_v1_0_4_constants.vh
Duplicated file found; will not be sent for synthesis: c:/Users/luisr/Desktop/FPGA/Hardware/Arty A7-100T/UART_DDR/UART_DDR.gen/sources_1/bd/UART_DDR/ipshared/f0b6/hdl/verilog/sc_util_v1_0_4_constants_noc.vh
Duplicated file found; will not be sent for synthesis: c:/Users/luisr/Desktop/FPGA/Hardware/Arty A7-100T/UART_DDR/UART_DDR.gen/sources_1/bd/UART_DDR/ipshared/f0b6/hdl/verilog/sc_util_v1_0_4_structs.svh
Duplicated file found; will not be sent for synthesis: c:/Users/luisr/Desktop/FPGA/Hardware/Arty A7-100T/UART_DDR/UART_DDR.gen/sources_1/bd/UART_DDR/ipshared/f0b6/hdl/sc_util_v1_0_vl_rfs.sv
Duplicated file found; will not be sent for synthesis: c:/Users/luisr/Desktop/FPGA/Hardware/Arty A7-100T/UART_DDR/UART_DDR.gen/sources_1/bd/UART_DDR/ipshared/c012/hdl/sc_switchboard_v1_0_vl_rfs.sv
Duplicated file found; will not be sent for synthesis: c:/Users/luisr/Desktop/FPGA/Hardware/Arty A7-100T/UART_DDR/UART_DDR.gen/sources_1/bd/UART_DDR/ipshared/f0b6/hdl/verilog/sc_util_v1_0_4_constants.vh
Duplicated file found; will not be sent for synthesis: c:/Users/luisr/Desktop/FPGA/Hardware/Arty A7-100T/UART_DDR/UART_DDR.gen/sources_1/bd/UART_DDR/ipshared/f0b6/hdl/verilog/sc_util_v1_0_4_constants_noc.vh
Duplicated file found; will not be sent for synthesis: c:/Users/luisr/Desktop/FPGA/Hardware/Arty A7-100T/UART_DDR/UART_DDR.gen/sources_1/bd/UART_DDR/ipshared/f0b6/hdl/verilog/sc_util_v1_0_4_structs.svh
Duplicated file found; will not be sent for synthesis: c:/Users/luisr/Desktop/FPGA/Hardware/Arty A7-100T/UART_DDR/UART_DDR.gen/sources_1/bd/UART_DDR/ipshared/f0b6/hdl/sc_util_v1_0_vl_rfs.sv
Duplicated file found; will not be sent for synthesis: c:/Users/luisr/Desktop/FPGA/Hardware/Arty A7-100T/UART_DDR/UART_DDR.gen/sources_1/bd/UART_DDR/ipshared/c012/hdl/sc_switchboard_v1_0_vl_rfs.sv
Duplicated file found; will not be sent for synthesis: c:/Users/luisr/Desktop/FPGA/Hardware/Arty A7-100T/UART_DDR/UART_DDR.gen/sources_1/bd/UART_DDR/ipshared/f0b6/hdl/verilog/sc_util_v1_0_4_constants.vh
Duplicated file found; will not be sent for synthesis: c:/Users/luisr/Desktop/FPGA/Hardware/Arty A7-100T/UART_DDR/UART_DDR.gen/sources_1/bd/UART_DDR/ipshared/f0b6/hdl/verilog/sc_util_v1_0_4_constants_noc.vh
Duplicated file found; will not be sent for synthesis: c:/Users/luisr/Desktop/FPGA/Hardware/Arty A7-100T/UART_DDR/UART_DDR.gen/sources_1/bd/UART_DDR/ipshared/f0b6/hdl/verilog/sc_util_v1_0_4_structs.svh
Duplicated file found; will not be sent for synthesis: c:/Users/luisr/Desktop/FPGA/Hardware/Arty A7-100T/UART_DDR/UART_DDR.gen/sources_1/bd/UART_DDR/ipshared/f0b6/hdl/sc_util_v1_0_vl_rfs.sv
Duplicated file found; will not be sent for synthesis: c:/Users/luisr/Desktop/FPGA/Hardware/Arty A7-100T/UART_DDR/UART_DDR.gen/sources_1/bd/UART_DDR/ipshared/c012/hdl/sc_switchboard_v1_0_vl_rfs.sv
Duplicated file found; will not be sent for synthesis: c:/Users/luisr/Desktop/FPGA/Hardware/Arty A7-100T/UART_DDR/UART_DDR.gen/sources_1/bd/UART_DDR/ipshared/f0b6/hdl/verilog/sc_util_v1_0_4_constants.vh
Duplicated file found; will not be sent for synthesis: c:/Users/luisr/Desktop/FPGA/Hardware/Arty A7-100T/UART_DDR/UART_DDR.gen/sources_1/bd/UART_DDR/ipshared/f0b6/hdl/verilog/sc_util_v1_0_4_constants_noc.vh
Duplicated file found; will not be sent for synthesis: c:/Users/luisr/Desktop/FPGA/Hardware/Arty A7-100T/UART_DDR/UART_DDR.gen/sources_1/bd/UART_DDR/ipshared/f0b6/hdl/verilog/sc_util_v1_0_4_structs.svh
Duplicated file found; will not be sent for synthesis: c:/Users/luisr/Desktop/FPGA/Hardware/Arty A7-100T/UART_DDR/UART_DDR.gen/sources_1/bd/UART_DDR/ipshared/f0b6/hdl/sc_util_v1_0_vl_rfs.sv
Duplicated file found; will not be sent for synthesis: c:/Users/luisr/Desktop/FPGA/Hardware/Arty A7-100T/UART_DDR/UART_DDR.gen/sources_1/bd/UART_DDR/ipshared/f0b6/hdl/verilog/sc_util_v1_0_4_constants.vh
Duplicated file found; will not be sent for synthesis: c:/Users/luisr/Desktop/FPGA/Hardware/Arty A7-100T/UART_DDR/UART_DDR.gen/sources_1/bd/UART_DDR/ipshared/f0b6/hdl/verilog/sc_util_v1_0_4_constants_noc.vh
Duplicated file found; will not be sent for synthesis: c:/Users/luisr/Desktop/FPGA/Hardware/Arty A7-100T/UART_DDR/UART_DDR.gen/sources_1/bd/UART_DDR/ipshared/f0b6/hdl/verilog/sc_util_v1_0_4_structs.svh
Duplicated file found; will not be sent for synthesis: c:/Users/luisr/Desktop/FPGA/Hardware/Arty A7-100T/UART_DDR/UART_DDR.gen/sources_1/bd/UART_DDR/ipshared/f0b6/hdl/sc_util_v1_0_vl_rfs.sv
Duplicated file found; will not be sent for synthesis: c:/Users/luisr/Desktop/FPGA/Hardware/Arty A7-100T/UART_DDR/UART_DDR.gen/sources_1/bd/UART_DDR/ipshared/f0b6/hdl/verilog/sc_util_v1_0_4_constants.vh
Duplicated file found; will not be sent for synthesis: c:/Users/luisr/Desktop/FPGA/Hardware/Arty A7-100T/UART_DDR/UART_DDR.gen/sources_1/bd/UART_DDR/ipshared/f0b6/hdl/verilog/sc_util_v1_0_4_constants_noc.vh
Duplicated file found; will not be sent for synthesis: c:/Users/luisr/Desktop/FPGA/Hardware/Arty A7-100T/UART_DDR/UART_DDR.gen/sources_1/bd/UART_DDR/ipshared/f0b6/hdl/verilog/sc_util_v1_0_4_structs.svh
Duplicated file found; will not be sent for synthesis: c:/Users/luisr/Desktop/FPGA/Hardware/Arty A7-100T/UART_DDR/UART_DDR.gen/sources_1/bd/UART_DDR/ipshared/f0b6/hdl/sc_util_v1_0_vl_rfs.sv
Duplicated file found; will not be sent for synthesis: c:/Users/luisr/Desktop/FPGA/Hardware/Arty A7-100T/UART_DDR/UART_DDR.gen/sources_1/bd/UART_DDR/ipshared/f0b6/hdl/verilog/sc_util_v1_0_4_constants.vh
Duplicated file found; will not be sent for synthesis: c:/Users/luisr/Desktop/FPGA/Hardware/Arty A7-100T/UART_DDR/UART_DDR.gen/sources_1/bd/UART_DDR/ipshared/f0b6/hdl/verilog/sc_util_v1_0_4_constants_noc.vh
Duplicated file found; will not be sent for synthesis: c:/Users/luisr/Desktop/FPGA/Hardware/Arty A7-100T/UART_DDR/UART_DDR.gen/sources_1/bd/UART_DDR/ipshared/f0b6/hdl/verilog/sc_util_v1_0_4_structs.svh
Duplicated file found; will not be sent for synthesis: c:/Users/luisr/Desktop/FPGA/Hardware/Arty A7-100T/UART_DDR/UART_DDR.gen/sources_1/bd/UART_DDR/ipshared/f0b6/hdl/sc_util_v1_0_vl_rfs.sv
Duplicated file found; will not be sent for synthesis: c:/Users/luisr/Desktop/FPGA/Hardware/Arty A7-100T/UART_DDR/UART_DDR.gen/sources_1/bd/UART_DDR/ipshared/f0b6/hdl/verilog/sc_util_v1_0_4_constants.vh
Duplicated file found; will not be sent for synthesis: c:/Users/luisr/Desktop/FPGA/Hardware/Arty A7-100T/UART_DDR/UART_DDR.gen/sources_1/bd/UART_DDR/ipshared/f0b6/hdl/verilog/sc_util_v1_0_4_constants_noc.vh
Duplicated file found; will not be sent for synthesis: c:/Users/luisr/Desktop/FPGA/Hardware/Arty A7-100T/UART_DDR/UART_DDR.gen/sources_1/bd/UART_DDR/ipshared/f0b6/hdl/verilog/sc_util_v1_0_4_structs.svh
Duplicated file found; will not be sent for synthesis: c:/Users/luisr/Desktop/FPGA/Hardware/Arty A7-100T/UART_DDR/UART_DDR.gen/sources_1/bd/UART_DDR/ipshared/f0b6/hdl/sc_util_v1_0_vl_rfs.sv
Duplicated file found; will not be sent for synthesis: c:/Users/luisr/Desktop/FPGA/Hardware/Arty A7-100T/UART_DDR/UART_DDR.gen/sources_1/bd/UART_DDR/ipshared/f0b6/hdl/verilog/sc_util_v1_0_4_constants.vh
Duplicated file found; will not be sent for synthesis: c:/Users/luisr/Desktop/FPGA/Hardware/Arty A7-100T/UART_DDR/UART_DDR.gen/sources_1/bd/UART_DDR/ipshared/f0b6/hdl/verilog/sc_util_v1_0_4_constants_noc.vh
Duplicated file found; will not be sent for synthesis: c:/Users/luisr/Desktop/FPGA/Hardware/Arty A7-100T/UART_DDR/UART_DDR.gen/sources_1/bd/UART_DDR/ipshared/f0b6/hdl/verilog/sc_util_v1_0_4_structs.svh
Duplicated file found; will not be sent for synthesis: c:/Users/luisr/Desktop/FPGA/Hardware/Arty A7-100T/UART_DDR/UART_DDR.gen/sources_1/bd/UART_DDR/ipshared/f0b6/hdl/sc_util_v1_0_vl_rfs.sv
Duplicated file found; will not be sent for synthesis: c:/Users/luisr/Desktop/FPGA/Hardware/Arty A7-100T/UART_DDR/UART_DDR.gen/sources_1/bd/UART_DDR/ipshared/66be/hdl/verilog/sc_node_v1_0_14_t_reqsend.svh
Duplicated file found; will not be sent for synthesis: c:/Users/luisr/Desktop/FPGA/Hardware/Arty A7-100T/UART_DDR/UART_DDR.gen/sources_1/bd/UART_DDR/ipshared/66be/hdl/sc_node_v1_0_vl_rfs.sv
Duplicated file found; will not be sent for synthesis: c:/Users/luisr/Desktop/FPGA/Hardware/Arty A7-100T/UART_DDR/UART_DDR.gen/sources_1/bd/UART_DDR/ipshared/f0b6/hdl/verilog/sc_util_v1_0_4_constants.vh
Duplicated file found; will not be sent for synthesis: c:/Users/luisr/Desktop/FPGA/Hardware/Arty A7-100T/UART_DDR/UART_DDR.gen/sources_1/bd/UART_DDR/ipshared/f0b6/hdl/verilog/sc_util_v1_0_4_constants_noc.vh
Duplicated file found; will not be sent for synthesis: c:/Users/luisr/Desktop/FPGA/Hardware/Arty A7-100T/UART_DDR/UART_DDR.gen/sources_1/bd/UART_DDR/ipshared/f0b6/hdl/verilog/sc_util_v1_0_4_structs.svh
Duplicated file found; will not be sent for synthesis: c:/Users/luisr/Desktop/FPGA/Hardware/Arty A7-100T/UART_DDR/UART_DDR.gen/sources_1/bd/UART_DDR/ipshared/f0b6/hdl/sc_util_v1_0_vl_rfs.sv
Duplicated file found; will not be sent for synthesis: c:/Users/luisr/Desktop/FPGA/Hardware/Arty A7-100T/UART_DDR/UART_DDR.gen/sources_1/bd/UART_DDR/ipshared/66be/hdl/verilog/sc_node_v1_0_14_t_reqsend.svh
Duplicated file found; will not be sent for synthesis: c:/Users/luisr/Desktop/FPGA/Hardware/Arty A7-100T/UART_DDR/UART_DDR.gen/sources_1/bd/UART_DDR/ipshared/66be/hdl/sc_node_v1_0_vl_rfs.sv
Duplicated file found; will not be sent for synthesis: c:/Users/luisr/Desktop/FPGA/Hardware/Arty A7-100T/UART_DDR/UART_DDR.gen/sources_1/bd/UART_DDR/ipshared/f0b6/hdl/verilog/sc_util_v1_0_4_constants.vh
Duplicated file found; will not be sent for synthesis: c:/Users/luisr/Desktop/FPGA/Hardware/Arty A7-100T/UART_DDR/UART_DDR.gen/sources_1/bd/UART_DDR/ipshared/f0b6/hdl/verilog/sc_util_v1_0_4_constants_noc.vh
Duplicated file found; will not be sent for synthesis: c:/Users/luisr/Desktop/FPGA/Hardware/Arty A7-100T/UART_DDR/UART_DDR.gen/sources_1/bd/UART_DDR/ipshared/f0b6/hdl/verilog/sc_util_v1_0_4_structs.svh
Duplicated file found; will not be sent for synthesis: c:/Users/luisr/Desktop/FPGA/Hardware/Arty A7-100T/UART_DDR/UART_DDR.gen/sources_1/bd/UART_DDR/ipshared/f0b6/hdl/sc_util_v1_0_vl_rfs.sv
Duplicated file found; will not be sent for synthesis: c:/Users/luisr/Desktop/FPGA/Hardware/Arty A7-100T/UART_DDR/UART_DDR.gen/sources_1/bd/UART_DDR/ipshared/66be/hdl/verilog/sc_node_v1_0_14_t_reqsend.svh
Duplicated file found; will not be sent for synthesis: c:/Users/luisr/Desktop/FPGA/Hardware/Arty A7-100T/UART_DDR/UART_DDR.gen/sources_1/bd/UART_DDR/ipshared/66be/hdl/sc_node_v1_0_vl_rfs.sv
Duplicated file found; will not be sent for synthesis: c:/Users/luisr/Desktop/FPGA/Hardware/Arty A7-100T/UART_DDR/UART_DDR.gen/sources_1/bd/UART_DDR/ipshared/f0b6/hdl/verilog/sc_util_v1_0_4_constants.vh
Duplicated file found; will not be sent for synthesis: c:/Users/luisr/Desktop/FPGA/Hardware/Arty A7-100T/UART_DDR/UART_DDR.gen/sources_1/bd/UART_DDR/ipshared/f0b6/hdl/verilog/sc_util_v1_0_4_constants_noc.vh
Duplicated file found; will not be sent for synthesis: c:/Users/luisr/Desktop/FPGA/Hardware/Arty A7-100T/UART_DDR/UART_DDR.gen/sources_1/bd/UART_DDR/ipshared/f0b6/hdl/verilog/sc_util_v1_0_4_structs.svh
Duplicated file found; will not be sent for synthesis: c:/Users/luisr/Desktop/FPGA/Hardware/Arty A7-100T/UART_DDR/UART_DDR.gen/sources_1/bd/UART_DDR/ipshared/f0b6/hdl/sc_util_v1_0_vl_rfs.sv
Duplicated file found; will not be sent for synthesis: c:/Users/luisr/Desktop/FPGA/Hardware/Arty A7-100T/UART_DDR/UART_DDR.gen/sources_1/bd/UART_DDR/ipshared/66be/hdl/verilog/sc_node_v1_0_14_t_reqsend.svh
Duplicated file found; will not be sent for synthesis: c:/Users/luisr/Desktop/FPGA/Hardware/Arty A7-100T/UART_DDR/UART_DDR.gen/sources_1/bd/UART_DDR/ipshared/66be/hdl/sc_node_v1_0_vl_rfs.sv
Duplicated file found; will not be sent for synthesis: c:/Users/luisr/Desktop/FPGA/Hardware/Arty A7-100T/UART_DDR/UART_DDR.gen/sources_1/bd/UART_DDR/ipshared/f0b6/hdl/verilog/sc_util_v1_0_4_constants.vh
Duplicated file found; will not be sent for synthesis: c:/Users/luisr/Desktop/FPGA/Hardware/Arty A7-100T/UART_DDR/UART_DDR.gen/sources_1/bd/UART_DDR/ipshared/f0b6/hdl/verilog/sc_util_v1_0_4_constants_noc.vh
Duplicated file found; will not be sent for synthesis: c:/Users/luisr/Desktop/FPGA/Hardware/Arty A7-100T/UART_DDR/UART_DDR.gen/sources_1/bd/UART_DDR/ipshared/f0b6/hdl/verilog/sc_util_v1_0_4_structs.svh
Duplicated file found; will not be sent for synthesis: c:/Users/luisr/Desktop/FPGA/Hardware/Arty A7-100T/UART_DDR/UART_DDR.gen/sources_1/bd/UART_DDR/ipshared/f0b6/hdl/sc_util_v1_0_vl_rfs.sv
Duplicated file found; will not be sent for synthesis: c:/Users/luisr/Desktop/FPGA/Hardware/Arty A7-100T/UART_DDR/UART_DDR.gen/sources_1/bd/UART_DDR/ipshared/ea34/hdl/sc_mmu_v1_0_vl_rfs.sv
Duplicated file found; will not be sent for synthesis: c:/Users/luisr/Desktop/FPGA/Hardware/Arty A7-100T/UART_DDR/UART_DDR.gen/sources_1/bd/UART_DDR/ipshared/f0b6/hdl/verilog/sc_util_v1_0_4_constants.vh
Duplicated file found; will not be sent for synthesis: c:/Users/luisr/Desktop/FPGA/Hardware/Arty A7-100T/UART_DDR/UART_DDR.gen/sources_1/bd/UART_DDR/ipshared/f0b6/hdl/verilog/sc_util_v1_0_4_constants_noc.vh
Duplicated file found; will not be sent for synthesis: c:/Users/luisr/Desktop/FPGA/Hardware/Arty A7-100T/UART_DDR/UART_DDR.gen/sources_1/bd/UART_DDR/ipshared/f0b6/hdl/verilog/sc_util_v1_0_4_structs.svh
Duplicated file found; will not be sent for synthesis: c:/Users/luisr/Desktop/FPGA/Hardware/Arty A7-100T/UART_DDR/UART_DDR.gen/sources_1/bd/UART_DDR/ipshared/f0b6/hdl/sc_util_v1_0_vl_rfs.sv
Duplicated file found; will not be sent for synthesis: c:/Users/luisr/Desktop/FPGA/Hardware/Arty A7-100T/UART_DDR/UART_DDR.gen/sources_1/bd/UART_DDR/ipshared/4fd2/hdl/sc_transaction_regulator_v1_0_vl_rfs.sv
Duplicated file found; will not be sent for synthesis: c:/Users/luisr/Desktop/FPGA/Hardware/Arty A7-100T/UART_DDR/UART_DDR.gen/sources_1/bd/UART_DDR/ipshared/f0b6/hdl/verilog/sc_util_v1_0_4_constants.vh
Duplicated file found; will not be sent for synthesis: c:/Users/luisr/Desktop/FPGA/Hardware/Arty A7-100T/UART_DDR/UART_DDR.gen/sources_1/bd/UART_DDR/ipshared/f0b6/hdl/verilog/sc_util_v1_0_4_constants_noc.vh
Duplicated file found; will not be sent for synthesis: c:/Users/luisr/Desktop/FPGA/Hardware/Arty A7-100T/UART_DDR/UART_DDR.gen/sources_1/bd/UART_DDR/ipshared/f0b6/hdl/verilog/sc_util_v1_0_4_structs.svh
Duplicated file found; will not be sent for synthesis: c:/Users/luisr/Desktop/FPGA/Hardware/Arty A7-100T/UART_DDR/UART_DDR.gen/sources_1/bd/UART_DDR/ipshared/f0b6/hdl/sc_util_v1_0_vl_rfs.sv
Duplicated file found; will not be sent for synthesis: c:/Users/luisr/Desktop/FPGA/Hardware/Arty A7-100T/UART_DDR/UART_DDR.gen/sources_1/bd/UART_DDR/ipshared/8047/hdl/sc_si_converter_v1_0_vl_rfs.sv
Duplicated file found; will not be sent for synthesis: c:/Users/luisr/Desktop/FPGA/Hardware/Arty A7-100T/UART_DDR/UART_DDR.gen/sources_1/bd/UART_DDR/ipshared/f0b6/hdl/verilog/sc_util_v1_0_4_constants.vh
Duplicated file found; will not be sent for synthesis: c:/Users/luisr/Desktop/FPGA/Hardware/Arty A7-100T/UART_DDR/UART_DDR.gen/sources_1/bd/UART_DDR/ipshared/f0b6/hdl/verilog/sc_util_v1_0_4_constants_noc.vh
Duplicated file found; will not be sent for synthesis: c:/Users/luisr/Desktop/FPGA/Hardware/Arty A7-100T/UART_DDR/UART_DDR.gen/sources_1/bd/UART_DDR/ipshared/f0b6/hdl/verilog/sc_util_v1_0_4_structs.svh
Duplicated file found; will not be sent for synthesis: c:/Users/luisr/Desktop/FPGA/Hardware/Arty A7-100T/UART_DDR/UART_DDR.gen/sources_1/bd/UART_DDR/ipshared/f0b6/hdl/sc_util_v1_0_vl_rfs.sv
Duplicated file found; will not be sent for synthesis: c:/Users/luisr/Desktop/FPGA/Hardware/Arty A7-100T/UART_DDR/UART_DDR.gen/sources_1/bd/UART_DDR/ipshared/b89e/hdl/sc_axi2sc_v1_0_vl_rfs.sv
Duplicated file found; will not be sent for synthesis: c:/Users/luisr/Desktop/FPGA/Hardware/Arty A7-100T/UART_DDR/UART_DDR.gen/sources_1/bd/UART_DDR/ipshared/f0b6/hdl/verilog/sc_util_v1_0_4_constants.vh
Duplicated file found; will not be sent for synthesis: c:/Users/luisr/Desktop/FPGA/Hardware/Arty A7-100T/UART_DDR/UART_DDR.gen/sources_1/bd/UART_DDR/ipshared/f0b6/hdl/verilog/sc_util_v1_0_4_constants_noc.vh
Duplicated file found; will not be sent for synthesis: c:/Users/luisr/Desktop/FPGA/Hardware/Arty A7-100T/UART_DDR/UART_DDR.gen/sources_1/bd/UART_DDR/ipshared/f0b6/hdl/verilog/sc_util_v1_0_4_structs.svh
Duplicated file found; will not be sent for synthesis: c:/Users/luisr/Desktop/FPGA/Hardware/Arty A7-100T/UART_DDR/UART_DDR.gen/sources_1/bd/UART_DDR/ipshared/f0b6/hdl/sc_util_v1_0_vl_rfs.sv
Duplicated file found; will not be sent for synthesis: c:/Users/luisr/Desktop/FPGA/Hardware/Arty A7-100T/UART_DDR/UART_DDR.gen/sources_1/bd/UART_DDR/ipshared/66be/hdl/verilog/sc_node_v1_0_14_t_reqsend.svh
Duplicated file found; will not be sent for synthesis: c:/Users/luisr/Desktop/FPGA/Hardware/Arty A7-100T/UART_DDR/UART_DDR.gen/sources_1/bd/UART_DDR/ipshared/66be/hdl/sc_node_v1_0_vl_rfs.sv
Duplicated file found; will not be sent for synthesis: c:/Users/luisr/Desktop/FPGA/Hardware/Arty A7-100T/UART_DDR/UART_DDR.gen/sources_1/bd/UART_DDR/ipshared/f0b6/hdl/verilog/sc_util_v1_0_4_constants.vh
Duplicated file found; will not be sent for synthesis: c:/Users/luisr/Desktop/FPGA/Hardware/Arty A7-100T/UART_DDR/UART_DDR.gen/sources_1/bd/UART_DDR/ipshared/f0b6/hdl/verilog/sc_util_v1_0_4_constants_noc.vh
Duplicated file found; will not be sent for synthesis: c:/Users/luisr/Desktop/FPGA/Hardware/Arty A7-100T/UART_DDR/UART_DDR.gen/sources_1/bd/UART_DDR/ipshared/f0b6/hdl/verilog/sc_util_v1_0_4_structs.svh
Duplicated file found; will not be sent for synthesis: c:/Users/luisr/Desktop/FPGA/Hardware/Arty A7-100T/UART_DDR/UART_DDR.gen/sources_1/bd/UART_DDR/ipshared/f0b6/hdl/sc_util_v1_0_vl_rfs.sv
Duplicated file found; will not be sent for synthesis: c:/Users/luisr/Desktop/FPGA/Hardware/Arty A7-100T/UART_DDR/UART_DDR.gen/sources_1/bd/UART_DDR/ipshared/66be/hdl/verilog/sc_node_v1_0_14_t_reqsend.svh
Duplicated file found; will not be sent for synthesis: c:/Users/luisr/Desktop/FPGA/Hardware/Arty A7-100T/UART_DDR/UART_DDR.gen/sources_1/bd/UART_DDR/ipshared/66be/hdl/sc_node_v1_0_vl_rfs.sv
Duplicated file found; will not be sent for synthesis: c:/Users/luisr/Desktop/FPGA/Hardware/Arty A7-100T/UART_DDR/UART_DDR.gen/sources_1/bd/UART_DDR/ipshared/f0b6/hdl/verilog/sc_util_v1_0_4_constants.vh
Duplicated file found; will not be sent for synthesis: c:/Users/luisr/Desktop/FPGA/Hardware/Arty A7-100T/UART_DDR/UART_DDR.gen/sources_1/bd/UART_DDR/ipshared/f0b6/hdl/verilog/sc_util_v1_0_4_constants_noc.vh
Duplicated file found; will not be sent for synthesis: c:/Users/luisr/Desktop/FPGA/Hardware/Arty A7-100T/UART_DDR/UART_DDR.gen/sources_1/bd/UART_DDR/ipshared/f0b6/hdl/verilog/sc_util_v1_0_4_structs.svh
Duplicated file found; will not be sent for synthesis: c:/Users/luisr/Desktop/FPGA/Hardware/Arty A7-100T/UART_DDR/UART_DDR.gen/sources_1/bd/UART_DDR/ipshared/f0b6/hdl/sc_util_v1_0_vl_rfs.sv
Duplicated file found; will not be sent for synthesis: c:/Users/luisr/Desktop/FPGA/Hardware/Arty A7-100T/UART_DDR/UART_DDR.gen/sources_1/bd/UART_DDR/ipshared/ea34/hdl/sc_mmu_v1_0_vl_rfs.sv
Duplicated file found; will not be sent for synthesis: c:/Users/luisr/Desktop/FPGA/Hardware/Arty A7-100T/UART_DDR/UART_DDR.gen/sources_1/bd/UART_DDR/ipshared/f0b6/hdl/verilog/sc_util_v1_0_4_constants.vh
Duplicated file found; will not be sent for synthesis: c:/Users/luisr/Desktop/FPGA/Hardware/Arty A7-100T/UART_DDR/UART_DDR.gen/sources_1/bd/UART_DDR/ipshared/f0b6/hdl/verilog/sc_util_v1_0_4_constants_noc.vh
Duplicated file found; will not be sent for synthesis: c:/Users/luisr/Desktop/FPGA/Hardware/Arty A7-100T/UART_DDR/UART_DDR.gen/sources_1/bd/UART_DDR/ipshared/f0b6/hdl/verilog/sc_util_v1_0_4_structs.svh
Duplicated file found; will not be sent for synthesis: c:/Users/luisr/Desktop/FPGA/Hardware/Arty A7-100T/UART_DDR/UART_DDR.gen/sources_1/bd/UART_DDR/ipshared/f0b6/hdl/sc_util_v1_0_vl_rfs.sv
Duplicated file found; will not be sent for synthesis: c:/Users/luisr/Desktop/FPGA/Hardware/Arty A7-100T/UART_DDR/UART_DDR.gen/sources_1/bd/UART_DDR/ipshared/4fd2/hdl/sc_transaction_regulator_v1_0_vl_rfs.sv
Duplicated file found; will not be sent for synthesis: c:/Users/luisr/Desktop/FPGA/Hardware/Arty A7-100T/UART_DDR/UART_DDR.gen/sources_1/bd/UART_DDR/ipshared/f0b6/hdl/verilog/sc_util_v1_0_4_constants.vh
Duplicated file found; will not be sent for synthesis: c:/Users/luisr/Desktop/FPGA/Hardware/Arty A7-100T/UART_DDR/UART_DDR.gen/sources_1/bd/UART_DDR/ipshared/f0b6/hdl/verilog/sc_util_v1_0_4_constants_noc.vh
Duplicated file found; will not be sent for synthesis: c:/Users/luisr/Desktop/FPGA/Hardware/Arty A7-100T/UART_DDR/UART_DDR.gen/sources_1/bd/UART_DDR/ipshared/f0b6/hdl/verilog/sc_util_v1_0_4_structs.svh
Duplicated file found; will not be sent for synthesis: c:/Users/luisr/Desktop/FPGA/Hardware/Arty A7-100T/UART_DDR/UART_DDR.gen/sources_1/bd/UART_DDR/ipshared/f0b6/hdl/sc_util_v1_0_vl_rfs.sv
Duplicated file found; will not be sent for synthesis: c:/Users/luisr/Desktop/FPGA/Hardware/Arty A7-100T/UART_DDR/UART_DDR.gen/sources_1/bd/UART_DDR/ipshared/8047/hdl/sc_si_converter_v1_0_vl_rfs.sv
Duplicated file found; will not be sent for synthesis: c:/Users/luisr/Desktop/FPGA/Hardware/Arty A7-100T/UART_DDR/UART_DDR.gen/sources_1/bd/UART_DDR/ipshared/f0b6/hdl/verilog/sc_util_v1_0_4_constants.vh
Duplicated file found; will not be sent for synthesis: c:/Users/luisr/Desktop/FPGA/Hardware/Arty A7-100T/UART_DDR/UART_DDR.gen/sources_1/bd/UART_DDR/ipshared/f0b6/hdl/verilog/sc_util_v1_0_4_constants_noc.vh
Duplicated file found; will not be sent for synthesis: c:/Users/luisr/Desktop/FPGA/Hardware/Arty A7-100T/UART_DDR/UART_DDR.gen/sources_1/bd/UART_DDR/ipshared/f0b6/hdl/verilog/sc_util_v1_0_4_structs.svh
Duplicated file found; will not be sent for synthesis: c:/Users/luisr/Desktop/FPGA/Hardware/Arty A7-100T/UART_DDR/UART_DDR.gen/sources_1/bd/UART_DDR/ipshared/f0b6/hdl/sc_util_v1_0_vl_rfs.sv
Duplicated file found; will not be sent for synthesis: c:/Users/luisr/Desktop/FPGA/Hardware/Arty A7-100T/UART_DDR/UART_DDR.gen/sources_1/bd/UART_DDR/ipshared/b89e/hdl/sc_axi2sc_v1_0_vl_rfs.sv
Duplicated file found; will not be sent for synthesis: c:/Users/luisr/Desktop/FPGA/Hardware/Arty A7-100T/UART_DDR/UART_DDR.gen/sources_1/bd/UART_DDR/ipshared/f0b6/hdl/verilog/sc_util_v1_0_4_constants.vh
Duplicated file found; will not be sent for synthesis: c:/Users/luisr/Desktop/FPGA/Hardware/Arty A7-100T/UART_DDR/UART_DDR.gen/sources_1/bd/UART_DDR/ipshared/f0b6/hdl/verilog/sc_util_v1_0_4_constants_noc.vh
Duplicated file found; will not be sent for synthesis: c:/Users/luisr/Desktop/FPGA/Hardware/Arty A7-100T/UART_DDR/UART_DDR.gen/sources_1/bd/UART_DDR/ipshared/f0b6/hdl/verilog/sc_util_v1_0_4_structs.svh
Duplicated file found; will not be sent for synthesis: c:/Users/luisr/Desktop/FPGA/Hardware/Arty A7-100T/UART_DDR/UART_DDR.gen/sources_1/bd/UART_DDR/ipshared/f0b6/hdl/sc_util_v1_0_vl_rfs.sv
Duplicated file found; will not be sent for synthesis: c:/Users/luisr/Desktop/FPGA/Hardware/Arty A7-100T/UART_DDR/UART_DDR.gen/sources_1/bd/UART_DDR/ipshared/66be/hdl/verilog/sc_node_v1_0_14_t_reqsend.svh
Duplicated file found; will not be sent for synthesis: c:/Users/luisr/Desktop/FPGA/Hardware/Arty A7-100T/UART_DDR/UART_DDR.gen/sources_1/bd/UART_DDR/ipshared/66be/hdl/sc_node_v1_0_vl_rfs.sv
Duplicated file found; will not be sent for synthesis: c:/Users/luisr/Desktop/FPGA/Hardware/Arty A7-100T/UART_DDR/UART_DDR.gen/sources_1/bd/UART_DDR/ipshared/f0b6/hdl/verilog/sc_util_v1_0_4_constants.vh
Duplicated file found; will not be sent for synthesis: c:/Users/luisr/Desktop/FPGA/Hardware/Arty A7-100T/UART_DDR/UART_DDR.gen/sources_1/bd/UART_DDR/ipshared/f0b6/hdl/verilog/sc_util_v1_0_4_constants_noc.vh
Duplicated file found; will not be sent for synthesis: c:/Users/luisr/Desktop/FPGA/Hardware/Arty A7-100T/UART_DDR/UART_DDR.gen/sources_1/bd/UART_DDR/ipshared/f0b6/hdl/verilog/sc_util_v1_0_4_structs.svh
Duplicated file found; will not be sent for synthesis: c:/Users/luisr/Desktop/FPGA/Hardware/Arty A7-100T/UART_DDR/UART_DDR.gen/sources_1/bd/UART_DDR/ipshared/f0b6/hdl/sc_util_v1_0_vl_rfs.sv
Duplicated file found; will not be sent for synthesis: c:/Users/luisr/Desktop/FPGA/Hardware/Arty A7-100T/UART_DDR/UART_DDR.gen/sources_1/bd/UART_DDR/ipshared/66be/hdl/verilog/sc_node_v1_0_14_t_reqsend.svh
Duplicated file found; will not be sent for synthesis: c:/Users/luisr/Desktop/FPGA/Hardware/Arty A7-100T/UART_DDR/UART_DDR.gen/sources_1/bd/UART_DDR/ipshared/66be/hdl/sc_node_v1_0_vl_rfs.sv
Duplicated file found; will not be sent for synthesis: c:/Users/luisr/Desktop/FPGA/Hardware/Arty A7-100T/UART_DDR/UART_DDR.gen/sources_1/bd/UART_DDR/ipshared/f0b6/hdl/verilog/sc_util_v1_0_4_constants.vh
Duplicated file found; will not be sent for synthesis: c:/Users/luisr/Desktop/FPGA/Hardware/Arty A7-100T/UART_DDR/UART_DDR.gen/sources_1/bd/UART_DDR/ipshared/f0b6/hdl/verilog/sc_util_v1_0_4_constants_noc.vh
Duplicated file found; will not be sent for synthesis: c:/Users/luisr/Desktop/FPGA/Hardware/Arty A7-100T/UART_DDR/UART_DDR.gen/sources_1/bd/UART_DDR/ipshared/f0b6/hdl/verilog/sc_util_v1_0_4_structs.svh
Duplicated file found; will not be sent for synthesis: c:/Users/luisr/Desktop/FPGA/Hardware/Arty A7-100T/UART_DDR/UART_DDR.gen/sources_1/bd/UART_DDR/ipshared/f0b6/hdl/sc_util_v1_0_vl_rfs.sv
Duplicated file found; will not be sent for synthesis: c:/Users/luisr/Desktop/FPGA/Hardware/Arty A7-100T/UART_DDR/UART_DDR.gen/sources_1/bd/UART_DDR/ipshared/66be/hdl/verilog/sc_node_v1_0_14_t_reqsend.svh
Duplicated file found; will not be sent for synthesis: c:/Users/luisr/Desktop/FPGA/Hardware/Arty A7-100T/UART_DDR/UART_DDR.gen/sources_1/bd/UART_DDR/ipshared/66be/hdl/sc_node_v1_0_vl_rfs.sv
Duplicated file found; will not be sent for synthesis: c:/Users/luisr/Desktop/FPGA/Hardware/Arty A7-100T/UART_DDR/UART_DDR.gen/sources_1/bd/UART_DDR/ipshared/f0b6/hdl/verilog/sc_util_v1_0_4_constants.vh
Duplicated file found; will not be sent for synthesis: c:/Users/luisr/Desktop/FPGA/Hardware/Arty A7-100T/UART_DDR/UART_DDR.gen/sources_1/bd/UART_DDR/ipshared/f0b6/hdl/verilog/sc_util_v1_0_4_constants_noc.vh
Duplicated file found; will not be sent for synthesis: c:/Users/luisr/Desktop/FPGA/Hardware/Arty A7-100T/UART_DDR/UART_DDR.gen/sources_1/bd/UART_DDR/ipshared/f0b6/hdl/verilog/sc_util_v1_0_4_structs.svh
Duplicated file found; will not be sent for synthesis: c:/Users/luisr/Desktop/FPGA/Hardware/Arty A7-100T/UART_DDR/UART_DDR.gen/sources_1/bd/UART_DDR/ipshared/f0b6/hdl/sc_util_v1_0_vl_rfs.sv
Duplicated file found; will not be sent for synthesis: c:/Users/luisr/Desktop/FPGA/Hardware/Arty A7-100T/UART_DDR/UART_DDR.gen/sources_1/bd/UART_DDR/ipshared/66be/hdl/verilog/sc_node_v1_0_14_t_reqsend.svh
Duplicated file found; will not be sent for synthesis: c:/Users/luisr/Desktop/FPGA/Hardware/Arty A7-100T/UART_DDR/UART_DDR.gen/sources_1/bd/UART_DDR/ipshared/66be/hdl/sc_node_v1_0_vl_rfs.sv
Duplicated file found; will not be sent for synthesis: c:/Users/luisr/Desktop/FPGA/Hardware/Arty A7-100T/UART_DDR/UART_DDR.gen/sources_1/bd/UART_DDR/ipshared/f0b6/hdl/verilog/sc_util_v1_0_4_constants.vh
Duplicated file found; will not be sent for synthesis: c:/Users/luisr/Desktop/FPGA/Hardware/Arty A7-100T/UART_DDR/UART_DDR.gen/sources_1/bd/UART_DDR/ipshared/f0b6/hdl/verilog/sc_util_v1_0_4_constants_noc.vh
Duplicated file found; will not be sent for synthesis: c:/Users/luisr/Desktop/FPGA/Hardware/Arty A7-100T/UART_DDR/UART_DDR.gen/sources_1/bd/UART_DDR/ipshared/f0b6/hdl/verilog/sc_util_v1_0_4_structs.svh
Duplicated file found; will not be sent for synthesis: c:/Users/luisr/Desktop/FPGA/Hardware/Arty A7-100T/UART_DDR/UART_DDR.gen/sources_1/bd/UART_DDR/ipshared/f0b6/hdl/sc_util_v1_0_vl_rfs.sv
Duplicated file found; will not be sent for synthesis: c:/Users/luisr/Desktop/FPGA/Hardware/Arty A7-100T/UART_DDR/UART_DDR.gen/sources_1/bd/UART_DDR/ipshared/66be/hdl/verilog/sc_node_v1_0_14_t_reqsend.svh
Duplicated file found; will not be sent for synthesis: c:/Users/luisr/Desktop/FPGA/Hardware/Arty A7-100T/UART_DDR/UART_DDR.gen/sources_1/bd/UART_DDR/ipshared/66be/hdl/sc_node_v1_0_vl_rfs.sv
Duplicated file found; will not be sent for synthesis: c:/Users/luisr/Desktop/FPGA/Hardware/Arty A7-100T/UART_DDR/UART_DDR.gen/sources_1/bd/UART_DDR/ipshared/f0b6/hdl/verilog/sc_util_v1_0_4_constants.vh
Duplicated file found; will not be sent for synthesis: c:/Users/luisr/Desktop/FPGA/Hardware/Arty A7-100T/UART_DDR/UART_DDR.gen/sources_1/bd/UART_DDR/ipshared/f0b6/hdl/verilog/sc_util_v1_0_4_constants_noc.vh
Duplicated file found; will not be sent for synthesis: c:/Users/luisr/Desktop/FPGA/Hardware/Arty A7-100T/UART_DDR/UART_DDR.gen/sources_1/bd/UART_DDR/ipshared/f0b6/hdl/verilog/sc_util_v1_0_4_structs.svh
Duplicated file found; will not be sent for synthesis: c:/Users/luisr/Desktop/FPGA/Hardware/Arty A7-100T/UART_DDR/UART_DDR.gen/sources_1/bd/UART_DDR/ipshared/f0b6/hdl/sc_util_v1_0_vl_rfs.sv
Duplicated file found; will not be sent for synthesis: c:/Users/luisr/Desktop/FPGA/Hardware/Arty A7-100T/UART_DDR/UART_DDR.gen/sources_1/bd/UART_DDR/ipshared/f0b6/hdl/verilog/sc_util_v1_0_4_constants.vh
Duplicated file found; will not be sent for synthesis: c:/Users/luisr/Desktop/FPGA/Hardware/Arty A7-100T/UART_DDR/UART_DDR.gen/sources_1/bd/UART_DDR/ipshared/f0b6/hdl/verilog/sc_util_v1_0_4_constants_noc.vh
Duplicated file found; will not be sent for synthesis: c:/Users/luisr/Desktop/FPGA/Hardware/Arty A7-100T/UART_DDR/UART_DDR.gen/sources_1/bd/UART_DDR/ipshared/f0b6/hdl/verilog/sc_util_v1_0_4_structs.svh
Duplicated file found; will not be sent for synthesis: c:/Users/luisr/Desktop/FPGA/Hardware/Arty A7-100T/UART_DDR/UART_DDR.gen/sources_1/bd/UART_DDR/ipshared/f0b6/hdl/sc_util_v1_0_vl_rfs.sv
Duplicated file found; will not be sent for synthesis: c:/Users/luisr/Desktop/FPGA/Hardware/Arty A7-100T/UART_DDR/UART_DDR.gen/sources_1/bd/UART_DDR/ipshared/66be/hdl/verilog/sc_node_v1_0_14_t_reqsend.svh
Duplicated file found; will not be sent for synthesis: c:/Users/luisr/Desktop/FPGA/Hardware/Arty A7-100T/UART_DDR/UART_DDR.gen/sources_1/bd/UART_DDR/ipshared/66be/hdl/sc_node_v1_0_vl_rfs.sv
Duplicated file found; will not be sent for synthesis: c:/Users/luisr/Desktop/FPGA/Hardware/Arty A7-100T/UART_DDR/UART_DDR.gen/sources_1/bd/UART_DDR/ipshared/f0b6/hdl/verilog/sc_util_v1_0_4_constants.vh
Duplicated file found; will not be sent for synthesis: c:/Users/luisr/Desktop/FPGA/Hardware/Arty A7-100T/UART_DDR/UART_DDR.gen/sources_1/bd/UART_DDR/ipshared/f0b6/hdl/verilog/sc_util_v1_0_4_constants_noc.vh
Duplicated file found; will not be sent for synthesis: c:/Users/luisr/Desktop/FPGA/Hardware/Arty A7-100T/UART_DDR/UART_DDR.gen/sources_1/bd/UART_DDR/ipshared/f0b6/hdl/verilog/sc_util_v1_0_4_structs.svh
Duplicated file found; will not be sent for synthesis: c:/Users/luisr/Desktop/FPGA/Hardware/Arty A7-100T/UART_DDR/UART_DDR.gen/sources_1/bd/UART_DDR/ipshared/f0b6/hdl/sc_util_v1_0_vl_rfs.sv
Duplicated file found; will not be sent for synthesis: c:/Users/luisr/Desktop/FPGA/Hardware/Arty A7-100T/UART_DDR/UART_DDR.gen/sources_1/bd/UART_DDR/ipshared/66be/hdl/verilog/sc_node_v1_0_14_t_reqsend.svh
Duplicated file found; will not be sent for synthesis: c:/Users/luisr/Desktop/FPGA/Hardware/Arty A7-100T/UART_DDR/UART_DDR.gen/sources_1/bd/UART_DDR/ipshared/66be/hdl/sc_node_v1_0_vl_rfs.sv
Duplicated file found; will not be sent for synthesis: c:/Users/luisr/Desktop/FPGA/Hardware/Arty A7-100T/UART_DDR/UART_DDR.gen/sources_1/bd/UART_DDR/ipshared/f0b6/hdl/verilog/sc_util_v1_0_4_constants.vh
Duplicated file found; will not be sent for synthesis: c:/Users/luisr/Desktop/FPGA/Hardware/Arty A7-100T/UART_DDR/UART_DDR.gen/sources_1/bd/UART_DDR/ipshared/f0b6/hdl/verilog/sc_util_v1_0_4_constants_noc.vh
Duplicated file found; will not be sent for synthesis: c:/Users/luisr/Desktop/FPGA/Hardware/Arty A7-100T/UART_DDR/UART_DDR.gen/sources_1/bd/UART_DDR/ipshared/f0b6/hdl/verilog/sc_util_v1_0_4_structs.svh
Duplicated file found; will not be sent for synthesis: c:/Users/luisr/Desktop/FPGA/Hardware/Arty A7-100T/UART_DDR/UART_DDR.gen/sources_1/bd/UART_DDR/ipshared/f0b6/hdl/sc_util_v1_0_vl_rfs.sv
Duplicated file found; will not be sent for synthesis: c:/Users/luisr/Desktop/FPGA/Hardware/Arty A7-100T/UART_DDR/UART_DDR.gen/sources_1/bd/UART_DDR/ipshared/66be/hdl/verilog/sc_node_v1_0_14_t_reqsend.svh
Duplicated file found; will not be sent for synthesis: c:/Users/luisr/Desktop/FPGA/Hardware/Arty A7-100T/UART_DDR/UART_DDR.gen/sources_1/bd/UART_DDR/ipshared/66be/hdl/sc_node_v1_0_vl_rfs.sv
Duplicated file found; will not be sent for synthesis: c:/Users/luisr/Desktop/FPGA/Hardware/Arty A7-100T/UART_DDR/UART_DDR.gen/sources_1/bd/UART_DDR/ipshared/f0b6/hdl/verilog/sc_util_v1_0_4_constants.vh
Duplicated file found; will not be sent for synthesis: c:/Users/luisr/Desktop/FPGA/Hardware/Arty A7-100T/UART_DDR/UART_DDR.gen/sources_1/bd/UART_DDR/ipshared/f0b6/hdl/verilog/sc_util_v1_0_4_constants_noc.vh
Duplicated file found; will not be sent for synthesis: c:/Users/luisr/Desktop/FPGA/Hardware/Arty A7-100T/UART_DDR/UART_DDR.gen/sources_1/bd/UART_DDR/ipshared/f0b6/hdl/verilog/sc_util_v1_0_4_structs.svh
Duplicated file found; will not be sent for synthesis: c:/Users/luisr/Desktop/FPGA/Hardware/Arty A7-100T/UART_DDR/UART_DDR.gen/sources_1/bd/UART_DDR/ipshared/f0b6/hdl/sc_util_v1_0_vl_rfs.sv
Duplicated file found; will not be sent for synthesis: c:/Users/luisr/Desktop/FPGA/Hardware/Arty A7-100T/UART_DDR/UART_DDR.gen/sources_1/bd/UART_DDR/ipshared/66be/hdl/verilog/sc_node_v1_0_14_t_reqsend.svh
Duplicated file found; will not be sent for synthesis: c:/Users/luisr/Desktop/FPGA/Hardware/Arty A7-100T/UART_DDR/UART_DDR.gen/sources_1/bd/UART_DDR/ipshared/66be/hdl/sc_node_v1_0_vl_rfs.sv
Duplicated file found; will not be sent for synthesis: c:/Users/luisr/Desktop/FPGA/Hardware/Arty A7-100T/UART_DDR/UART_DDR.gen/sources_1/bd/UART_DDR/ipshared/f0b6/hdl/verilog/sc_util_v1_0_4_constants.vh
Duplicated file found; will not be sent for synthesis: c:/Users/luisr/Desktop/FPGA/Hardware/Arty A7-100T/UART_DDR/UART_DDR.gen/sources_1/bd/UART_DDR/ipshared/f0b6/hdl/verilog/sc_util_v1_0_4_constants_noc.vh
Duplicated file found; will not be sent for synthesis: c:/Users/luisr/Desktop/FPGA/Hardware/Arty A7-100T/UART_DDR/UART_DDR.gen/sources_1/bd/UART_DDR/ipshared/f0b6/hdl/verilog/sc_util_v1_0_4_structs.svh
Duplicated file found; will not be sent for synthesis: c:/Users/luisr/Desktop/FPGA/Hardware/Arty A7-100T/UART_DDR/UART_DDR.gen/sources_1/bd/UART_DDR/ipshared/f0b6/hdl/sc_util_v1_0_vl_rfs.sv
Duplicated file found; will not be sent for synthesis: c:/Users/luisr/Desktop/FPGA/Hardware/Arty A7-100T/UART_DDR/UART_DDR.gen/sources_1/bd/UART_DDR/ipshared/66be/hdl/verilog/sc_node_v1_0_14_t_reqsend.svh
Duplicated file found; will not be sent for synthesis: c:/Users/luisr/Desktop/FPGA/Hardware/Arty A7-100T/UART_DDR/UART_DDR.gen/sources_1/bd/UART_DDR/ipshared/66be/hdl/sc_node_v1_0_vl_rfs.sv
Duplicated file found; will not be sent for synthesis: c:/Users/luisr/Desktop/FPGA/Hardware/Arty A7-100T/UART_DDR/UART_DDR.gen/sources_1/bd/UART_DDR/ipshared/f0b6/hdl/verilog/sc_util_v1_0_4_constants.vh
Duplicated file found; will not be sent for synthesis: c:/Users/luisr/Desktop/FPGA/Hardware/Arty A7-100T/UART_DDR/UART_DDR.gen/sources_1/bd/UART_DDR/ipshared/f0b6/hdl/verilog/sc_util_v1_0_4_constants_noc.vh
Duplicated file found; will not be sent for synthesis: c:/Users/luisr/Desktop/FPGA/Hardware/Arty A7-100T/UART_DDR/UART_DDR.gen/sources_1/bd/UART_DDR/ipshared/f0b6/hdl/verilog/sc_util_v1_0_4_structs.svh
Duplicated file found; will not be sent for synthesis: c:/Users/luisr/Desktop/FPGA/Hardware/Arty A7-100T/UART_DDR/UART_DDR.gen/sources_1/bd/UART_DDR/ipshared/f0b6/hdl/sc_util_v1_0_vl_rfs.sv
Duplicated file found; will not be sent for synthesis: c:/Users/luisr/Desktop/FPGA/Hardware/Arty A7-100T/UART_DDR/UART_DDR.gen/sources_1/bd/UART_DDR/ipshared/f0b6/hdl/verilog/sc_util_v1_0_4_constants.vh
Duplicated file found; will not be sent for synthesis: c:/Users/luisr/Desktop/FPGA/Hardware/Arty A7-100T/UART_DDR/UART_DDR.gen/sources_1/bd/UART_DDR/ipshared/f0b6/hdl/verilog/sc_util_v1_0_4_constants_noc.vh
Duplicated file found; will not be sent for synthesis: c:/Users/luisr/Desktop/FPGA/Hardware/Arty A7-100T/UART_DDR/UART_DDR.gen/sources_1/bd/UART_DDR/ipshared/f0b6/hdl/verilog/sc_util_v1_0_4_structs.svh
Duplicated file found; will not be sent for synthesis: c:/Users/luisr/Desktop/FPGA/Hardware/Arty A7-100T/UART_DDR/UART_DDR.gen/sources_1/bd/UART_DDR/ipshared/f0b6/hdl/sc_util_v1_0_vl_rfs.sv
Duplicated file found; will not be sent for synthesis: c:/Users/luisr/Desktop/FPGA/Hardware/Arty A7-100T/UART_DDR/UART_DDR.gen/sources_1/bd/UART_DDR/ipshared/7005/hdl/sc_sc2axi_v1_0_vl_rfs.sv
Duplicated file found; will not be sent for synthesis: c:/Users/luisr/Desktop/FPGA/Hardware/Arty A7-100T/UART_DDR/UART_DDR.gen/sources_1/bd/UART_DDR/ipshared/f0b6/hdl/verilog/sc_util_v1_0_4_constants.vh
Duplicated file found; will not be sent for synthesis: c:/Users/luisr/Desktop/FPGA/Hardware/Arty A7-100T/UART_DDR/UART_DDR.gen/sources_1/bd/UART_DDR/ipshared/f0b6/hdl/verilog/sc_util_v1_0_4_constants_noc.vh
Duplicated file found; will not be sent for synthesis: c:/Users/luisr/Desktop/FPGA/Hardware/Arty A7-100T/UART_DDR/UART_DDR.gen/sources_1/bd/UART_DDR/ipshared/f0b6/hdl/verilog/sc_util_v1_0_4_structs.svh
Duplicated file found; will not be sent for synthesis: c:/Users/luisr/Desktop/FPGA/Hardware/Arty A7-100T/UART_DDR/UART_DDR.gen/sources_1/bd/UART_DDR/ipshared/f0b6/hdl/sc_util_v1_0_vl_rfs.sv
Duplicated file found; will not be sent for synthesis: c:/Users/luisr/Desktop/FPGA/Hardware/Arty A7-100T/UART_DDR/UART_DDR.gen/sources_1/bd/UART_DDR/ipshared/66be/hdl/verilog/sc_node_v1_0_14_t_reqsend.svh
Duplicated file found; will not be sent for synthesis: c:/Users/luisr/Desktop/FPGA/Hardware/Arty A7-100T/UART_DDR/UART_DDR.gen/sources_1/bd/UART_DDR/ipshared/66be/hdl/sc_node_v1_0_vl_rfs.sv
Duplicated file found; will not be sent for synthesis: c:/Users/luisr/Desktop/FPGA/Hardware/Arty A7-100T/UART_DDR/UART_DDR.gen/sources_1/bd/UART_DDR/ipshared/f0b6/hdl/verilog/sc_util_v1_0_4_constants.vh
Duplicated file found; will not be sent for synthesis: c:/Users/luisr/Desktop/FPGA/Hardware/Arty A7-100T/UART_DDR/UART_DDR.gen/sources_1/bd/UART_DDR/ipshared/f0b6/hdl/verilog/sc_util_v1_0_4_constants_noc.vh
Duplicated file found; will not be sent for synthesis: c:/Users/luisr/Desktop/FPGA/Hardware/Arty A7-100T/UART_DDR/UART_DDR.gen/sources_1/bd/UART_DDR/ipshared/f0b6/hdl/verilog/sc_util_v1_0_4_structs.svh
Duplicated file found; will not be sent for synthesis: c:/Users/luisr/Desktop/FPGA/Hardware/Arty A7-100T/UART_DDR/UART_DDR.gen/sources_1/bd/UART_DDR/ipshared/f0b6/hdl/sc_util_v1_0_vl_rfs.sv
Duplicated file found; will not be sent for synthesis: c:/Users/luisr/Desktop/FPGA/Hardware/Arty A7-100T/UART_DDR/UART_DDR.gen/sources_1/bd/UART_DDR/ipshared/66be/hdl/verilog/sc_node_v1_0_14_t_reqsend.svh
Duplicated file found; will not be sent for synthesis: c:/Users/luisr/Desktop/FPGA/Hardware/Arty A7-100T/UART_DDR/UART_DDR.gen/sources_1/bd/UART_DDR/ipshared/66be/hdl/sc_node_v1_0_vl_rfs.sv
Duplicated file found; will not be sent for synthesis: c:/Users/luisr/Desktop/FPGA/Hardware/Arty A7-100T/UART_DDR/UART_DDR.gen/sources_1/bd/UART_DDR/ipshared/f0b6/hdl/verilog/sc_util_v1_0_4_constants.vh
Duplicated file found; will not be sent for synthesis: c:/Users/luisr/Desktop/FPGA/Hardware/Arty A7-100T/UART_DDR/UART_DDR.gen/sources_1/bd/UART_DDR/ipshared/f0b6/hdl/verilog/sc_util_v1_0_4_constants_noc.vh
Duplicated file found; will not be sent for synthesis: c:/Users/luisr/Desktop/FPGA/Hardware/Arty A7-100T/UART_DDR/UART_DDR.gen/sources_1/bd/UART_DDR/ipshared/f0b6/hdl/verilog/sc_util_v1_0_4_structs.svh
Duplicated file found; will not be sent for synthesis: c:/Users/luisr/Desktop/FPGA/Hardware/Arty A7-100T/UART_DDR/UART_DDR.gen/sources_1/bd/UART_DDR/ipshared/f0b6/hdl/sc_util_v1_0_vl_rfs.sv
Duplicated file found; will not be sent for synthesis: c:/Users/luisr/Desktop/FPGA/Hardware/Arty A7-100T/UART_DDR/UART_DDR.gen/sources_1/bd/UART_DDR/ipshared/66be/hdl/verilog/sc_node_v1_0_14_t_reqsend.svh
Duplicated file found; will not be sent for synthesis: c:/Users/luisr/Desktop/FPGA/Hardware/Arty A7-100T/UART_DDR/UART_DDR.gen/sources_1/bd/UART_DDR/ipshared/66be/hdl/sc_node_v1_0_vl_rfs.sv
Duplicated file found; will not be sent for synthesis: c:/Users/luisr/Desktop/FPGA/Hardware/Arty A7-100T/UART_DDR/UART_DDR.gen/sources_1/bd/UART_DDR/ipshared/f0b6/hdl/verilog/sc_util_v1_0_4_constants.vh
Duplicated file found; will not be sent for synthesis: c:/Users/luisr/Desktop/FPGA/Hardware/Arty A7-100T/UART_DDR/UART_DDR.gen/sources_1/bd/UART_DDR/ipshared/f0b6/hdl/verilog/sc_util_v1_0_4_constants_noc.vh
Duplicated file found; will not be sent for synthesis: c:/Users/luisr/Desktop/FPGA/Hardware/Arty A7-100T/UART_DDR/UART_DDR.gen/sources_1/bd/UART_DDR/ipshared/f0b6/hdl/verilog/sc_util_v1_0_4_structs.svh
Duplicated file found; will not be sent for synthesis: c:/Users/luisr/Desktop/FPGA/Hardware/Arty A7-100T/UART_DDR/UART_DDR.gen/sources_1/bd/UART_DDR/ipshared/f0b6/hdl/sc_util_v1_0_vl_rfs.sv
Duplicated file found; will not be sent for synthesis: c:/Users/luisr/Desktop/FPGA/Hardware/Arty A7-100T/UART_DDR/UART_DDR.gen/sources_1/bd/UART_DDR/ipshared/66be/hdl/verilog/sc_node_v1_0_14_t_reqsend.svh
Duplicated file found; will not be sent for synthesis: c:/Users/luisr/Desktop/FPGA/Hardware/Arty A7-100T/UART_DDR/UART_DDR.gen/sources_1/bd/UART_DDR/ipshared/66be/hdl/sc_node_v1_0_vl_rfs.sv
Duplicated file found; will not be sent for synthesis: c:/Users/luisr/Desktop/FPGA/Hardware/Arty A7-100T/UART_DDR/UART_DDR.gen/sources_1/bd/UART_DDR/ipshared/f0b6/hdl/verilog/sc_util_v1_0_4_constants.vh
Duplicated file found; will not be sent for synthesis: c:/Users/luisr/Desktop/FPGA/Hardware/Arty A7-100T/UART_DDR/UART_DDR.gen/sources_1/bd/UART_DDR/ipshared/f0b6/hdl/verilog/sc_util_v1_0_4_constants_noc.vh
Duplicated file found; will not be sent for synthesis: c:/Users/luisr/Desktop/FPGA/Hardware/Arty A7-100T/UART_DDR/UART_DDR.gen/sources_1/bd/UART_DDR/ipshared/f0b6/hdl/verilog/sc_util_v1_0_4_structs.svh
Duplicated file found; will not be sent for synthesis: c:/Users/luisr/Desktop/FPGA/Hardware/Arty A7-100T/UART_DDR/UART_DDR.gen/sources_1/bd/UART_DDR/ipshared/f0b6/hdl/sc_util_v1_0_vl_rfs.sv
Duplicated file found; will not be sent for synthesis: c:/Users/luisr/Desktop/FPGA/Hardware/Arty A7-100T/UART_DDR/UART_DDR.gen/sources_1/bd/UART_DDR/ipshared/66be/hdl/verilog/sc_node_v1_0_14_t_reqsend.svh
Duplicated file found; will not be sent for synthesis: c:/Users/luisr/Desktop/FPGA/Hardware/Arty A7-100T/UART_DDR/UART_DDR.gen/sources_1/bd/UART_DDR/ipshared/66be/hdl/sc_node_v1_0_vl_rfs.sv
Duplicated file found; will not be sent for synthesis: c:/Users/luisr/Desktop/FPGA/Hardware/Arty A7-100T/UART_DDR/UART_DDR.gen/sources_1/bd/UART_DDR/ipshared/f0b6/hdl/verilog/sc_util_v1_0_4_constants.vh
Duplicated file found; will not be sent for synthesis: c:/Users/luisr/Desktop/FPGA/Hardware/Arty A7-100T/UART_DDR/UART_DDR.gen/sources_1/bd/UART_DDR/ipshared/f0b6/hdl/verilog/sc_util_v1_0_4_constants_noc.vh
Duplicated file found; will not be sent for synthesis: c:/Users/luisr/Desktop/FPGA/Hardware/Arty A7-100T/UART_DDR/UART_DDR.gen/sources_1/bd/UART_DDR/ipshared/f0b6/hdl/verilog/sc_util_v1_0_4_structs.svh
Duplicated file found; will not be sent for synthesis: c:/Users/luisr/Desktop/FPGA/Hardware/Arty A7-100T/UART_DDR/UART_DDR.gen/sources_1/bd/UART_DDR/ipshared/f0b6/hdl/sc_util_v1_0_vl_rfs.sv
Duplicated file found; will not be sent for synthesis: c:/Users/luisr/Desktop/FPGA/Hardware/Arty A7-100T/UART_DDR/UART_DDR.gen/sources_1/bd/UART_DDR/ipshared/93a6/hdl/sc_exit_v1_0_vl_rfs.sv
CRC performance measure: elapsed=00:00:00.011s;;memory_peak=3006.148MB;;memory_gain=0.000MB
