
*** Running vivado
    with args -log Sensors_OLED_wrapper.vdi -applog -m64 -product Vivado -messageDb vivado.pb -mode batch -source Sensors_OLED_wrapper.tcl -notrace



****** Vivado v2021.2 (64-bit)
  **** SW Build 3367213 on Tue Oct 19 02:48:09 MDT 2021
  **** IP Build 3369179 on Thu Oct 21 08:25:16 MDT 2021
    ** Copyright 1986-2021 Xilinx, Inc. All Rights Reserved.

source Sensors_OLED_wrapper.tcl -notrace
create_project: Time (s): cpu = 00:00:03 ; elapsed = 00:00:07 . Memory (MB): peak = 1567.000 ; gain = 0.000
INFO: [IP_Flow 19-234] Refreshing IP repositories
INFO: [IP_Flow 19-1700] Loaded user IP repository 'c:/Users/luisr/Desktop/Vivado Stuff/vivado-library-master'.
INFO: [IP_Flow 19-2313] Loaded Vivado IP repository 'C:/Xilinx/Vivado/2021.2/data/ip'.
WARNING: [IP_Flow 19-4995] The host OS only allows 260 characters in a normal path. The IP cache path is more than 80 characters. If you experience issues with IP caching, please consider changing the IP cache to a location with a shorter path. Alternately consider using the OS subst command to map part of the path to a drive letter. 
Current IP cache path is C:/Users/luisr/Desktop/FPGA/Hardware/Zybo Z7-20/Sensors_OLED/Sensors_OLED.runs/impl_1/{C:/Users/luisr/Desktop/FPGA/Hardware/Zybo Z7-20/Sensors_OLED/Sensors_OLED.cache/ip} 
Command: link_design -top Sensors_OLED_wrapper -part xc7z020clg400-1
Design is defaulting to srcset: sources_1
Design is defaulting to constrset: constrs_1
INFO: [Device 21-403] Loading part xc7z020clg400-1
INFO: [Project 1-454] Reading design checkpoint 'c:/Users/luisr/Desktop/FPGA/Hardware/Zybo Z7-20/Sensors_OLED/Sensors_OLED.gen/sources_1/bd/Sensors_OLED/ip/Sensors_OLED_PmodAD2_0_0/Sensors_OLED_PmodAD2_0_0.dcp' for cell 'Sensors_OLED_i/PmodAD2_0'
INFO: [Project 1-454] Reading design checkpoint 'c:/Users/luisr/Desktop/FPGA/Hardware/Zybo Z7-20/Sensors_OLED/Sensors_OLED.gen/sources_1/bd/Sensors_OLED/ip/Sensors_OLED_PmodOLED_0_0/Sensors_OLED_PmodOLED_0_0.dcp' for cell 'Sensors_OLED_i/PmodOLED_0'
INFO: [Project 1-454] Reading design checkpoint 'c:/Users/luisr/Desktop/FPGA/Hardware/Zybo Z7-20/Sensors_OLED/Sensors_OLED.gen/sources_1/bd/Sensors_OLED/ip/Sensors_OLED_PmodTC1_0_0/Sensors_OLED_PmodTC1_0_0.dcp' for cell 'Sensors_OLED_i/PmodTC1_0'
INFO: [Project 1-454] Reading design checkpoint 'c:/Users/luisr/Desktop/FPGA/Hardware/Zybo Z7-20/Sensors_OLED/Sensors_OLED.gen/sources_1/bd/Sensors_OLED/ip/Sensors_OLED_processing_system7_0_0/Sensors_OLED_processing_system7_0_0.dcp' for cell 'Sensors_OLED_i/processing_system7_0'
INFO: [Project 1-454] Reading design checkpoint 'c:/Users/luisr/Desktop/FPGA/Hardware/Zybo Z7-20/Sensors_OLED/Sensors_OLED.gen/sources_1/bd/Sensors_OLED/ip/Sensors_OLED_rst_ps7_0_50M_0/Sensors_OLED_rst_ps7_0_50M_0.dcp' for cell 'Sensors_OLED_i/rst_ps7_0_50M'
INFO: [Project 1-454] Reading design checkpoint 'c:/Users/luisr/Desktop/FPGA/Hardware/Zybo Z7-20/Sensors_OLED/Sensors_OLED.gen/sources_1/bd/Sensors_OLED/ip/Sensors_OLED_xbar_0/Sensors_OLED_xbar_0.dcp' for cell 'Sensors_OLED_i/ps7_0_axi_periph/xbar'
INFO: [Project 1-454] Reading design checkpoint 'c:/Users/luisr/Desktop/FPGA/Hardware/Zybo Z7-20/Sensors_OLED/Sensors_OLED.gen/sources_1/bd/Sensors_OLED/ip/Sensors_OLED_auto_pc_0/Sensors_OLED_auto_pc_0.dcp' for cell 'Sensors_OLED_i/ps7_0_axi_periph/s00_couplers/auto_pc'
Netlist sorting complete. Time (s): cpu = 00:00:01 ; elapsed = 00:00:00.160 . Memory (MB): peak = 1567.000 ; gain = 0.000
INFO: [Netlist 29-17] Analyzing 79 Unisim elements for replacement
INFO: [Netlist 29-28] Unisim Transformation completed in 0 CPU seconds
INFO: [Project 1-479] Netlist was created with Vivado 2021.2
INFO: [Project 1-570] Preparing netlist for logic optimization
Parsing XDC File [c:/Users/luisr/Desktop/FPGA/Hardware/Zybo Z7-20/Sensors_OLED/Sensors_OLED.gen/sources_1/bd/Sensors_OLED/ip/Sensors_OLED_processing_system7_0_0/Sensors_OLED_processing_system7_0_0.xdc] for cell 'Sensors_OLED_i/processing_system7_0/inst'
Finished Parsing XDC File [c:/Users/luisr/Desktop/FPGA/Hardware/Zybo Z7-20/Sensors_OLED/Sensors_OLED.gen/sources_1/bd/Sensors_OLED/ip/Sensors_OLED_processing_system7_0_0/Sensors_OLED_processing_system7_0_0.xdc] for cell 'Sensors_OLED_i/processing_system7_0/inst'
Parsing XDC File [c:/Users/luisr/Desktop/FPGA/Hardware/Zybo Z7-20/Sensors_OLED/Sensors_OLED.gen/sources_1/bd/Sensors_OLED/ip/Sensors_OLED_PmodAD2_0_0/src/PmodAD2_pmod_bridge_0_0/PmodAD2_pmod_bridge_0_0_board.xdc] for cell 'Sensors_OLED_i/PmodAD2_0/inst/pmod_bridge_0/inst'
Finished Parsing XDC File [c:/Users/luisr/Desktop/FPGA/Hardware/Zybo Z7-20/Sensors_OLED/Sensors_OLED.gen/sources_1/bd/Sensors_OLED/ip/Sensors_OLED_PmodAD2_0_0/src/PmodAD2_pmod_bridge_0_0/PmodAD2_pmod_bridge_0_0_board.xdc] for cell 'Sensors_OLED_i/PmodAD2_0/inst/pmod_bridge_0/inst'
Parsing XDC File [c:/Users/luisr/Desktop/FPGA/Hardware/Zybo Z7-20/Sensors_OLED/Sensors_OLED.gen/sources_1/bd/Sensors_OLED/ip/Sensors_OLED_PmodAD2_0_0/src/PmodAD2_axi_iic_0_0/PmodAD2_axi_iic_0_0_board.xdc] for cell 'Sensors_OLED_i/PmodAD2_0/inst/axi_iic_0/U0'
Finished Parsing XDC File [c:/Users/luisr/Desktop/FPGA/Hardware/Zybo Z7-20/Sensors_OLED/Sensors_OLED.gen/sources_1/bd/Sensors_OLED/ip/Sensors_OLED_PmodAD2_0_0/src/PmodAD2_axi_iic_0_0/PmodAD2_axi_iic_0_0_board.xdc] for cell 'Sensors_OLED_i/PmodAD2_0/inst/axi_iic_0/U0'
Parsing XDC File [c:/Users/luisr/Desktop/FPGA/Hardware/Zybo Z7-20/Sensors_OLED/Sensors_OLED.gen/sources_1/bd/Sensors_OLED/ip/Sensors_OLED_PmodAD2_0_0/Sensors_OLED_PmodAD2_0_0_board.xdc] for cell 'Sensors_OLED_i/PmodAD2_0/inst'
Finished Parsing XDC File [c:/Users/luisr/Desktop/FPGA/Hardware/Zybo Z7-20/Sensors_OLED/Sensors_OLED.gen/sources_1/bd/Sensors_OLED/ip/Sensors_OLED_PmodAD2_0_0/Sensors_OLED_PmodAD2_0_0_board.xdc] for cell 'Sensors_OLED_i/PmodAD2_0/inst'
Parsing XDC File [c:/Users/luisr/Desktop/FPGA/Hardware/Zybo Z7-20/Sensors_OLED/Sensors_OLED.gen/sources_1/bd/Sensors_OLED/ip/Sensors_OLED_PmodOLED_0_0/src/PmodOLED_axi_gpio_0_0/PmodOLED_axi_gpio_0_0_board.xdc] for cell 'Sensors_OLED_i/PmodOLED_0/inst/axi_gpio_0/U0'
Finished Parsing XDC File [c:/Users/luisr/Desktop/FPGA/Hardware/Zybo Z7-20/Sensors_OLED/Sensors_OLED.gen/sources_1/bd/Sensors_OLED/ip/Sensors_OLED_PmodOLED_0_0/src/PmodOLED_axi_gpio_0_0/PmodOLED_axi_gpio_0_0_board.xdc] for cell 'Sensors_OLED_i/PmodOLED_0/inst/axi_gpio_0/U0'
Parsing XDC File [c:/Users/luisr/Desktop/FPGA/Hardware/Zybo Z7-20/Sensors_OLED/Sensors_OLED.gen/sources_1/bd/Sensors_OLED/ip/Sensors_OLED_PmodOLED_0_0/src/PmodOLED_axi_gpio_0_0/PmodOLED_axi_gpio_0_0.xdc] for cell 'Sensors_OLED_i/PmodOLED_0/inst/axi_gpio_0/U0'
Finished Parsing XDC File [c:/Users/luisr/Desktop/FPGA/Hardware/Zybo Z7-20/Sensors_OLED/Sensors_OLED.gen/sources_1/bd/Sensors_OLED/ip/Sensors_OLED_PmodOLED_0_0/src/PmodOLED_axi_gpio_0_0/PmodOLED_axi_gpio_0_0.xdc] for cell 'Sensors_OLED_i/PmodOLED_0/inst/axi_gpio_0/U0'
Parsing XDC File [c:/Users/luisr/Desktop/FPGA/Hardware/Zybo Z7-20/Sensors_OLED/Sensors_OLED.gen/sources_1/bd/Sensors_OLED/ip/Sensors_OLED_PmodOLED_0_0/src/PmodOLED_axi_quad_spi_0_0/PmodOLED_axi_quad_spi_0_0_board.xdc] for cell 'Sensors_OLED_i/PmodOLED_0/inst/axi_quad_spi_0/U0'
Finished Parsing XDC File [c:/Users/luisr/Desktop/FPGA/Hardware/Zybo Z7-20/Sensors_OLED/Sensors_OLED.gen/sources_1/bd/Sensors_OLED/ip/Sensors_OLED_PmodOLED_0_0/src/PmodOLED_axi_quad_spi_0_0/PmodOLED_axi_quad_spi_0_0_board.xdc] for cell 'Sensors_OLED_i/PmodOLED_0/inst/axi_quad_spi_0/U0'
Parsing XDC File [c:/Users/luisr/Desktop/FPGA/Hardware/Zybo Z7-20/Sensors_OLED/Sensors_OLED.gen/sources_1/bd/Sensors_OLED/ip/Sensors_OLED_PmodOLED_0_0/src/PmodOLED_axi_quad_spi_0_0/PmodOLED_axi_quad_spi_0_0.xdc] for cell 'Sensors_OLED_i/PmodOLED_0/inst/axi_quad_spi_0/U0'
Finished Parsing XDC File [c:/Users/luisr/Desktop/FPGA/Hardware/Zybo Z7-20/Sensors_OLED/Sensors_OLED.gen/sources_1/bd/Sensors_OLED/ip/Sensors_OLED_PmodOLED_0_0/src/PmodOLED_axi_quad_spi_0_0/PmodOLED_axi_quad_spi_0_0.xdc] for cell 'Sensors_OLED_i/PmodOLED_0/inst/axi_quad_spi_0/U0'
Parsing XDC File [c:/Users/luisr/Desktop/FPGA/Hardware/Zybo Z7-20/Sensors_OLED/Sensors_OLED.gen/sources_1/bd/Sensors_OLED/ip/Sensors_OLED_PmodOLED_0_0/src/PmodOLED_pmod_bridge_0_0/PmodOLED_pmod_bridge_0_0_board.xdc] for cell 'Sensors_OLED_i/PmodOLED_0/inst/pmod_bridge_0/inst'
Finished Parsing XDC File [c:/Users/luisr/Desktop/FPGA/Hardware/Zybo Z7-20/Sensors_OLED/Sensors_OLED.gen/sources_1/bd/Sensors_OLED/ip/Sensors_OLED_PmodOLED_0_0/src/PmodOLED_pmod_bridge_0_0/PmodOLED_pmod_bridge_0_0_board.xdc] for cell 'Sensors_OLED_i/PmodOLED_0/inst/pmod_bridge_0/inst'
Parsing XDC File [c:/Users/luisr/Desktop/FPGA/Hardware/Zybo Z7-20/Sensors_OLED/Sensors_OLED.gen/sources_1/bd/Sensors_OLED/ip/Sensors_OLED_PmodOLED_0_0/Sensors_OLED_PmodOLED_0_0_board.xdc] for cell 'Sensors_OLED_i/PmodOLED_0/inst'
Finished Parsing XDC File [c:/Users/luisr/Desktop/FPGA/Hardware/Zybo Z7-20/Sensors_OLED/Sensors_OLED.gen/sources_1/bd/Sensors_OLED/ip/Sensors_OLED_PmodOLED_0_0/Sensors_OLED_PmodOLED_0_0_board.xdc] for cell 'Sensors_OLED_i/PmodOLED_0/inst'
Parsing XDC File [c:/Users/luisr/Desktop/FPGA/Hardware/Zybo Z7-20/Sensors_OLED/Sensors_OLED.gen/sources_1/bd/Sensors_OLED/ip/Sensors_OLED_PmodTC1_0_0/src/PmodTC1_axi_quad_spi_0_0/PmodTC1_axi_quad_spi_0_0_board.xdc] for cell 'Sensors_OLED_i/PmodTC1_0/inst/axi_quad_spi_0/U0'
Finished Parsing XDC File [c:/Users/luisr/Desktop/FPGA/Hardware/Zybo Z7-20/Sensors_OLED/Sensors_OLED.gen/sources_1/bd/Sensors_OLED/ip/Sensors_OLED_PmodTC1_0_0/src/PmodTC1_axi_quad_spi_0_0/PmodTC1_axi_quad_spi_0_0_board.xdc] for cell 'Sensors_OLED_i/PmodTC1_0/inst/axi_quad_spi_0/U0'
Parsing XDC File [c:/Users/luisr/Desktop/FPGA/Hardware/Zybo Z7-20/Sensors_OLED/Sensors_OLED.gen/sources_1/bd/Sensors_OLED/ip/Sensors_OLED_PmodTC1_0_0/src/PmodTC1_axi_quad_spi_0_0/PmodTC1_axi_quad_spi_0_0.xdc] for cell 'Sensors_OLED_i/PmodTC1_0/inst/axi_quad_spi_0/U0'
Finished Parsing XDC File [c:/Users/luisr/Desktop/FPGA/Hardware/Zybo Z7-20/Sensors_OLED/Sensors_OLED.gen/sources_1/bd/Sensors_OLED/ip/Sensors_OLED_PmodTC1_0_0/src/PmodTC1_axi_quad_spi_0_0/PmodTC1_axi_quad_spi_0_0.xdc] for cell 'Sensors_OLED_i/PmodTC1_0/inst/axi_quad_spi_0/U0'
Parsing XDC File [c:/Users/luisr/Desktop/FPGA/Hardware/Zybo Z7-20/Sensors_OLED/Sensors_OLED.gen/sources_1/bd/Sensors_OLED/ip/Sensors_OLED_PmodTC1_0_0/src/PmodTC1_pmod_bridge_0_0/PmodTC1_pmod_bridge_0_0_board.xdc] for cell 'Sensors_OLED_i/PmodTC1_0/inst/pmod_bridge_0/inst'
Finished Parsing XDC File [c:/Users/luisr/Desktop/FPGA/Hardware/Zybo Z7-20/Sensors_OLED/Sensors_OLED.gen/sources_1/bd/Sensors_OLED/ip/Sensors_OLED_PmodTC1_0_0/src/PmodTC1_pmod_bridge_0_0/PmodTC1_pmod_bridge_0_0_board.xdc] for cell 'Sensors_OLED_i/PmodTC1_0/inst/pmod_bridge_0/inst'
Parsing XDC File [c:/Users/luisr/Desktop/FPGA/Hardware/Zybo Z7-20/Sensors_OLED/Sensors_OLED.gen/sources_1/bd/Sensors_OLED/ip/Sensors_OLED_PmodTC1_0_0/Sensors_OLED_PmodTC1_0_0_board.xdc] for cell 'Sensors_OLED_i/PmodTC1_0/inst'
Finished Parsing XDC File [c:/Users/luisr/Desktop/FPGA/Hardware/Zybo Z7-20/Sensors_OLED/Sensors_OLED.gen/sources_1/bd/Sensors_OLED/ip/Sensors_OLED_PmodTC1_0_0/Sensors_OLED_PmodTC1_0_0_board.xdc] for cell 'Sensors_OLED_i/PmodTC1_0/inst'
Parsing XDC File [c:/Users/luisr/Desktop/FPGA/Hardware/Zybo Z7-20/Sensors_OLED/Sensors_OLED.gen/sources_1/bd/Sensors_OLED/ip/Sensors_OLED_rst_ps7_0_50M_0/Sensors_OLED_rst_ps7_0_50M_0_board.xdc] for cell 'Sensors_OLED_i/rst_ps7_0_50M/U0'
Finished Parsing XDC File [c:/Users/luisr/Desktop/FPGA/Hardware/Zybo Z7-20/Sensors_OLED/Sensors_OLED.gen/sources_1/bd/Sensors_OLED/ip/Sensors_OLED_rst_ps7_0_50M_0/Sensors_OLED_rst_ps7_0_50M_0_board.xdc] for cell 'Sensors_OLED_i/rst_ps7_0_50M/U0'
Parsing XDC File [c:/Users/luisr/Desktop/FPGA/Hardware/Zybo Z7-20/Sensors_OLED/Sensors_OLED.gen/sources_1/bd/Sensors_OLED/ip/Sensors_OLED_rst_ps7_0_50M_0/Sensors_OLED_rst_ps7_0_50M_0.xdc] for cell 'Sensors_OLED_i/rst_ps7_0_50M/U0'
Finished Parsing XDC File [c:/Users/luisr/Desktop/FPGA/Hardware/Zybo Z7-20/Sensors_OLED/Sensors_OLED.gen/sources_1/bd/Sensors_OLED/ip/Sensors_OLED_rst_ps7_0_50M_0/Sensors_OLED_rst_ps7_0_50M_0.xdc] for cell 'Sensors_OLED_i/rst_ps7_0_50M/U0'
Parsing XDC File [C:/Users/luisr/Desktop/FPGA/Hardware/Zybo Z7-20/Sensors_OLED/Sensors_OLED.srcs/constrs_1/new/Sensors_OLED.xdc]
Finished Parsing XDC File [C:/Users/luisr/Desktop/FPGA/Hardware/Zybo Z7-20/Sensors_OLED/Sensors_OLED.srcs/constrs_1/new/Sensors_OLED.xdc]
Parsing XDC File [c:/Users/luisr/Desktop/FPGA/Hardware/Zybo Z7-20/Sensors_OLED/Sensors_OLED.gen/sources_1/bd/Sensors_OLED/ip/Sensors_OLED_PmodOLED_0_0/src/PmodOLED_axi_quad_spi_0_0/PmodOLED_axi_quad_spi_0_0_clocks.xdc] for cell 'Sensors_OLED_i/PmodOLED_0/inst/axi_quad_spi_0/U0'
INFO: [Timing 38-35] Done setting XDC timing constraints. [c:/Users/luisr/Desktop/FPGA/Hardware/Zybo Z7-20/Sensors_OLED/Sensors_OLED.gen/sources_1/bd/Sensors_OLED/ip/Sensors_OLED_PmodOLED_0_0/src/PmodOLED_axi_quad_spi_0_0/PmodOLED_axi_quad_spi_0_0_clocks.xdc:50]
get_clocks: Time (s): cpu = 00:00:05 ; elapsed = 00:00:11 . Memory (MB): peak = 1881.453 ; gain = 314.453
WARNING: [Vivado 12-1008] No clocks found for command 'get_clocks -of_objects [get_ports -scoped_to_current_instance ext_spi_clk]'. [c:/Users/luisr/Desktop/FPGA/Hardware/Zybo Z7-20/Sensors_OLED/Sensors_OLED.gen/sources_1/bd/Sensors_OLED/ip/Sensors_OLED_PmodOLED_0_0/src/PmodOLED_axi_quad_spi_0_0/PmodOLED_axi_quad_spi_0_0_clocks.xdc:51]
Resolution: Verify the create_clock command was called to create the clock object before it is referenced.
INFO: [Vivado 12-626] No clocks found. Please use 'create_clock' or 'create_generated_clock' command to create clocks. [c:/Users/luisr/Desktop/FPGA/Hardware/Zybo Z7-20/Sensors_OLED/Sensors_OLED.gen/sources_1/bd/Sensors_OLED/ip/Sensors_OLED_PmodOLED_0_0/src/PmodOLED_axi_quad_spi_0_0/PmodOLED_axi_quad_spi_0_0_clocks.xdc:51]
Finished Parsing XDC File [c:/Users/luisr/Desktop/FPGA/Hardware/Zybo Z7-20/Sensors_OLED/Sensors_OLED.gen/sources_1/bd/Sensors_OLED/ip/Sensors_OLED_PmodOLED_0_0/src/PmodOLED_axi_quad_spi_0_0/PmodOLED_axi_quad_spi_0_0_clocks.xdc] for cell 'Sensors_OLED_i/PmodOLED_0/inst/axi_quad_spi_0/U0'
Parsing XDC File [c:/Users/luisr/Desktop/FPGA/Hardware/Zybo Z7-20/Sensors_OLED/Sensors_OLED.gen/sources_1/bd/Sensors_OLED/ip/Sensors_OLED_PmodTC1_0_0/src/PmodTC1_axi_quad_spi_0_0/PmodTC1_axi_quad_spi_0_0_clocks.xdc] for cell 'Sensors_OLED_i/PmodTC1_0/inst/axi_quad_spi_0/U0'
Finished Parsing XDC File [c:/Users/luisr/Desktop/FPGA/Hardware/Zybo Z7-20/Sensors_OLED/Sensors_OLED.gen/sources_1/bd/Sensors_OLED/ip/Sensors_OLED_PmodTC1_0_0/src/PmodTC1_axi_quad_spi_0_0/PmodTC1_axi_quad_spi_0_0_clocks.xdc] for cell 'Sensors_OLED_i/PmodTC1_0/inst/axi_quad_spi_0/U0'
WARNING: [XPM_CDC_GRAY: TCL-1000] The source and destination clocks are the same. 
     Instance: Sensors_OLED_i/PmodOLED_0/inst/axi_quad_spi_0/U0/NO_DUAL_QUAD_MODE.QSPI_NORMAL/QSPI_LEGACY_MD_GEN.QSPI_CORE_INTERFACE_I/FIFO_EXISTS.TX_FIFO_II/xpm_fifo_instance.xpm_fifo_async_inst/gnuram_async_fifo.xpm_fifo_base_inst/gen_cdc_pntr.rd_pntr_cdc_inst 
  This will add unnecessary latency to the design. Please check the design for the following: 
 1) Manually instantiated XPM_CDC modules: Xilinx recommends that you remove these modules. 
 2) Xilinx IP that contains XPM_CDC modules: Verify the connections to the IP to determine whether you can safely ignore this message.
 [C:/Xilinx/Vivado/2021.2/data/ip/xpm/xpm_cdc/tcl/xpm_cdc_gray.tcl:16]
WARNING: [XPM_CDC_GRAY: TCL-1000] The source and destination clocks are the same. 
     Instance: Sensors_OLED_i/PmodOLED_0/inst/axi_quad_spi_0/U0/NO_DUAL_QUAD_MODE.QSPI_NORMAL/QSPI_LEGACY_MD_GEN.QSPI_CORE_INTERFACE_I/FIFO_EXISTS.RX_FIFO_II/gnuram_async_fifo.xpm_fifo_base_inst/gen_cdc_pntr.wr_pntr_cdc_inst 
  This will add unnecessary latency to the design. Please check the design for the following: 
 1) Manually instantiated XPM_CDC modules: Xilinx recommends that you remove these modules. 
 2) Xilinx IP that contains XPM_CDC modules: Verify the connections to the IP to determine whether you can safely ignore this message.
 [C:/Xilinx/Vivado/2021.2/data/ip/xpm/xpm_cdc/tcl/xpm_cdc_gray.tcl:16]
WARNING: [XPM_CDC_GRAY: TCL-1000] The source and destination clocks are the same. 
     Instance: Sensors_OLED_i/PmodOLED_0/inst/axi_quad_spi_0/U0/NO_DUAL_QUAD_MODE.QSPI_NORMAL/QSPI_LEGACY_MD_GEN.QSPI_CORE_INTERFACE_I/FIFO_EXISTS.RX_FIFO_II/gnuram_async_fifo.xpm_fifo_base_inst/gen_cdc_pntr.rd_pntr_cdc_inst 
  This will add unnecessary latency to the design. Please check the design for the following: 
 1) Manually instantiated XPM_CDC modules: Xilinx recommends that you remove these modules. 
 2) Xilinx IP that contains XPM_CDC modules: Verify the connections to the IP to determine whether you can safely ignore this message.
 [C:/Xilinx/Vivado/2021.2/data/ip/xpm/xpm_cdc/tcl/xpm_cdc_gray.tcl:16]
WARNING: [XPM_CDC_GRAY: TCL-1000] The source and destination clocks are the same. 
     Instance: Sensors_OLED_i/PmodOLED_0/inst/axi_quad_spi_0/U0/NO_DUAL_QUAD_MODE.QSPI_NORMAL/QSPI_LEGACY_MD_GEN.QSPI_CORE_INTERFACE_I/FIFO_EXISTS.TX_FIFO_II/xpm_fifo_instance.xpm_fifo_async_inst/gnuram_async_fifo.xpm_fifo_base_inst/gen_cdc_pntr.wr_pntr_cdc_inst 
  This will add unnecessary latency to the design. Please check the design for the following: 
 1) Manually instantiated XPM_CDC modules: Xilinx recommends that you remove these modules. 
 2) Xilinx IP that contains XPM_CDC modules: Verify the connections to the IP to determine whether you can safely ignore this message.
 [C:/Xilinx/Vivado/2021.2/data/ip/xpm/xpm_cdc/tcl/xpm_cdc_gray.tcl:16]
WARNING: [XPM_CDC_GRAY: TCL-1000] The source and destination clocks are the same. 
     Instance: Sensors_OLED_i/PmodOLED_0/inst/axi_quad_spi_0/U0/NO_DUAL_QUAD_MODE.QSPI_NORMAL/QSPI_LEGACY_MD_GEN.QSPI_CORE_INTERFACE_I/FIFO_EXISTS.TX_FIFO_II/xpm_fifo_instance.xpm_fifo_async_inst/gnuram_async_fifo.xpm_fifo_base_inst/gen_cdc_pntr.wr_pntr_cdc_dc_inst 
  This will add unnecessary latency to the design. Please check the design for the following: 
 1) Manually instantiated XPM_CDC modules: Xilinx recommends that you remove these modules. 
 2) Xilinx IP that contains XPM_CDC modules: Verify the connections to the IP to determine whether you can safely ignore this message.
 [C:/Xilinx/Vivado/2021.2/data/ip/xpm/xpm_cdc/tcl/xpm_cdc_gray.tcl:16]
WARNING: [XPM_CDC_GRAY: TCL-1000] The source and destination clocks are the same. 
     Instance: Sensors_OLED_i/PmodOLED_0/inst/axi_quad_spi_0/U0/NO_DUAL_QUAD_MODE.QSPI_NORMAL/QSPI_LEGACY_MD_GEN.QSPI_CORE_INTERFACE_I/FIFO_EXISTS.RX_FIFO_II/gnuram_async_fifo.xpm_fifo_base_inst/gen_cdc_pntr.wr_pntr_cdc_dc_inst 
  This will add unnecessary latency to the design. Please check the design for the following: 
 1) Manually instantiated XPM_CDC modules: Xilinx recommends that you remove these modules. 
 2) Xilinx IP that contains XPM_CDC modules: Verify the connections to the IP to determine whether you can safely ignore this message.
 [C:/Xilinx/Vivado/2021.2/data/ip/xpm/xpm_cdc/tcl/xpm_cdc_gray.tcl:16]
WARNING: [XPM_CDC_GRAY: TCL-1000] The source and destination clocks are the same. 
     Instance: Sensors_OLED_i/PmodOLED_0/inst/axi_quad_spi_0/U0/NO_DUAL_QUAD_MODE.QSPI_NORMAL/QSPI_LEGACY_MD_GEN.QSPI_CORE_INTERFACE_I/FIFO_EXISTS.TX_FIFO_II/xpm_fifo_instance.xpm_fifo_async_inst/gnuram_async_fifo.xpm_fifo_base_inst/gen_cdc_pntr.rd_pntr_cdc_dc_inst 
  This will add unnecessary latency to the design. Please check the design for the following: 
 1) Manually instantiated XPM_CDC modules: Xilinx recommends that you remove these modules. 
 2) Xilinx IP that contains XPM_CDC modules: Verify the connections to the IP to determine whether you can safely ignore this message.
 [C:/Xilinx/Vivado/2021.2/data/ip/xpm/xpm_cdc/tcl/xpm_cdc_gray.tcl:16]
WARNING: [XPM_CDC_GRAY: TCL-1000] The source and destination clocks are the same. 
     Instance: Sensors_OLED_i/PmodOLED_0/inst/axi_quad_spi_0/U0/NO_DUAL_QUAD_MODE.QSPI_NORMAL/QSPI_LEGACY_MD_GEN.QSPI_CORE_INTERFACE_I/FIFO_EXISTS.RX_FIFO_II/gnuram_async_fifo.xpm_fifo_base_inst/gen_cdc_pntr.rd_pntr_cdc_dc_inst 
  This will add unnecessary latency to the design. Please check the design for the following: 
 1) Manually instantiated XPM_CDC modules: Xilinx recommends that you remove these modules. 
 2) Xilinx IP that contains XPM_CDC modules: Verify the connections to the IP to determine whether you can safely ignore this message.
 [C:/Xilinx/Vivado/2021.2/data/ip/xpm/xpm_cdc/tcl/xpm_cdc_gray.tcl:16]
WARNING: [XPM_CDC_GRAY: TCL-1000] The source and destination clocks are the same. 
     Instance: Sensors_OLED_i/PmodTC1_0/inst/axi_quad_spi_0/U0/NO_DUAL_QUAD_MODE.QSPI_NORMAL/QSPI_LEGACY_MD_GEN.QSPI_CORE_INTERFACE_I/FIFO_EXISTS.TX_FIFO_II/xpm_fifo_instance.xpm_fifo_async_inst/gnuram_async_fifo.xpm_fifo_base_inst/gen_cdc_pntr.rd_pntr_cdc_inst 
  This will add unnecessary latency to the design. Please check the design for the following: 
 1) Manually instantiated XPM_CDC modules: Xilinx recommends that you remove these modules. 
 2) Xilinx IP that contains XPM_CDC modules: Verify the connections to the IP to determine whether you can safely ignore this message.
 [C:/Xilinx/Vivado/2021.2/data/ip/xpm/xpm_cdc/tcl/xpm_cdc_gray.tcl:16]
WARNING: [XPM_CDC_GRAY: TCL-1000] The source and destination clocks are the same. 
     Instance: Sensors_OLED_i/PmodTC1_0/inst/axi_quad_spi_0/U0/NO_DUAL_QUAD_MODE.QSPI_NORMAL/QSPI_LEGACY_MD_GEN.QSPI_CORE_INTERFACE_I/FIFO_EXISTS.RX_FIFO_II/gnuram_async_fifo.xpm_fifo_base_inst/gen_cdc_pntr.wr_pntr_cdc_inst 
  This will add unnecessary latency to the design. Please check the design for the following: 
 1) Manually instantiated XPM_CDC modules: Xilinx recommends that you remove these modules. 
 2) Xilinx IP that contains XPM_CDC modules: Verify the connections to the IP to determine whether you can safely ignore this message.
 [C:/Xilinx/Vivado/2021.2/data/ip/xpm/xpm_cdc/tcl/xpm_cdc_gray.tcl:16]
WARNING: [XPM_CDC_GRAY: TCL-1000] The source and destination clocks are the same. 
     Instance: Sensors_OLED_i/PmodTC1_0/inst/axi_quad_spi_0/U0/NO_DUAL_QUAD_MODE.QSPI_NORMAL/QSPI_LEGACY_MD_GEN.QSPI_CORE_INTERFACE_I/FIFO_EXISTS.RX_FIFO_II/gnuram_async_fifo.xpm_fifo_base_inst/gen_cdc_pntr.rd_pntr_cdc_inst 
  This will add unnecessary latency to the design. Please check the design for the following: 
 1) Manually instantiated XPM_CDC modules: Xilinx recommends that you remove these modules. 
 2) Xilinx IP that contains XPM_CDC modules: Verify the connections to the IP to determine whether you can safely ignore this message.
 [C:/Xilinx/Vivado/2021.2/data/ip/xpm/xpm_cdc/tcl/xpm_cdc_gray.tcl:16]
WARNING: [XPM_CDC_GRAY: TCL-1000] The source and destination clocks are the same. 
     Instance: Sensors_OLED_i/PmodTC1_0/inst/axi_quad_spi_0/U0/NO_DUAL_QUAD_MODE.QSPI_NORMAL/QSPI_LEGACY_MD_GEN.QSPI_CORE_INTERFACE_I/FIFO_EXISTS.TX_FIFO_II/xpm_fifo_instance.xpm_fifo_async_inst/gnuram_async_fifo.xpm_fifo_base_inst/gen_cdc_pntr.wr_pntr_cdc_inst 
  This will add unnecessary latency to the design. Please check the design for the following: 
 1) Manually instantiated XPM_CDC modules: Xilinx recommends that you remove these modules. 
 2) Xilinx IP that contains XPM_CDC modules: Verify the connections to the IP to determine whether you can safely ignore this message.
 [C:/Xilinx/Vivado/2021.2/data/ip/xpm/xpm_cdc/tcl/xpm_cdc_gray.tcl:16]
WARNING: [XPM_CDC_GRAY: TCL-1000] The source and destination clocks are the same. 
     Instance: Sensors_OLED_i/PmodTC1_0/inst/axi_quad_spi_0/U0/NO_DUAL_QUAD_MODE.QSPI_NORMAL/QSPI_LEGACY_MD_GEN.QSPI_CORE_INTERFACE_I/FIFO_EXISTS.TX_FIFO_II/xpm_fifo_instance.xpm_fifo_async_inst/gnuram_async_fifo.xpm_fifo_base_inst/gen_cdc_pntr.wr_pntr_cdc_dc_inst 
  This will add unnecessary latency to the design. Please check the design for the following: 
 1) Manually instantiated XPM_CDC modules: Xilinx recommends that you remove these modules. 
 2) Xilinx IP that contains XPM_CDC modules: Verify the connections to the IP to determine whether you can safely ignore this message.
 [C:/Xilinx/Vivado/2021.2/data/ip/xpm/xpm_cdc/tcl/xpm_cdc_gray.tcl:16]
WARNING: [XPM_CDC_GRAY: TCL-1000] The source and destination clocks are the same. 
     Instance: Sensors_OLED_i/PmodTC1_0/inst/axi_quad_spi_0/U0/NO_DUAL_QUAD_MODE.QSPI_NORMAL/QSPI_LEGACY_MD_GEN.QSPI_CORE_INTERFACE_I/FIFO_EXISTS.RX_FIFO_II/gnuram_async_fifo.xpm_fifo_base_inst/gen_cdc_pntr.wr_pntr_cdc_dc_inst 
  This will add unnecessary latency to the design. Please check the design for the following: 
 1) Manually instantiated XPM_CDC modules: Xilinx recommends that you remove these modules. 
 2) Xilinx IP that contains XPM_CDC modules: Verify the connections to the IP to determine whether you can safely ignore this message.
 [C:/Xilinx/Vivado/2021.2/data/ip/xpm/xpm_cdc/tcl/xpm_cdc_gray.tcl:16]
WARNING: [XPM_CDC_GRAY: TCL-1000] The source and destination clocks are the same. 
     Instance: Sensors_OLED_i/PmodTC1_0/inst/axi_quad_spi_0/U0/NO_DUAL_QUAD_MODE.QSPI_NORMAL/QSPI_LEGACY_MD_GEN.QSPI_CORE_INTERFACE_I/FIFO_EXISTS.TX_FIFO_II/xpm_fifo_instance.xpm_fifo_async_inst/gnuram_async_fifo.xpm_fifo_base_inst/gen_cdc_pntr.rd_pntr_cdc_dc_inst 
  This will add unnecessary latency to the design. Please check the design for the following: 
 1) Manually instantiated XPM_CDC modules: Xilinx recommends that you remove these modules. 
 2) Xilinx IP that contains XPM_CDC modules: Verify the connections to the IP to determine whether you can safely ignore this message.
 [C:/Xilinx/Vivado/2021.2/data/ip/xpm/xpm_cdc/tcl/xpm_cdc_gray.tcl:16]
WARNING: [XPM_CDC_GRAY: TCL-1000] The source and destination clocks are the same. 
     Instance: Sensors_OLED_i/PmodTC1_0/inst/axi_quad_spi_0/U0/NO_DUAL_QUAD_MODE.QSPI_NORMAL/QSPI_LEGACY_MD_GEN.QSPI_CORE_INTERFACE_I/FIFO_EXISTS.RX_FIFO_II/gnuram_async_fifo.xpm_fifo_base_inst/gen_cdc_pntr.rd_pntr_cdc_dc_inst 
  This will add unnecessary latency to the design. Please check the design for the following: 
 1) Manually instantiated XPM_CDC modules: Xilinx recommends that you remove these modules. 
 2) Xilinx IP that contains XPM_CDC modules: Verify the connections to the IP to determine whether you can safely ignore this message.
 [C:/Xilinx/Vivado/2021.2/data/ip/xpm/xpm_cdc/tcl/xpm_cdc_gray.tcl:16]
INFO: [Project 1-1714] 28 XPM XDC files have been applied to the design.
INFO: [Opt 31-138] Pushed 0 inverter(s) to 0 load pin(s).
Netlist sorting complete. Time (s): cpu = 00:00:00 ; elapsed = 00:00:00.006 . Memory (MB): peak = 1881.453 ; gain = 0.000
INFO: [Project 1-111] Unisim Transformation Summary:
  A total of 36 instances were transformed.
  IOBUF => IOBUF (IBUF, OBUFT): 24 instances
  RAM32M => RAM32M (RAMD32(x6), RAMS32(x2)): 4 instances
  RAM32X1D => RAM32X1D (RAMD32(x2)): 8 instances

20 Infos, 18 Warnings, 0 Critical Warnings and 0 Errors encountered.
link_design completed successfully
link_design: Time (s): cpu = 00:00:10 ; elapsed = 00:00:28 . Memory (MB): peak = 1881.453 ; gain = 314.453
Command: opt_design
Attempting to get a license for feature 'Implementation' and/or device 'xc7z020'
INFO: [Common 17-349] Got license for feature 'Implementation' and/or device 'xc7z020'
Running DRC as a precondition to command opt_design

Starting DRC Task
INFO: [DRC 23-27] Running DRC with 2 threads
INFO: [Project 1-461] DRC finished with 0 Errors
INFO: [Project 1-462] Please refer to the DRC report (report_drc) for more information.

Time (s): cpu = 00:00:01 ; elapsed = 00:00:02 . Memory (MB): peak = 1881.453 ; gain = 0.000

Starting Cache Timing Information Task
INFO: [Timing 38-35] Done setting XDC timing constraints.
Ending Cache Timing Information Task | Checksum: 17a082af1

Time (s): cpu = 00:00:01 ; elapsed = 00:00:00.318 . Memory (MB): peak = 1881.453 ; gain = 0.000

Starting Logic Optimization Task

Phase 1 Retarget
INFO: [Opt 31-1287] Pulled Inverter Sensors_OLED_i/PmodOLED_0/inst/axi_quad_spi_0/U0/NO_DUAL_QUAD_MODE.QSPI_NORMAL/QSPI_LEGACY_MD_GEN.QSPI_CORE_INTERFACE_I/FIFO_EXISTS.RX_FIFO_II/gnuram_async_fifo.xpm_fifo_base_inst/xpm_fifo_rst_inst/FSM_onehot_gen_rst_ic.curr_wrst_state[4]_i_1 into driver instance Sensors_OLED_i/PmodOLED_0/inst/axi_quad_spi_0/U0/NO_DUAL_QUAD_MODE.QSPI_NORMAL/QSPI_LEGACY_MD_GEN.QSPI_CORE_INTERFACE_I/FIFO_EXISTS.RX_FIFO_II/gnuram_async_fifo.xpm_fifo_base_inst/xpm_fifo_rst_inst//i_, which resulted in an inversion of 2 pins
INFO: [Opt 31-1287] Pulled Inverter Sensors_OLED_i/PmodOLED_0/inst/axi_quad_spi_0/U0/NO_DUAL_QUAD_MODE.QSPI_NORMAL/QSPI_LEGACY_MD_GEN.QSPI_CORE_INTERFACE_I/FIFO_EXISTS.TX_FIFO_II/xpm_fifo_instance.xpm_fifo_async_inst/gnuram_async_fifo.xpm_fifo_base_inst/xpm_fifo_rst_inst/FSM_onehot_gen_rst_ic.curr_wrst_state[4]_i_1 into driver instance Sensors_OLED_i/PmodOLED_0/inst/axi_quad_spi_0/U0/NO_DUAL_QUAD_MODE.QSPI_NORMAL/QSPI_LEGACY_MD_GEN.QSPI_CORE_INTERFACE_I/FIFO_EXISTS.TX_FIFO_II/xpm_fifo_instance.xpm_fifo_async_inst/gnuram_async_fifo.xpm_fifo_base_inst/xpm_fifo_rst_inst//i_, which resulted in an inversion of 2 pins
INFO: [Opt 31-1287] Pulled Inverter Sensors_OLED_i/PmodOLED_0/inst/axi_quad_spi_0/U0/NO_DUAL_QUAD_MODE.QSPI_NORMAL/QSPI_LEGACY_MD_GEN.QSPI_CORE_INTERFACE_I/LOGIC_FOR_MD_0_GEN.SPI_MODULE_I/LOCAL_TX_EMPTY_FIFO_12_GEN.stop_clock_reg_i_1 into driver instance Sensors_OLED_i/PmodOLED_0/inst/axi_quad_spi_0/U0/NO_DUAL_QUAD_MODE.QSPI_NORMAL/QSPI_LEGACY_MD_GEN.QSPI_CORE_INTERFACE_I/LOGIC_FOR_MD_0_GEN.SPI_MODULE_I/SS_O[0]_i_2, which resulted in an inversion of 3 pins
INFO: [Opt 31-1287] Pulled Inverter Sensors_OLED_i/PmodTC1_0/inst/axi_quad_spi_0/U0/NO_DUAL_QUAD_MODE.QSPI_NORMAL/QSPI_LEGACY_MD_GEN.QSPI_CORE_INTERFACE_I/FIFO_EXISTS.RX_FIFO_II/gnuram_async_fifo.xpm_fifo_base_inst/xpm_fifo_rst_inst/FSM_onehot_gen_rst_ic.curr_wrst_state[4]_i_1 into driver instance Sensors_OLED_i/PmodTC1_0/inst/axi_quad_spi_0/U0/NO_DUAL_QUAD_MODE.QSPI_NORMAL/QSPI_LEGACY_MD_GEN.QSPI_CORE_INTERFACE_I/FIFO_EXISTS.RX_FIFO_II/gnuram_async_fifo.xpm_fifo_base_inst/xpm_fifo_rst_inst//i_, which resulted in an inversion of 2 pins
INFO: [Opt 31-1287] Pulled Inverter Sensors_OLED_i/PmodTC1_0/inst/axi_quad_spi_0/U0/NO_DUAL_QUAD_MODE.QSPI_NORMAL/QSPI_LEGACY_MD_GEN.QSPI_CORE_INTERFACE_I/FIFO_EXISTS.TX_FIFO_II/xpm_fifo_instance.xpm_fifo_async_inst/gnuram_async_fifo.xpm_fifo_base_inst/xpm_fifo_rst_inst/FSM_onehot_gen_rst_ic.curr_wrst_state[4]_i_1 into driver instance Sensors_OLED_i/PmodTC1_0/inst/axi_quad_spi_0/U0/NO_DUAL_QUAD_MODE.QSPI_NORMAL/QSPI_LEGACY_MD_GEN.QSPI_CORE_INTERFACE_I/FIFO_EXISTS.TX_FIFO_II/xpm_fifo_instance.xpm_fifo_async_inst/gnuram_async_fifo.xpm_fifo_base_inst/xpm_fifo_rst_inst//i_, which resulted in an inversion of 2 pins
INFO: [Opt 31-1287] Pulled Inverter Sensors_OLED_i/PmodTC1_0/inst/axi_quad_spi_0/U0/NO_DUAL_QUAD_MODE.QSPI_NORMAL/QSPI_LEGACY_MD_GEN.QSPI_CORE_INTERFACE_I/LOGIC_FOR_MD_0_GEN.SPI_MODULE_I/LOCAL_TX_EMPTY_FIFO_12_GEN.stop_clock_reg_i_1 into driver instance Sensors_OLED_i/PmodTC1_0/inst/axi_quad_spi_0/U0/NO_DUAL_QUAD_MODE.QSPI_NORMAL/QSPI_LEGACY_MD_GEN.QSPI_CORE_INTERFACE_I/LOGIC_FOR_MD_0_GEN.SPI_MODULE_I/SS_O[0]_i_2, which resulted in an inversion of 3 pins
INFO: [Opt 31-138] Pushed 0 inverter(s) to 0 load pin(s).
INFO: [Opt 31-49] Retargeted 0 cell(s).
Phase 1 Retarget | Checksum: 1175a75c9

Time (s): cpu = 00:00:00 ; elapsed = 00:00:00.318 . Memory (MB): peak = 2153.395 ; gain = 0.297
INFO: [Opt 31-389] Phase Retarget created 82 cells and removed 135 cells
INFO: [Opt 31-1021] In phase Retarget, 4 netlist objects are constrained preventing optimization. Please run opt_design with -debug_log to get more detail. 

Phase 2 Constant propagation
INFO: [Opt 31-138] Pushed 0 inverter(s) to 0 load pin(s).
Phase 2 Constant propagation | Checksum: 15e36aacc

Time (s): cpu = 00:00:00 ; elapsed = 00:00:00.362 . Memory (MB): peak = 2153.395 ; gain = 0.297
INFO: [Opt 31-389] Phase Constant propagation created 2 cells and removed 4 cells
INFO: [Opt 31-1021] In phase Constant propagation, 2 netlist objects are constrained preventing optimization. Please run opt_design with -debug_log to get more detail. 

Phase 3 Sweep
Phase 3 Sweep | Checksum: fd8cfe9a

Time (s): cpu = 00:00:00 ; elapsed = 00:00:00.694 . Memory (MB): peak = 2153.395 ; gain = 0.297
INFO: [Opt 31-389] Phase Sweep created 0 cells and removed 366 cells
INFO: [Opt 31-1021] In phase Sweep, 10 netlist objects are constrained preventing optimization. Please run opt_design with -debug_log to get more detail. 

Phase 4 BUFG optimization
Phase 4 BUFG optimization | Checksum: fd8cfe9a

Time (s): cpu = 00:00:00 ; elapsed = 00:00:00.782 . Memory (MB): peak = 2153.395 ; gain = 0.297
INFO: [Opt 31-662] Phase BUFG optimization created 0 cells of which 0 are BUFGs and removed 0 cells.

Phase 5 Shift Register Optimization
INFO: [Opt 31-1064] SRL Remap converted 0 SRLs to 0 registers and converted 0 registers of register chains to 0 SRLs
Phase 5 Shift Register Optimization | Checksum: fd8cfe9a

Time (s): cpu = 00:00:00 ; elapsed = 00:00:00.801 . Memory (MB): peak = 2153.395 ; gain = 0.297
INFO: [Opt 31-389] Phase Shift Register Optimization created 0 cells and removed 0 cells

Phase 6 Post Processing Netlist
Phase 6 Post Processing Netlist | Checksum: fd8cfe9a

Time (s): cpu = 00:00:00 ; elapsed = 00:00:00.828 . Memory (MB): peak = 2153.395 ; gain = 0.297
INFO: [Opt 31-389] Phase Post Processing Netlist created 0 cells and removed 0 cells
Opt_design Change Summary
=========================


-------------------------------------------------------------------------------------------------------------------------
|  Phase                        |  #Cells created  |  #Cells Removed  |  #Constrained objects preventing optimizations  |
-------------------------------------------------------------------------------------------------------------------------
|  Retarget                     |              82  |             135  |                                              4  |
|  Constant propagation         |               2  |               4  |                                              2  |
|  Sweep                        |               0  |             366  |                                             10  |
|  BUFG optimization            |               0  |               0  |                                              0  |
|  Shift Register Optimization  |               0  |               0  |                                              0  |
|  Post Processing Netlist      |               0  |               0  |                                              0  |
-------------------------------------------------------------------------------------------------------------------------



Starting Connectivity Check Task

Time (s): cpu = 00:00:00 ; elapsed = 00:00:00.008 . Memory (MB): peak = 2153.395 ; gain = 0.000
Ending Logic Optimization Task | Checksum: 1301d12b4

Time (s): cpu = 00:00:00 ; elapsed = 00:00:00.980 . Memory (MB): peak = 2153.395 ; gain = 0.297

Starting Power Optimization Task
INFO: [Pwropt 34-132] Skipping clock gating for clocks with a period < 2.00 ns.
Ending Power Optimization Task | Checksum: 1301d12b4

Time (s): cpu = 00:00:00 ; elapsed = 00:00:00.024 . Memory (MB): peak = 2153.395 ; gain = 0.000

Starting Final Cleanup Task
Ending Final Cleanup Task | Checksum: 1301d12b4

Time (s): cpu = 00:00:00 ; elapsed = 00:00:00 . Memory (MB): peak = 2153.395 ; gain = 0.000

Starting Netlist Obfuscation Task
Netlist sorting complete. Time (s): cpu = 00:00:00 ; elapsed = 00:00:00.003 . Memory (MB): peak = 2153.395 ; gain = 0.000
Ending Netlist Obfuscation Task | Checksum: 1301d12b4

Time (s): cpu = 00:00:00 ; elapsed = 00:00:00.003 . Memory (MB): peak = 2153.395 ; gain = 0.000
INFO: [Common 17-83] Releasing license: Implementation
46 Infos, 18 Warnings, 0 Critical Warnings and 0 Errors encountered.
opt_design completed successfully
opt_design: Time (s): cpu = 00:00:04 ; elapsed = 00:00:07 . Memory (MB): peak = 2153.395 ; gain = 271.941
INFO: [Timing 38-35] Done setting XDC timing constraints.
INFO: [Timing 38-480] Writing timing data to binary archive.
Writing placer database...
Writing XDEF routing.
Writing XDEF routing logical nets.
Writing XDEF routing special nets.
Write XDEF Complete: Time (s): cpu = 00:00:00 ; elapsed = 00:00:00.099 . Memory (MB): peak = 2178.070 ; gain = 0.129
INFO: [Common 17-1381] The checkpoint 'C:/Users/luisr/Desktop/FPGA/Hardware/Zybo Z7-20/Sensors_OLED/Sensors_OLED.runs/impl_1/Sensors_OLED_wrapper_opt.dcp' has been generated.
INFO: [runtcl-4] Executing : report_drc -file Sensors_OLED_wrapper_drc_opted.rpt -pb Sensors_OLED_wrapper_drc_opted.pb -rpx Sensors_OLED_wrapper_drc_opted.rpx
Command: report_drc -file Sensors_OLED_wrapper_drc_opted.rpt -pb Sensors_OLED_wrapper_drc_opted.pb -rpx Sensors_OLED_wrapper_drc_opted.rpx
INFO: [IP_Flow 19-1839] IP Catalog is up to date.
INFO: [DRC 23-27] Running DRC with 2 threads
INFO: [Vivado_Tcl 2-168] The results of DRC are in file C:/Users/luisr/Desktop/FPGA/Hardware/Zybo Z7-20/Sensors_OLED/Sensors_OLED.runs/impl_1/Sensors_OLED_wrapper_drc_opted.rpt.
report_drc completed successfully
Command: place_design
Attempting to get a license for feature 'Implementation' and/or device 'xc7z020'
INFO: [Common 17-349] Got license for feature 'Implementation' and/or device 'xc7z020'
INFO: [DRC 23-27] Running DRC with 2 threads
INFO: [Vivado_Tcl 4-198] DRC finished with 0 Errors
INFO: [Vivado_Tcl 4-199] Please refer to the DRC report (report_drc) for more information.
Running DRC as a precondition to command place_design
INFO: [DRC 23-27] Running DRC with 2 threads
INFO: [Vivado_Tcl 4-198] DRC finished with 0 Errors
INFO: [Vivado_Tcl 4-199] Please refer to the DRC report (report_drc) for more information.

Starting Placer Task
INFO: [Place 30-611] Multithreading enabled for place_design using a maximum of 2 CPUs

Phase 1 Placer Initialization

Phase 1.1 Placer Initialization Netlist Sorting
Netlist sorting complete. Time (s): cpu = 00:00:00 ; elapsed = 00:00:00.005 . Memory (MB): peak = 2243.473 ; gain = 0.000
Phase 1.1 Placer Initialization Netlist Sorting | Checksum: 9c46c0ed

Time (s): cpu = 00:00:00 ; elapsed = 00:00:00.029 . Memory (MB): peak = 2243.473 ; gain = 0.000
Netlist sorting complete. Time (s): cpu = 00:00:00 ; elapsed = 00:00:00.006 . Memory (MB): peak = 2243.473 ; gain = 0.000

Phase 1.2 IO Placement/ Clock Placement/ Build Placer Device
Phase 1.2 IO Placement/ Clock Placement/ Build Placer Device | Checksum: 16792c1db

Time (s): cpu = 00:00:01 ; elapsed = 00:00:00.978 . Memory (MB): peak = 2243.473 ; gain = 0.000

Phase 1.3 Build Placer Netlist Model
Phase 1.3 Build Placer Netlist Model | Checksum: 1ad3bb39b

Time (s): cpu = 00:00:01 ; elapsed = 00:00:02 . Memory (MB): peak = 2243.473 ; gain = 0.000

Phase 1.4 Constrain Clocks/Macros
Phase 1.4 Constrain Clocks/Macros | Checksum: 1ad3bb39b

Time (s): cpu = 00:00:01 ; elapsed = 00:00:02 . Memory (MB): peak = 2243.473 ; gain = 0.000
Phase 1 Placer Initialization | Checksum: 1ad3bb39b

Time (s): cpu = 00:00:01 ; elapsed = 00:00:02 . Memory (MB): peak = 2243.473 ; gain = 0.000

Phase 2 Global Placement

Phase 2.1 Floorplanning
Phase 2.1 Floorplanning | Checksum: 1a99f8e92

Time (s): cpu = 00:00:01 ; elapsed = 00:00:03 . Memory (MB): peak = 2243.473 ; gain = 0.000

Phase 2.2 Update Timing before SLR Path Opt
Phase 2.2 Update Timing before SLR Path Opt | Checksum: 132dd95f8

Time (s): cpu = 00:00:02 ; elapsed = 00:00:03 . Memory (MB): peak = 2243.473 ; gain = 0.000

Phase 2.3 Post-Processing in Floorplanning
Phase 2.3 Post-Processing in Floorplanning | Checksum: 132dd95f8

Time (s): cpu = 00:00:02 ; elapsed = 00:00:03 . Memory (MB): peak = 2243.473 ; gain = 0.000

Phase 2.4 Global Placement Core

Phase 2.4.1 Physical Synthesis In Placer
INFO: [Physopt 32-1035] Found 0 LUTNM shape to break, 145 LUT instances to create LUTNM shape
INFO: [Physopt 32-1044] Break lutnm for timing: one critical 0, two critical 0, total 0, new lutff created 0
INFO: [Physopt 32-1138] End 1 Pass. Optimized 55 nets or LUTs. Breaked 0 LUT, combined 55 existing LUTs and moved 0 existing LUT
INFO: [Physopt 32-65] No nets found for high-fanout optimization.
INFO: [Physopt 32-232] Optimized 0 net. Created 0 new instance.
INFO: [Physopt 32-775] End 1 Pass. Optimized 0 net or cell. Created 0 new cell, deleted 0 existing cell and moved 0 existing cell
INFO: [Physopt 32-670] No setup violation found.  DSP Register Optimization was not performed.
INFO: [Physopt 32-670] No setup violation found.  Shift Register to Pipeline Optimization was not performed.
INFO: [Physopt 32-670] No setup violation found.  Shift Register Optimization was not performed.
INFO: [Physopt 32-670] No setup violation found.  BRAM Register Optimization was not performed.
INFO: [Physopt 32-670] No setup violation found.  URAM Register Optimization was not performed.
INFO: [Physopt 32-949] No candidate nets found for dynamic/static region interface net replication
INFO: [Physopt 32-775] End 1 Pass. Optimized 0 net or cell. Created 0 new cell, deleted 0 existing cell and moved 0 existing cell
Netlist sorting complete. Time (s): cpu = 00:00:00 ; elapsed = 00:00:00.005 . Memory (MB): peak = 2243.473 ; gain = 0.000

Summary of Physical Synthesis Optimizations
============================================


-----------------------------------------------------------------------------------------------------------------------------------------------------------
|  Optimization                                     |  Added Cells  |  Removed Cells  |  Optimized Cells/Nets  |  Dont Touch  |  Iterations  |  Elapsed   |
-----------------------------------------------------------------------------------------------------------------------------------------------------------
|  LUT Combining                                    |            0  |             55  |                    55  |           0  |           1  |  00:00:00  |
|  Retime                                           |            0  |              0  |                     0  |           0  |           1  |  00:00:00  |
|  Very High Fanout                                 |            0  |              0  |                     0  |           0  |           1  |  00:00:00  |
|  DSP Register                                     |            0  |              0  |                     0  |           0  |           0  |  00:00:00  |
|  Shift Register to Pipeline                       |            0  |              0  |                     0  |           0  |           0  |  00:00:00  |
|  Shift Register                                   |            0  |              0  |                     0  |           0  |           0  |  00:00:00  |
|  BRAM Register                                    |            0  |              0  |                     0  |           0  |           0  |  00:00:00  |
|  URAM Register                                    |            0  |              0  |                     0  |           0  |           0  |  00:00:00  |
|  Dynamic/Static Region Interface Net Replication  |            0  |              0  |                     0  |           0  |           1  |  00:00:00  |
|  Total                                            |            0  |             55  |                    55  |           0  |           4  |  00:00:00  |
-----------------------------------------------------------------------------------------------------------------------------------------------------------


Phase 2.4.1 Physical Synthesis In Placer | Checksum: 20f5a780f

Time (s): cpu = 00:00:04 ; elapsed = 00:00:07 . Memory (MB): peak = 2243.473 ; gain = 0.000
Phase 2.4 Global Placement Core | Checksum: 1cd427158

Time (s): cpu = 00:00:04 ; elapsed = 00:00:07 . Memory (MB): peak = 2243.473 ; gain = 0.000
Phase 2 Global Placement | Checksum: 1cd427158

Time (s): cpu = 00:00:04 ; elapsed = 00:00:07 . Memory (MB): peak = 2243.473 ; gain = 0.000

Phase 3 Detail Placement

Phase 3.1 Commit Multi Column Macros
Phase 3.1 Commit Multi Column Macros | Checksum: 236f7f8b6

Time (s): cpu = 00:00:04 ; elapsed = 00:00:07 . Memory (MB): peak = 2243.473 ; gain = 0.000

Phase 3.2 Commit Most Macros & LUTRAMs
Phase 3.2 Commit Most Macros & LUTRAMs | Checksum: 165406daa

Time (s): cpu = 00:00:05 ; elapsed = 00:00:08 . Memory (MB): peak = 2243.473 ; gain = 0.000

Phase 3.3 Area Swap Optimization
Phase 3.3 Area Swap Optimization | Checksum: 145cf81ac

Time (s): cpu = 00:00:05 ; elapsed = 00:00:08 . Memory (MB): peak = 2243.473 ; gain = 0.000

Phase 3.4 Pipeline Register Optimization
Phase 3.4 Pipeline Register Optimization | Checksum: 13891222f

Time (s): cpu = 00:00:05 ; elapsed = 00:00:08 . Memory (MB): peak = 2243.473 ; gain = 0.000

Phase 3.5 Small Shape Detail Placement
Phase 3.5 Small Shape Detail Placement | Checksum: 268007fa6

Time (s): cpu = 00:00:06 ; elapsed = 00:00:10 . Memory (MB): peak = 2243.473 ; gain = 0.000

Phase 3.6 Re-assign LUT pins
Phase 3.6 Re-assign LUT pins | Checksum: 1b8c93756

Time (s): cpu = 00:00:06 ; elapsed = 00:00:11 . Memory (MB): peak = 2243.473 ; gain = 0.000

Phase 3.7 Pipeline Register Optimization
Phase 3.7 Pipeline Register Optimization | Checksum: 1d7b269ba

Time (s): cpu = 00:00:06 ; elapsed = 00:00:11 . Memory (MB): peak = 2243.473 ; gain = 0.000
Phase 3 Detail Placement | Checksum: 1d7b269ba

Time (s): cpu = 00:00:06 ; elapsed = 00:00:11 . Memory (MB): peak = 2243.473 ; gain = 0.000

Phase 4 Post Placement Optimization and Clean-Up

Phase 4.1 Post Commit Optimization
INFO: [Timing 38-35] Done setting XDC timing constraints.

Phase 4.1.1 Post Placement Optimization
Post Placement Optimization Initialization | Checksum: 1076e3457

Phase 4.1.1.1 BUFG Insertion

Starting Physical Synthesis Task

Phase 1 Physical Synthesis Initialization
INFO: [Physopt 32-721] Multithreading enabled for phys_opt_design using a maximum of 2 CPUs
INFO: [Physopt 32-619] Estimated Timing Summary | WNS=12.876 | TNS=0.000 |
Phase 1 Physical Synthesis Initialization | Checksum: 1524c7034

Time (s): cpu = 00:00:00 ; elapsed = 00:00:00.169 . Memory (MB): peak = 2243.473 ; gain = 0.000
INFO: [Place 46-56] BUFG insertion identified 0 candidate nets. Inserted BUFG: 0, Replicated BUFG Driver: 0, Skipped due to Placement/Routing Conflicts: 0, Skipped due to Timing Degradation: 0, Skipped due to Illegal Netlist: 0.
Ending Physical Synthesis Task | Checksum: 1207b7901

Time (s): cpu = 00:00:00 ; elapsed = 00:00:00.181 . Memory (MB): peak = 2243.473 ; gain = 0.000
Phase 4.1.1.1 BUFG Insertion | Checksum: 1076e3457

Time (s): cpu = 00:00:06 ; elapsed = 00:00:12 . Memory (MB): peak = 2243.473 ; gain = 0.000

Phase 4.1.1.2 Post Placement Timing Optimization
INFO: [Place 30-746] Post Placement Timing Summary WNS=12.876. For the most accurate timing information please run report_timing.
Phase 4.1.1.2 Post Placement Timing Optimization | Checksum: 12ab8ba4d

Time (s): cpu = 00:00:06 ; elapsed = 00:00:12 . Memory (MB): peak = 2243.473 ; gain = 0.000

Time (s): cpu = 00:00:06 ; elapsed = 00:00:12 . Memory (MB): peak = 2243.473 ; gain = 0.000
Phase 4.1 Post Commit Optimization | Checksum: 12ab8ba4d

Time (s): cpu = 00:00:06 ; elapsed = 00:00:12 . Memory (MB): peak = 2243.473 ; gain = 0.000

Phase 4.2 Post Placement Cleanup
Phase 4.2 Post Placement Cleanup | Checksum: 12ab8ba4d

Time (s): cpu = 00:00:06 ; elapsed = 00:00:12 . Memory (MB): peak = 2243.473 ; gain = 0.000

Phase 4.3 Placer Reporting

Phase 4.3.1 Print Estimated Congestion
INFO: [Place 30-612] Post-Placement Estimated Congestion 
 ____________________________________________________
|           | Global Congestion | Short Congestion  |
| Direction | Region Size       | Region Size       |
|___________|___________________|___________________|
|      North|                1x1|                1x1|
|___________|___________________|___________________|
|      South|                1x1|                1x1|
|___________|___________________|___________________|
|       East|                1x1|                1x1|
|___________|___________________|___________________|
|       West|                1x1|                1x1|
|___________|___________________|___________________|

Phase 4.3.1 Print Estimated Congestion | Checksum: 12ab8ba4d

Time (s): cpu = 00:00:06 ; elapsed = 00:00:12 . Memory (MB): peak = 2243.473 ; gain = 0.000
Phase 4.3 Placer Reporting | Checksum: 12ab8ba4d

Time (s): cpu = 00:00:06 ; elapsed = 00:00:12 . Memory (MB): peak = 2243.473 ; gain = 0.000

Phase 4.4 Final Placement Cleanup
Netlist sorting complete. Time (s): cpu = 00:00:00 ; elapsed = 00:00:00.005 . Memory (MB): peak = 2243.473 ; gain = 0.000

Time (s): cpu = 00:00:06 ; elapsed = 00:00:12 . Memory (MB): peak = 2243.473 ; gain = 0.000
Phase 4 Post Placement Optimization and Clean-Up | Checksum: 1589750be

Time (s): cpu = 00:00:06 ; elapsed = 00:00:12 . Memory (MB): peak = 2243.473 ; gain = 0.000
Ending Placer Task | Checksum: ba83bdab

Time (s): cpu = 00:00:06 ; elapsed = 00:00:12 . Memory (MB): peak = 2243.473 ; gain = 0.000
INFO: [Common 17-83] Releasing license: Implementation
81 Infos, 18 Warnings, 0 Critical Warnings and 0 Errors encountered.
place_design completed successfully
place_design: Time (s): cpu = 00:00:07 ; elapsed = 00:00:14 . Memory (MB): peak = 2243.473 ; gain = 0.996
INFO: [Timing 38-480] Writing timing data to binary archive.
Writing placer database...
Writing XDEF routing.
Writing XDEF routing logical nets.
Writing XDEF routing special nets.
Write XDEF Complete: Time (s): cpu = 00:00:01 ; elapsed = 00:00:00.598 . Memory (MB): peak = 2243.473 ; gain = 0.000
INFO: [Common 17-1381] The checkpoint 'C:/Users/luisr/Desktop/FPGA/Hardware/Zybo Z7-20/Sensors_OLED/Sensors_OLED.runs/impl_1/Sensors_OLED_wrapper_placed.dcp' has been generated.
INFO: [runtcl-4] Executing : report_io -file Sensors_OLED_wrapper_io_placed.rpt
report_io: Time (s): cpu = 00:00:00 ; elapsed = 00:00:00.071 . Memory (MB): peak = 2243.473 ; gain = 0.000
INFO: [runtcl-4] Executing : report_utilization -file Sensors_OLED_wrapper_utilization_placed.rpt -pb Sensors_OLED_wrapper_utilization_placed.pb
INFO: [runtcl-4] Executing : report_control_sets -verbose -file Sensors_OLED_wrapper_control_sets_placed.rpt
report_control_sets: Time (s): cpu = 00:00:00 ; elapsed = 00:00:00.016 . Memory (MB): peak = 2243.473 ; gain = 0.000
Command: phys_opt_design
Attempting to get a license for feature 'Implementation' and/or device 'xc7z020'
INFO: [Common 17-349] Got license for feature 'Implementation' and/or device 'xc7z020'
INFO: [Vivado_Tcl 4-383] Design worst setup slack (WNS) is greater than or equal to 0.000 ns. Skipping all physical synthesis optimizations.
INFO: [Vivado_Tcl 4-232] No setup violation found. The netlist was not modified.
INFO: [Common 17-83] Releasing license: Implementation
90 Infos, 18 Warnings, 0 Critical Warnings and 0 Errors encountered.
phys_opt_design completed successfully
INFO: [Timing 38-480] Writing timing data to binary archive.
Writing placer database...
Writing XDEF routing.
Writing XDEF routing logical nets.
Writing XDEF routing special nets.
Write XDEF Complete: Time (s): cpu = 00:00:01 ; elapsed = 00:00:00.638 . Memory (MB): peak = 2247.492 ; gain = 4.020
INFO: [Common 17-1381] The checkpoint 'C:/Users/luisr/Desktop/FPGA/Hardware/Zybo Z7-20/Sensors_OLED/Sensors_OLED.runs/impl_1/Sensors_OLED_wrapper_physopt.dcp' has been generated.
Command: route_design
Attempting to get a license for feature 'Implementation' and/or device 'xc7z020'
INFO: [Common 17-349] Got license for feature 'Implementation' and/or device 'xc7z020'
Running DRC as a precondition to command route_design
INFO: [DRC 23-27] Running DRC with 2 threads
INFO: [Vivado_Tcl 4-198] DRC finished with 0 Errors
INFO: [Vivado_Tcl 4-199] Please refer to the DRC report (report_drc) for more information.


Starting Routing Task
INFO: [Route 35-254] Multithreading enabled for route_design using a maximum of 2 CPUs

Phase 1 Build RT Design
Checksum: PlaceDB: 48f815ea ConstDB: 0 ShapeSum: 718ba7c1 RouteDB: 0
Post Restoration Checksum: NetGraph: e1fe4c98 NumContArr: 48322c08 Constraints: 0 Timing: 0
Phase 1 Build RT Design | Checksum: 12a3078a0

Time (s): cpu = 00:00:14 ; elapsed = 00:00:28 . Memory (MB): peak = 2336.094 ; gain = 78.531

Phase 2 Router Initialization

Phase 2.1 Create Timer
Phase 2.1 Create Timer | Checksum: 12a3078a0

Time (s): cpu = 00:00:14 ; elapsed = 00:00:28 . Memory (MB): peak = 2336.094 ; gain = 78.531

Phase 2.2 Fix Topology Constraints
Phase 2.2 Fix Topology Constraints | Checksum: 12a3078a0

Time (s): cpu = 00:00:14 ; elapsed = 00:00:28 . Memory (MB): peak = 2342.719 ; gain = 85.156

Phase 2.3 Pre Route Cleanup
Phase 2.3 Pre Route Cleanup | Checksum: 12a3078a0

Time (s): cpu = 00:00:14 ; elapsed = 00:00:28 . Memory (MB): peak = 2342.719 ; gain = 85.156
 Number of Nodes with overlaps = 0

Phase 2.4 Update Timing
Phase 2.4 Update Timing | Checksum: 175a25dda

Time (s): cpu = 00:00:15 ; elapsed = 00:00:30 . Memory (MB): peak = 2367.191 ; gain = 109.629
INFO: [Route 35-416] Intermediate Timing Summary | WNS=12.987 | TNS=0.000  | WHS=-0.192 | THS=-75.350|


Router Utilization Summary
  Global Vertical Routing Utilization    = 0 %
  Global Horizontal Routing Utilization  = 0 %
  Routable Net Status*
  *Does not include unroutable nets such as driverless and loadless.
  Run report_route_status for detailed report.
  Number of Failed Nets               = 3548
    (Failed Nets is the sum of unrouted and partially routed nets)
  Number of Unrouted Nets             = 3548
  Number of Partially Routed Nets     = 0
  Number of Node Overlaps             = 0

Phase 2 Router Initialization | Checksum: 1d52648c6

Time (s): cpu = 00:00:15 ; elapsed = 00:00:30 . Memory (MB): peak = 2367.191 ; gain = 109.629

Phase 3 Initial Routing

Phase 3.1 Global Routing
Phase 3.1 Global Routing | Checksum: 1d52648c6

Time (s): cpu = 00:00:15 ; elapsed = 00:00:30 . Memory (MB): peak = 2367.191 ; gain = 109.629
Phase 3 Initial Routing | Checksum: f746457a

Time (s): cpu = 00:00:15 ; elapsed = 00:00:31 . Memory (MB): peak = 2367.191 ; gain = 109.629

Phase 4 Rip-up And Reroute

Phase 4.1 Global Iteration 0
 Number of Nodes with overlaps = 198
 Number of Nodes with overlaps = 1
 Number of Nodes with overlaps = 0
INFO: [Route 35-416] Intermediate Timing Summary | WNS=12.066 | TNS=0.000  | WHS=N/A    | THS=N/A    |

Phase 4.1 Global Iteration 0 | Checksum: 103db377b

Time (s): cpu = 00:00:16 ; elapsed = 00:00:32 . Memory (MB): peak = 2367.191 ; gain = 109.629

Phase 4.2 Global Iteration 1
 Number of Nodes with overlaps = 0
INFO: [Route 35-416] Intermediate Timing Summary | WNS=12.066 | TNS=0.000  | WHS=N/A    | THS=N/A    |

Phase 4.2 Global Iteration 1 | Checksum: 12a6c3a47

Time (s): cpu = 00:00:16 ; elapsed = 00:00:32 . Memory (MB): peak = 2367.191 ; gain = 109.629
Phase 4 Rip-up And Reroute | Checksum: 12a6c3a47

Time (s): cpu = 00:00:16 ; elapsed = 00:00:32 . Memory (MB): peak = 2367.191 ; gain = 109.629

Phase 5 Delay and Skew Optimization

Phase 5.1 Delay CleanUp

Phase 5.1.1 Update Timing
Phase 5.1.1 Update Timing | Checksum: 185ca4337

Time (s): cpu = 00:00:16 ; elapsed = 00:00:33 . Memory (MB): peak = 2367.191 ; gain = 109.629
INFO: [Route 35-416] Intermediate Timing Summary | WNS=12.181 | TNS=0.000  | WHS=N/A    | THS=N/A    |

Phase 5.1 Delay CleanUp | Checksum: 185ca4337

Time (s): cpu = 00:00:16 ; elapsed = 00:00:33 . Memory (MB): peak = 2367.191 ; gain = 109.629

Phase 5.2 Clock Skew Optimization
Phase 5.2 Clock Skew Optimization | Checksum: 185ca4337

Time (s): cpu = 00:00:16 ; elapsed = 00:00:33 . Memory (MB): peak = 2367.191 ; gain = 109.629
Phase 5 Delay and Skew Optimization | Checksum: 185ca4337

Time (s): cpu = 00:00:16 ; elapsed = 00:00:33 . Memory (MB): peak = 2367.191 ; gain = 109.629

Phase 6 Post Hold Fix

Phase 6.1 Hold Fix Iter

Phase 6.1.1 Update Timing
Phase 6.1.1 Update Timing | Checksum: f6b2df16

Time (s): cpu = 00:00:16 ; elapsed = 00:00:33 . Memory (MB): peak = 2367.191 ; gain = 109.629
INFO: [Route 35-416] Intermediate Timing Summary | WNS=12.181 | TNS=0.000  | WHS=0.032  | THS=0.000  |

Phase 6.1 Hold Fix Iter | Checksum: 14d2c274c

Time (s): cpu = 00:00:16 ; elapsed = 00:00:33 . Memory (MB): peak = 2367.191 ; gain = 109.629
Phase 6 Post Hold Fix | Checksum: 14d2c274c

Time (s): cpu = 00:00:16 ; elapsed = 00:00:33 . Memory (MB): peak = 2367.191 ; gain = 109.629

Phase 7 Route finalize

Router Utilization Summary
  Global Vertical Routing Utilization    = 0.451848 %
  Global Horizontal Routing Utilization  = 0.638861 %
  Routable Net Status*
  *Does not include unroutable nets such as driverless and loadless.
  Run report_route_status for detailed report.
  Number of Failed Nets               = 0
    (Failed Nets is the sum of unrouted and partially routed nets)
  Number of Unrouted Nets             = 0
  Number of Partially Routed Nets     = 0
  Number of Node Overlaps             = 0

Phase 7 Route finalize | Checksum: c829d50a

Time (s): cpu = 00:00:16 ; elapsed = 00:00:33 . Memory (MB): peak = 2367.191 ; gain = 109.629

Phase 8 Verifying routed nets

 Verification completed successfully
Phase 8 Verifying routed nets | Checksum: c829d50a

Time (s): cpu = 00:00:16 ; elapsed = 00:00:33 . Memory (MB): peak = 2367.191 ; gain = 109.629

Phase 9 Depositing Routes
Phase 9 Depositing Routes | Checksum: be6f462a

Time (s): cpu = 00:00:16 ; elapsed = 00:00:34 . Memory (MB): peak = 2367.191 ; gain = 109.629

Phase 10 Post Router Timing
INFO: [Route 35-57] Estimated Timing Summary | WNS=12.181 | TNS=0.000  | WHS=0.032  | THS=0.000  |

INFO: [Route 35-327] The final timing numbers are based on the router estimated timing analysis. For a complete and accurate timing signoff, please run report_timing_summary.
Phase 10 Post Router Timing | Checksum: be6f462a

Time (s): cpu = 00:00:16 ; elapsed = 00:00:34 . Memory (MB): peak = 2367.191 ; gain = 109.629
INFO: [Route 35-16] Router Completed Successfully

Time (s): cpu = 00:00:16 ; elapsed = 00:00:34 . Memory (MB): peak = 2367.191 ; gain = 109.629

Routing Is Done.
INFO: [Common 17-83] Releasing license: Implementation
106 Infos, 18 Warnings, 0 Critical Warnings and 0 Errors encountered.
route_design completed successfully
route_design: Time (s): cpu = 00:00:17 ; elapsed = 00:00:36 . Memory (MB): peak = 2367.191 ; gain = 119.699
INFO: [Timing 38-480] Writing timing data to binary archive.
Writing placer database...
Writing XDEF routing.
Writing XDEF routing logical nets.
Writing XDEF routing special nets.
Write XDEF Complete: Time (s): cpu = 00:00:01 ; elapsed = 00:00:00.630 . Memory (MB): peak = 2373.699 ; gain = 6.508
INFO: [Common 17-1381] The checkpoint 'C:/Users/luisr/Desktop/FPGA/Hardware/Zybo Z7-20/Sensors_OLED/Sensors_OLED.runs/impl_1/Sensors_OLED_wrapper_routed.dcp' has been generated.
INFO: [runtcl-4] Executing : report_drc -file Sensors_OLED_wrapper_drc_routed.rpt -pb Sensors_OLED_wrapper_drc_routed.pb -rpx Sensors_OLED_wrapper_drc_routed.rpx
Command: report_drc -file Sensors_OLED_wrapper_drc_routed.rpt -pb Sensors_OLED_wrapper_drc_routed.pb -rpx Sensors_OLED_wrapper_drc_routed.rpx
INFO: [IP_Flow 19-1839] IP Catalog is up to date.
INFO: [DRC 23-27] Running DRC with 2 threads
INFO: [Vivado_Tcl 2-168] The results of DRC are in file C:/Users/luisr/Desktop/FPGA/Hardware/Zybo Z7-20/Sensors_OLED/Sensors_OLED.runs/impl_1/Sensors_OLED_wrapper_drc_routed.rpt.
report_drc completed successfully
INFO: [runtcl-4] Executing : report_methodology -file Sensors_OLED_wrapper_methodology_drc_routed.rpt -pb Sensors_OLED_wrapper_methodology_drc_routed.pb -rpx Sensors_OLED_wrapper_methodology_drc_routed.rpx
Command: report_methodology -file Sensors_OLED_wrapper_methodology_drc_routed.rpt -pb Sensors_OLED_wrapper_methodology_drc_routed.pb -rpx Sensors_OLED_wrapper_methodology_drc_routed.rpx
INFO: [Timing 38-35] Done setting XDC timing constraints.
INFO: [DRC 23-133] Running Methodology with 2 threads
INFO: [Vivado_Tcl 2-1520] The results of Report Methodology are in file C:/Users/luisr/Desktop/FPGA/Hardware/Zybo Z7-20/Sensors_OLED/Sensors_OLED.runs/impl_1/Sensors_OLED_wrapper_methodology_drc_routed.rpt.
report_methodology completed successfully
INFO: [runtcl-4] Executing : report_power -file Sensors_OLED_wrapper_power_routed.rpt -pb Sensors_OLED_wrapper_power_summary_routed.pb -rpx Sensors_OLED_wrapper_power_routed.rpx
Command: report_power -file Sensors_OLED_wrapper_power_routed.rpt -pb Sensors_OLED_wrapper_power_summary_routed.pb -rpx Sensors_OLED_wrapper_power_routed.rpx
INFO: [Timing 38-35] Done setting XDC timing constraints.
Running Vector-less Activity Propagation...

Finished Running Vector-less Activity Propagation
118 Infos, 18 Warnings, 0 Critical Warnings and 0 Errors encountered.
report_power completed successfully
INFO: [runtcl-4] Executing : report_route_status -file Sensors_OLED_wrapper_route_status.rpt -pb Sensors_OLED_wrapper_route_status.pb
INFO: [runtcl-4] Executing : report_timing_summary -max_paths 10 -report_unconstrained -file Sensors_OLED_wrapper_timing_summary_routed.rpt -pb Sensors_OLED_wrapper_timing_summary_routed.pb -rpx Sensors_OLED_wrapper_timing_summary_routed.rpx -warn_on_violation 
INFO: [Timing 38-91] UpdateTimingParams: Speed grade: -1, Delay Type: min_max.
INFO: [Timing 38-191] Multithreading enabled for timing update using a maximum of 2 CPUs
INFO: [runtcl-4] Executing : report_incremental_reuse -file Sensors_OLED_wrapper_incremental_reuse_routed.rpt
INFO: [Vivado_Tcl 4-1062] Incremental flow is disabled. No incremental reuse Info to report.
INFO: [runtcl-4] Executing : report_clock_utilization -file Sensors_OLED_wrapper_clock_utilization_routed.rpt
INFO: [runtcl-4] Executing : report_bus_skew -warn_on_violation -file Sensors_OLED_wrapper_bus_skew_routed.rpt -pb Sensors_OLED_wrapper_bus_skew_routed.pb -rpx Sensors_OLED_wrapper_bus_skew_routed.rpx
INFO: [Timing 38-91] UpdateTimingParams: Speed grade: -1, Delay Type: min_max.
INFO: [Timing 38-191] Multithreading enabled for timing update using a maximum of 2 CPUs
INFO: [Memdata 28-167] Found XPM memory block Sensors_OLED_i/PmodTC1_0/inst/axi_quad_spi_0/U0/NO_DUAL_QUAD_MODE.QSPI_NORMAL/QSPI_LEGACY_MD_GEN.QSPI_CORE_INTERFACE_I/FIFO_EXISTS.TX_FIFO_II/xpm_fifo_instance.xpm_fifo_async_inst/gnuram_async_fifo.xpm_fifo_base_inst/gen_sdpram.xpm_memory_base_inst with a P_MEMORY_PRIMITIVE property set to auto. A value of block is required. You will not be able to use the updatemem program to update the bitstream with new data for the Sensors_OLED_i/PmodTC1_0/inst/axi_quad_spi_0/U0/NO_DUAL_QUAD_MODE.QSPI_NORMAL/QSPI_LEGACY_MD_GEN.QSPI_CORE_INTERFACE_I/FIFO_EXISTS.TX_FIFO_II/xpm_fifo_instance.xpm_fifo_async_inst/gnuram_async_fifo.xpm_fifo_base_inst/gen_sdpram.xpm_memory_base_inst block.
INFO: [Memdata 28-167] Found XPM memory block Sensors_OLED_i/PmodTC1_0/inst/axi_quad_spi_0/U0/NO_DUAL_QUAD_MODE.QSPI_NORMAL/QSPI_LEGACY_MD_GEN.QSPI_CORE_INTERFACE_I/FIFO_EXISTS.RX_FIFO_II/gnuram_async_fifo.xpm_fifo_base_inst/gen_sdpram.xpm_memory_base_inst with a P_MEMORY_PRIMITIVE property set to auto. A value of block is required. You will not be able to use the updatemem program to update the bitstream with new data for the Sensors_OLED_i/PmodTC1_0/inst/axi_quad_spi_0/U0/NO_DUAL_QUAD_MODE.QSPI_NORMAL/QSPI_LEGACY_MD_GEN.QSPI_CORE_INTERFACE_I/FIFO_EXISTS.RX_FIFO_II/gnuram_async_fifo.xpm_fifo_base_inst/gen_sdpram.xpm_memory_base_inst block.
INFO: [Memdata 28-167] Found XPM memory block Sensors_OLED_i/PmodOLED_0/inst/axi_quad_spi_0/U0/NO_DUAL_QUAD_MODE.QSPI_NORMAL/QSPI_LEGACY_MD_GEN.QSPI_CORE_INTERFACE_I/FIFO_EXISTS.TX_FIFO_II/xpm_fifo_instance.xpm_fifo_async_inst/gnuram_async_fifo.xpm_fifo_base_inst/gen_sdpram.xpm_memory_base_inst with a P_MEMORY_PRIMITIVE property set to auto. A value of block is required. You will not be able to use the updatemem program to update the bitstream with new data for the Sensors_OLED_i/PmodOLED_0/inst/axi_quad_spi_0/U0/NO_DUAL_QUAD_MODE.QSPI_NORMAL/QSPI_LEGACY_MD_GEN.QSPI_CORE_INTERFACE_I/FIFO_EXISTS.TX_FIFO_II/xpm_fifo_instance.xpm_fifo_async_inst/gnuram_async_fifo.xpm_fifo_base_inst/gen_sdpram.xpm_memory_base_inst block.
INFO: [Memdata 28-167] Found XPM memory block Sensors_OLED_i/PmodOLED_0/inst/axi_quad_spi_0/U0/NO_DUAL_QUAD_MODE.QSPI_NORMAL/QSPI_LEGACY_MD_GEN.QSPI_CORE_INTERFACE_I/FIFO_EXISTS.RX_FIFO_II/gnuram_async_fifo.xpm_fifo_base_inst/gen_sdpram.xpm_memory_base_inst with a P_MEMORY_PRIMITIVE property set to auto. A value of block is required. You will not be able to use the updatemem program to update the bitstream with new data for the Sensors_OLED_i/PmodOLED_0/inst/axi_quad_spi_0/U0/NO_DUAL_QUAD_MODE.QSPI_NORMAL/QSPI_LEGACY_MD_GEN.QSPI_CORE_INTERFACE_I/FIFO_EXISTS.RX_FIFO_II/gnuram_async_fifo.xpm_fifo_base_inst/gen_sdpram.xpm_memory_base_inst block.
Command: write_bitstream -force Sensors_OLED_wrapper.bit
Attempting to get a license for feature 'Implementation' and/or device 'xc7z020'
INFO: [Common 17-349] Got license for feature 'Implementation' and/or device 'xc7z020'
Running DRC as a precondition to command write_bitstream
INFO: [IP_Flow 19-1839] IP Catalog is up to date.
INFO: [DRC 23-27] Running DRC with 2 threads
WARNING: [DRC BUFC-1] Input Buffer Connections: Input buffer Pmod_out_0_pin10_iobuf/IBUF has no loads. It is recommended to have an input buffer drive an internal load.
WARNING: [DRC BUFC-1] Input Buffer Connections: Input buffer Pmod_out_0_pin1_iobuf/IBUF has no loads. It is recommended to have an input buffer drive an internal load.
WARNING: [DRC BUFC-1] Input Buffer Connections: Input buffer Pmod_out_0_pin2_iobuf/IBUF has no loads. It is recommended to have an input buffer drive an internal load.
WARNING: [DRC BUFC-1] Input Buffer Connections: Input buffer Pmod_out_0_pin7_iobuf/IBUF has no loads. It is recommended to have an input buffer drive an internal load.
WARNING: [DRC BUFC-1] Input Buffer Connections: Input buffer Pmod_out_0_pin8_iobuf/IBUF has no loads. It is recommended to have an input buffer drive an internal load.
WARNING: [DRC BUFC-1] Input Buffer Connections: Input buffer Pmod_out_0_pin9_iobuf/IBUF has no loads. It is recommended to have an input buffer drive an internal load.
WARNING: [DRC BUFC-1] Input Buffer Connections: Input buffer Pmod_out_1_pin1_iobuf/IBUF has no loads. It is recommended to have an input buffer drive an internal load.
WARNING: [DRC BUFC-1] Input Buffer Connections: Input buffer Pmod_out_1_pin4_iobuf/IBUF has no loads. It is recommended to have an input buffer drive an internal load.
WARNING: [DRC BUFC-1] Input Buffer Connections: Input buffer Pmod_out_2_pin10_iobuf/IBUF has no loads. It is recommended to have an input buffer drive an internal load.
WARNING: [DRC BUFC-1] Input Buffer Connections: Input buffer Pmod_out_2_pin1_iobuf/IBUF has no loads. It is recommended to have an input buffer drive an internal load.
WARNING: [DRC BUFC-1] Input Buffer Connections: Input buffer Pmod_out_2_pin4_iobuf/IBUF has no loads. It is recommended to have an input buffer drive an internal load.
WARNING: [DRC BUFC-1] Input Buffer Connections: Input buffer Pmod_out_2_pin7_iobuf/IBUF has no loads. It is recommended to have an input buffer drive an internal load.
WARNING: [DRC BUFC-1] Input Buffer Connections: Input buffer Pmod_out_2_pin8_iobuf/IBUF has no loads. It is recommended to have an input buffer drive an internal load.
WARNING: [DRC BUFC-1] Input Buffer Connections: Input buffer Pmod_out_2_pin9_iobuf/IBUF has no loads. It is recommended to have an input buffer drive an internal load.
INFO: [Vivado 12-3199] DRC finished with 0 Errors, 14 Warnings
INFO: [Vivado 12-3200] Please refer to the DRC report (report_drc) for more information.
INFO: [Designutils 20-2272] Running write_bitstream with 2 threads.
Loading data files...
Loading site data...
Loading route data...
Processing options...
Creating bitmap...
Creating bitstream...
Writing bitstream ./Sensors_OLED_wrapper.bit...
INFO: [Vivado 12-1842] Bitgen Completed Successfully.
INFO: [Project 1-1876] WebTalk data collection is mandatory when using a ULT device. To see the specific WebTalk data collected for your design, open the usage_statistics_webtalk.html or usage_statistics_webtalk.xml file in the implementation directory.
INFO: [Common 17-83] Releasing license: Implementation
16 Infos, 14 Warnings, 0 Critical Warnings and 0 Errors encountered.
write_bitstream completed successfully
write_bitstream: Time (s): cpu = 00:00:08 ; elapsed = 00:00:17 . Memory (MB): peak = 2847.996 ; gain = 448.984
INFO: [Common 17-206] Exiting Vivado at Sun Apr  9 18:20:15 2023...
