Copyright 1986-2020 Xilinx, Inc. All Rights Reserved.
---------------------------------------------------------------------------------------------------------------------
| Tool Version : Vivado v.2020.2 (win64) Build 3064766 Wed Nov 18 09:12:45 MST 2020
| Date         : Mon Apr 24 11:50:49 2023
| Host         : MT-108780 running 64-bit major release  (build 9200)
| Command      : report_utilization -file GPIO_wrapper_utilization_placed.rpt -pb GPIO_wrapper_utilization_placed.pb
| Design       : GPIO_wrapper
| Device       : xcku040ffva1156-2
| Design State : Fully Placed
---------------------------------------------------------------------------------------------------------------------

Utilization Design Information

Table of Contents
-----------------
1. CLB Logic
1.1 Summary of Registers by Type
2. CLB Logic Distribution
3. BLOCKRAM
4. ARITHMETIC
5. I/O
6. CLOCK
7. ADVANCED
8. CONFIGURATION
9. Primitives
10. Black Boxes
11. Instantiated Netlists

1. CLB Logic
------------

+----------------------------+-------+-------+-----------+-------+
|          Site Type         |  Used | Fixed | Available | Util% |
+----------------------------+-------+-------+-----------+-------+
| CLB LUTs                   | 21557 |     0 |    242400 |  8.89 |
|   LUT as Logic             | 17891 |     0 |    242400 |  7.38 |
|   LUT as Memory            |  3666 |     0 |    112800 |  3.25 |
|     LUT as Distributed RAM |  2810 |     0 |           |       |
|     LUT as Shift Register  |   856 |     0 |           |       |
| CLB Registers              | 29893 |     0 |    484800 |  6.17 |
|   Register as Flip Flop    | 29888 |     0 |    484800 |  6.17 |
|   Register as Latch        |     0 |     0 |    484800 |  0.00 |
|   Register as AND/OR       |     5 |     0 |    484800 | <0.01 |
| CARRY8                     |    90 |     0 |     30300 |  0.30 |
| F7 Muxes                   |   597 |     0 |    121200 |  0.49 |
| F8 Muxes                   |    64 |     0 |     60600 |  0.11 |
| F9 Muxes                   |     0 |     0 |     30300 |  0.00 |
+----------------------------+-------+-------+-----------+-------+


1.1 Summary of Registers by Type
--------------------------------

+-------+--------------+-------------+--------------+
| Total | Clock Enable | Synchronous | Asynchronous |
+-------+--------------+-------------+--------------+
| 5     |            _ |           - |            - |
| 0     |            _ |           - |          Set |
| 0     |            _ |           - |        Reset |
| 0     |            _ |         Set |            - |
| 0     |            _ |       Reset |            - |
| 0     |          Yes |           - |            - |
| 49    |          Yes |           - |          Set |
| 273   |          Yes |           - |        Reset |
| 741   |          Yes |         Set |            - |
| 28825 |          Yes |       Reset |            - |
+-------+--------------+-------------+--------------+


2. CLB Logic Distribution
-------------------------

+--------------------------------------------+-------+-------+-----------+-------+
|                  Site Type                 |  Used | Fixed | Available | Util% |
+--------------------------------------------+-------+-------+-----------+-------+
| CLB                                        |  4451 |     0 |     30300 | 14.69 |
|   CLBL                                     |  2170 |     0 |           |       |
|   CLBM                                     |  2281 |     0 |           |       |
| LUT as Logic                               | 17891 |     0 |    242400 |  7.38 |
|   using O5 output only                     |   551 |       |           |       |
|   using O6 output only                     | 11224 |       |           |       |
|   using O5 and O6                          |  6116 |       |           |       |
| LUT as Memory                              |  3666 |     0 |    112800 |  3.25 |
|   LUT as Distributed RAM                   |  2810 |     0 |           |       |
|     using O5 output only                   |     0 |       |           |       |
|     using O6 output only                   |     2 |       |           |       |
|     using O5 and O6                        |  2808 |       |           |       |
|   LUT as Shift Register                    |   856 |     0 |           |       |
|     using O5 output only                   |     0 |       |           |       |
|     using O6 output only                   |   761 |       |           |       |
|     using O5 and O6                        |    95 |       |           |       |
| CLB Registers                              | 29893 |     0 |    484800 |  6.17 |
|   Register driven from within the CLB      | 17309 |       |           |       |
|   Register driven from outside the CLB     | 12584 |       |           |       |
|     LUT in front of the register is unused |  9082 |       |           |       |
|     LUT in front of the register is used   |  3502 |       |           |       |
| Unique Control Sets                        |  1093 |       |     60600 |  1.80 |
+--------------------------------------------+-------+-------+-----------+-------+
* * Note: Available Control Sets calculated as Slices * 2, Review the Control Sets Report for more information regarding control sets.


3. BLOCKRAM
-----------

+-------------------+------+-------+-----------+-------+
|     Site Type     | Used | Fixed | Available | Util% |
+-------------------+------+-------+-----------+-------+
| Block RAM Tile    | 51.5 |     0 |       600 |  8.58 |
|   RAMB36/FIFO*    |   51 |     0 |       600 |  8.50 |
|     RAMB36E2 only |   51 |       |           |       |
|   RAMB18          |    1 |     0 |      1200 |  0.08 |
|     RAMB18E2 only |    1 |       |           |       |
+-------------------+------+-------+-----------+-------+
* Note: Each Block RAM Tile only has one FIFO logic available and therefore can accommodate only one FIFO36E2 or one FIFO18E2. However, if a FIFO18E2 occupies a Block RAM Tile, that tile can still accommodate a RAMB18E2


4. ARITHMETIC
-------------

+----------------+------+-------+-----------+-------+
|    Site Type   | Used | Fixed | Available | Util% |
+----------------+------+-------+-----------+-------+
| DSPs           |    3 |     0 |      1920 |  0.16 |
|   DSP48E2 only |    3 |       |           |       |
+----------------+------+-------+-----------+-------+


5. I/O
------

+------------------+------+-------+-----------+-------+
|     Site Type    | Used | Fixed | Available | Util% |
+------------------+------+-------+-----------+-------+
| Bonded IOB       |  133 |   133 |       520 | 25.58 |
| HPIOB            |  117 |   117 |       416 | 28.13 |
|   INPUT          |    2 |       |           |       |
|   OUTPUT         |   27 |       |           |       |
|   BIDIR          |   88 |       |           |       |
| HRIO             |   16 |    16 |       104 | 15.38 |
|   INPUT          |    7 |       |           |       |
|   OUTPUT         |    9 |       |           |       |
|   BIDIR          |    0 |       |           |       |
| HPIOBDIFFINBUF   |    9 |     9 |       192 |  4.69 |
|   DIFFINBUF      |    9 |     9 |           |       |
| HPIOBDIFFOUTBUF  |    0 |     0 |       192 |  0.00 |
| HRIODIFFINBUF    |    0 |     0 |        48 |  0.00 |
| HRIODIFFOUTBUF   |    0 |     0 |        48 |  0.00 |
| BITSLICE_CONTROL |   22 |     0 |        80 | 27.50 |
| BITSLICE_RX_TX   |  105 |   105 |       520 | 20.19 |
|   RXTX_BITSLICE  |  105 |   105 |           |       |
| BITSLICE_TX      |   22 |     0 |        80 | 27.50 |
| RIU_OR           |   11 |     0 |        40 | 27.50 |
+------------------+------+-------+-----------+-------+


6. CLOCK
--------

+----------------------+------+-------+-----------+-------+
|       Site Type      | Used | Fixed | Available | Util% |
+----------------------+------+-------+-----------+-------+
| GLOBAL CLOCK BUFFERs |    7 |     0 |       480 |  1.46 |
|   BUFGCE             |    7 |     0 |       240 |  2.92 |
|   BUFGCE_DIV         |    0 |     0 |        40 |  0.00 |
|   BUFG_GT            |    0 |     0 |       120 |  0.00 |
|   BUFGCTRL*          |    0 |     0 |        80 |  0.00 |
| PLLE3_ADV            |    3 |     0 |        20 | 15.00 |
| MMCME3_ADV           |    1 |     1 |        10 | 10.00 |
+----------------------+------+-------+-----------+-------+
* Note: Each used BUFGCTRL counts as two GLOBAL CLOCK BUFFERs. This table does not include global clocking resources, only buffer cell usage. See the Clock Utilization Report (report_clock_utilization) for detailed accounting of global clocking resource availability.


7. ADVANCED
-----------

+-----------------+------+-------+-----------+-------+
|    Site Type    | Used | Fixed | Available | Util% |
+-----------------+------+-------+-----------+-------+
| GTHE3_CHANNEL   |    0 |     0 |        20 |  0.00 |
| GTHE3_COMMON    |    0 |     0 |         5 |  0.00 |
| IBUFDS_GTE3     |    0 |     0 |        10 |  0.00 |
| OBUFDS_GTE3     |    0 |     0 |        10 |  0.00 |
| OBUFDS_GTE3_ADV |    0 |     0 |        10 |  0.00 |
| PCIE_3_1        |    0 |     0 |         3 |  0.00 |
| SYSMONE1        |    0 |     0 |         1 |  0.00 |
+-----------------+------+-------+-----------+-------+


8. CONFIGURATION
----------------

+-------------+------+-------+-----------+-------+
|  Site Type  | Used | Fixed | Available | Util% |
+-------------+------+-------+-----------+-------+
| BSCANE2     |    2 |     0 |         4 | 50.00 |
| DNA_PORTE2  |    0 |     0 |         1 |  0.00 |
| EFUSE_USR   |    0 |     0 |         1 |  0.00 |
| FRAME_ECCE3 |    0 |     0 |         1 |  0.00 |
| ICAPE3      |    0 |     0 |         2 |  0.00 |
| MASTER_JTAG |    0 |     0 |         1 |  0.00 |
| STARTUPE3   |    0 |     0 |         1 |  0.00 |
+-------------+------+-------+-----------+-------+


9. Primitives
-------------

+------------------+-------+---------------------+
|     Ref Name     |  Used | Functional Category |
+------------------+-------+---------------------+
| FDRE             | 28825 |            Register |
| LUT3             |  7594 |                 CLB |
| LUT6             |  6376 |                 CLB |
| RAMD32           |  4704 |                 CLB |
| LUT5             |  4282 |                 CLB |
| LUT4             |  3312 |                 CLB |
| LUT2             |  1941 |                 CLB |
| RAMS32           |   914 |                 CLB |
| FDSE             |   741 |            Register |
| SRLC32E          |   634 |                 CLB |
| MUXF7            |   597 |                 CLB |
| LUT1             |   502 |                 CLB |
| SRL16E           |   310 |                 CLB |
| FDCE             |   273 |            Register |
| RXTX_BITSLICE    |   105 |                 I/O |
| CARRY8           |    90 |                 CLB |
| IBUFCTRL         |    88 |              Others |
| INBUF            |    79 |                 I/O |
| OBUFT_DCIEN      |    72 |                 I/O |
| MUXF8            |    64 |                 CLB |
| RAMB36E2         |    51 |            BLOCKRAM |
| FDPE             |    49 |            Register |
| OBUF             |    36 |                 I/O |
| TX_BITSLICE_TRI  |    22 |                 I/O |
| BITSLICE_CONTROL |    22 |                 I/O |
| OBUFT            |    16 |                 I/O |
| RIU_OR           |    11 |                 I/O |
| INV              |     9 |                 CLB |
| DIFFINBUF        |     9 |                 I/O |
| HPIO_VREF        |     8 |                 I/O |
| SRLC16E          |     7 |                 CLB |
| BUFGCE           |     7 |               Clock |
| AND2B1L          |     5 |              Others |
| PLLE3_ADV        |     3 |               Clock |
| DSP48E2          |     3 |          Arithmetic |
| BSCANE2          |     2 |       Configuration |
| RAMB18E2         |     1 |            BLOCKRAM |
| MMCME3_ADV       |     1 |               Clock |
+------------------+-------+---------------------+


10. Black Boxes
---------------

+----------+------+
| Ref Name | Used |
+----------+------+


11. Instantiated Netlists
-------------------------

+---------------------------+------+
|          Ref Name         | Used |
+---------------------------+------+
| dbg_hub                   |    1 |
| GPIO_xbar_0               |    1 |
| GPIO_rst_ddr4_0_300M_0    |    1 |
| GPIO_microblaze_0_0       |    1 |
| GPIO_mdm_1_0              |    1 |
| GPIO_lmb_bram_0           |    1 |
| GPIO_ilmb_v10_0           |    1 |
| GPIO_ilmb_bram_if_cntlr_0 |    1 |
| GPIO_dlmb_v10_0           |    1 |
| GPIO_dlmb_bram_if_cntlr_0 |    1 |
| GPIO_ddr4_0_0_phy         |    1 |
| GPIO_ddr4_0_0             |    1 |
| GPIO_axi_uartlite_0_0     |    1 |
| GPIO_axi_smc_0            |    1 |
| GPIO_axi_gpio_0_0         |    1 |
+---------------------------+------+


