TRACE::2023-04-03.19:53:05::SCWPlatform::Trying to open the hw design at C:/Users/luisr/Desktop/FPGA/Software/Arty_A7-100T/Pmod_OLED/Pmod_OLED_wrapper/hw/Pmod_OLED_wrapper.xsa
TRACE::2023-04-03.19:53:05::SCWPlatform::DSA given C:/Users/luisr/Desktop/FPGA/Software/Arty_A7-100T/Pmod_OLED/Pmod_OLED_wrapper/hw/Pmod_OLED_wrapper.xsa
TRACE::2023-04-03.19:53:05::SCWPlatform::DSA absoulate path C:/Users/luisr/Desktop/FPGA/Software/Arty_A7-100T/Pmod_OLED/Pmod_OLED_wrapper/hw/Pmod_OLED_wrapper.xsa
TRACE::2023-04-03.19:53:05::SCWPlatform::DSA directory C:/Users/luisr/Desktop/FPGA/Software/Arty_A7-100T/Pmod_OLED/Pmod_OLED_wrapper/hw
TRACE::2023-04-03.19:53:05::SCWPlatform:: Platform Path C:/Users/luisr/Desktop/FPGA/Software/Arty_A7-100T/Pmod_OLED/Pmod_OLED_wrapper/hw/Pmod_OLED_wrapper.xsa
TRACE::2023-04-03.19:53:05::SCWPlatform:: Unique name xilinx:arty-a7-100::0.0
TRACE::2023-04-03.19:53:05::SCWPlatform::Do not have an existing db opened. 
TRACE::2023-04-03.19:53:06::SCWPlatform::Opened new HwDB with name Pmod_OLED_wrapper_0
TRACE::2023-04-03.19:53:06::SCWWriter::formatted JSON is {
	"platformName":	"Pmod_OLED_wrapper",
	"sprVersion":	"2.0",
	"mode":	"gui",
	"dsaType":	"Fixed",
	"platformDesc":	"Pmod_OLED_wrapper",
	"platHandOff":	"C:/Users/luisr/Desktop/FPGA/Hardware/Arty A7-100T/Pmod_OLED/Pmod_OLED_wrapper.xsa",
	"platIntHandOff":	"<platformDir>/hw/Pmod_OLED_wrapper.xsa",
	"deviceType":	"FPGA",
	"platIsPrebuiltAutogen":	"false",
	"platIsNoBootBsp":	"false",
	"hasFsblMakeHasChanges":	"false",
	"hasPmufwMakeHasChanges":	"false",
	"platPreBuiltFlag":	false,
	"platformSamplesDir":	""
}
TRACE::2023-04-03.19:53:06::SCWWriter::formatted JSON is {
	"platformName":	"Pmod_OLED_wrapper",
	"sprVersion":	"2.0",
	"mode":	"gui",
	"dsaType":	"Fixed",
	"platformDesc":	"Pmod_OLED_wrapper",
	"platHandOff":	"C:/Users/luisr/Desktop/FPGA/Hardware/Arty A7-100T/Pmod_OLED/Pmod_OLED_wrapper.xsa",
	"platIntHandOff":	"<platformDir>/hw/Pmod_OLED_wrapper.xsa",
	"deviceType":	"FPGA",
	"platIsPrebuiltAutogen":	"false",
	"platIsNoBootBsp":	"false",
	"hasFsblMakeHasChanges":	"false",
	"hasPmufwMakeHasChanges":	"false",
	"platPreBuiltFlag":	false,
	"platformSamplesDir":	"",
	"platActiveSys":	"Pmod_OLED_wrapper",
	"systems":	[{
			"systemName":	"Pmod_OLED_wrapper",
			"systemDesc":	"Pmod_OLED_wrapper",
			"sysIsBootAutoGen":	"true",
			"systemDispName":	"Pmod_OLED_wrapper"
		}]
}
TRACE::2023-04-03.19:53:06::SCWPlatform::Boot application domains not present, creating them
TRACE::2023-04-03.19:53:06::SCWPlatform::Pure FPGA device, no boot application will be created.
TRACE::2023-04-03.19:53:06::SCWWriter::formatted JSON is {
	"platformName":	"Pmod_OLED_wrapper",
	"sprVersion":	"2.0",
	"mode":	"gui",
	"dsaType":	"Fixed",
	"platformDesc":	"Pmod_OLED_wrapper",
	"platHandOff":	"C:/Users/luisr/Desktop/FPGA/Hardware/Arty A7-100T/Pmod_OLED/Pmod_OLED_wrapper.xsa",
	"platIntHandOff":	"<platformDir>/hw/Pmod_OLED_wrapper.xsa",
	"deviceType":	"FPGA",
	"platIsPrebuiltAutogen":	"false",
	"platIsNoBootBsp":	"false",
	"hasFsblMakeHasChanges":	"false",
	"hasPmufwMakeHasChanges":	"false",
	"platPreBuiltFlag":	false,
	"platformSamplesDir":	"",
	"platActiveSys":	"Pmod_OLED_wrapper",
	"systems":	[{
			"systemName":	"Pmod_OLED_wrapper",
			"systemDesc":	"Pmod_OLED_wrapper",
			"sysIsBootAutoGen":	"true",
			"systemDispName":	"Pmod_OLED_wrapper"
		}]
}
TRACE::2023-04-03.19:53:06::SCWWriter::formatted JSON is {
	"platformName":	"Pmod_OLED_wrapper",
	"sprVersion":	"2.0",
	"mode":	"gui",
	"dsaType":	"Fixed",
	"platformDesc":	"Pmod_OLED_wrapper",
	"platHandOff":	"C:/Users/luisr/Desktop/FPGA/Hardware/Arty A7-100T/Pmod_OLED/Pmod_OLED_wrapper.xsa",
	"platIntHandOff":	"<platformDir>/hw/Pmod_OLED_wrapper.xsa",
	"deviceType":	"FPGA",
	"platIsPrebuiltAutogen":	"false",
	"platIsNoBootBsp":	"false",
	"hasFsblMakeHasChanges":	"false",
	"hasPmufwMakeHasChanges":	"false",
	"platPreBuiltFlag":	false,
	"platformSamplesDir":	"",
	"platActiveSys":	"Pmod_OLED_wrapper",
	"systems":	[{
			"systemName":	"Pmod_OLED_wrapper",
			"systemDesc":	"Pmod_OLED_wrapper",
			"sysIsBootAutoGen":	"true",
			"systemDispName":	"Pmod_OLED_wrapper"
		}]
}
TRACE::2023-04-03.19:53:06::SCWPlatform::Trying to open the hw design at C:/Users/luisr/Desktop/FPGA/Software/Arty_A7-100T/Pmod_OLED/Pmod_OLED_wrapper/hw/Pmod_OLED_wrapper.xsa
TRACE::2023-04-03.19:53:06::SCWPlatform::DSA given C:/Users/luisr/Desktop/FPGA/Software/Arty_A7-100T/Pmod_OLED/Pmod_OLED_wrapper/hw/Pmod_OLED_wrapper.xsa
TRACE::2023-04-03.19:53:06::SCWPlatform::DSA absoulate path C:/Users/luisr/Desktop/FPGA/Software/Arty_A7-100T/Pmod_OLED/Pmod_OLED_wrapper/hw/Pmod_OLED_wrapper.xsa
TRACE::2023-04-03.19:53:06::SCWPlatform::DSA directory C:/Users/luisr/Desktop/FPGA/Software/Arty_A7-100T/Pmod_OLED/Pmod_OLED_wrapper/hw
TRACE::2023-04-03.19:53:06::SCWPlatform:: Platform Path C:/Users/luisr/Desktop/FPGA/Software/Arty_A7-100T/Pmod_OLED/Pmod_OLED_wrapper/hw/Pmod_OLED_wrapper.xsa
TRACE::2023-04-03.19:53:06::SCWPlatform:: Unique name xilinx:arty-a7-100::0.0
TRACE::2023-04-03.19:53:06::SCWPlatform::Trying to set the existing hwdb with name Pmod_OLED_wrapper_0
TRACE::2023-04-03.19:53:06::SCWPlatform::Opened existing hwdb Pmod_OLED_wrapper_0
TRACE::2023-04-03.19:53:06::SCWPlatform::Found the Hw Db part of the input DSA
TRACE::2023-04-03.19:53:06::SCWPlatform::Trying to open the hw design at C:/Users/luisr/Desktop/FPGA/Software/Arty_A7-100T/Pmod_OLED/Pmod_OLED_wrapper/hw/Pmod_OLED_wrapper.xsa
TRACE::2023-04-03.19:53:06::SCWPlatform::DSA given C:/Users/luisr/Desktop/FPGA/Software/Arty_A7-100T/Pmod_OLED/Pmod_OLED_wrapper/hw/Pmod_OLED_wrapper.xsa
TRACE::2023-04-03.19:53:06::SCWPlatform::DSA absoulate path C:/Users/luisr/Desktop/FPGA/Software/Arty_A7-100T/Pmod_OLED/Pmod_OLED_wrapper/hw/Pmod_OLED_wrapper.xsa
TRACE::2023-04-03.19:53:06::SCWPlatform::DSA directory C:/Users/luisr/Desktop/FPGA/Software/Arty_A7-100T/Pmod_OLED/Pmod_OLED_wrapper/hw
TRACE::2023-04-03.19:53:06::SCWPlatform:: Platform Path C:/Users/luisr/Desktop/FPGA/Software/Arty_A7-100T/Pmod_OLED/Pmod_OLED_wrapper/hw/Pmod_OLED_wrapper.xsa
TRACE::2023-04-03.19:53:06::SCWPlatform:: Unique name xilinx:arty-a7-100::0.0
TRACE::2023-04-03.19:53:06::SCWPlatform::Trying to set the existing hwdb with name Pmod_OLED_wrapper_0
TRACE::2023-04-03.19:53:06::SCWPlatform::Opened existing hwdb Pmod_OLED_wrapper_0
TRACE::2023-04-03.19:53:06::SCWPlatform::Found the Hw Db part of the input DSA
TRACE::2023-04-03.19:53:06::SCWDomain::checking for install qemu data   : 
TRACE::2023-04-03.19:53:06::SCWPlatform::Trying to open the hw design at C:/Users/luisr/Desktop/FPGA/Software/Arty_A7-100T/Pmod_OLED/Pmod_OLED_wrapper/hw/Pmod_OLED_wrapper.xsa
TRACE::2023-04-03.19:53:06::SCWPlatform::DSA given C:/Users/luisr/Desktop/FPGA/Software/Arty_A7-100T/Pmod_OLED/Pmod_OLED_wrapper/hw/Pmod_OLED_wrapper.xsa
TRACE::2023-04-03.19:53:06::SCWPlatform::DSA absoulate path C:/Users/luisr/Desktop/FPGA/Software/Arty_A7-100T/Pmod_OLED/Pmod_OLED_wrapper/hw/Pmod_OLED_wrapper.xsa
TRACE::2023-04-03.19:53:06::SCWPlatform::DSA directory C:/Users/luisr/Desktop/FPGA/Software/Arty_A7-100T/Pmod_OLED/Pmod_OLED_wrapper/hw
TRACE::2023-04-03.19:53:06::SCWPlatform:: Platform Path C:/Users/luisr/Desktop/FPGA/Software/Arty_A7-100T/Pmod_OLED/Pmod_OLED_wrapper/hw/Pmod_OLED_wrapper.xsa
TRACE::2023-04-03.19:53:06::SCWPlatform:: Unique name xilinx:arty-a7-100::0.0
TRACE::2023-04-03.19:53:06::SCWPlatform::Trying to set the existing hwdb with name Pmod_OLED_wrapper_0
TRACE::2023-04-03.19:53:06::SCWPlatform::Opened existing hwdb Pmod_OLED_wrapper_0
TRACE::2023-04-03.19:53:06::SCWPlatform::Found the Hw Db part of the input DSA
TRACE::2023-04-03.19:53:06::SCWPlatform::Trying to open the hw design at C:/Users/luisr/Desktop/FPGA/Software/Arty_A7-100T/Pmod_OLED/Pmod_OLED_wrapper/hw/Pmod_OLED_wrapper.xsa
TRACE::2023-04-03.19:53:06::SCWPlatform::DSA given C:/Users/luisr/Desktop/FPGA/Software/Arty_A7-100T/Pmod_OLED/Pmod_OLED_wrapper/hw/Pmod_OLED_wrapper.xsa
TRACE::2023-04-03.19:53:06::SCWPlatform::DSA absoulate path C:/Users/luisr/Desktop/FPGA/Software/Arty_A7-100T/Pmod_OLED/Pmod_OLED_wrapper/hw/Pmod_OLED_wrapper.xsa
TRACE::2023-04-03.19:53:06::SCWPlatform::DSA directory C:/Users/luisr/Desktop/FPGA/Software/Arty_A7-100T/Pmod_OLED/Pmod_OLED_wrapper/hw
TRACE::2023-04-03.19:53:06::SCWPlatform:: Platform Path C:/Users/luisr/Desktop/FPGA/Software/Arty_A7-100T/Pmod_OLED/Pmod_OLED_wrapper/hw/Pmod_OLED_wrapper.xsa
TRACE::2023-04-03.19:53:06::SCWPlatform:: Unique name xilinx:arty-a7-100::0.0
TRACE::2023-04-03.19:53:06::SCWPlatform::Trying to set the existing hwdb with name Pmod_OLED_wrapper_0
TRACE::2023-04-03.19:53:06::SCWPlatform::Opened existing hwdb Pmod_OLED_wrapper_0
TRACE::2023-04-03.19:53:06::SCWPlatform::Found the Hw Db part of the input DSA
TRACE::2023-04-03.19:53:06::SCWPlatform::Trying to open the hw design at C:/Users/luisr/Desktop/FPGA/Software/Arty_A7-100T/Pmod_OLED/Pmod_OLED_wrapper/hw/Pmod_OLED_wrapper.xsa
TRACE::2023-04-03.19:53:06::SCWPlatform::DSA given C:/Users/luisr/Desktop/FPGA/Software/Arty_A7-100T/Pmod_OLED/Pmod_OLED_wrapper/hw/Pmod_OLED_wrapper.xsa
TRACE::2023-04-03.19:53:06::SCWPlatform::DSA absoulate path C:/Users/luisr/Desktop/FPGA/Software/Arty_A7-100T/Pmod_OLED/Pmod_OLED_wrapper/hw/Pmod_OLED_wrapper.xsa
TRACE::2023-04-03.19:53:06::SCWPlatform::DSA directory C:/Users/luisr/Desktop/FPGA/Software/Arty_A7-100T/Pmod_OLED/Pmod_OLED_wrapper/hw
TRACE::2023-04-03.19:53:06::SCWPlatform:: Platform Path C:/Users/luisr/Desktop/FPGA/Software/Arty_A7-100T/Pmod_OLED/Pmod_OLED_wrapper/hw/Pmod_OLED_wrapper.xsa
TRACE::2023-04-03.19:53:06::SCWPlatform:: Unique name xilinx:arty-a7-100::0.0
TRACE::2023-04-03.19:53:06::SCWPlatform::Trying to set the existing hwdb with name Pmod_OLED_wrapper_0
TRACE::2023-04-03.19:53:06::SCWPlatform::Opened existing hwdb Pmod_OLED_wrapper_0
TRACE::2023-04-03.19:53:06::SCWPlatform::Found the Hw Db part of the input DSA
TRACE::2023-04-03.19:53:06::SCWMssOS::Checking the sw design at  C:/Users/luisr/Desktop/FPGA/Software/Arty_A7-100T/Pmod_OLED/Pmod_OLED_wrapper/microblaze_0/standalone_microblaze_0/bsp/system.mss
TRACE::2023-04-03.19:53:06::SCWMssOS::DEBUG:  swdes dump  
TRACE::2023-04-03.19:53:06::SCWMssOS::No sw design opened at  C:/Users/luisr/Desktop/FPGA/Software/Arty_A7-100T/Pmod_OLED/Pmod_OLED_wrapper/microblaze_0/standalone_microblaze_0/bsp/system.mss
TRACE::2023-04-03.19:53:06::SCWMssOS::mss does not exists at C:/Users/luisr/Desktop/FPGA/Software/Arty_A7-100T/Pmod_OLED/Pmod_OLED_wrapper/microblaze_0/standalone_microblaze_0/bsp/system.mss
TRACE::2023-04-03.19:53:06::SCWMssOS::Creating sw design at  C:/Users/luisr/Desktop/FPGA/Software/Arty_A7-100T/Pmod_OLED/Pmod_OLED_wrapper/microblaze_0/standalone_microblaze_0/bsp/system.mss
TRACE::2023-04-03.19:53:06::SCWMssOS::Adding the swdes entry, created swdb C:/Users/luisr/Desktop/FPGA/Software/Arty_A7-100T/Pmod_OLED/Pmod_OLED_wrapper/microblaze_0/standalone_microblaze_0/bsp/system.mss with des name C:/Users/luisr/Desktop/FPGA/Software/Arty_A7-100T/Pmod_OLED/Pmod_OLED_wrapper/microblaze_0/standalone_microblaze_0/bsp/system.mss
TRACE::2023-04-03.19:53:06::SCWMssOS::updating the scw layer changes to swdes at   C:/Users/luisr/Desktop/FPGA/Software/Arty_A7-100T/Pmod_OLED/Pmod_OLED_wrapper/microblaze_0/standalone_microblaze_0/bsp/system.mss
TRACE::2023-04-03.19:53:06::SCWMssOS::Writing mss at C:/Users/luisr/Desktop/FPGA/Software/Arty_A7-100T/Pmod_OLED/Pmod_OLED_wrapper/microblaze_0/standalone_microblaze_0/bsp/system.mss
TRACE::2023-04-03.19:53:06::SCWMssOS::Completed writing the mss file at C:/Users/luisr/Desktop/FPGA/Software/Arty_A7-100T/Pmod_OLED/Pmod_OLED_wrapper/microblaze_0/standalone_microblaze_0/bsp
TRACE::2023-04-03.19:53:06::SCWMssOS::Picking up changes from newly written mss file into SCW Layer. 
TRACE::2023-04-03.19:53:06::SCWMssOS::Updated the changes from newly written mss file into SCW Layer. 
TRACE::2023-04-03.19:53:06::SCWMssOS::Completed writing the mss file at C:/Users/luisr/Desktop/FPGA/Software/Arty_A7-100T/Pmod_OLED/Pmod_OLED_wrapper/microblaze_0/standalone_microblaze_0/bsp
TRACE::2023-04-03.19:53:06::SCWMssOS::Forcing BSP Sources regeneration.
TRACE::2023-04-03.19:53:07::SCWMssOS::Saving the mss changes C:/Users/luisr/Desktop/FPGA/Software/Arty_A7-100T/Pmod_OLED/Pmod_OLED_wrapper/microblaze_0/standalone_microblaze_0/bsp/system.mss
TRACE::2023-04-03.19:53:07::SCWMssOS::Adding the swdes entry, mss present, able to open swdb C:/Users/luisr/Desktop/FPGA/Software/Arty_A7-100T/Pmod_OLED/Pmod_OLED_wrapper/microblaze_0/standalone_microblaze_0/bsp/system.mss with des name system
TRACE::2023-04-03.19:53:07::SCWMssOS::Writing the mss file completed C:/Users/luisr/Desktop/FPGA/Software/Arty_A7-100T/Pmod_OLED/Pmod_OLED_wrapper/microblaze_0/standalone_microblaze_0/bsp/system.mss
TRACE::2023-04-03.19:53:07::SCWMssOS::Commit changes completed.
TRACE::2023-04-03.19:53:07::SCWPlatform::Trying to open the hw design at C:/Users/luisr/Desktop/FPGA/Software/Arty_A7-100T/Pmod_OLED/Pmod_OLED_wrapper/hw/Pmod_OLED_wrapper.xsa
TRACE::2023-04-03.19:53:07::SCWPlatform::DSA given C:/Users/luisr/Desktop/FPGA/Software/Arty_A7-100T/Pmod_OLED/Pmod_OLED_wrapper/hw/Pmod_OLED_wrapper.xsa
TRACE::2023-04-03.19:53:07::SCWPlatform::DSA absoulate path C:/Users/luisr/Desktop/FPGA/Software/Arty_A7-100T/Pmod_OLED/Pmod_OLED_wrapper/hw/Pmod_OLED_wrapper.xsa
TRACE::2023-04-03.19:53:07::SCWPlatform::DSA directory C:/Users/luisr/Desktop/FPGA/Software/Arty_A7-100T/Pmod_OLED/Pmod_OLED_wrapper/hw
TRACE::2023-04-03.19:53:07::SCWPlatform:: Platform Path C:/Users/luisr/Desktop/FPGA/Software/Arty_A7-100T/Pmod_OLED/Pmod_OLED_wrapper/hw/Pmod_OLED_wrapper.xsa
TRACE::2023-04-03.19:53:07::SCWPlatform:: Unique name xilinx:arty-a7-100::0.0
TRACE::2023-04-03.19:53:07::SCWPlatform::Trying to set the existing hwdb with name Pmod_OLED_wrapper_0
TRACE::2023-04-03.19:53:07::SCWPlatform::Opened existing hwdb Pmod_OLED_wrapper_0
TRACE::2023-04-03.19:53:07::SCWPlatform::Found the Hw Db part of the input DSA
TRACE::2023-04-03.19:53:07::SCWMssOS::Checking the sw design at  C:/Users/luisr/Desktop/FPGA/Software/Arty_A7-100T/Pmod_OLED/Pmod_OLED_wrapper/microblaze_0/standalone_microblaze_0/bsp/system.mss
TRACE::2023-04-03.19:53:07::SCWMssOS::DEBUG:  swdes dump  C:/Users/luisr/Desktop/FPGA/Software/Arty_A7-100T/Pmod_OLED/Pmod_OLED_wrapper/microblaze_0/standalone_microblaze_0/bsp/system.mss|system||

TRACE::2023-04-03.19:53:07::SCWMssOS::Sw design exists and opened at  C:/Users/luisr/Desktop/FPGA/Software/Arty_A7-100T/Pmod_OLED/Pmod_OLED_wrapper/microblaze_0/standalone_microblaze_0/bsp/system.mss
TRACE::2023-04-03.19:53:07::SCWPlatform::Trying to open the hw design at C:/Users/luisr/Desktop/FPGA/Software/Arty_A7-100T/Pmod_OLED/Pmod_OLED_wrapper/hw/Pmod_OLED_wrapper.xsa
TRACE::2023-04-03.19:53:07::SCWPlatform::DSA given C:/Users/luisr/Desktop/FPGA/Software/Arty_A7-100T/Pmod_OLED/Pmod_OLED_wrapper/hw/Pmod_OLED_wrapper.xsa
TRACE::2023-04-03.19:53:07::SCWPlatform::DSA absoulate path C:/Users/luisr/Desktop/FPGA/Software/Arty_A7-100T/Pmod_OLED/Pmod_OLED_wrapper/hw/Pmod_OLED_wrapper.xsa
TRACE::2023-04-03.19:53:07::SCWPlatform::DSA directory C:/Users/luisr/Desktop/FPGA/Software/Arty_A7-100T/Pmod_OLED/Pmod_OLED_wrapper/hw
TRACE::2023-04-03.19:53:07::SCWPlatform:: Platform Path C:/Users/luisr/Desktop/FPGA/Software/Arty_A7-100T/Pmod_OLED/Pmod_OLED_wrapper/hw/Pmod_OLED_wrapper.xsa
TRACE::2023-04-03.19:53:07::SCWPlatform:: Unique name xilinx:arty-a7-100::0.0
TRACE::2023-04-03.19:53:07::SCWPlatform::Trying to set the existing hwdb with name Pmod_OLED_wrapper_0
TRACE::2023-04-03.19:53:07::SCWPlatform::Opened existing hwdb Pmod_OLED_wrapper_0
TRACE::2023-04-03.19:53:07::SCWPlatform::Found the Hw Db part of the input DSA
TRACE::2023-04-03.19:53:07::SCWMssOS::Checking the sw design at  C:/Users/luisr/Desktop/FPGA/Software/Arty_A7-100T/Pmod_OLED/Pmod_OLED_wrapper/microblaze_0/standalone_microblaze_0/bsp/system.mss
TRACE::2023-04-03.19:53:07::SCWMssOS::DEBUG:  swdes dump  C:/Users/luisr/Desktop/FPGA/Software/Arty_A7-100T/Pmod_OLED/Pmod_OLED_wrapper/microblaze_0/standalone_microblaze_0/bsp/system.mss|system||

TRACE::2023-04-03.19:53:07::SCWMssOS::Sw design exists and opened at  C:/Users/luisr/Desktop/FPGA/Software/Arty_A7-100T/Pmod_OLED/Pmod_OLED_wrapper/microblaze_0/standalone_microblaze_0/bsp/system.mss
TRACE::2023-04-03.19:53:07::SCWPlatform::Trying to open the hw design at C:/Users/luisr/Desktop/FPGA/Software/Arty_A7-100T/Pmod_OLED/Pmod_OLED_wrapper/hw/Pmod_OLED_wrapper.xsa
TRACE::2023-04-03.19:53:07::SCWPlatform::DSA given C:/Users/luisr/Desktop/FPGA/Software/Arty_A7-100T/Pmod_OLED/Pmod_OLED_wrapper/hw/Pmod_OLED_wrapper.xsa
TRACE::2023-04-03.19:53:07::SCWPlatform::DSA absoulate path C:/Users/luisr/Desktop/FPGA/Software/Arty_A7-100T/Pmod_OLED/Pmod_OLED_wrapper/hw/Pmod_OLED_wrapper.xsa
TRACE::2023-04-03.19:53:07::SCWPlatform::DSA directory C:/Users/luisr/Desktop/FPGA/Software/Arty_A7-100T/Pmod_OLED/Pmod_OLED_wrapper/hw
TRACE::2023-04-03.19:53:07::SCWPlatform:: Platform Path C:/Users/luisr/Desktop/FPGA/Software/Arty_A7-100T/Pmod_OLED/Pmod_OLED_wrapper/hw/Pmod_OLED_wrapper.xsa
TRACE::2023-04-03.19:53:07::SCWPlatform:: Unique name xilinx:arty-a7-100::0.0
TRACE::2023-04-03.19:53:07::SCWPlatform::Trying to set the existing hwdb with name Pmod_OLED_wrapper_0
TRACE::2023-04-03.19:53:07::SCWPlatform::Opened existing hwdb Pmod_OLED_wrapper_0
TRACE::2023-04-03.19:53:07::SCWPlatform::Found the Hw Db part of the input DSA
TRACE::2023-04-03.19:53:07::SCWMssOS::Checking the sw design at  C:/Users/luisr/Desktop/FPGA/Software/Arty_A7-100T/Pmod_OLED/Pmod_OLED_wrapper/microblaze_0/standalone_microblaze_0/bsp/system.mss
TRACE::2023-04-03.19:53:07::SCWMssOS::DEBUG:  swdes dump  C:/Users/luisr/Desktop/FPGA/Software/Arty_A7-100T/Pmod_OLED/Pmod_OLED_wrapper/microblaze_0/standalone_microblaze_0/bsp/system.mss|system||

TRACE::2023-04-03.19:53:07::SCWMssOS::Sw design exists and opened at  C:/Users/luisr/Desktop/FPGA/Software/Arty_A7-100T/Pmod_OLED/Pmod_OLED_wrapper/microblaze_0/standalone_microblaze_0/bsp/system.mss
TRACE::2023-04-03.19:53:07::SCWWriter::formatted JSON is {
	"platformName":	"Pmod_OLED_wrapper",
	"sprVersion":	"2.0",
	"mode":	"gui",
	"dsaType":	"Fixed",
	"platformDesc":	"Pmod_OLED_wrapper",
	"platHandOff":	"C:/Users/luisr/Desktop/FPGA/Hardware/Arty A7-100T/Pmod_OLED/Pmod_OLED_wrapper.xsa",
	"platIntHandOff":	"<platformDir>/hw/Pmod_OLED_wrapper.xsa",
	"deviceType":	"FPGA",
	"platIsPrebuiltAutogen":	"false",
	"platIsNoBootBsp":	"false",
	"hasFsblMakeHasChanges":	"false",
	"hasPmufwMakeHasChanges":	"false",
	"platPreBuiltFlag":	false,
	"platformSamplesDir":	"",
	"platActiveSys":	"Pmod_OLED_wrapper",
	"systems":	[{
			"systemName":	"Pmod_OLED_wrapper",
			"systemDesc":	"Pmod_OLED_wrapper",
			"sysIsBootAutoGen":	"true",
			"systemDispName":	"Pmod_OLED_wrapper",
			"sysActiveDom":	"standalone_microblaze_0",
			"sysDefaultDom":	"standalone_microblaze_0",
			"domains":	[{
					"domainName":	"standalone_microblaze_0",
					"domainDispName":	"standalone_microblaze_0",
					"domainDesc":	"standalone_microblaze_0",
					"processors":	"microblaze_0",
					"os":	"standalone",
					"sdxOs":	"standalone",
					"debugEnable":	"False",
					"domRuntimes":	["cpp"],
					"swRepo":	"",
					"mssOsVer":	"7.6",
					"mssFile":	"",
					"md5Digest":	"f37bd56be05fc3364b13c8c328d7fea6",
					"compatibleApp":	"hello_world",
					"domType":	"mssDomain",
					"arch":	"32-bit",
					"appSettings":	{
						"appCompilerFlags":	"",
						"appLinkerFlags":	""
					},
					"addedLibs":	[],
					"libOptions":	{
						"libsContainingOptions":	[]
					},
					"prebuiltLibs":	{
						"prebuiltIncPath":	[],
						"prebuiltLibPath":	[]
					},
					"isolation":	{
					}
				}]
		}]
}
LOG::2023-04-03.19:53:07::SCWPlatform::Started generating the artifacts platform Pmod_OLED_wrapper
TRACE::2023-04-03.19:53:07::SCWPlatform::Sanity checking of platform is completed
LOG::2023-04-03.19:53:07::SCWPlatform::Started generating the artifacts for system configuration Pmod_OLED_wrapper
LOG::2023-04-03.19:53:07::SCWSystem::Checking the domain standalone_microblaze_0
LOG::2023-04-03.19:53:07::SCWSystem::Not a boot domain 
LOG::2023-04-03.19:53:07::SCWSystem::Started Processing the domain standalone_microblaze_0
TRACE::2023-04-03.19:53:07::SCWDomain::Generating domain artifcats
TRACE::2023-04-03.19:53:07::SCWMssOS::Generating standalone artifcats
TRACE::2023-04-03.19:53:07::SCWMssOS:: Copying the user libraries. 
TRACE::2023-04-03.19:53:07::SCWPlatform::Trying to open the hw design at C:/Users/luisr/Desktop/FPGA/Software/Arty_A7-100T/Pmod_OLED/Pmod_OLED_wrapper/hw/Pmod_OLED_wrapper.xsa
TRACE::2023-04-03.19:53:07::SCWPlatform::DSA given C:/Users/luisr/Desktop/FPGA/Software/Arty_A7-100T/Pmod_OLED/Pmod_OLED_wrapper/hw/Pmod_OLED_wrapper.xsa
TRACE::2023-04-03.19:53:07::SCWPlatform::DSA absoulate path C:/Users/luisr/Desktop/FPGA/Software/Arty_A7-100T/Pmod_OLED/Pmod_OLED_wrapper/hw/Pmod_OLED_wrapper.xsa
TRACE::2023-04-03.19:53:07::SCWPlatform::DSA directory C:/Users/luisr/Desktop/FPGA/Software/Arty_A7-100T/Pmod_OLED/Pmod_OLED_wrapper/hw
TRACE::2023-04-03.19:53:07::SCWPlatform:: Platform Path C:/Users/luisr/Desktop/FPGA/Software/Arty_A7-100T/Pmod_OLED/Pmod_OLED_wrapper/hw/Pmod_OLED_wrapper.xsa
TRACE::2023-04-03.19:53:07::SCWPlatform:: Unique name xilinx:arty-a7-100::0.0
TRACE::2023-04-03.19:53:07::SCWPlatform::Trying to set the existing hwdb with name Pmod_OLED_wrapper_0
TRACE::2023-04-03.19:53:07::SCWPlatform::Opened existing hwdb Pmod_OLED_wrapper_0
TRACE::2023-04-03.19:53:07::SCWPlatform::Found the Hw Db part of the input DSA
TRACE::2023-04-03.19:53:07::SCWMssOS::Checking the sw design at  C:/Users/luisr/Desktop/FPGA/Software/Arty_A7-100T/Pmod_OLED/Pmod_OLED_wrapper/microblaze_0/standalone_microblaze_0/bsp/system.mss
TRACE::2023-04-03.19:53:07::SCWMssOS::DEBUG:  swdes dump  C:/Users/luisr/Desktop/FPGA/Software/Arty_A7-100T/Pmod_OLED/Pmod_OLED_wrapper/microblaze_0/standalone_microblaze_0/bsp/system.mss|system||

TRACE::2023-04-03.19:53:07::SCWMssOS::Sw design exists and opened at  C:/Users/luisr/Desktop/FPGA/Software/Arty_A7-100T/Pmod_OLED/Pmod_OLED_wrapper/microblaze_0/standalone_microblaze_0/bsp/system.mss
TRACE::2023-04-03.19:53:07::SCWMssOS::Completed writing the mss file at C:/Users/luisr/Desktop/FPGA/Software/Arty_A7-100T/Pmod_OLED/Pmod_OLED_wrapper/microblaze_0/standalone_microblaze_0/bsp
TRACE::2023-04-03.19:53:07::SCWMssOS::Mss edits present, copying mssfile into export location C:/Users/luisr/Desktop/FPGA/Software/Arty_A7-100T/Pmod_OLED/Pmod_OLED_wrapper/microblaze_0/standalone_microblaze_0/bsp/system.mss
TRACE::2023-04-03.19:53:07::SCWMssOS::bsp generated is upto date with the mss file. Skipping bsp generation.
TRACE::2023-04-03.19:53:07::SCWMssOS::BSP is already built. skipping the bsp build ... 
TRACE::2023-04-03.19:53:07::SCWDomain::Skipping the build for domain :  standalone_microblaze_0
TRACE::2023-04-03.19:53:07::SCWMssOS::skipping the bsp build ... 
TRACE::2023-04-03.19:53:07::SCWMssOS::Copying to export directory.
TRACE::2023-04-03.19:53:07::SCWMssOS:: Checking if to create the Supporting Applications
TRACE::2023-04-03.19:53:07::SCWMssOS:: No Linux domain exists, trying to generate FSBL 
LOG::2023-04-03.19:53:07::SCWSystem::Completed Processing the domain standalone_microblaze_0
LOG::2023-04-03.19:53:07::SCWSystem::Completed Processing the sysconfig Pmod_OLED_wrapper
LOG::2023-04-03.19:53:07::SCWPlatform::Completed generating the artifacts for system configuration Pmod_OLED_wrapper
TRACE::2023-04-03.19:53:07::SCWPlatform::Started preparing the platform 
TRACE::2023-04-03.19:53:07::SCWSystem::Writing the bif file for system config Pmod_OLED_wrapper
TRACE::2023-04-03.19:53:07::SCWSystem::dir created 
TRACE::2023-04-03.19:53:07::SCWSystem::Writing the bif 
TRACE::2023-04-03.19:53:07::SCWPlatform::Started writing the spfm file 
TRACE::2023-04-03.19:53:07::SCWPlatform::Started writing the xpfm file 
TRACE::2023-04-03.19:53:07::SCWPlatform::Completed generating the platform
TRACE::2023-04-03.19:53:07::SCWMssOS::Saving the mss changes C:/Users/luisr/Desktop/FPGA/Software/Arty_A7-100T/Pmod_OLED/Pmod_OLED_wrapper/microblaze_0/standalone_microblaze_0/bsp/system.mss
TRACE::2023-04-03.19:53:07::SCWMssOS::Found a swdesign opened with the mssfile.
TRACE::2023-04-03.19:53:07::SCWMssOS::Completed writemss as part of save.
TRACE::2023-04-03.19:53:07::SCWMssOS::Commit changes completed.
TRACE::2023-04-03.19:53:07::SCWPlatform::Trying to open the hw design at C:/Users/luisr/Desktop/FPGA/Software/Arty_A7-100T/Pmod_OLED/Pmod_OLED_wrapper/hw/Pmod_OLED_wrapper.xsa
TRACE::2023-04-03.19:53:07::SCWPlatform::DSA given C:/Users/luisr/Desktop/FPGA/Software/Arty_A7-100T/Pmod_OLED/Pmod_OLED_wrapper/hw/Pmod_OLED_wrapper.xsa
TRACE::2023-04-03.19:53:07::SCWPlatform::DSA absoulate path C:/Users/luisr/Desktop/FPGA/Software/Arty_A7-100T/Pmod_OLED/Pmod_OLED_wrapper/hw/Pmod_OLED_wrapper.xsa
TRACE::2023-04-03.19:53:07::SCWPlatform::DSA directory C:/Users/luisr/Desktop/FPGA/Software/Arty_A7-100T/Pmod_OLED/Pmod_OLED_wrapper/hw
TRACE::2023-04-03.19:53:07::SCWPlatform:: Platform Path C:/Users/luisr/Desktop/FPGA/Software/Arty_A7-100T/Pmod_OLED/Pmod_OLED_wrapper/hw/Pmod_OLED_wrapper.xsa
TRACE::2023-04-03.19:53:07::SCWPlatform:: Unique name xilinx:arty-a7-100::0.0
TRACE::2023-04-03.19:53:07::SCWPlatform::Trying to set the existing hwdb with name Pmod_OLED_wrapper_0
TRACE::2023-04-03.19:53:07::SCWPlatform::Opened existing hwdb Pmod_OLED_wrapper_0
TRACE::2023-04-03.19:53:07::SCWPlatform::Found the Hw Db part of the input DSA
TRACE::2023-04-03.19:53:07::SCWMssOS::Checking the sw design at  C:/Users/luisr/Desktop/FPGA/Software/Arty_A7-100T/Pmod_OLED/Pmod_OLED_wrapper/microblaze_0/standalone_microblaze_0/bsp/system.mss
TRACE::2023-04-03.19:53:07::SCWMssOS::DEBUG:  swdes dump  C:/Users/luisr/Desktop/FPGA/Software/Arty_A7-100T/Pmod_OLED/Pmod_OLED_wrapper/microblaze_0/standalone_microblaze_0/bsp/system.mss|system||

TRACE::2023-04-03.19:53:07::SCWMssOS::Sw design exists and opened at  C:/Users/luisr/Desktop/FPGA/Software/Arty_A7-100T/Pmod_OLED/Pmod_OLED_wrapper/microblaze_0/standalone_microblaze_0/bsp/system.mss
TRACE::2023-04-03.19:53:07::SCWPlatform::Trying to open the hw design at C:/Users/luisr/Desktop/FPGA/Software/Arty_A7-100T/Pmod_OLED/Pmod_OLED_wrapper/hw/Pmod_OLED_wrapper.xsa
TRACE::2023-04-03.19:53:07::SCWPlatform::DSA given C:/Users/luisr/Desktop/FPGA/Software/Arty_A7-100T/Pmod_OLED/Pmod_OLED_wrapper/hw/Pmod_OLED_wrapper.xsa
TRACE::2023-04-03.19:53:07::SCWPlatform::DSA absoulate path C:/Users/luisr/Desktop/FPGA/Software/Arty_A7-100T/Pmod_OLED/Pmod_OLED_wrapper/hw/Pmod_OLED_wrapper.xsa
TRACE::2023-04-03.19:53:07::SCWPlatform::DSA directory C:/Users/luisr/Desktop/FPGA/Software/Arty_A7-100T/Pmod_OLED/Pmod_OLED_wrapper/hw
TRACE::2023-04-03.19:53:07::SCWPlatform:: Platform Path C:/Users/luisr/Desktop/FPGA/Software/Arty_A7-100T/Pmod_OLED/Pmod_OLED_wrapper/hw/Pmod_OLED_wrapper.xsa
TRACE::2023-04-03.19:53:07::SCWPlatform:: Unique name xilinx:arty-a7-100::0.0
TRACE::2023-04-03.19:53:07::SCWPlatform::Trying to set the existing hwdb with name Pmod_OLED_wrapper_0
TRACE::2023-04-03.19:53:07::SCWPlatform::Opened existing hwdb Pmod_OLED_wrapper_0
TRACE::2023-04-03.19:53:07::SCWPlatform::Found the Hw Db part of the input DSA
TRACE::2023-04-03.19:53:07::SCWMssOS::Checking the sw design at  C:/Users/luisr/Desktop/FPGA/Software/Arty_A7-100T/Pmod_OLED/Pmod_OLED_wrapper/microblaze_0/standalone_microblaze_0/bsp/system.mss
TRACE::2023-04-03.19:53:07::SCWMssOS::DEBUG:  swdes dump  C:/Users/luisr/Desktop/FPGA/Software/Arty_A7-100T/Pmod_OLED/Pmod_OLED_wrapper/microblaze_0/standalone_microblaze_0/bsp/system.mss|system||

TRACE::2023-04-03.19:53:07::SCWMssOS::Sw design exists and opened at  C:/Users/luisr/Desktop/FPGA/Software/Arty_A7-100T/Pmod_OLED/Pmod_OLED_wrapper/microblaze_0/standalone_microblaze_0/bsp/system.mss
TRACE::2023-04-03.19:53:07::SCWPlatform::Trying to open the hw design at C:/Users/luisr/Desktop/FPGA/Software/Arty_A7-100T/Pmod_OLED/Pmod_OLED_wrapper/hw/Pmod_OLED_wrapper.xsa
TRACE::2023-04-03.19:53:07::SCWPlatform::DSA given C:/Users/luisr/Desktop/FPGA/Software/Arty_A7-100T/Pmod_OLED/Pmod_OLED_wrapper/hw/Pmod_OLED_wrapper.xsa
TRACE::2023-04-03.19:53:07::SCWPlatform::DSA absoulate path C:/Users/luisr/Desktop/FPGA/Software/Arty_A7-100T/Pmod_OLED/Pmod_OLED_wrapper/hw/Pmod_OLED_wrapper.xsa
TRACE::2023-04-03.19:53:07::SCWPlatform::DSA directory C:/Users/luisr/Desktop/FPGA/Software/Arty_A7-100T/Pmod_OLED/Pmod_OLED_wrapper/hw
TRACE::2023-04-03.19:53:07::SCWPlatform:: Platform Path C:/Users/luisr/Desktop/FPGA/Software/Arty_A7-100T/Pmod_OLED/Pmod_OLED_wrapper/hw/Pmod_OLED_wrapper.xsa
TRACE::2023-04-03.19:53:07::SCWPlatform:: Unique name xilinx:arty-a7-100::0.0
TRACE::2023-04-03.19:53:07::SCWPlatform::Trying to set the existing hwdb with name Pmod_OLED_wrapper_0
TRACE::2023-04-03.19:53:07::SCWPlatform::Opened existing hwdb Pmod_OLED_wrapper_0
TRACE::2023-04-03.19:53:07::SCWPlatform::Found the Hw Db part of the input DSA
TRACE::2023-04-03.19:53:07::SCWMssOS::Checking the sw design at  C:/Users/luisr/Desktop/FPGA/Software/Arty_A7-100T/Pmod_OLED/Pmod_OLED_wrapper/microblaze_0/standalone_microblaze_0/bsp/system.mss
TRACE::2023-04-03.19:53:07::SCWMssOS::DEBUG:  swdes dump  C:/Users/luisr/Desktop/FPGA/Software/Arty_A7-100T/Pmod_OLED/Pmod_OLED_wrapper/microblaze_0/standalone_microblaze_0/bsp/system.mss|system||

TRACE::2023-04-03.19:53:07::SCWMssOS::Sw design exists and opened at  C:/Users/luisr/Desktop/FPGA/Software/Arty_A7-100T/Pmod_OLED/Pmod_OLED_wrapper/microblaze_0/standalone_microblaze_0/bsp/system.mss
TRACE::2023-04-03.19:53:07::SCWWriter::formatted JSON is {
	"platformName":	"Pmod_OLED_wrapper",
	"sprVersion":	"2.0",
	"mode":	"gui",
	"dsaType":	"Fixed",
	"platformDesc":	"Pmod_OLED_wrapper",
	"platHandOff":	"C:/Users/luisr/Desktop/FPGA/Hardware/Arty A7-100T/Pmod_OLED/Pmod_OLED_wrapper.xsa",
	"platIntHandOff":	"<platformDir>/hw/Pmod_OLED_wrapper.xsa",
	"deviceType":	"FPGA",
	"platIsPrebuiltAutogen":	"false",
	"platIsNoBootBsp":	"false",
	"hasFsblMakeHasChanges":	"false",
	"hasPmufwMakeHasChanges":	"false",
	"platPreBuiltFlag":	false,
	"platformSamplesDir":	"",
	"platActiveSys":	"Pmod_OLED_wrapper",
	"systems":	[{
			"systemName":	"Pmod_OLED_wrapper",
			"systemDesc":	"Pmod_OLED_wrapper",
			"sysIsBootAutoGen":	"true",
			"systemDispName":	"Pmod_OLED_wrapper",
			"sysActiveDom":	"standalone_microblaze_0",
			"sysDefaultDom":	"standalone_microblaze_0",
			"domains":	[{
					"domainName":	"standalone_microblaze_0",
					"domainDispName":	"standalone_microblaze_0",
					"domainDesc":	"standalone_microblaze_0",
					"processors":	"microblaze_0",
					"os":	"standalone",
					"sdxOs":	"standalone",
					"debugEnable":	"False",
					"domRuntimes":	["cpp"],
					"swRepo":	"",
					"mssOsVer":	"7.6",
					"mssFile":	"",
					"md5Digest":	"f37bd56be05fc3364b13c8c328d7fea6",
					"compatibleApp":	"hello_world",
					"domType":	"mssDomain",
					"arch":	"32-bit",
					"appSettings":	{
						"appCompilerFlags":	"",
						"appLinkerFlags":	""
					},
					"addedLibs":	[],
					"libOptions":	{
						"libsContainingOptions":	[]
					},
					"prebuiltLibs":	{
						"prebuiltIncPath":	[],
						"prebuiltLibPath":	[]
					},
					"isolation":	{
					}
				}]
		}]
}
KEYINFO::2023-04-03.19:53:07::SCWPlatform::updated the xpfm file.
TRACE::2023-04-03.19:53:07::SCWPlatform::Trying to open the hw design at C:/Users/luisr/Desktop/FPGA/Software/Arty_A7-100T/Pmod_OLED/Pmod_OLED_wrapper/hw/Pmod_OLED_wrapper.xsa
TRACE::2023-04-03.19:53:07::SCWPlatform::DSA given C:/Users/luisr/Desktop/FPGA/Software/Arty_A7-100T/Pmod_OLED/Pmod_OLED_wrapper/hw/Pmod_OLED_wrapper.xsa
TRACE::2023-04-03.19:53:07::SCWPlatform::DSA absoulate path C:/Users/luisr/Desktop/FPGA/Software/Arty_A7-100T/Pmod_OLED/Pmod_OLED_wrapper/hw/Pmod_OLED_wrapper.xsa
TRACE::2023-04-03.19:53:07::SCWPlatform::DSA directory C:/Users/luisr/Desktop/FPGA/Software/Arty_A7-100T/Pmod_OLED/Pmod_OLED_wrapper/hw
TRACE::2023-04-03.19:53:07::SCWPlatform:: Platform Path C:/Users/luisr/Desktop/FPGA/Software/Arty_A7-100T/Pmod_OLED/Pmod_OLED_wrapper/hw/Pmod_OLED_wrapper.xsa
TRACE::2023-04-03.19:53:07::SCWPlatform:: Unique name xilinx:arty-a7-100::0.0
TRACE::2023-04-03.19:53:07::SCWPlatform::Trying to set the existing hwdb with name Pmod_OLED_wrapper_0
TRACE::2023-04-03.19:53:07::SCWPlatform::Opened existing hwdb Pmod_OLED_wrapper_0
TRACE::2023-04-03.19:53:07::SCWPlatform::Found the Hw Db part of the input DSA
TRACE::2023-04-03.19:53:07::SCWMssOS::Checking the sw design at  C:/Users/luisr/Desktop/FPGA/Software/Arty_A7-100T/Pmod_OLED/Pmod_OLED_wrapper/microblaze_0/standalone_microblaze_0/bsp/system.mss
TRACE::2023-04-03.19:53:07::SCWMssOS::DEBUG:  swdes dump  C:/Users/luisr/Desktop/FPGA/Software/Arty_A7-100T/Pmod_OLED/Pmod_OLED_wrapper/microblaze_0/standalone_microblaze_0/bsp/system.mss|system||

TRACE::2023-04-03.19:53:07::SCWMssOS::Sw design exists and opened at  C:/Users/luisr/Desktop/FPGA/Software/Arty_A7-100T/Pmod_OLED/Pmod_OLED_wrapper/microblaze_0/standalone_microblaze_0/bsp/system.mss
TRACE::2023-04-03.19:53:07::SCWMssOS::Saving the mss changes C:/Users/luisr/Desktop/FPGA/Software/Arty_A7-100T/Pmod_OLED/Pmod_OLED_wrapper/microblaze_0/standalone_microblaze_0/bsp/system.mss
TRACE::2023-04-03.19:53:07::SCWMssOS::Found a swdesign opened with the mssfile.
TRACE::2023-04-03.19:53:07::SCWMssOS::Completed writemss as part of save.
TRACE::2023-04-03.19:53:07::SCWMssOS::Commit changes completed.
TRACE::2023-04-03.19:53:07::SCWPlatform::Trying to open the hw design at C:/Users/luisr/Desktop/FPGA/Software/Arty_A7-100T/Pmod_OLED/Pmod_OLED_wrapper/hw/Pmod_OLED_wrapper.xsa
TRACE::2023-04-03.19:53:07::SCWPlatform::DSA given C:/Users/luisr/Desktop/FPGA/Software/Arty_A7-100T/Pmod_OLED/Pmod_OLED_wrapper/hw/Pmod_OLED_wrapper.xsa
TRACE::2023-04-03.19:53:07::SCWPlatform::DSA absoulate path C:/Users/luisr/Desktop/FPGA/Software/Arty_A7-100T/Pmod_OLED/Pmod_OLED_wrapper/hw/Pmod_OLED_wrapper.xsa
TRACE::2023-04-03.19:53:07::SCWPlatform::DSA directory C:/Users/luisr/Desktop/FPGA/Software/Arty_A7-100T/Pmod_OLED/Pmod_OLED_wrapper/hw
TRACE::2023-04-03.19:53:07::SCWPlatform:: Platform Path C:/Users/luisr/Desktop/FPGA/Software/Arty_A7-100T/Pmod_OLED/Pmod_OLED_wrapper/hw/Pmod_OLED_wrapper.xsa
TRACE::2023-04-03.19:53:07::SCWPlatform:: Unique name xilinx:arty-a7-100::0.0
TRACE::2023-04-03.19:53:07::SCWPlatform::Trying to set the existing hwdb with name Pmod_OLED_wrapper_0
TRACE::2023-04-03.19:53:07::SCWPlatform::Opened existing hwdb Pmod_OLED_wrapper_0
TRACE::2023-04-03.19:53:07::SCWPlatform::Found the Hw Db part of the input DSA
TRACE::2023-04-03.19:53:07::SCWMssOS::Checking the sw design at  C:/Users/luisr/Desktop/FPGA/Software/Arty_A7-100T/Pmod_OLED/Pmod_OLED_wrapper/microblaze_0/standalone_microblaze_0/bsp/system.mss
TRACE::2023-04-03.19:53:07::SCWMssOS::DEBUG:  swdes dump  C:/Users/luisr/Desktop/FPGA/Software/Arty_A7-100T/Pmod_OLED/Pmod_OLED_wrapper/microblaze_0/standalone_microblaze_0/bsp/system.mss|system||

TRACE::2023-04-03.19:53:07::SCWMssOS::Sw design exists and opened at  C:/Users/luisr/Desktop/FPGA/Software/Arty_A7-100T/Pmod_OLED/Pmod_OLED_wrapper/microblaze_0/standalone_microblaze_0/bsp/system.mss
TRACE::2023-04-03.19:53:07::SCWPlatform::Trying to open the hw design at C:/Users/luisr/Desktop/FPGA/Software/Arty_A7-100T/Pmod_OLED/Pmod_OLED_wrapper/hw/Pmod_OLED_wrapper.xsa
TRACE::2023-04-03.19:53:07::SCWPlatform::DSA given C:/Users/luisr/Desktop/FPGA/Software/Arty_A7-100T/Pmod_OLED/Pmod_OLED_wrapper/hw/Pmod_OLED_wrapper.xsa
TRACE::2023-04-03.19:53:07::SCWPlatform::DSA absoulate path C:/Users/luisr/Desktop/FPGA/Software/Arty_A7-100T/Pmod_OLED/Pmod_OLED_wrapper/hw/Pmod_OLED_wrapper.xsa
TRACE::2023-04-03.19:53:07::SCWPlatform::DSA directory C:/Users/luisr/Desktop/FPGA/Software/Arty_A7-100T/Pmod_OLED/Pmod_OLED_wrapper/hw
TRACE::2023-04-03.19:53:07::SCWPlatform:: Platform Path C:/Users/luisr/Desktop/FPGA/Software/Arty_A7-100T/Pmod_OLED/Pmod_OLED_wrapper/hw/Pmod_OLED_wrapper.xsa
TRACE::2023-04-03.19:53:07::SCWPlatform:: Unique name xilinx:arty-a7-100::0.0
TRACE::2023-04-03.19:53:07::SCWPlatform::Trying to set the existing hwdb with name Pmod_OLED_wrapper_0
TRACE::2023-04-03.19:53:07::SCWPlatform::Opened existing hwdb Pmod_OLED_wrapper_0
TRACE::2023-04-03.19:53:07::SCWPlatform::Found the Hw Db part of the input DSA
TRACE::2023-04-03.19:53:07::SCWMssOS::Checking the sw design at  C:/Users/luisr/Desktop/FPGA/Software/Arty_A7-100T/Pmod_OLED/Pmod_OLED_wrapper/microblaze_0/standalone_microblaze_0/bsp/system.mss
TRACE::2023-04-03.19:53:07::SCWMssOS::DEBUG:  swdes dump  C:/Users/luisr/Desktop/FPGA/Software/Arty_A7-100T/Pmod_OLED/Pmod_OLED_wrapper/microblaze_0/standalone_microblaze_0/bsp/system.mss|system||

TRACE::2023-04-03.19:53:07::SCWMssOS::Sw design exists and opened at  C:/Users/luisr/Desktop/FPGA/Software/Arty_A7-100T/Pmod_OLED/Pmod_OLED_wrapper/microblaze_0/standalone_microblaze_0/bsp/system.mss
TRACE::2023-04-03.19:53:07::SCWPlatform::Trying to open the hw design at C:/Users/luisr/Desktop/FPGA/Software/Arty_A7-100T/Pmod_OLED/Pmod_OLED_wrapper/hw/Pmod_OLED_wrapper.xsa
TRACE::2023-04-03.19:53:07::SCWPlatform::DSA given C:/Users/luisr/Desktop/FPGA/Software/Arty_A7-100T/Pmod_OLED/Pmod_OLED_wrapper/hw/Pmod_OLED_wrapper.xsa
TRACE::2023-04-03.19:53:07::SCWPlatform::DSA absoulate path C:/Users/luisr/Desktop/FPGA/Software/Arty_A7-100T/Pmod_OLED/Pmod_OLED_wrapper/hw/Pmod_OLED_wrapper.xsa
TRACE::2023-04-03.19:53:07::SCWPlatform::DSA directory C:/Users/luisr/Desktop/FPGA/Software/Arty_A7-100T/Pmod_OLED/Pmod_OLED_wrapper/hw
TRACE::2023-04-03.19:53:07::SCWPlatform:: Platform Path C:/Users/luisr/Desktop/FPGA/Software/Arty_A7-100T/Pmod_OLED/Pmod_OLED_wrapper/hw/Pmod_OLED_wrapper.xsa
TRACE::2023-04-03.19:53:07::SCWPlatform:: Unique name xilinx:arty-a7-100::0.0
TRACE::2023-04-03.19:53:07::SCWPlatform::Trying to set the existing hwdb with name Pmod_OLED_wrapper_0
TRACE::2023-04-03.19:53:07::SCWPlatform::Opened existing hwdb Pmod_OLED_wrapper_0
TRACE::2023-04-03.19:53:07::SCWPlatform::Found the Hw Db part of the input DSA
TRACE::2023-04-03.19:53:07::SCWMssOS::Checking the sw design at  C:/Users/luisr/Desktop/FPGA/Software/Arty_A7-100T/Pmod_OLED/Pmod_OLED_wrapper/microblaze_0/standalone_microblaze_0/bsp/system.mss
TRACE::2023-04-03.19:53:07::SCWMssOS::DEBUG:  swdes dump  C:/Users/luisr/Desktop/FPGA/Software/Arty_A7-100T/Pmod_OLED/Pmod_OLED_wrapper/microblaze_0/standalone_microblaze_0/bsp/system.mss|system||

TRACE::2023-04-03.19:53:07::SCWMssOS::Sw design exists and opened at  C:/Users/luisr/Desktop/FPGA/Software/Arty_A7-100T/Pmod_OLED/Pmod_OLED_wrapper/microblaze_0/standalone_microblaze_0/bsp/system.mss
TRACE::2023-04-03.19:53:07::SCWWriter::formatted JSON is {
	"platformName":	"Pmod_OLED_wrapper",
	"sprVersion":	"2.0",
	"mode":	"gui",
	"dsaType":	"Fixed",
	"platformDesc":	"Pmod_OLED_wrapper",
	"platHandOff":	"C:/Users/luisr/Desktop/FPGA/Hardware/Arty A7-100T/Pmod_OLED/Pmod_OLED_wrapper.xsa",
	"platIntHandOff":	"<platformDir>/hw/Pmod_OLED_wrapper.xsa",
	"deviceType":	"FPGA",
	"platIsPrebuiltAutogen":	"false",
	"platIsNoBootBsp":	"false",
	"hasFsblMakeHasChanges":	"false",
	"hasPmufwMakeHasChanges":	"false",
	"platPreBuiltFlag":	false,
	"platformSamplesDir":	"",
	"platActiveSys":	"Pmod_OLED_wrapper",
	"systems":	[{
			"systemName":	"Pmod_OLED_wrapper",
			"systemDesc":	"Pmod_OLED_wrapper",
			"sysIsBootAutoGen":	"true",
			"systemDispName":	"Pmod_OLED_wrapper",
			"sysActiveDom":	"standalone_microblaze_0",
			"sysDefaultDom":	"standalone_microblaze_0",
			"domains":	[{
					"domainName":	"standalone_microblaze_0",
					"domainDispName":	"standalone_microblaze_0",
					"domainDesc":	"standalone_microblaze_0",
					"processors":	"microblaze_0",
					"os":	"standalone",
					"sdxOs":	"standalone",
					"debugEnable":	"False",
					"domRuntimes":	["cpp"],
					"swRepo":	"",
					"mssOsVer":	"7.6",
					"mssFile":	"",
					"md5Digest":	"f37bd56be05fc3364b13c8c328d7fea6",
					"compatibleApp":	"hello_world",
					"domType":	"mssDomain",
					"arch":	"32-bit",
					"appSettings":	{
						"appCompilerFlags":	"",
						"appLinkerFlags":	""
					},
					"addedLibs":	[],
					"libOptions":	{
						"libsContainingOptions":	[]
					},
					"prebuiltLibs":	{
						"prebuiltIncPath":	[],
						"prebuiltLibPath":	[]
					},
					"isolation":	{
					}
				}]
		}]
}
TRACE::2023-04-03.19:53:07::SCWPlatform::Trying to open the hw design at C:/Users/luisr/Desktop/FPGA/Software/Arty_A7-100T/Pmod_OLED/Pmod_OLED_wrapper/hw/Pmod_OLED_wrapper.xsa
TRACE::2023-04-03.19:53:07::SCWPlatform::DSA given C:/Users/luisr/Desktop/FPGA/Software/Arty_A7-100T/Pmod_OLED/Pmod_OLED_wrapper/hw/Pmod_OLED_wrapper.xsa
TRACE::2023-04-03.19:53:07::SCWPlatform::DSA absoulate path C:/Users/luisr/Desktop/FPGA/Software/Arty_A7-100T/Pmod_OLED/Pmod_OLED_wrapper/hw/Pmod_OLED_wrapper.xsa
TRACE::2023-04-03.19:53:07::SCWPlatform::DSA directory C:/Users/luisr/Desktop/FPGA/Software/Arty_A7-100T/Pmod_OLED/Pmod_OLED_wrapper/hw
TRACE::2023-04-03.19:53:07::SCWPlatform:: Platform Path C:/Users/luisr/Desktop/FPGA/Software/Arty_A7-100T/Pmod_OLED/Pmod_OLED_wrapper/hw/Pmod_OLED_wrapper.xsa
TRACE::2023-04-03.19:53:07::SCWPlatform:: Unique name xilinx:arty-a7-100::0.0
TRACE::2023-04-03.19:53:07::SCWPlatform::Trying to set the existing hwdb with name Pmod_OLED_wrapper_0
TRACE::2023-04-03.19:53:07::SCWPlatform::Opened existing hwdb Pmod_OLED_wrapper_0
TRACE::2023-04-03.19:53:07::SCWPlatform::Found the Hw Db part of the input DSA
TRACE::2023-04-03.19:53:07::SCWMssOS::Checking the sw design at  C:/Users/luisr/Desktop/FPGA/Software/Arty_A7-100T/Pmod_OLED/Pmod_OLED_wrapper/microblaze_0/standalone_microblaze_0/bsp/system.mss
TRACE::2023-04-03.19:53:07::SCWMssOS::DEBUG:  swdes dump  C:/Users/luisr/Desktop/FPGA/Software/Arty_A7-100T/Pmod_OLED/Pmod_OLED_wrapper/microblaze_0/standalone_microblaze_0/bsp/system.mss|system||

TRACE::2023-04-03.19:53:07::SCWMssOS::Sw design exists and opened at  C:/Users/luisr/Desktop/FPGA/Software/Arty_A7-100T/Pmod_OLED/Pmod_OLED_wrapper/microblaze_0/standalone_microblaze_0/bsp/system.mss
TRACE::2023-04-03.19:53:07::SCWPlatform::Trying to open the hw design at C:/Users/luisr/Desktop/FPGA/Software/Arty_A7-100T/Pmod_OLED/Pmod_OLED_wrapper/hw/Pmod_OLED_wrapper.xsa
TRACE::2023-04-03.19:53:07::SCWPlatform::DSA given C:/Users/luisr/Desktop/FPGA/Software/Arty_A7-100T/Pmod_OLED/Pmod_OLED_wrapper/hw/Pmod_OLED_wrapper.xsa
TRACE::2023-04-03.19:53:07::SCWPlatform::DSA absoulate path C:/Users/luisr/Desktop/FPGA/Software/Arty_A7-100T/Pmod_OLED/Pmod_OLED_wrapper/hw/Pmod_OLED_wrapper.xsa
TRACE::2023-04-03.19:53:07::SCWPlatform::DSA directory C:/Users/luisr/Desktop/FPGA/Software/Arty_A7-100T/Pmod_OLED/Pmod_OLED_wrapper/hw
TRACE::2023-04-03.19:53:07::SCWPlatform:: Platform Path C:/Users/luisr/Desktop/FPGA/Software/Arty_A7-100T/Pmod_OLED/Pmod_OLED_wrapper/hw/Pmod_OLED_wrapper.xsa
TRACE::2023-04-03.19:53:07::SCWPlatform:: Unique name xilinx:arty-a7-100::0.0
TRACE::2023-04-03.19:53:07::SCWPlatform::Trying to set the existing hwdb with name Pmod_OLED_wrapper_0
TRACE::2023-04-03.19:53:07::SCWPlatform::Opened existing hwdb Pmod_OLED_wrapper_0
TRACE::2023-04-03.19:53:07::SCWPlatform::Found the Hw Db part of the input DSA
TRACE::2023-04-03.19:53:07::SCWMssOS::Checking the sw design at  C:/Users/luisr/Desktop/FPGA/Software/Arty_A7-100T/Pmod_OLED/Pmod_OLED_wrapper/microblaze_0/standalone_microblaze_0/bsp/system.mss
TRACE::2023-04-03.19:53:07::SCWMssOS::DEBUG:  swdes dump  C:/Users/luisr/Desktop/FPGA/Software/Arty_A7-100T/Pmod_OLED/Pmod_OLED_wrapper/microblaze_0/standalone_microblaze_0/bsp/system.mss|system||

TRACE::2023-04-03.19:53:07::SCWMssOS::Sw design exists and opened at  C:/Users/luisr/Desktop/FPGA/Software/Arty_A7-100T/Pmod_OLED/Pmod_OLED_wrapper/microblaze_0/standalone_microblaze_0/bsp/system.mss
TRACE::2023-04-03.19:53:07::SCWMssOS::Saving the mss changes C:/Users/luisr/Desktop/FPGA/Software/Arty_A7-100T/Pmod_OLED/Pmod_OLED_wrapper/microblaze_0/standalone_microblaze_0/bsp/system.mss
TRACE::2023-04-03.19:53:07::SCWMssOS::Found a swdesign opened with the mssfile.
TRACE::2023-04-03.19:53:07::SCWMssOS::Completed writemss as part of save.
TRACE::2023-04-03.19:53:07::SCWMssOS::Commit changes completed.
TRACE::2023-04-03.19:53:07::SCWPlatform::Trying to open the hw design at C:/Users/luisr/Desktop/FPGA/Software/Arty_A7-100T/Pmod_OLED/Pmod_OLED_wrapper/hw/Pmod_OLED_wrapper.xsa
TRACE::2023-04-03.19:53:07::SCWPlatform::DSA given C:/Users/luisr/Desktop/FPGA/Software/Arty_A7-100T/Pmod_OLED/Pmod_OLED_wrapper/hw/Pmod_OLED_wrapper.xsa
TRACE::2023-04-03.19:53:07::SCWPlatform::DSA absoulate path C:/Users/luisr/Desktop/FPGA/Software/Arty_A7-100T/Pmod_OLED/Pmod_OLED_wrapper/hw/Pmod_OLED_wrapper.xsa
TRACE::2023-04-03.19:53:07::SCWPlatform::DSA directory C:/Users/luisr/Desktop/FPGA/Software/Arty_A7-100T/Pmod_OLED/Pmod_OLED_wrapper/hw
TRACE::2023-04-03.19:53:07::SCWPlatform:: Platform Path C:/Users/luisr/Desktop/FPGA/Software/Arty_A7-100T/Pmod_OLED/Pmod_OLED_wrapper/hw/Pmod_OLED_wrapper.xsa
TRACE::2023-04-03.19:53:07::SCWPlatform:: Unique name xilinx:arty-a7-100::0.0
TRACE::2023-04-03.19:53:07::SCWPlatform::Trying to set the existing hwdb with name Pmod_OLED_wrapper_0
TRACE::2023-04-03.19:53:07::SCWPlatform::Opened existing hwdb Pmod_OLED_wrapper_0
TRACE::2023-04-03.19:53:07::SCWPlatform::Found the Hw Db part of the input DSA
TRACE::2023-04-03.19:53:07::SCWMssOS::Checking the sw design at  C:/Users/luisr/Desktop/FPGA/Software/Arty_A7-100T/Pmod_OLED/Pmod_OLED_wrapper/microblaze_0/standalone_microblaze_0/bsp/system.mss
TRACE::2023-04-03.19:53:07::SCWMssOS::DEBUG:  swdes dump  C:/Users/luisr/Desktop/FPGA/Software/Arty_A7-100T/Pmod_OLED/Pmod_OLED_wrapper/microblaze_0/standalone_microblaze_0/bsp/system.mss|system||

TRACE::2023-04-03.19:53:07::SCWMssOS::Sw design exists and opened at  C:/Users/luisr/Desktop/FPGA/Software/Arty_A7-100T/Pmod_OLED/Pmod_OLED_wrapper/microblaze_0/standalone_microblaze_0/bsp/system.mss
TRACE::2023-04-03.19:53:07::SCWPlatform::Trying to open the hw design at C:/Users/luisr/Desktop/FPGA/Software/Arty_A7-100T/Pmod_OLED/Pmod_OLED_wrapper/hw/Pmod_OLED_wrapper.xsa
TRACE::2023-04-03.19:53:07::SCWPlatform::DSA given C:/Users/luisr/Desktop/FPGA/Software/Arty_A7-100T/Pmod_OLED/Pmod_OLED_wrapper/hw/Pmod_OLED_wrapper.xsa
TRACE::2023-04-03.19:53:07::SCWPlatform::DSA absoulate path C:/Users/luisr/Desktop/FPGA/Software/Arty_A7-100T/Pmod_OLED/Pmod_OLED_wrapper/hw/Pmod_OLED_wrapper.xsa
TRACE::2023-04-03.19:53:07::SCWPlatform::DSA directory C:/Users/luisr/Desktop/FPGA/Software/Arty_A7-100T/Pmod_OLED/Pmod_OLED_wrapper/hw
TRACE::2023-04-03.19:53:07::SCWPlatform:: Platform Path C:/Users/luisr/Desktop/FPGA/Software/Arty_A7-100T/Pmod_OLED/Pmod_OLED_wrapper/hw/Pmod_OLED_wrapper.xsa
TRACE::2023-04-03.19:53:07::SCWPlatform:: Unique name xilinx:arty-a7-100::0.0
TRACE::2023-04-03.19:53:07::SCWPlatform::Trying to set the existing hwdb with name Pmod_OLED_wrapper_0
TRACE::2023-04-03.19:53:07::SCWPlatform::Opened existing hwdb Pmod_OLED_wrapper_0
TRACE::2023-04-03.19:53:07::SCWPlatform::Found the Hw Db part of the input DSA
TRACE::2023-04-03.19:53:07::SCWMssOS::Checking the sw design at  C:/Users/luisr/Desktop/FPGA/Software/Arty_A7-100T/Pmod_OLED/Pmod_OLED_wrapper/microblaze_0/standalone_microblaze_0/bsp/system.mss
TRACE::2023-04-03.19:53:07::SCWMssOS::DEBUG:  swdes dump  C:/Users/luisr/Desktop/FPGA/Software/Arty_A7-100T/Pmod_OLED/Pmod_OLED_wrapper/microblaze_0/standalone_microblaze_0/bsp/system.mss|system||

TRACE::2023-04-03.19:53:07::SCWMssOS::Sw design exists and opened at  C:/Users/luisr/Desktop/FPGA/Software/Arty_A7-100T/Pmod_OLED/Pmod_OLED_wrapper/microblaze_0/standalone_microblaze_0/bsp/system.mss
TRACE::2023-04-03.19:53:07::SCWPlatform::Trying to open the hw design at C:/Users/luisr/Desktop/FPGA/Software/Arty_A7-100T/Pmod_OLED/Pmod_OLED_wrapper/hw/Pmod_OLED_wrapper.xsa
TRACE::2023-04-03.19:53:07::SCWPlatform::DSA given C:/Users/luisr/Desktop/FPGA/Software/Arty_A7-100T/Pmod_OLED/Pmod_OLED_wrapper/hw/Pmod_OLED_wrapper.xsa
TRACE::2023-04-03.19:53:07::SCWPlatform::DSA absoulate path C:/Users/luisr/Desktop/FPGA/Software/Arty_A7-100T/Pmod_OLED/Pmod_OLED_wrapper/hw/Pmod_OLED_wrapper.xsa
TRACE::2023-04-03.19:53:07::SCWPlatform::DSA directory C:/Users/luisr/Desktop/FPGA/Software/Arty_A7-100T/Pmod_OLED/Pmod_OLED_wrapper/hw
TRACE::2023-04-03.19:53:07::SCWPlatform:: Platform Path C:/Users/luisr/Desktop/FPGA/Software/Arty_A7-100T/Pmod_OLED/Pmod_OLED_wrapper/hw/Pmod_OLED_wrapper.xsa
TRACE::2023-04-03.19:53:07::SCWPlatform:: Unique name xilinx:arty-a7-100::0.0
TRACE::2023-04-03.19:53:07::SCWPlatform::Trying to set the existing hwdb with name Pmod_OLED_wrapper_0
TRACE::2023-04-03.19:53:07::SCWPlatform::Opened existing hwdb Pmod_OLED_wrapper_0
TRACE::2023-04-03.19:53:07::SCWPlatform::Found the Hw Db part of the input DSA
TRACE::2023-04-03.19:53:07::SCWMssOS::Checking the sw design at  C:/Users/luisr/Desktop/FPGA/Software/Arty_A7-100T/Pmod_OLED/Pmod_OLED_wrapper/microblaze_0/standalone_microblaze_0/bsp/system.mss
TRACE::2023-04-03.19:53:07::SCWMssOS::DEBUG:  swdes dump  C:/Users/luisr/Desktop/FPGA/Software/Arty_A7-100T/Pmod_OLED/Pmod_OLED_wrapper/microblaze_0/standalone_microblaze_0/bsp/system.mss|system||

TRACE::2023-04-03.19:53:07::SCWMssOS::Sw design exists and opened at  C:/Users/luisr/Desktop/FPGA/Software/Arty_A7-100T/Pmod_OLED/Pmod_OLED_wrapper/microblaze_0/standalone_microblaze_0/bsp/system.mss
TRACE::2023-04-03.19:53:07::SCWWriter::formatted JSON is {
	"platformName":	"Pmod_OLED_wrapper",
	"sprVersion":	"2.0",
	"mode":	"gui",
	"dsaType":	"Fixed",
	"platformDesc":	"Pmod_OLED_wrapper",
	"platHandOff":	"C:/Users/luisr/Desktop/FPGA/Hardware/Arty A7-100T/Pmod_OLED/Pmod_OLED_wrapper.xsa",
	"platIntHandOff":	"<platformDir>/hw/Pmod_OLED_wrapper.xsa",
	"deviceType":	"FPGA",
	"platIsPrebuiltAutogen":	"false",
	"platIsNoBootBsp":	"false",
	"hasFsblMakeHasChanges":	"false",
	"hasPmufwMakeHasChanges":	"false",
	"platPreBuiltFlag":	false,
	"platformSamplesDir":	"",
	"platActiveSys":	"Pmod_OLED_wrapper",
	"systems":	[{
			"systemName":	"Pmod_OLED_wrapper",
			"systemDesc":	"Pmod_OLED_wrapper",
			"sysIsBootAutoGen":	"true",
			"systemDispName":	"Pmod_OLED_wrapper",
			"sysActiveDom":	"standalone_microblaze_0",
			"sysDefaultDom":	"standalone_microblaze_0",
			"domains":	[{
					"domainName":	"standalone_microblaze_0",
					"domainDispName":	"standalone_microblaze_0",
					"domainDesc":	"standalone_microblaze_0",
					"processors":	"microblaze_0",
					"os":	"standalone",
					"sdxOs":	"standalone",
					"debugEnable":	"False",
					"domRuntimes":	["cpp"],
					"swRepo":	"",
					"mssOsVer":	"7.6",
					"mssFile":	"",
					"md5Digest":	"f37bd56be05fc3364b13c8c328d7fea6",
					"compatibleApp":	"hello_world",
					"domType":	"mssDomain",
					"arch":	"32-bit",
					"appSettings":	{
						"appCompilerFlags":	"",
						"appLinkerFlags":	""
					},
					"addedLibs":	[],
					"libOptions":	{
						"libsContainingOptions":	[]
					},
					"prebuiltLibs":	{
						"prebuiltIncPath":	[],
						"prebuiltLibPath":	[]
					},
					"isolation":	{
					}
				}]
		}]
}
LOG::2023-04-03.19:53:07::SCWPlatform::Started generating the artifacts platform Pmod_OLED_wrapper
TRACE::2023-04-03.19:53:07::SCWPlatform::Sanity checking of platform is completed
LOG::2023-04-03.19:53:08::SCWPlatform::Started generating the artifacts for system configuration Pmod_OLED_wrapper
LOG::2023-04-03.19:53:08::SCWSystem::Started Processing the domain standalone_microblaze_0
TRACE::2023-04-03.19:53:08::SCWDomain::Generating domain artifcats
TRACE::2023-04-03.19:53:08::SCWMssOS::Generating standalone artifcats
TRACE::2023-04-03.19:53:08::SCWMssOS:: Copying the user libraries. 
TRACE::2023-04-03.19:53:08::SCWPlatform::Trying to open the hw design at C:/Users/luisr/Desktop/FPGA/Software/Arty_A7-100T/Pmod_OLED/Pmod_OLED_wrapper/hw/Pmod_OLED_wrapper.xsa
TRACE::2023-04-03.19:53:08::SCWPlatform::DSA given C:/Users/luisr/Desktop/FPGA/Software/Arty_A7-100T/Pmod_OLED/Pmod_OLED_wrapper/hw/Pmod_OLED_wrapper.xsa
TRACE::2023-04-03.19:53:08::SCWPlatform::DSA absoulate path C:/Users/luisr/Desktop/FPGA/Software/Arty_A7-100T/Pmod_OLED/Pmod_OLED_wrapper/hw/Pmod_OLED_wrapper.xsa
TRACE::2023-04-03.19:53:08::SCWPlatform::DSA directory C:/Users/luisr/Desktop/FPGA/Software/Arty_A7-100T/Pmod_OLED/Pmod_OLED_wrapper/hw
TRACE::2023-04-03.19:53:08::SCWPlatform:: Platform Path C:/Users/luisr/Desktop/FPGA/Software/Arty_A7-100T/Pmod_OLED/Pmod_OLED_wrapper/hw/Pmod_OLED_wrapper.xsa
TRACE::2023-04-03.19:53:08::SCWPlatform:: Unique name xilinx:arty-a7-100::0.0
TRACE::2023-04-03.19:53:08::SCWPlatform::Trying to set the existing hwdb with name Pmod_OLED_wrapper_0
TRACE::2023-04-03.19:53:08::SCWPlatform::Opened existing hwdb Pmod_OLED_wrapper_0
TRACE::2023-04-03.19:53:08::SCWPlatform::Found the Hw Db part of the input DSA
TRACE::2023-04-03.19:53:08::SCWMssOS::Checking the sw design at  C:/Users/luisr/Desktop/FPGA/Software/Arty_A7-100T/Pmod_OLED/Pmod_OLED_wrapper/microblaze_0/standalone_microblaze_0/bsp/system.mss
TRACE::2023-04-03.19:53:08::SCWMssOS::DEBUG:  swdes dump  C:/Users/luisr/Desktop/FPGA/Software/Arty_A7-100T/Pmod_OLED/Pmod_OLED_wrapper/microblaze_0/standalone_microblaze_0/bsp/system.mss|system||

TRACE::2023-04-03.19:53:08::SCWMssOS::Sw design exists and opened at  C:/Users/luisr/Desktop/FPGA/Software/Arty_A7-100T/Pmod_OLED/Pmod_OLED_wrapper/microblaze_0/standalone_microblaze_0/bsp/system.mss
TRACE::2023-04-03.19:53:08::SCWMssOS::Completed writing the mss file at C:/Users/luisr/Desktop/FPGA/Software/Arty_A7-100T/Pmod_OLED/Pmod_OLED_wrapper/microblaze_0/standalone_microblaze_0/bsp
TRACE::2023-04-03.19:53:08::SCWMssOS::Mss edits present, copying mssfile into export location C:/Users/luisr/Desktop/FPGA/Software/Arty_A7-100T/Pmod_OLED/Pmod_OLED_wrapper/microblaze_0/standalone_microblaze_0/bsp/system.mss
TRACE::2023-04-03.19:53:08::SCWMssOS::bsp generated is upto date with the mss file. Skipping bsp generation.
TRACE::2023-04-03.19:53:08::SCWMssOS::BSP is already built. skipping the bsp build ... 
TRACE::2023-04-03.19:53:08::SCWDomain::Building the domain as part of full build :  standalone_microblaze_0
TRACE::2023-04-03.19:53:08::SCWMssOS::skipping the bsp build ... 
TRACE::2023-04-03.19:53:08::SCWMssOS::Copying to export directory.
TRACE::2023-04-03.19:53:08::SCWMssOS:: Checking if to create the Supporting Applications
TRACE::2023-04-03.19:53:08::SCWMssOS:: No Linux domain exists, trying to generate FSBL 
LOG::2023-04-03.19:53:08::SCWSystem::Completed Processing the domain standalone_microblaze_0
LOG::2023-04-03.19:53:08::SCWSystem::Completed Processing the sysconfig Pmod_OLED_wrapper
LOG::2023-04-03.19:53:08::SCWPlatform::Completed generating the artifacts for system configuration Pmod_OLED_wrapper
TRACE::2023-04-03.19:53:08::SCWPlatform::Started preparing the platform 
TRACE::2023-04-03.19:53:08::SCWSystem::Writing the bif file for system config Pmod_OLED_wrapper
TRACE::2023-04-03.19:53:08::SCWSystem::dir created 
TRACE::2023-04-03.19:53:08::SCWSystem::Writing the bif 
TRACE::2023-04-03.19:53:08::SCWPlatform::Started writing the spfm file 
TRACE::2023-04-03.19:53:08::SCWPlatform::Started writing the xpfm file 
TRACE::2023-04-03.19:53:08::SCWPlatform::Completed generating the platform
TRACE::2023-04-03.19:53:08::SCWMssOS::Saving the mss changes C:/Users/luisr/Desktop/FPGA/Software/Arty_A7-100T/Pmod_OLED/Pmod_OLED_wrapper/microblaze_0/standalone_microblaze_0/bsp/system.mss
TRACE::2023-04-03.19:53:08::SCWMssOS::Found a swdesign opened with the mssfile.
TRACE::2023-04-03.19:53:08::SCWMssOS::Completed writemss as part of save.
TRACE::2023-04-03.19:53:08::SCWMssOS::Commit changes completed.
TRACE::2023-04-03.19:53:08::SCWPlatform::Trying to open the hw design at C:/Users/luisr/Desktop/FPGA/Software/Arty_A7-100T/Pmod_OLED/Pmod_OLED_wrapper/hw/Pmod_OLED_wrapper.xsa
TRACE::2023-04-03.19:53:08::SCWPlatform::DSA given C:/Users/luisr/Desktop/FPGA/Software/Arty_A7-100T/Pmod_OLED/Pmod_OLED_wrapper/hw/Pmod_OLED_wrapper.xsa
TRACE::2023-04-03.19:53:08::SCWPlatform::DSA absoulate path C:/Users/luisr/Desktop/FPGA/Software/Arty_A7-100T/Pmod_OLED/Pmod_OLED_wrapper/hw/Pmod_OLED_wrapper.xsa
TRACE::2023-04-03.19:53:08::SCWPlatform::DSA directory C:/Users/luisr/Desktop/FPGA/Software/Arty_A7-100T/Pmod_OLED/Pmod_OLED_wrapper/hw
TRACE::2023-04-03.19:53:08::SCWPlatform:: Platform Path C:/Users/luisr/Desktop/FPGA/Software/Arty_A7-100T/Pmod_OLED/Pmod_OLED_wrapper/hw/Pmod_OLED_wrapper.xsa
TRACE::2023-04-03.19:53:08::SCWPlatform:: Unique name xilinx:arty-a7-100::0.0
TRACE::2023-04-03.19:53:08::SCWPlatform::Trying to set the existing hwdb with name Pmod_OLED_wrapper_0
TRACE::2023-04-03.19:53:08::SCWPlatform::Opened existing hwdb Pmod_OLED_wrapper_0
TRACE::2023-04-03.19:53:08::SCWPlatform::Found the Hw Db part of the input DSA
TRACE::2023-04-03.19:53:08::SCWMssOS::Checking the sw design at  C:/Users/luisr/Desktop/FPGA/Software/Arty_A7-100T/Pmod_OLED/Pmod_OLED_wrapper/microblaze_0/standalone_microblaze_0/bsp/system.mss
TRACE::2023-04-03.19:53:08::SCWMssOS::DEBUG:  swdes dump  C:/Users/luisr/Desktop/FPGA/Software/Arty_A7-100T/Pmod_OLED/Pmod_OLED_wrapper/microblaze_0/standalone_microblaze_0/bsp/system.mss|system||

TRACE::2023-04-03.19:53:08::SCWMssOS::Sw design exists and opened at  C:/Users/luisr/Desktop/FPGA/Software/Arty_A7-100T/Pmod_OLED/Pmod_OLED_wrapper/microblaze_0/standalone_microblaze_0/bsp/system.mss
TRACE::2023-04-03.19:53:08::SCWPlatform::Trying to open the hw design at C:/Users/luisr/Desktop/FPGA/Software/Arty_A7-100T/Pmod_OLED/Pmod_OLED_wrapper/hw/Pmod_OLED_wrapper.xsa
TRACE::2023-04-03.19:53:08::SCWPlatform::DSA given C:/Users/luisr/Desktop/FPGA/Software/Arty_A7-100T/Pmod_OLED/Pmod_OLED_wrapper/hw/Pmod_OLED_wrapper.xsa
TRACE::2023-04-03.19:53:08::SCWPlatform::DSA absoulate path C:/Users/luisr/Desktop/FPGA/Software/Arty_A7-100T/Pmod_OLED/Pmod_OLED_wrapper/hw/Pmod_OLED_wrapper.xsa
TRACE::2023-04-03.19:53:08::SCWPlatform::DSA directory C:/Users/luisr/Desktop/FPGA/Software/Arty_A7-100T/Pmod_OLED/Pmod_OLED_wrapper/hw
TRACE::2023-04-03.19:53:08::SCWPlatform:: Platform Path C:/Users/luisr/Desktop/FPGA/Software/Arty_A7-100T/Pmod_OLED/Pmod_OLED_wrapper/hw/Pmod_OLED_wrapper.xsa
TRACE::2023-04-03.19:53:08::SCWPlatform:: Unique name xilinx:arty-a7-100::0.0
TRACE::2023-04-03.19:53:08::SCWPlatform::Trying to set the existing hwdb with name Pmod_OLED_wrapper_0
TRACE::2023-04-03.19:53:08::SCWPlatform::Opened existing hwdb Pmod_OLED_wrapper_0
TRACE::2023-04-03.19:53:08::SCWPlatform::Found the Hw Db part of the input DSA
TRACE::2023-04-03.19:53:08::SCWMssOS::Checking the sw design at  C:/Users/luisr/Desktop/FPGA/Software/Arty_A7-100T/Pmod_OLED/Pmod_OLED_wrapper/microblaze_0/standalone_microblaze_0/bsp/system.mss
TRACE::2023-04-03.19:53:08::SCWMssOS::DEBUG:  swdes dump  C:/Users/luisr/Desktop/FPGA/Software/Arty_A7-100T/Pmod_OLED/Pmod_OLED_wrapper/microblaze_0/standalone_microblaze_0/bsp/system.mss|system||

TRACE::2023-04-03.19:53:08::SCWMssOS::Sw design exists and opened at  C:/Users/luisr/Desktop/FPGA/Software/Arty_A7-100T/Pmod_OLED/Pmod_OLED_wrapper/microblaze_0/standalone_microblaze_0/bsp/system.mss
TRACE::2023-04-03.19:53:08::SCWPlatform::Trying to open the hw design at C:/Users/luisr/Desktop/FPGA/Software/Arty_A7-100T/Pmod_OLED/Pmod_OLED_wrapper/hw/Pmod_OLED_wrapper.xsa
TRACE::2023-04-03.19:53:08::SCWPlatform::DSA given C:/Users/luisr/Desktop/FPGA/Software/Arty_A7-100T/Pmod_OLED/Pmod_OLED_wrapper/hw/Pmod_OLED_wrapper.xsa
TRACE::2023-04-03.19:53:08::SCWPlatform::DSA absoulate path C:/Users/luisr/Desktop/FPGA/Software/Arty_A7-100T/Pmod_OLED/Pmod_OLED_wrapper/hw/Pmod_OLED_wrapper.xsa
TRACE::2023-04-03.19:53:08::SCWPlatform::DSA directory C:/Users/luisr/Desktop/FPGA/Software/Arty_A7-100T/Pmod_OLED/Pmod_OLED_wrapper/hw
TRACE::2023-04-03.19:53:08::SCWPlatform:: Platform Path C:/Users/luisr/Desktop/FPGA/Software/Arty_A7-100T/Pmod_OLED/Pmod_OLED_wrapper/hw/Pmod_OLED_wrapper.xsa
TRACE::2023-04-03.19:53:08::SCWPlatform:: Unique name xilinx:arty-a7-100::0.0
TRACE::2023-04-03.19:53:08::SCWPlatform::Trying to set the existing hwdb with name Pmod_OLED_wrapper_0
TRACE::2023-04-03.19:53:08::SCWPlatform::Opened existing hwdb Pmod_OLED_wrapper_0
TRACE::2023-04-03.19:53:08::SCWPlatform::Found the Hw Db part of the input DSA
TRACE::2023-04-03.19:53:08::SCWMssOS::Checking the sw design at  C:/Users/luisr/Desktop/FPGA/Software/Arty_A7-100T/Pmod_OLED/Pmod_OLED_wrapper/microblaze_0/standalone_microblaze_0/bsp/system.mss
TRACE::2023-04-03.19:53:08::SCWMssOS::DEBUG:  swdes dump  C:/Users/luisr/Desktop/FPGA/Software/Arty_A7-100T/Pmod_OLED/Pmod_OLED_wrapper/microblaze_0/standalone_microblaze_0/bsp/system.mss|system||

TRACE::2023-04-03.19:53:08::SCWMssOS::Sw design exists and opened at  C:/Users/luisr/Desktop/FPGA/Software/Arty_A7-100T/Pmod_OLED/Pmod_OLED_wrapper/microblaze_0/standalone_microblaze_0/bsp/system.mss
TRACE::2023-04-03.19:53:08::SCWWriter::formatted JSON is {
	"platformName":	"Pmod_OLED_wrapper",
	"sprVersion":	"2.0",
	"mode":	"gui",
	"dsaType":	"Fixed",
	"platformDesc":	"Pmod_OLED_wrapper",
	"platHandOff":	"C:/Users/luisr/Desktop/FPGA/Hardware/Arty A7-100T/Pmod_OLED/Pmod_OLED_wrapper.xsa",
	"platIntHandOff":	"<platformDir>/hw/Pmod_OLED_wrapper.xsa",
	"deviceType":	"FPGA",
	"platIsPrebuiltAutogen":	"false",
	"platIsNoBootBsp":	"false",
	"hasFsblMakeHasChanges":	"false",
	"hasPmufwMakeHasChanges":	"false",
	"platPreBuiltFlag":	false,
	"platformSamplesDir":	"",
	"platActiveSys":	"Pmod_OLED_wrapper",
	"systems":	[{
			"systemName":	"Pmod_OLED_wrapper",
			"systemDesc":	"Pmod_OLED_wrapper",
			"sysIsBootAutoGen":	"true",
			"systemDispName":	"Pmod_OLED_wrapper",
			"sysActiveDom":	"standalone_microblaze_0",
			"sysDefaultDom":	"standalone_microblaze_0",
			"domains":	[{
					"domainName":	"standalone_microblaze_0",
					"domainDispName":	"standalone_microblaze_0",
					"domainDesc":	"standalone_microblaze_0",
					"processors":	"microblaze_0",
					"os":	"standalone",
					"sdxOs":	"standalone",
					"debugEnable":	"False",
					"domRuntimes":	["cpp"],
					"swRepo":	"",
					"mssOsVer":	"7.6",
					"mssFile":	"",
					"md5Digest":	"f37bd56be05fc3364b13c8c328d7fea6",
					"compatibleApp":	"hello_world",
					"domType":	"mssDomain",
					"arch":	"32-bit",
					"appSettings":	{
						"appCompilerFlags":	"",
						"appLinkerFlags":	""
					},
					"addedLibs":	[],
					"libOptions":	{
						"libsContainingOptions":	[]
					},
					"prebuiltLibs":	{
						"prebuiltIncPath":	[],
						"prebuiltLibPath":	[]
					},
					"isolation":	{
					}
				}]
		}]
}
KEYINFO::2023-04-03.19:53:08::SCWPlatform::updated the xpfm file.
LOG::2023-04-03.19:54:16::SCWPlatform::Started generating the artifacts platform Pmod_OLED_wrapper
TRACE::2023-04-03.19:54:16::SCWPlatform::Sanity checking of platform is completed
LOG::2023-04-03.19:54:16::SCWPlatform::Started generating the artifacts for system configuration Pmod_OLED_wrapper
LOG::2023-04-03.19:54:16::SCWSystem::Checking the domain standalone_microblaze_0
LOG::2023-04-03.19:54:16::SCWSystem::Not a boot domain 
LOG::2023-04-03.19:54:16::SCWSystem::Started Processing the domain standalone_microblaze_0
TRACE::2023-04-03.19:54:16::SCWDomain::Generating domain artifcats
TRACE::2023-04-03.19:54:16::SCWMssOS::Generating standalone artifcats
TRACE::2023-04-03.19:54:16::SCWMssOS:: Copying the user libraries. 
TRACE::2023-04-03.19:54:16::SCWPlatform::Trying to open the hw design at C:/Users/luisr/Desktop/FPGA/Software/Arty_A7-100T/Pmod_OLED/Pmod_OLED_wrapper/hw/Pmod_OLED_wrapper.xsa
TRACE::2023-04-03.19:54:16::SCWPlatform::DSA given C:/Users/luisr/Desktop/FPGA/Software/Arty_A7-100T/Pmod_OLED/Pmod_OLED_wrapper/hw/Pmod_OLED_wrapper.xsa
TRACE::2023-04-03.19:54:16::SCWPlatform::DSA absoulate path C:/Users/luisr/Desktop/FPGA/Software/Arty_A7-100T/Pmod_OLED/Pmod_OLED_wrapper/hw/Pmod_OLED_wrapper.xsa
TRACE::2023-04-03.19:54:16::SCWPlatform::DSA directory C:/Users/luisr/Desktop/FPGA/Software/Arty_A7-100T/Pmod_OLED/Pmod_OLED_wrapper/hw
TRACE::2023-04-03.19:54:16::SCWPlatform:: Platform Path C:/Users/luisr/Desktop/FPGA/Software/Arty_A7-100T/Pmod_OLED/Pmod_OLED_wrapper/hw/Pmod_OLED_wrapper.xsa
TRACE::2023-04-03.19:54:16::SCWPlatform:: Unique name xilinx:arty-a7-100::0.0
TRACE::2023-04-03.19:54:16::SCWPlatform::Trying to set the existing hwdb with name Pmod_OLED_wrapper_0
TRACE::2023-04-03.19:54:16::SCWPlatform::Opened existing hwdb Pmod_OLED_wrapper_0
TRACE::2023-04-03.19:54:16::SCWPlatform::Found the Hw Db part of the input DSA
TRACE::2023-04-03.19:54:16::SCWMssOS::Checking the sw design at  C:/Users/luisr/Desktop/FPGA/Software/Arty_A7-100T/Pmod_OLED/Pmod_OLED_wrapper/microblaze_0/standalone_microblaze_0/bsp/system.mss
TRACE::2023-04-03.19:54:16::SCWMssOS::DEBUG:  swdes dump  C:/Users/luisr/Desktop/FPGA/Software/Arty_A7-100T/Pmod_OLED/Pmod_OLED_wrapper/microblaze_0/standalone_microblaze_0/bsp/system.mss|system||

TRACE::2023-04-03.19:54:16::SCWMssOS::Sw design exists and opened at  C:/Users/luisr/Desktop/FPGA/Software/Arty_A7-100T/Pmod_OLED/Pmod_OLED_wrapper/microblaze_0/standalone_microblaze_0/bsp/system.mss
TRACE::2023-04-03.19:54:16::SCWMssOS::Completed writing the mss file at C:/Users/luisr/Desktop/FPGA/Software/Arty_A7-100T/Pmod_OLED/Pmod_OLED_wrapper/microblaze_0/standalone_microblaze_0/bsp
TRACE::2023-04-03.19:54:16::SCWMssOS::Mss edits present, copying mssfile into export location C:/Users/luisr/Desktop/FPGA/Software/Arty_A7-100T/Pmod_OLED/Pmod_OLED_wrapper/microblaze_0/standalone_microblaze_0/bsp/system.mss
TRACE::2023-04-03.19:54:16::SCWMssOS::bsp generated is upto date with the mss file. Skipping bsp generation.
TRACE::2023-04-03.19:54:16::SCWMssOS::BSP is already built. skipping the bsp build ... 
TRACE::2023-04-03.19:54:16::SCWDomain::Building the domain as part of full build :  standalone_microblaze_0
TRACE::2023-04-03.19:54:16::SCWMssOS::doing bsp build ... 
TRACE::2023-04-03.19:54:16::SCWMssOS::System Command Ran  C: & cd  C:/Users/luisr/Desktop/FPGA/Software/Arty_A7-100T/Pmod_OLED/Pmod_OLED_wrapper/microblaze_0/standalone_microblaze_0/bsp & make 
TRACE::2023-04-03.19:54:16::SCWMssOS::make --no-print-directory seq_libs

TRACE::2023-04-03.19:54:16::SCWMssOS::"Running Make include in microblaze_0/libsrc/bram_v4_7/src"

TRACE::2023-04-03.19:54:16::SCWMssOS::make -C microblaze_0/libsrc/bram_v4_7/src -s include  "SHELL=CMD" "COMPILER=mb-gcc" "ASSEMBLER=mb-as" "ARCHIVER=mb-ar" "COMPILE
TRACE::2023-04-03.19:54:16::SCWMssOS::R_FLAGS=  -O2 -c -mcpu=v11.0 -mlittle-endian -mxl-soft-mul" "EXTRA_COMPILER_FLAGS=-g -ffunction-sections -fdata-sections -Wall 
TRACE::2023-04-03.19:54:16::SCWMssOS::-Wextra -fno-tree-loop-distribute-patterns"

TRACE::2023-04-03.19:54:17::SCWMssOS::"Running Make include in microblaze_0/libsrc/cpu_v2_14/src"

TRACE::2023-04-03.19:54:17::SCWMssOS::make -C microblaze_0/libsrc/cpu_v2_14/src -s include  "SHELL=CMD" "COMPILER=mb-gcc" "ASSEMBLER=mb-as" "ARCHIVER=mb-ar" "COMPILE
TRACE::2023-04-03.19:54:17::SCWMssOS::R_FLAGS=  -O2 -c -mcpu=v11.0 -mlittle-endian -mxl-soft-mul" "EXTRA_COMPILER_FLAGS=-g -ffunction-sections -fdata-sections -Wall 
TRACE::2023-04-03.19:54:17::SCWMssOS::-Wextra -fno-tree-loop-distribute-patterns"

TRACE::2023-04-03.19:54:17::SCWMssOS::"Running Make include in microblaze_0/libsrc/PmodOLED_v1_0/src"

TRACE::2023-04-03.19:54:17::SCWMssOS::make -C microblaze_0/libsrc/PmodOLED_v1_0/src -s include  "SHELL=CMD" "COMPILER=mb-gcc" "ASSEMBLER=mb-as" "ARCHIVER=mb-ar" "COM
TRACE::2023-04-03.19:54:17::SCWMssOS::PILER_FLAGS=  -O2 -c -mcpu=v11.0 -mlittle-endian -mxl-soft-mul" "EXTRA_COMPILER_FLAGS=-g -ffunction-sections -fdata-sections -W
TRACE::2023-04-03.19:54:17::SCWMssOS::all -Wextra -fno-tree-loop-distribute-patterns"

TRACE::2023-04-03.19:54:17::SCWMssOS::"Running Make include in microblaze_0/libsrc/standalone_v7_6/src"

TRACE::2023-04-03.19:54:17::SCWMssOS::make -C microblaze_0/libsrc/standalone_v7_6/src -s include  "SHELL=CMD" "COMPILER=mb-gcc" "ASSEMBLER=mb-as" "ARCHIVER=mb-ar" "C
TRACE::2023-04-03.19:54:17::SCWMssOS::OMPILER_FLAGS=  -O2 -c -mcpu=v11.0 -mlittle-endian -mxl-soft-mul" "EXTRA_COMPILER_FLAGS=-g -ffunction-sections -fdata-sections 
TRACE::2023-04-03.19:54:17::SCWMssOS::-Wall -Wextra -fno-tree-loop-distribute-patterns"

TRACE::2023-04-03.19:54:17::SCWMssOS::"Running Make include in microblaze_0/libsrc/uartlite_v3_6/src"

TRACE::2023-04-03.19:54:17::SCWMssOS::make -C microblaze_0/libsrc/uartlite_v3_6/src -s include  "SHELL=CMD" "COMPILER=mb-gcc" "ASSEMBLER=mb-as" "ARCHIVER=mb-ar" "COM
TRACE::2023-04-03.19:54:17::SCWMssOS::PILER_FLAGS=  -O2 -c -mcpu=v11.0 -mlittle-endian -mxl-soft-mul" "EXTRA_COMPILER_FLAGS=-g -ffunction-sections -fdata-sections -W
TRACE::2023-04-03.19:54:17::SCWMssOS::all -Wextra -fno-tree-loop-distribute-patterns"

TRACE::2023-04-03.19:54:17::SCWMssOS::"Running Make libs in microblaze_0/libsrc/PmodOLED_v1_0/src"

TRACE::2023-04-03.19:54:17::SCWMssOS::make -C microblaze_0/libsrc/PmodOLED_v1_0/src -s libs  "SHELL=CMD" "COMPILER=mb-gcc" "ASSEMBLER=mb-as" "ARCHIVER=mb-ar" "COMPIL
TRACE::2023-04-03.19:54:17::SCWMssOS::ER_FLAGS=  -O2 -c -mcpu=v11.0 -mlittle-endian -mxl-soft-mul" "EXTRA_COMPILER_FLAGS=-g -ffunction-sections -fdata-sections -Wall
TRACE::2023-04-03.19:54:17::SCWMssOS:: -Wextra -fno-tree-loop-distribute-patterns"

TRACE::2023-04-03.19:54:17::SCWMssOS::"Compiling PmodOLED"

TRACE::2023-04-03.19:54:19::SCWMssOS::'Finished building libraries sequentially.'

TRACE::2023-04-03.19:54:19::SCWMssOS::make -j 6 --no-print-directory par_libs

TRACE::2023-04-03.19:54:19::SCWMssOS::"Running Make include in microblaze_0/libsrc/bram_v4_7/src"

TRACE::2023-04-03.19:54:19::SCWMssOS::make -C microblaze_0/libsrc/bram_v4_7/src -s include  "SHELL=CMD" "COMPILER=mb-gcc" "ASSEMBLER=mb-as" "ARCHIVER=mb-ar" "COMPILE
TRACE::2023-04-03.19:54:19::SCWMssOS::R_FLAGS=  -O2 -c -mcpu=v11.0 -mlittle-endian -mxl-soft-mul" "EXTRA_COMPILER_FLAGS=-g -ffunction-sections -fdata-sections -Wall 
TRACE::2023-04-03.19:54:19::SCWMssOS::-Wextra -fno-tree-loop-distribute-patterns"

TRACE::2023-04-03.19:54:19::SCWMssOS::"Running Make include in microblaze_0/libsrc/cpu_v2_14/src"

TRACE::2023-04-03.19:54:19::SCWMssOS::make -C microblaze_0/libsrc/cpu_v2_14/src -s include  "SHELL=CMD" "COMPILER=mb-gcc" "ASSEMBLER=mb-as" "ARCHIVER=mb-ar" "COMPILE
TRACE::2023-04-03.19:54:19::SCWMssOS::R_FLAGS=  -O2 -c -mcpu=v11.0 -mlittle-endian -mxl-soft-mul" "EXTRA_COMPILER_FLAGS=-g -ffunction-sections -fdata-sections -Wall 
TRACE::2023-04-03.19:54:19::SCWMssOS::-Wextra -fno-tree-loop-distribute-patterns"

TRACE::2023-04-03.19:54:19::SCWMssOS::"Running Make include in microblaze_0/libsrc/PmodOLED_v1_0/src"

TRACE::2023-04-03.19:54:19::SCWMssOS::make -C microblaze_0/libsrc/PmodOLED_v1_0/src -s include  "SHELL=CMD" "COMPILER=mb-gcc" "ASSEMBLER=mb-as" "ARCHIVER=mb-ar" "COM
TRACE::2023-04-03.19:54:19::SCWMssOS::PILER_FLAGS=  -O2 -c -mcpu=v11.0 -mlittle-endian -mxl-soft-mul" "EXTRA_COMPILER_FLAGS=-g -ffunction-sections -fdata-sections -W
TRACE::2023-04-03.19:54:19::SCWMssOS::all -Wextra -fno-tree-loop-distribute-patterns"

TRACE::2023-04-03.19:54:19::SCWMssOS::"Running Make include in microblaze_0/libsrc/standalone_v7_6/src"

TRACE::2023-04-03.19:54:19::SCWMssOS::make -C microblaze_0/libsrc/standalone_v7_6/src -s include  "SHELL=CMD" "COMPILER=mb-gcc" "ASSEMBLER=mb-as" "ARCHIVER=mb-ar" "C
TRACE::2023-04-03.19:54:19::SCWMssOS::OMPILER_FLAGS=  -O2 -c -mcpu=v11.0 -mlittle-endian -mxl-soft-mul" "EXTRA_COMPILER_FLAGS=-g -ffunction-sections -fdata-sections 
TRACE::2023-04-03.19:54:19::SCWMssOS::-Wall -Wextra -fno-tree-loop-distribute-patterns"

TRACE::2023-04-03.19:54:19::SCWMssOS::"Running Make include in microblaze_0/libsrc/uartlite_v3_6/src"

TRACE::2023-04-03.19:54:19::SCWMssOS::make -C microblaze_0/libsrc/uartlite_v3_6/src -s include  "SHELL=CMD" "COMPILER=mb-gcc" "ASSEMBLER=mb-as" "ARCHIVER=mb-ar" "COM
TRACE::2023-04-03.19:54:19::SCWMssOS::PILER_FLAGS=  -O2 -c -mcpu=v11.0 -mlittle-endian -mxl-soft-mul" "EXTRA_COMPILER_FLAGS=-g -ffunction-sections -fdata-sections -W
TRACE::2023-04-03.19:54:19::SCWMssOS::all -Wextra -fno-tree-loop-distribute-patterns"

TRACE::2023-04-03.19:54:19::SCWMssOS::"Running Make libs in microblaze_0/libsrc/bram_v4_7/src"

TRACE::2023-04-03.19:54:19::SCWMssOS::make -C microblaze_0/libsrc/bram_v4_7/src -s libs  "SHELL=CMD" "COMPILER=mb-gcc" "ASSEMBLER=mb-as" "ARCHIVER=mb-ar" "COMPILER_F
TRACE::2023-04-03.19:54:19::SCWMssOS::LAGS=  -O2 -c -mcpu=v11.0 -mlittle-endian -mxl-soft-mul" "EXTRA_COMPILER_FLAGS=-g -ffunction-sections -fdata-sections -Wall -We
TRACE::2023-04-03.19:54:19::SCWMssOS::xtra -fno-tree-loop-distribute-patterns"

TRACE::2023-04-03.19:54:19::SCWMssOS::"Running Make libs in microblaze_0/libsrc/cpu_v2_14/src"

TRACE::2023-04-03.19:54:20::SCWMssOS::make -C microblaze_0/libsrc/cpu_v2_14/src -s libs  "SHELL=CMD" "COMPILER=mb-gcc" "ASSEMBLER=mb-as" "ARCHIVER=mb-ar" "COMPILER_F
TRACE::2023-04-03.19:54:20::SCWMssOS::LAGS=  -O2 -c -mcpu=v11.0 -mlittle-endian -mxl-soft-mul" "EXTRA_COMPILER_FLAGS=-g -ffunction-sections -fdata-sections -Wall -We
TRACE::2023-04-03.19:54:20::SCWMssOS::xtra -fno-tree-loop-distribute-patterns"

TRACE::2023-04-03.19:54:20::SCWMssOS::"Running Make libs in microblaze_0/libsrc/standalone_v7_6/src"

TRACE::2023-04-03.19:54:20::SCWMssOS::make -C microblaze_0/libsrc/standalone_v7_6/src -s libs  "SHELL=CMD" "COMPILER=mb-gcc" "ASSEMBLER=mb-as" "ARCHIVER=mb-ar" "COMP
TRACE::2023-04-03.19:54:20::SCWMssOS::ILER_FLAGS=  -O2 -c -mcpu=v11.0 -mlittle-endian -mxl-soft-mul" "EXTRA_COMPILER_FLAGS=-g -ffunction-sections -fdata-sections -Wa
TRACE::2023-04-03.19:54:20::SCWMssOS::ll -Wextra -fno-tree-loop-distribute-patterns"

TRACE::2023-04-03.19:54:20::SCWMssOS::"Running Make libs in microblaze_0/libsrc/uartlite_v3_6/src"

TRACE::2023-04-03.19:54:20::SCWMssOS::make -C microblaze_0/libsrc/uartlite_v3_6/src -s libs  "SHELL=CMD" "COMPILER=mb-gcc" "ASSEMBLER=mb-as" "ARCHIVER=mb-ar" "COMPIL
TRACE::2023-04-03.19:54:20::SCWMssOS::ER_FLAGS=  -O2 -c -mcpu=v11.0 -mlittle-endian -mxl-soft-mul" "EXTRA_COMPILER_FLAGS=-g -ffunction-sections -fdata-sections -Wall
TRACE::2023-04-03.19:54:20::SCWMssOS:: -Wextra -fno-tree-loop-distribute-patterns"

TRACE::2023-04-03.19:54:21::SCWMssOS::"DEBUG NON_LTO_OBJECTS is ../../../lib/microblaze_interrupt_handler.o"

TRACE::2023-04-03.19:54:21::SCWMssOS::'Finished building libraries parallelly.'

TRACE::2023-04-03.19:54:21::SCWMssOS::make --no-print-directory archive

TRACE::2023-04-03.19:54:21::SCWMssOS::mb-ar -r  microblaze_0/lib/libxil.a microblaze_0/lib/xplatform_info.o microblaze_0/lib/xuartlite.o microblaze_0/lib/microblaze_
TRACE::2023-04-03.19:54:21::SCWMssOS::disable_exceptions.o microblaze_0/lib/print.o microblaze_0/lib/_exit.o microblaze_0/lib/microblaze_disable_dcache.o microblaze_
TRACE::2023-04-03.19:54:21::SCWMssOS::0/lib/microblaze_flush_dcache_range.o microblaze_0/lib/microblaze_flush_cache_ext.o microblaze_0/lib/xbram_sinit.o microblaze_0
TRACE::2023-04-03.19:54:21::SCWMssOS::/lib/xil_misc_psreset_api.o microblaze_0/lib/xil_cache.o microblaze_0/lib/inbyte.o microblaze_0/lib/xbram_g.o microblaze_0/lib/
TRACE::2023-04-03.19:54:21::SCWMssOS::microblaze_exception_handler.o microblaze_0/lib/microblaze_scrub.o microblaze_0/lib/microblaze_invalidate_dcache.o microblaze_0
TRACE::2023-04-03.19:54:21::SCWMssOS::/lib/microblaze_disable_interrupts.o microblaze_0/lib/xbram_selftest.o microblaze_0/lib/microblaze_interrupt_handler.o microbla
TRACE::2023-04-03.19:54:21::SCWMssOS::ze_0/lib/microblaze_disable_icache.o microblaze_0/lib/xil_mem.o microblaze_0/lib/microblaze_flush_cache_ext_range.o microblaze_
TRACE::2023-04-03.19:54:21::SCWMssOS::0/lib/xbram_intr.o microblaze_0/lib/xil_sleepcommon.o microblaze_0/lib/xil_printf.o microblaze_0/lib/xio.o microblaze_0/lib/out
TRACE::2023-04-03.19:54:21::SCWMssOS::byte.o microblaze_0/lib/microblaze_invalidate_dcache_range.o microblaze_0/lib/xuartlite_g.o microblaze_0/lib/microblaze_invalid
TRACE::2023-04-03.19:54:21::SCWMssOS::ate_cache_ext.o microblaze_0/lib/microblaze_sleep.o microblaze_0/lib/hw_exception_handler.o microblaze_0/lib/xuartlite_selftest
TRACE::2023-04-03.19:54:21::SCWMssOS::.o microblaze_0/lib/xil_util.o microblaze_0/lib/microblaze_update_dcache.o microblaze_0/lib/xil_testcache.o microblaze_0/lib/mi
TRACE::2023-04-03.19:54:21::SCWMssOS::croblaze_selftest.o microblaze_0/lib/microblaze_interrupts_g.o microblaze_0/lib/microblaze_enable_exceptions.o microblaze_0/lib
TRACE::2023-04-03.19:54:21::SCWMssOS::/microblaze_enable_dcache.o microblaze_0/lib/xbram.o microblaze_0/lib/xuartlite_intr.o microblaze_0/lib/microblaze_invalidate_i
TRACE::2023-04-03.19:54:21::SCWMssOS::cache_range.o microblaze_0/lib/xuartlite_sinit.o microblaze_0/lib/microblaze_init_dcache_range.o microblaze_0/lib/microblaze_in
TRACE::2023-04-03.19:54:21::SCWMssOS::validate_icache.o microblaze_0/lib/errno.o microblaze_0/lib/xuartlite_l.o microblaze_0/lib/xuartlite_stats.o microblaze_0/lib/m
TRACE::2023-04-03.19:54:21::SCWMssOS::icroblaze_invalidate_cache_ext_range.o microblaze_0/lib/xil_exception.o microblaze_0/lib/pvr.o microblaze_0/lib/xil_testmem.o m
TRACE::2023-04-03.19:54:21::SCWMssOS::icroblaze_0/lib/microblaze_update_icache.o microblaze_0/lib/microblaze_flush_dcache.o microblaze_0/lib/xil_clocking.o microblaz
TRACE::2023-04-03.19:54:21::SCWMssOS::e_0/lib/xil_assert.o microblaze_0/lib/microblaze_enable_interrupts.o microblaze_0/lib/microblaze_enable_icache.o microblaze_0/l
TRACE::2023-04-03.19:54:21::SCWMssOS::ib/xil_testio.o microblaze_0/lib/fcntl.o microblaze_0/lib/microblaze_init_icache_range.o

TRACE::2023-04-03.19:54:22::SCWMssOS::'Finished building libraries'

TRACE::2023-04-03.19:54:22::SCWMssOS::Copying to export directory.
TRACE::2023-04-03.19:54:22::SCWMssOS:: Checking if to create the Supporting Applications
TRACE::2023-04-03.19:54:22::SCWMssOS:: No Linux domain exists, trying to generate FSBL 
LOG::2023-04-03.19:54:22::SCWSystem::Completed Processing the domain standalone_microblaze_0
LOG::2023-04-03.19:54:22::SCWSystem::Completed Processing the sysconfig Pmod_OLED_wrapper
LOG::2023-04-03.19:54:22::SCWPlatform::Completed generating the artifacts for system configuration Pmod_OLED_wrapper
TRACE::2023-04-03.19:54:22::SCWPlatform::Started preparing the platform 
TRACE::2023-04-03.19:54:22::SCWSystem::Writing the bif file for system config Pmod_OLED_wrapper
TRACE::2023-04-03.19:54:22::SCWSystem::dir created 
TRACE::2023-04-03.19:54:22::SCWSystem::Writing the bif 
TRACE::2023-04-03.19:54:22::SCWPlatform::Started writing the spfm file 
TRACE::2023-04-03.19:54:22::SCWPlatform::Started writing the xpfm file 
TRACE::2023-04-03.19:54:22::SCWPlatform::Completed generating the platform
TRACE::2023-04-03.19:54:22::SCWMssOS::Saving the mss changes C:/Users/luisr/Desktop/FPGA/Software/Arty_A7-100T/Pmod_OLED/Pmod_OLED_wrapper/microblaze_0/standalone_microblaze_0/bsp/system.mss
TRACE::2023-04-03.19:54:22::SCWMssOS::Found a swdesign opened with the mssfile.
TRACE::2023-04-03.19:54:22::SCWMssOS::Completed writemss as part of save.
TRACE::2023-04-03.19:54:22::SCWMssOS::Commit changes completed.
TRACE::2023-04-03.19:54:22::SCWPlatform::Trying to open the hw design at C:/Users/luisr/Desktop/FPGA/Software/Arty_A7-100T/Pmod_OLED/Pmod_OLED_wrapper/hw/Pmod_OLED_wrapper.xsa
TRACE::2023-04-03.19:54:22::SCWPlatform::DSA given C:/Users/luisr/Desktop/FPGA/Software/Arty_A7-100T/Pmod_OLED/Pmod_OLED_wrapper/hw/Pmod_OLED_wrapper.xsa
TRACE::2023-04-03.19:54:22::SCWPlatform::DSA absoulate path C:/Users/luisr/Desktop/FPGA/Software/Arty_A7-100T/Pmod_OLED/Pmod_OLED_wrapper/hw/Pmod_OLED_wrapper.xsa
TRACE::2023-04-03.19:54:22::SCWPlatform::DSA directory C:/Users/luisr/Desktop/FPGA/Software/Arty_A7-100T/Pmod_OLED/Pmod_OLED_wrapper/hw
TRACE::2023-04-03.19:54:22::SCWPlatform:: Platform Path C:/Users/luisr/Desktop/FPGA/Software/Arty_A7-100T/Pmod_OLED/Pmod_OLED_wrapper/hw/Pmod_OLED_wrapper.xsa
TRACE::2023-04-03.19:54:22::SCWPlatform:: Unique name xilinx:arty-a7-100::0.0
TRACE::2023-04-03.19:54:22::SCWPlatform::Trying to set the existing hwdb with name Pmod_OLED_wrapper_0
TRACE::2023-04-03.19:54:22::SCWPlatform::Opened existing hwdb Pmod_OLED_wrapper_0
TRACE::2023-04-03.19:54:22::SCWPlatform::Found the Hw Db part of the input DSA
TRACE::2023-04-03.19:54:22::SCWMssOS::Checking the sw design at  C:/Users/luisr/Desktop/FPGA/Software/Arty_A7-100T/Pmod_OLED/Pmod_OLED_wrapper/microblaze_0/standalone_microblaze_0/bsp/system.mss
TRACE::2023-04-03.19:54:22::SCWMssOS::DEBUG:  swdes dump  C:/Users/luisr/Desktop/FPGA/Software/Arty_A7-100T/Pmod_OLED/Pmod_OLED_wrapper/microblaze_0/standalone_microblaze_0/bsp/system.mss|system||

TRACE::2023-04-03.19:54:22::SCWMssOS::Sw design exists and opened at  C:/Users/luisr/Desktop/FPGA/Software/Arty_A7-100T/Pmod_OLED/Pmod_OLED_wrapper/microblaze_0/standalone_microblaze_0/bsp/system.mss
TRACE::2023-04-03.19:54:22::SCWPlatform::Trying to open the hw design at C:/Users/luisr/Desktop/FPGA/Software/Arty_A7-100T/Pmod_OLED/Pmod_OLED_wrapper/hw/Pmod_OLED_wrapper.xsa
TRACE::2023-04-03.19:54:22::SCWPlatform::DSA given C:/Users/luisr/Desktop/FPGA/Software/Arty_A7-100T/Pmod_OLED/Pmod_OLED_wrapper/hw/Pmod_OLED_wrapper.xsa
TRACE::2023-04-03.19:54:22::SCWPlatform::DSA absoulate path C:/Users/luisr/Desktop/FPGA/Software/Arty_A7-100T/Pmod_OLED/Pmod_OLED_wrapper/hw/Pmod_OLED_wrapper.xsa
TRACE::2023-04-03.19:54:22::SCWPlatform::DSA directory C:/Users/luisr/Desktop/FPGA/Software/Arty_A7-100T/Pmod_OLED/Pmod_OLED_wrapper/hw
TRACE::2023-04-03.19:54:22::SCWPlatform:: Platform Path C:/Users/luisr/Desktop/FPGA/Software/Arty_A7-100T/Pmod_OLED/Pmod_OLED_wrapper/hw/Pmod_OLED_wrapper.xsa
TRACE::2023-04-03.19:54:22::SCWPlatform:: Unique name xilinx:arty-a7-100::0.0
TRACE::2023-04-03.19:54:22::SCWPlatform::Trying to set the existing hwdb with name Pmod_OLED_wrapper_0
TRACE::2023-04-03.19:54:22::SCWPlatform::Opened existing hwdb Pmod_OLED_wrapper_0
TRACE::2023-04-03.19:54:22::SCWPlatform::Found the Hw Db part of the input DSA
TRACE::2023-04-03.19:54:22::SCWMssOS::Checking the sw design at  C:/Users/luisr/Desktop/FPGA/Software/Arty_A7-100T/Pmod_OLED/Pmod_OLED_wrapper/microblaze_0/standalone_microblaze_0/bsp/system.mss
TRACE::2023-04-03.19:54:22::SCWMssOS::DEBUG:  swdes dump  C:/Users/luisr/Desktop/FPGA/Software/Arty_A7-100T/Pmod_OLED/Pmod_OLED_wrapper/microblaze_0/standalone_microblaze_0/bsp/system.mss|system||

TRACE::2023-04-03.19:54:22::SCWMssOS::Sw design exists and opened at  C:/Users/luisr/Desktop/FPGA/Software/Arty_A7-100T/Pmod_OLED/Pmod_OLED_wrapper/microblaze_0/standalone_microblaze_0/bsp/system.mss
TRACE::2023-04-03.19:54:22::SCWPlatform::Trying to open the hw design at C:/Users/luisr/Desktop/FPGA/Software/Arty_A7-100T/Pmod_OLED/Pmod_OLED_wrapper/hw/Pmod_OLED_wrapper.xsa
TRACE::2023-04-03.19:54:22::SCWPlatform::DSA given C:/Users/luisr/Desktop/FPGA/Software/Arty_A7-100T/Pmod_OLED/Pmod_OLED_wrapper/hw/Pmod_OLED_wrapper.xsa
TRACE::2023-04-03.19:54:22::SCWPlatform::DSA absoulate path C:/Users/luisr/Desktop/FPGA/Software/Arty_A7-100T/Pmod_OLED/Pmod_OLED_wrapper/hw/Pmod_OLED_wrapper.xsa
TRACE::2023-04-03.19:54:22::SCWPlatform::DSA directory C:/Users/luisr/Desktop/FPGA/Software/Arty_A7-100T/Pmod_OLED/Pmod_OLED_wrapper/hw
TRACE::2023-04-03.19:54:22::SCWPlatform:: Platform Path C:/Users/luisr/Desktop/FPGA/Software/Arty_A7-100T/Pmod_OLED/Pmod_OLED_wrapper/hw/Pmod_OLED_wrapper.xsa
TRACE::2023-04-03.19:54:22::SCWPlatform:: Unique name xilinx:arty-a7-100::0.0
TRACE::2023-04-03.19:54:22::SCWPlatform::Trying to set the existing hwdb with name Pmod_OLED_wrapper_0
TRACE::2023-04-03.19:54:22::SCWPlatform::Opened existing hwdb Pmod_OLED_wrapper_0
TRACE::2023-04-03.19:54:22::SCWPlatform::Found the Hw Db part of the input DSA
TRACE::2023-04-03.19:54:22::SCWMssOS::Checking the sw design at  C:/Users/luisr/Desktop/FPGA/Software/Arty_A7-100T/Pmod_OLED/Pmod_OLED_wrapper/microblaze_0/standalone_microblaze_0/bsp/system.mss
TRACE::2023-04-03.19:54:22::SCWMssOS::DEBUG:  swdes dump  C:/Users/luisr/Desktop/FPGA/Software/Arty_A7-100T/Pmod_OLED/Pmod_OLED_wrapper/microblaze_0/standalone_microblaze_0/bsp/system.mss|system||

TRACE::2023-04-03.19:54:22::SCWMssOS::Sw design exists and opened at  C:/Users/luisr/Desktop/FPGA/Software/Arty_A7-100T/Pmod_OLED/Pmod_OLED_wrapper/microblaze_0/standalone_microblaze_0/bsp/system.mss
TRACE::2023-04-03.19:54:22::SCWWriter::formatted JSON is {
	"platformName":	"Pmod_OLED_wrapper",
	"sprVersion":	"2.0",
	"mode":	"gui",
	"dsaType":	"Fixed",
	"platformDesc":	"Pmod_OLED_wrapper",
	"platHandOff":	"C:/Users/luisr/Desktop/FPGA/Hardware/Arty A7-100T/Pmod_OLED/Pmod_OLED_wrapper.xsa",
	"platIntHandOff":	"<platformDir>/hw/Pmod_OLED_wrapper.xsa",
	"deviceType":	"FPGA",
	"platIsPrebuiltAutogen":	"false",
	"platIsNoBootBsp":	"false",
	"hasFsblMakeHasChanges":	"false",
	"hasPmufwMakeHasChanges":	"false",
	"platPreBuiltFlag":	false,
	"platformSamplesDir":	"",
	"platActiveSys":	"Pmod_OLED_wrapper",
	"systems":	[{
			"systemName":	"Pmod_OLED_wrapper",
			"systemDesc":	"Pmod_OLED_wrapper",
			"sysIsBootAutoGen":	"true",
			"systemDispName":	"Pmod_OLED_wrapper",
			"sysActiveDom":	"standalone_microblaze_0",
			"sysDefaultDom":	"standalone_microblaze_0",
			"domains":	[{
					"domainName":	"standalone_microblaze_0",
					"domainDispName":	"standalone_microblaze_0",
					"domainDesc":	"standalone_microblaze_0",
					"processors":	"microblaze_0",
					"os":	"standalone",
					"sdxOs":	"standalone",
					"debugEnable":	"False",
					"domRuntimes":	["cpp"],
					"swRepo":	"",
					"mssOsVer":	"7.6",
					"mssFile":	"",
					"md5Digest":	"f37bd56be05fc3364b13c8c328d7fea6",
					"compatibleApp":	"hello_world",
					"domType":	"mssDomain",
					"arch":	"32-bit",
					"appSettings":	{
						"appCompilerFlags":	"",
						"appLinkerFlags":	""
					},
					"addedLibs":	[],
					"libOptions":	{
						"libsContainingOptions":	[]
					},
					"prebuiltLibs":	{
						"prebuiltIncPath":	[],
						"prebuiltLibPath":	[]
					},
					"isolation":	{
					}
				}]
		}]
}
KEYINFO::2023-04-03.19:54:22::SCWPlatform::updated the xpfm file.
TRACE::2023-04-03.19:54:22::SCWPlatform::Trying to open the hw design at C:/Users/luisr/Desktop/FPGA/Software/Arty_A7-100T/Pmod_OLED/Pmod_OLED_wrapper/hw/Pmod_OLED_wrapper.xsa
TRACE::2023-04-03.19:54:22::SCWPlatform::DSA given C:/Users/luisr/Desktop/FPGA/Software/Arty_A7-100T/Pmod_OLED/Pmod_OLED_wrapper/hw/Pmod_OLED_wrapper.xsa
TRACE::2023-04-03.19:54:22::SCWPlatform::DSA absoulate path C:/Users/luisr/Desktop/FPGA/Software/Arty_A7-100T/Pmod_OLED/Pmod_OLED_wrapper/hw/Pmod_OLED_wrapper.xsa
TRACE::2023-04-03.19:54:22::SCWPlatform::DSA directory C:/Users/luisr/Desktop/FPGA/Software/Arty_A7-100T/Pmod_OLED/Pmod_OLED_wrapper/hw
TRACE::2023-04-03.19:54:22::SCWPlatform:: Platform Path C:/Users/luisr/Desktop/FPGA/Software/Arty_A7-100T/Pmod_OLED/Pmod_OLED_wrapper/hw/Pmod_OLED_wrapper.xsa
TRACE::2023-04-03.19:54:22::SCWPlatform:: Unique name xilinx:arty-a7-100::0.0
TRACE::2023-04-03.19:54:22::SCWPlatform::Trying to set the existing hwdb with name Pmod_OLED_wrapper_0
TRACE::2023-04-03.19:54:22::SCWPlatform::Opened existing hwdb Pmod_OLED_wrapper_0
TRACE::2023-04-03.19:54:22::SCWPlatform::Found the Hw Db part of the input DSA
TRACE::2023-04-03.19:54:22::SCWMssOS::Checking the sw design at  C:/Users/luisr/Desktop/FPGA/Software/Arty_A7-100T/Pmod_OLED/Pmod_OLED_wrapper/microblaze_0/standalone_microblaze_0/bsp/system.mss
TRACE::2023-04-03.19:54:22::SCWMssOS::DEBUG:  swdes dump  C:/Users/luisr/Desktop/FPGA/Software/Arty_A7-100T/Pmod_OLED/Pmod_OLED_wrapper/microblaze_0/standalone_microblaze_0/bsp/system.mss|system||

TRACE::2023-04-03.19:54:22::SCWMssOS::Sw design exists and opened at  C:/Users/luisr/Desktop/FPGA/Software/Arty_A7-100T/Pmod_OLED/Pmod_OLED_wrapper/microblaze_0/standalone_microblaze_0/bsp/system.mss
