#-----------------------------------------------------------
# Vivado v2021.2 (64-bit)
# SW Build 3367213 on Tue Oct 19 02:48:09 MDT 2021
# IP Build 3369179 on Thu Oct 21 08:25:16 MDT 2021
# Start of session at: Fri Mar 10 15:34:36 2023
# Process ID: 3492
# Current directory: C:/Users/luisr/Desktop/FPGA/RTL/VHDL/LFSR
# Command line: vivado.exe -gui_launcher_event rodinguilauncherevent9728 C:\Users\luisr\Desktop\FPGA\RTL\VHDL\LFSR\LFSR.xpr
# Log file: C:/Users/luisr/Desktop/FPGA/RTL/VHDL/LFSR/vivado.log
# Journal file: C:/Users/luisr/Desktop/FPGA/RTL/VHDL/LFSR\vivado.jou
# Running On: DESKTOP-AJV8A0J, OS: Windows, CPU Frequency: 2803 MHz, CPU Physical cores: 4, Host memory: 16855 MB
#-----------------------------------------------------------
start_gui
open_project C:/Users/luisr/Desktop/FPGA/RTL/VHDL/LFSR/LFSR.xpr
WARNING: [Board 49-26] cannot add Board Part xilinx.com:vck190_es:part0:1.3 available at C:/Xilinx/Vivado/2021.2/data/xhub/boards/XilinxBoardStore/boards/Xilinx/vck190/es/1.3/board.xml as part xcvc1902-vsva2197-2mp-e-s-es1 specified in board_part file is either invalid or not available
WARNING: [Board 49-26] cannot add Board Part xilinx.com:vmk180_es:part0:1.3 available at C:/Xilinx/Vivado/2021.2/data/xhub/boards/XilinxBoardStore/boards/Xilinx/vmk180/es/1.3/board.xml as part xcvm1802-vsva2197-2mp-e-s-es1 specified in board_part file is either invalid or not available
WARNING: [Board 49-26] cannot add Board Part xilinx.com:vpk120_es:part0:1.2 available at C:/Xilinx/Vivado/2021.2/data/xhub/boards/XilinxBoardStore/boards/Xilinx/vpk120/es/1.2/board.xml as part xcvp1202-vsva2785-2mp-e-s-es1 specified in board_part file is either invalid or not available
WARNING: [Board 49-26] cannot add Board Part xilinx.com:zcu208ld:part0:2.0 available at C:/Xilinx/Vivado/2021.2/data/xhub/boards/XilinxBoardStore/boards/Xilinx/zcu208ld/production/2.0/board.xml as part xczu58dr-fsvg1517-2-i specified in board_part file is either invalid or not available
WARNING: [Board 49-26] cannot add Board Part xilinx.com:zcu208ld_es:part0:1.0 available at C:/Xilinx/Vivado/2021.2/data/xhub/boards/XilinxBoardStore/boards/Xilinx/zcu208ld/es/1.0/board.xml as part xczu58dr-fsvg1517-2-i-es1 specified in board_part file is either invalid or not available
WARNING: [Board 49-26] cannot add Board Part xilinx.com:zcu216ld:part0:2.0 available at C:/Xilinx/Vivado/2021.2/data/xhub/boards/XilinxBoardStore/boards/Xilinx/zcu216ld/production/2.0/board.xml as part xczu59dr-ffvf1760-2-i specified in board_part file is either invalid or not available
WARNING: [Board 49-26] cannot add Board Part xilinx.com:zcu216ld_es:part0:1.0 available at C:/Xilinx/Vivado/2021.2/data/xhub/boards/XilinxBoardStore/boards/Xilinx/zcu216ld/es/1.0/board.xml as part xczu59dr-ffvf1760-2-i-es1 specified in board_part file is either invalid or not available
WARNING: [Board 49-26] cannot add Board Part xilinx.com:zcu670:part0:1.0 available at C:/Xilinx/Vivado/2021.2/data/xhub/boards/XilinxBoardStore/boards/Xilinx/zcu670/1.0/board.xml as part xczu67dr-fsve1156-2-i specified in board_part file is either invalid or not available
INFO: [filemgmt 56-3] Default IP Output Path : Could not find the directory 'C:/Users/luisr/Desktop/FPGA/RTL/VHDL/LFSR/LFSR.gen/sources_1'.
Scanning sources...
Finished scanning sources
INFO: [IP_Flow 19-234] Refreshing IP repositories
INFO: [IP_Flow 19-1704] No user IP repositories specified
INFO: [IP_Flow 19-2313] Loaded Vivado IP repository 'C:/Xilinx/Vivado/2021.2/data/ip'.
open_project: Time (s): cpu = 00:00:09 ; elapsed = 00:00:08 . Memory (MB): peak = 1559.945 ; gain = 0.000
update_compile_order -fileset sources_1
launch_simulation
Command: launch_simulation 
INFO: [Vivado 12-12493] Simulation top is 'LFSR_tb'
WARNING: [Vivado 12-12986] Compiled library path does not exist: ''
INFO: [Vivado 12-5682] Launching behavioral simulation in 'C:/Users/luisr/Desktop/FPGA/RTL/VHDL/LFSR/LFSR.sim/sim_1/behav/xsim'
INFO: [SIM-utils-51] Simulation object is 'sim_1'
INFO: [SIM-utils-72] Using boost library from 'C:/Xilinx/Vivado/2021.2/tps/boost_1_72_0'
INFO: [SIM-utils-54] Inspecting design source files for 'LFSR_tb' in fileset 'sim_1'...
INFO: [USF-XSim-97] Finding global include files...
INFO: [USF-XSim-98] Fetching design files from 'sim_1'...
INFO: [USF-XSim-2] XSim::Compile design
INFO: [USF-XSim-61] Executing 'COMPILE and ANALYZE' step in 'C:/Users/luisr/Desktop/FPGA/RTL/VHDL/LFSR/LFSR.sim/sim_1/behav/xsim'
"xvhdl --incr --relax -prj LFSR_tb_vhdl.prj"
INFO: [VRFC 10-163] Analyzing VHDL file "C:/Users/luisr/Desktop/FPGA/RTL/VHDL/LFSR/LFSR.srcs/sources_1/new/LFSR.vhd" into library xil_defaultlib
INFO: [VRFC 10-3107] analyzing entity 'LFSR'
INFO: [VRFC 10-163] Analyzing VHDL file "C:/Users/luisr/Desktop/FPGA/RTL/VHDL/LFSR/LFSR.srcs/sim_1/new/LFSR_tb.vhd" into library xil_defaultlib
INFO: [VRFC 10-3107] analyzing entity 'LFSR_tb'
ERROR: [VRFC 10-4982] syntax error near '=>' [C:/Users/luisr/Desktop/FPGA/RTL/VHDL/LFSR/LFSR.srcs/sim_1/new/LFSR_tb.vhd:17]
ERROR: [VRFC 10-3242] constant 'lfsr_out' can only be of mode IN [C:/Users/luisr/Desktop/FPGA/RTL/VHDL/LFSR/LFSR.srcs/sim_1/new/LFSR_tb.vhd:23]
ERROR: [VRFC 10-3348] formal generic 'reset' has no actual or default value [C:/Users/luisr/Desktop/FPGA/RTL/VHDL/LFSR/LFSR.srcs/sim_1/new/LFSR_tb.vhd:28]
ERROR: [VRFC 10-719] formal port/generic <clk> is not declared in <lfsr> [C:/Users/luisr/Desktop/FPGA/RTL/VHDL/LFSR/LFSR.srcs/sim_1/new/LFSR_tb.vhd:29]
ERROR: [VRFC 10-3782] unit 'behavioral' ignored due to previous errors [C:/Users/luisr/Desktop/FPGA/RTL/VHDL/LFSR/LFSR.srcs/sim_1/new/LFSR_tb.vhd:9]
INFO: [VRFC 10-3070] VHDL file 'C:/Users/luisr/Desktop/FPGA/RTL/VHDL/LFSR/LFSR.srcs/sim_1/new/LFSR_tb.vhd' ignored due to errors
INFO: [USF-XSim-69] 'compile' step finished in '2' seconds
INFO: [USF-XSim-99] Step results log file:'C:/Users/luisr/Desktop/FPGA/RTL/VHDL/LFSR/LFSR.sim/sim_1/behav/xsim/xvhdl.log'
ERROR: [USF-XSim-62] 'compile' step failed with error(s). Please check the Tcl console output or 'C:/Users/luisr/Desktop/FPGA/RTL/VHDL/LFSR/LFSR.sim/sim_1/behav/xsim/xvhdl.log' file for more information.
ERROR: [Vivado 12-4473] Detected error while running simulation. Please correct the issue and retry this operation.
ERROR: [Common 17-39] 'launch_simulation' failed due to earlier errors.
launch_simulation
Command: launch_simulation 
INFO: [Vivado 12-12493] Simulation top is 'LFSR_tb'
WARNING: [Vivado 12-12986] Compiled library path does not exist: ''
INFO: [Vivado 12-5682] Launching behavioral simulation in 'C:/Users/luisr/Desktop/FPGA/RTL/VHDL/LFSR/LFSR.sim/sim_1/behav/xsim'
INFO: [SIM-utils-51] Simulation object is 'sim_1'
INFO: [SIM-utils-72] Using boost library from 'C:/Xilinx/Vivado/2021.2/tps/boost_1_72_0'
INFO: [SIM-utils-54] Inspecting design source files for 'LFSR_tb' in fileset 'sim_1'...
INFO: [USF-XSim-97] Finding global include files...
INFO: [USF-XSim-98] Fetching design files from 'sim_1'...
INFO: [USF-XSim-2] XSim::Compile design
INFO: [USF-XSim-61] Executing 'COMPILE and ANALYZE' step in 'C:/Users/luisr/Desktop/FPGA/RTL/VHDL/LFSR/LFSR.sim/sim_1/behav/xsim'
"xvhdl --incr --relax -prj LFSR_tb_vhdl.prj"
INFO: [VRFC 10-163] Analyzing VHDL file "C:/Users/luisr/Desktop/FPGA/RTL/VHDL/LFSR/LFSR.srcs/sources_1/new/LFSR.vhd" into library xil_defaultlib
INFO: [VRFC 10-3107] analyzing entity 'LFSR'
INFO: [VRFC 10-163] Analyzing VHDL file "C:/Users/luisr/Desktop/FPGA/RTL/VHDL/LFSR/LFSR.srcs/sim_1/new/LFSR_tb.vhd" into library xil_defaultlib
INFO: [VRFC 10-3107] analyzing entity 'LFSR_tb'
INFO: [USF-XSim-69] 'compile' step finished in '2' seconds
INFO: [USF-XSim-3] XSim::Elaborate design
INFO: [USF-XSim-61] Executing 'ELABORATE' step in 'C:/Users/luisr/Desktop/FPGA/RTL/VHDL/LFSR/LFSR.sim/sim_1/behav/xsim'
"xelab --incr --debug typical --relax --mt 2 -L xil_defaultlib -L secureip --snapshot LFSR_tb_behav xil_defaultlib.LFSR_tb -log elaborate.log"
Vivado Simulator v2021.2
Copyright 1986-1999, 2001-2021 Xilinx, Inc. All Rights Reserved.
Running: C:/Xilinx/Vivado/2021.2/bin/unwrapped/win64.o/xelab.exe --incr --debug typical --relax --mt 2 -L xil_defaultlib -L secureip --snapshot LFSR_tb_behav xil_defaultlib.LFSR_tb -log elaborate.log 
Using 2 slave threads.
Starting static elaboration
ERROR: [VRFC 10-3311] expression has 8 elements ; formal 'lfsr_out' expects 4 [C:/Users/luisr/Desktop/FPGA/RTL/VHDL/LFSR/LFSR.srcs/sim_1/new/LFSR_tb.vhd:31]
ERROR: [XSIM 43-3321] Static elaboration of top level VHDL design unit lfsr_tb in library work failed.
INFO: [USF-XSim-69] 'elaborate' step finished in '2' seconds
INFO: [USF-XSim-99] Step results log file:'C:/Users/luisr/Desktop/FPGA/RTL/VHDL/LFSR/LFSR.sim/sim_1/behav/xsim/elaborate.log'
ERROR: [USF-XSim-62] 'elaborate' step failed with error(s). Please check the Tcl console output or 'C:/Users/luisr/Desktop/FPGA/RTL/VHDL/LFSR/LFSR.sim/sim_1/behav/xsim/elaborate.log' file for more information.
ERROR: [Vivado 12-4473] Detected error while running simulation. Please correct the issue and retry this operation.
ERROR: [Common 17-39] 'launch_simulation' failed due to earlier errors.
launch_simulation
Command: launch_simulation 
INFO: [Vivado 12-12493] Simulation top is 'LFSR_tb'
WARNING: [Vivado 12-12986] Compiled library path does not exist: ''
INFO: [Vivado 12-5682] Launching behavioral simulation in 'C:/Users/luisr/Desktop/FPGA/RTL/VHDL/LFSR/LFSR.sim/sim_1/behav/xsim'
INFO: [SIM-utils-51] Simulation object is 'sim_1'
INFO: [SIM-utils-72] Using boost library from 'C:/Xilinx/Vivado/2021.2/tps/boost_1_72_0'
INFO: [SIM-utils-54] Inspecting design source files for 'LFSR_tb' in fileset 'sim_1'...
INFO: [USF-XSim-97] Finding global include files...
INFO: [USF-XSim-98] Fetching design files from 'sim_1'...
INFO: [USF-XSim-2] XSim::Compile design
INFO: [USF-XSim-61] Executing 'COMPILE and ANALYZE' step in 'C:/Users/luisr/Desktop/FPGA/RTL/VHDL/LFSR/LFSR.sim/sim_1/behav/xsim'
"xvhdl --incr --relax -prj LFSR_tb_vhdl.prj"
INFO: [VRFC 10-163] Analyzing VHDL file "C:/Users/luisr/Desktop/FPGA/RTL/VHDL/LFSR/LFSR.srcs/sim_1/new/LFSR_tb.vhd" into library xil_defaultlib
INFO: [VRFC 10-3107] analyzing entity 'LFSR_tb'
INFO: [USF-XSim-69] 'compile' step finished in '2' seconds
INFO: [USF-XSim-3] XSim::Elaborate design
INFO: [USF-XSim-61] Executing 'ELABORATE' step in 'C:/Users/luisr/Desktop/FPGA/RTL/VHDL/LFSR/LFSR.sim/sim_1/behav/xsim'
"xelab --incr --debug typical --relax --mt 2 -L xil_defaultlib -L secureip --snapshot LFSR_tb_behav xil_defaultlib.LFSR_tb -log elaborate.log"
Vivado Simulator v2021.2
Copyright 1986-1999, 2001-2021 Xilinx, Inc. All Rights Reserved.
Running: C:/Xilinx/Vivado/2021.2/bin/unwrapped/win64.o/xelab.exe --incr --debug typical --relax --mt 2 -L xil_defaultlib -L secureip --snapshot LFSR_tb_behav xil_defaultlib.LFSR_tb -log elaborate.log 
Using 2 slave threads.
Starting static elaboration
Completed static elaboration
Starting simulation data flow analysis
Completed simulation data flow analysis
Time Resolution for simulation is 1ps
Compiling package std.standard
Compiling package std.textio
Compiling package ieee.std_logic_1164
Compiling package ieee.numeric_std
Compiling architecture behavioral of entity xil_defaultlib.LFSR [lfsr_default]
Compiling architecture behavioral of entity xil_defaultlib.lfsr_tb
Built simulation snapshot LFSR_tb_behav
INFO: [USF-XSim-69] 'elaborate' step finished in '2' seconds
INFO: [USF-XSim-4] XSim::Simulate design
INFO: [USF-XSim-61] Executing 'SIMULATE' step in 'C:/Users/luisr/Desktop/FPGA/RTL/VHDL/LFSR/LFSR.sim/sim_1/behav/xsim'
INFO: [USF-XSim-98] *** Running xsim
   with args "LFSR_tb_behav -key {Behavioral:sim_1:Functional:LFSR_tb} -tclbatch {LFSR_tb.tcl} -log {simulate.log}"
INFO: [USF-XSim-8] Loading simulator feature
Time resolution is 1 ps
source LFSR_tb.tcl
# set curr_wave [current_wave_config]
# if { [string length $curr_wave] == 0 } {
#   if { [llength [get_objects]] > 0} {
#     add_wave /
#     set_property needs_save false [current_wave_config]
#   } else {
#      send_msg_id Add_Wave-1 WARNING "No top level signals found. Simulator will start without a wave window. If you want to open a wave window go to 'File->New Waveform Configuration' or type 'create_wave_config' in the TCL console."
#   }
# }
# run 1000ns
Failure: Simulation Finished
Time: 700 ns  Iteration: 0  Process: /LFSR_tb/reset_process  File: C:/Users/luisr/Desktop/FPGA/RTL/VHDL/LFSR/LFSR.srcs/sim_1/new/LFSR_tb.vhd
$finish called at time : 700 ns : File "C:/Users/luisr/Desktop/FPGA/RTL/VHDL/LFSR/LFSR.srcs/sim_1/new/LFSR_tb.vhd" Line 53
INFO: [USF-XSim-96] XSim completed. Design snapshot 'LFSR_tb_behav' loaded.
INFO: [USF-XSim-97] XSim simulation ran for 1000ns
launch_simulation: Time (s): cpu = 00:00:02 ; elapsed = 00:00:07 . Memory (MB): peak = 1559.945 ; gain = 0.000
