17:16:48 INFO  : Launching XSCT server: xsct.bat -n  -interactive C:\Users\luisr\Desktop\Vitis\Graduate_Project\FPGA\Arty_A7-100T\UART\temp_xsdb_launch_script.tcl
17:16:50 INFO  : XSCT server has started successfully.
17:16:50 INFO  : Successfully done setting XSCT server connection channel  
17:16:50 INFO  : plnx-install-location is set to ''
17:16:50 INFO  : Successfully done setting workspace for the tool. 
17:17:09 INFO  : Platform repository initialization has completed.
17:17:09 INFO  : Registering command handlers for Vitis TCF services
17:17:09 INFO  : Successfully done query RDI_DATADIR 
17:18:01 INFO  : Result from executing command 'getProjects': UART_wrapper
17:18:02 INFO  : Result from executing command 'getPlatforms': 
17:18:02 WARN  : An unexpected exception occurred in the module 'platform project logging'
17:18:02 INFO  : Platform 'UART_wrapper' is added to custom repositories.
17:18:04 INFO  : Platform 'UART_wrapper' is added to custom repositories.
17:19:11 INFO  : Result from executing command 'getProjects': UART_wrapper
17:19:11 INFO  : Result from executing command 'getPlatforms': UART_wrapper|C:/Users/luisr/Desktop/Vitis/Graduate_Project/FPGA/Arty_A7-100T/UART/UART_wrapper/export/UART_wrapper/UART_wrapper.xpfm
17:19:11 INFO  : Checking for BSP changes to sync application flags for project 'UART'...
17:19:26 INFO  : Connected to target on host '127.0.0.1' and port '3121'.
17:19:29 INFO  : Jtag cable 'Digilent Arty A7-100T 210319B7C8A8A' is selected.
17:19:33 INFO  : 'jtag frequency' command is executed.
17:19:36 INFO  : 'targets -set -filter {jtag_cable_name =~ "Digilent Arty A7-100T 210319B7C8A8A" && level==0 && jtag_device_ctx=="jsn-Arty A7-100T-210319B7C8A8A-13631093-0"}' command is executed.
17:19:39 INFO  : Device configured successfully with "C:/Users/luisr/Desktop/Vitis/Graduate_Project/FPGA/Arty_A7-100T/UART/UART/_ide/bitstream/UART_wrapper.bit"
17:19:42 ERROR : no targets found with "name =~ "*microblaze*#0" && bscan=="USER2" ". available targets:
  1* xc7a100t
     2  MicroBlaze Debug Module at USER2
17:19:42 INFO  : ----------------XSDB Script----------------
connect -url tcp:127.0.0.1:3121
targets -set -filter {jtag_cable_name =~ "Digilent Arty A7-100T 210319B7C8A8A" && level==0 && jtag_device_ctx=="jsn-Arty A7-100T-210319B7C8A8A-13631093-0"}
fpga -file C:/Users/luisr/Desktop/Vitis/Graduate_Project/FPGA/Arty_A7-100T/UART/UART/_ide/bitstream/UART_wrapper.bit
targets -set -nocase -filter {name =~ "*microblaze*#0" && bscan=="USER2" }
----------------End of Script----------------

17:19:42 ERROR : no targets found with "name =~ "*microblaze*#0" && bscan=="USER2" ". available targets:
  1* xc7a100t
     2  MicroBlaze Debug Module at USER2
17:19:52 INFO  : Connected to target on host '127.0.0.1' and port '3121'.
17:19:52 INFO  : Jtag cable 'Digilent Arty A7-100T 210319B7C8A8A' is selected.
17:19:55 INFO  : 'jtag frequency' command is executed.
17:19:59 INFO  : 'targets -set -filter {jtag_cable_name =~ "Digilent Arty A7-100T 210319B7C8A8A" && level==0 && jtag_device_ctx=="jsn-Arty A7-100T-210319B7C8A8A-13631093-0"}' command is executed.
17:20:01 INFO  : Device configured successfully with "C:/Users/luisr/Desktop/Vitis/Graduate_Project/FPGA/Arty_A7-100T/UART/UART/_ide/bitstream/UART_wrapper.bit"
17:20:04 INFO  : Context for processor 'microblaze_0' is selected.
17:20:04 INFO  : Hardware design and registers information is loaded from 'C:/Users/luisr/Desktop/Vitis/Graduate_Project/FPGA/Arty_A7-100T/UART/UART_wrapper/export/UART_wrapper/hw/UART_wrapper.xsa'.
17:20:04 INFO  : 'configparams mdm-detect-bscan-mask 2' command is executed.
17:20:04 INFO  : Context for processor 'microblaze_0' is selected.
17:20:08 INFO  : System reset is completed.
17:20:11 INFO  : 'after 3000' command is executed.
17:20:14 INFO  : Context for processor 'microblaze_0' is selected.
17:20:18 INFO  : The application 'C:/Users/luisr/Desktop/Vitis/Graduate_Project/FPGA/Arty_A7-100T/UART/UART/Debug/UART.elf' is downloaded to processor 'microblaze_0'.
17:20:18 INFO  : ----------------XSDB Script----------------
connect -url tcp:127.0.0.1:3121
targets -set -filter {jtag_cable_name =~ "Digilent Arty A7-100T 210319B7C8A8A" && level==0 && jtag_device_ctx=="jsn-Arty A7-100T-210319B7C8A8A-13631093-0"}
fpga -file C:/Users/luisr/Desktop/Vitis/Graduate_Project/FPGA/Arty_A7-100T/UART/UART/_ide/bitstream/UART_wrapper.bit
targets -set -nocase -filter {name =~ "*microblaze*#0" && bscan=="USER2" }
loadhw -hw C:/Users/luisr/Desktop/Vitis/Graduate_Project/FPGA/Arty_A7-100T/UART/UART_wrapper/export/UART_wrapper/hw/UART_wrapper.xsa -regs
configparams mdm-detect-bscan-mask 2
targets -set -nocase -filter {name =~ "*microblaze*#0" && bscan=="USER2" }
rst -system
after 3000
targets -set -nocase -filter {name =~ "*microblaze*#0" && bscan=="USER2" }
dow C:/Users/luisr/Desktop/Vitis/Graduate_Project/FPGA/Arty_A7-100T/UART/UART/Debug/UART.elf
----------------End of Script----------------

17:20:25 INFO  : Context for processor 'microblaze_0' is selected.
17:20:28 INFO  : 'con' command is executed.
17:20:28 INFO  : ----------------XSDB Script (After Launch)----------------
targets -set -nocase -filter {name =~ "*microblaze*#0" && bscan=="USER2" }
con
----------------End of Script----------------

17:20:28 INFO  : Launch script is exported to file 'C:\Users\luisr\Desktop\Vitis\Graduate_Project\FPGA\Arty_A7-100T\UART\UART_system\_ide\scripts\debugger_uart-default.tcl'
