Copyright 1986-2021 Xilinx, Inc. All Rights Reserved.
--------------------------------------------------------------------------------------------------------------------------------------------------------------------------
| Tool Version : Vivado v.2021.2 (win64) Build 3367213 Tue Oct 19 02:48:09 MDT 2021
| Date         : Fri Feb 24 15:15:51 2023
| Host         : DESKTOP-AJV8A0J running 64-bit major release  (build 9200)
| Command      : report_methodology -file UART_wrapper_methodology_drc_routed.rpt -pb UART_wrapper_methodology_drc_routed.pb -rpx UART_wrapper_methodology_drc_routed.rpx
| Design       : UART_wrapper
| Device       : xc7a100tcsg324-1
| Speed File   : -1
| Design State : Fully Routed
--------------------------------------------------------------------------------------------------------------------------------------------------------------------------

Report Methodology

Table of Contents
-----------------
1. REPORT SUMMARY
2. REPORT DETAILS

1. REPORT SUMMARY
-----------------
            Netlist: netlist
          Floorplan: checkpoint_UART_wrapper
      Design limits: <entire design considered>
             Max violations: <unlimited>
             Violations found: 132
+-----------+----------+-------------------------------------------------+------------+
| Rule      | Severity | Description                                     | Violations |
+-----------+----------+-------------------------------------------------+------------+
| LUTAR-1   | Warning  | LUT drives async reset alert                    | 2          |
| PDRC-190  | Warning  | Suboptimally placed synchronized register chain | 12         |
| TIMING-9  | Warning  | Unknown CDC Logic                               | 1          |
| TIMING-16 | Warning  | Large setup violation                           | 100        |
| XDCB-5    | Warning  | Runtime inefficient way to find pin objects     | 1          |
| REQP-1959 | Advisory | connects_SERDES_RST_driver_not_FF               | 16         |
+-----------+----------+-------------------------------------------------+------------+

2. REPORT DETAILS
-----------------
LUTAR-1#1 Warning
LUT drives async reset alert  
LUT cell UART_i/mdm_1/U0/MDM_Core_I1/JTAG_CONTROL_I/sel_n_i_2, with 2 or more inputs, drives asynchronous preset/clear pin(s) UART_i/mdm_1/U0/MDM_Core_I1/JTAG_CONTROL_I/sel_n_reg/PRE. The LUT may glitch and trigger an unexpected reset, even if it is a properly timed path.
Related violations: <none>

LUTAR-1#2 Warning
LUT drives async reset alert  
LUT cell UART_i/mig_7series_0/u_UART_mig_7series_0_0_mig/u_iodelay_ctrl/rstdiv2_sync_r[11]_i_1, with 2 or more inputs, drives asynchronous preset/clear pin(s) UART_i/mig_7series_0/u_UART_mig_7series_0_0_mig/u_ddr3_infrastructure/rstdiv0_sync_r1_reg_rep/PRE,
UART_i/mig_7series_0/u_UART_mig_7series_0_0_mig/u_ddr3_infrastructure/rstdiv0_sync_r1_reg_rep__0/PRE,
UART_i/mig_7series_0/u_UART_mig_7series_0_0_mig/u_ddr3_infrastructure/rstdiv0_sync_r1_reg_rep__1/PRE,
UART_i/mig_7series_0/u_UART_mig_7series_0_0_mig/u_ddr3_infrastructure/rstdiv0_sync_r1_reg_rep__10/PRE,
UART_i/mig_7series_0/u_UART_mig_7series_0_0_mig/u_ddr3_infrastructure/rstdiv0_sync_r1_reg_rep__11/PRE,
UART_i/mig_7series_0/u_UART_mig_7series_0_0_mig/u_ddr3_infrastructure/rstdiv0_sync_r1_reg_rep__12/PRE,
UART_i/mig_7series_0/u_UART_mig_7series_0_0_mig/u_ddr3_infrastructure/rstdiv0_sync_r1_reg_rep__13/PRE,
UART_i/mig_7series_0/u_UART_mig_7series_0_0_mig/u_ddr3_infrastructure/rstdiv0_sync_r1_reg_rep__14/PRE,
UART_i/mig_7series_0/u_UART_mig_7series_0_0_mig/u_ddr3_infrastructure/rstdiv0_sync_r1_reg_rep__15/PRE,
UART_i/mig_7series_0/u_UART_mig_7series_0_0_mig/u_ddr3_infrastructure/rstdiv0_sync_r1_reg_rep__16/PRE,
UART_i/mig_7series_0/u_UART_mig_7series_0_0_mig/u_ddr3_infrastructure/rstdiv0_sync_r1_reg_rep__17/PRE,
UART_i/mig_7series_0/u_UART_mig_7series_0_0_mig/u_ddr3_infrastructure/rstdiv0_sync_r1_reg_rep__2/PRE,
UART_i/mig_7series_0/u_UART_mig_7series_0_0_mig/u_ddr3_infrastructure/rstdiv0_sync_r1_reg_rep__3/PRE,
UART_i/mig_7series_0/u_UART_mig_7series_0_0_mig/u_ddr3_infrastructure/rstdiv0_sync_r1_reg_rep__4/PRE,
UART_i/mig_7series_0/u_UART_mig_7series_0_0_mig/u_ddr3_infrastructure/rstdiv0_sync_r1_reg_rep__5/PRE
 (the first 15 of 31 listed). The LUT may glitch and trigger an unexpected reset, even if it is a properly timed path.
Related violations: <none>

PDRC-190#1 Warning
Suboptimally placed synchronized register chain  
The FDRE cell UART_i/mig_7series_0/u_UART_mig_7series_0_0_mig/temp_mon_enabled.u_tempmon/device_temp_sync_r5_reg[0] in site SLICE_X30Y121 is part of a synchronized register chain that is suboptimally placed as the load FDRE cell UART_i/mig_7series_0/u_UART_mig_7series_0_0_mig/temp_mon_enabled.u_tempmon/device_temp_r_reg[0] is not placed in the same (SLICE) site.
Related violations: <none>

PDRC-190#2 Warning
Suboptimally placed synchronized register chain  
The FDRE cell UART_i/mig_7series_0/u_UART_mig_7series_0_0_mig/temp_mon_enabled.u_tempmon/device_temp_sync_r5_reg[10] in site SLICE_X29Y121 is part of a synchronized register chain that is suboptimally placed as the load FDRE cell UART_i/mig_7series_0/u_UART_mig_7series_0_0_mig/temp_mon_enabled.u_tempmon/device_temp_r_reg[10] is not placed in the same (SLICE) site.
Related violations: <none>

PDRC-190#3 Warning
Suboptimally placed synchronized register chain  
The FDRE cell UART_i/mig_7series_0/u_UART_mig_7series_0_0_mig/temp_mon_enabled.u_tempmon/device_temp_sync_r5_reg[11] in site SLICE_X32Y122 is part of a synchronized register chain that is suboptimally placed as the load FDRE cell UART_i/mig_7series_0/u_UART_mig_7series_0_0_mig/temp_mon_enabled.u_tempmon/device_temp_r_reg[11] is not placed in the same (SLICE) site.
Related violations: <none>

PDRC-190#4 Warning
Suboptimally placed synchronized register chain  
The FDRE cell UART_i/mig_7series_0/u_UART_mig_7series_0_0_mig/temp_mon_enabled.u_tempmon/device_temp_sync_r5_reg[1] in site SLICE_X35Y121 is part of a synchronized register chain that is suboptimally placed as the load FDRE cell UART_i/mig_7series_0/u_UART_mig_7series_0_0_mig/temp_mon_enabled.u_tempmon/device_temp_r_reg[1] is not placed in the same (SLICE) site.
Related violations: <none>

PDRC-190#5 Warning
Suboptimally placed synchronized register chain  
The FDRE cell UART_i/mig_7series_0/u_UART_mig_7series_0_0_mig/temp_mon_enabled.u_tempmon/device_temp_sync_r5_reg[2] in site SLICE_X30Y123 is part of a synchronized register chain that is suboptimally placed as the load FDRE cell UART_i/mig_7series_0/u_UART_mig_7series_0_0_mig/temp_mon_enabled.u_tempmon/device_temp_r_reg[2] is not placed in the same (SLICE) site.
Related violations: <none>

PDRC-190#6 Warning
Suboptimally placed synchronized register chain  
The FDRE cell UART_i/mig_7series_0/u_UART_mig_7series_0_0_mig/temp_mon_enabled.u_tempmon/device_temp_sync_r5_reg[3] in site SLICE_X33Y123 is part of a synchronized register chain that is suboptimally placed as the load FDRE cell UART_i/mig_7series_0/u_UART_mig_7series_0_0_mig/temp_mon_enabled.u_tempmon/device_temp_r_reg[3] is not placed in the same (SLICE) site.
Related violations: <none>

PDRC-190#7 Warning
Suboptimally placed synchronized register chain  
The FDRE cell UART_i/mig_7series_0/u_UART_mig_7series_0_0_mig/temp_mon_enabled.u_tempmon/device_temp_sync_r5_reg[4] in site SLICE_X33Y121 is part of a synchronized register chain that is suboptimally placed as the load FDRE cell UART_i/mig_7series_0/u_UART_mig_7series_0_0_mig/temp_mon_enabled.u_tempmon/device_temp_r_reg[4] is not placed in the same (SLICE) site.
Related violations: <none>

PDRC-190#8 Warning
Suboptimally placed synchronized register chain  
The FDRE cell UART_i/mig_7series_0/u_UART_mig_7series_0_0_mig/temp_mon_enabled.u_tempmon/device_temp_sync_r5_reg[5] in site SLICE_X31Y122 is part of a synchronized register chain that is suboptimally placed as the load FDRE cell UART_i/mig_7series_0/u_UART_mig_7series_0_0_mig/temp_mon_enabled.u_tempmon/device_temp_r_reg[5] is not placed in the same (SLICE) site.
Related violations: <none>

PDRC-190#9 Warning
Suboptimally placed synchronized register chain  
The FDRE cell UART_i/mig_7series_0/u_UART_mig_7series_0_0_mig/temp_mon_enabled.u_tempmon/device_temp_sync_r5_reg[6] in site SLICE_X36Y121 is part of a synchronized register chain that is suboptimally placed as the load FDRE cell UART_i/mig_7series_0/u_UART_mig_7series_0_0_mig/temp_mon_enabled.u_tempmon/device_temp_r_reg[6] is not placed in the same (SLICE) site.
Related violations: <none>

PDRC-190#10 Warning
Suboptimally placed synchronized register chain  
The FDRE cell UART_i/mig_7series_0/u_UART_mig_7series_0_0_mig/temp_mon_enabled.u_tempmon/device_temp_sync_r5_reg[7] in site SLICE_X34Y121 is part of a synchronized register chain that is suboptimally placed as the load FDRE cell UART_i/mig_7series_0/u_UART_mig_7series_0_0_mig/temp_mon_enabled.u_tempmon/device_temp_r_reg[7] is not placed in the same (SLICE) site.
Related violations: <none>

PDRC-190#11 Warning
Suboptimally placed synchronized register chain  
The FDRE cell UART_i/mig_7series_0/u_UART_mig_7series_0_0_mig/temp_mon_enabled.u_tempmon/device_temp_sync_r5_reg[8] in site SLICE_X31Y124 is part of a synchronized register chain that is suboptimally placed as the load FDRE cell UART_i/mig_7series_0/u_UART_mig_7series_0_0_mig/temp_mon_enabled.u_tempmon/device_temp_r_reg[8] is not placed in the same (SLICE) site.
Related violations: <none>

PDRC-190#12 Warning
Suboptimally placed synchronized register chain  
The FDRE cell UART_i/mig_7series_0/u_UART_mig_7series_0_0_mig/temp_mon_enabled.u_tempmon/device_temp_sync_r5_reg[9] in site SLICE_X32Y120 is part of a synchronized register chain that is suboptimally placed as the load FDRE cell UART_i/mig_7series_0/u_UART_mig_7series_0_0_mig/temp_mon_enabled.u_tempmon/device_temp_r_reg[9] is not placed in the same (SLICE) site.
Related violations: <none>

TIMING-9#1 Warning
Unknown CDC Logic  
One or more asynchronous Clock Domain Crossing has been detected between 2 clock domains through a set_false_path or a set_clock_groups or set_max_delay -datapath_only constraint but no double-registers logic synchronizer has been found on the side of the capture clock. It is recommended to run report_cdc for a complete and detailed CDC coverage. Please consider using XPM_CDC to avoid Critical severities
Related violations: <none>

TIMING-16#1 Warning
Large setup violation  
There is a large setup violation of -1.014 ns between UART_i/microblaze_0/U0/MicroBlaze_Core_I/Performance.Core/Using_ICache.ICache_I1/Tag_RAM_Module/Not_Using_XPM.Using_B36_S36.The_BRAMs[0].RAMB36_I1/Using_FPGA.Native/CLKARDCLK (clocked by clk_out1_UART_clk_wiz_0_0) and UART_i/microblaze_0/U0/MicroBlaze_Core_I/Performance.Core/Using_ICache.ICache_I1/Tag_RAM_Module/Not_Using_XPM.Using_B36_S36.The_BRAMs[0].RAMB36_I1/Using_FPGA.Native/ADDRARDADDR[14] (clocked by clk_out1_UART_clk_wiz_0_0). Large setup violations at the end of those stages might be difficult to fix during the post-placement implementation flow and could be the result of non-optimal XDC constraints or non-optimal design architecture
Related violations: <none>

TIMING-16#2 Warning
Large setup violation  
There is a large setup violation of -1.026 ns between UART_i/microblaze_0/U0/MicroBlaze_Core_I/Performance.Core/Using_ICache.ICache_I1/Tag_RAM_Module/Not_Using_XPM.Using_B36_S36.The_BRAMs[0].RAMB36_I1/Using_FPGA.Native/CLKARDCLK (clocked by clk_out1_UART_clk_wiz_0_0) and UART_i/microblaze_0_local_memory/lmb_bram/U0/inst_blk_mem_gen/gnbram.gnative_mem_map_bmg.native_mem_map_blk_mem_gen/valid.cstr/ramloop[3].ram.r/prim_noinit.ram/DEVICE_7SERIES.WITH_BMM_INFO.TRUE_DP.SIMPLE_PRIM36.TDP_SP36_NO_ECC_ATTR.ram/ENBWREN (clocked by clk_out1_UART_clk_wiz_0_0). Large setup violations at the end of those stages might be difficult to fix during the post-placement implementation flow and could be the result of non-optimal XDC constraints or non-optimal design architecture
Related violations: <none>

TIMING-16#3 Warning
Large setup violation  
There is a large setup violation of -1.032 ns between UART_i/microblaze_0/U0/MicroBlaze_Core_I/Performance.Core/Using_DCache.Using_WriteThrough.DCache_I1/TAG_RAM_Module/Not_Using_XPM.Using_B36_S36.The_BRAMs[0].RAMB36_I1/Using_FPGA.Native/CLKARDCLK (clocked by clk_out1_UART_clk_wiz_0_0) and UART_i/microblaze_0_local_memory/lmb_bram/U0/inst_blk_mem_gen/gnbram.gnative_mem_map_bmg.native_mem_map_blk_mem_gen/valid.cstr/ramloop[5].ram.r/prim_noinit.ram/DEVICE_7SERIES.WITH_BMM_INFO.TRUE_DP.SIMPLE_PRIM36.TDP_SP36_NO_ECC_ATTR.ram/ENARDEN (clocked by clk_out1_UART_clk_wiz_0_0). Large setup violations at the end of those stages might be difficult to fix during the post-placement implementation flow and could be the result of non-optimal XDC constraints or non-optimal design architecture
Related violations: <none>

TIMING-16#4 Warning
Large setup violation  
There is a large setup violation of -1.053 ns between UART_i/microblaze_0/U0/MicroBlaze_Core_I/Performance.Core/Using_DCache.Using_WriteThrough.DCache_I1/TAG_RAM_Module/Not_Using_XPM.Using_B36_S36.The_BRAMs[0].RAMB36_I1/Using_FPGA.Native/CLKARDCLK (clocked by clk_out1_UART_clk_wiz_0_0) and UART_i/microblaze_0/U0/MicroBlaze_Core_I/Performance.Core/Using_DCache.Using_WriteThrough.DCache_I1/Using_New_CacheInterface_for_AXI.Cache_Interface_I1/Using_AXI.M_AXI_ARADDR_I_reg[20]/CE (clocked by clk_out1_UART_clk_wiz_0_0). Large setup violations at the end of those stages might be difficult to fix during the post-placement implementation flow and could be the result of non-optimal XDC constraints or non-optimal design architecture
Related violations: <none>

TIMING-16#5 Warning
Large setup violation  
There is a large setup violation of -1.053 ns between UART_i/microblaze_0/U0/MicroBlaze_Core_I/Performance.Core/Using_DCache.Using_WriteThrough.DCache_I1/TAG_RAM_Module/Not_Using_XPM.Using_B36_S36.The_BRAMs[0].RAMB36_I1/Using_FPGA.Native/CLKARDCLK (clocked by clk_out1_UART_clk_wiz_0_0) and UART_i/microblaze_0/U0/MicroBlaze_Core_I/Performance.Core/Using_DCache.Using_WriteThrough.DCache_I1/Using_New_CacheInterface_for_AXI.Cache_Interface_I1/Using_AXI.M_AXI_ARADDR_I_reg[24]/CE (clocked by clk_out1_UART_clk_wiz_0_0). Large setup violations at the end of those stages might be difficult to fix during the post-placement implementation flow and could be the result of non-optimal XDC constraints or non-optimal design architecture
Related violations: <none>

TIMING-16#6 Warning
Large setup violation  
There is a large setup violation of -1.053 ns between UART_i/microblaze_0/U0/MicroBlaze_Core_I/Performance.Core/Using_DCache.Using_WriteThrough.DCache_I1/TAG_RAM_Module/Not_Using_XPM.Using_B36_S36.The_BRAMs[0].RAMB36_I1/Using_FPGA.Native/CLKARDCLK (clocked by clk_out1_UART_clk_wiz_0_0) and UART_i/microblaze_0/U0/MicroBlaze_Core_I/Performance.Core/Using_DCache.Using_WriteThrough.DCache_I1/Using_New_CacheInterface_for_AXI.Cache_Interface_I1/Using_AXI.M_AXI_ARADDR_I_reg[31]/CE (clocked by clk_out1_UART_clk_wiz_0_0). Large setup violations at the end of those stages might be difficult to fix during the post-placement implementation flow and could be the result of non-optimal XDC constraints or non-optimal design architecture
Related violations: <none>

TIMING-16#7 Warning
Large setup violation  
There is a large setup violation of -1.053 ns between UART_i/microblaze_0/U0/MicroBlaze_Core_I/Performance.Core/Using_DCache.Using_WriteThrough.DCache_I1/TAG_RAM_Module/Not_Using_XPM.Using_B36_S36.The_BRAMs[0].RAMB36_I1/Using_FPGA.Native/CLKARDCLK (clocked by clk_out1_UART_clk_wiz_0_0) and UART_i/microblaze_0/U0/MicroBlaze_Core_I/Performance.Core/Using_DCache.Using_WriteThrough.DCache_I1/Using_New_CacheInterface_for_AXI.Cache_Interface_I1/Using_AXI.M_AXI_ARADDR_I_reg[4]/CE (clocked by clk_out1_UART_clk_wiz_0_0). Large setup violations at the end of those stages might be difficult to fix during the post-placement implementation flow and could be the result of non-optimal XDC constraints or non-optimal design architecture
Related violations: <none>

TIMING-16#8 Warning
Large setup violation  
There is a large setup violation of -1.053 ns between UART_i/microblaze_0/U0/MicroBlaze_Core_I/Performance.Core/Using_DCache.Using_WriteThrough.DCache_I1/TAG_RAM_Module/Not_Using_XPM.Using_B36_S36.The_BRAMs[0].RAMB36_I1/Using_FPGA.Native/CLKARDCLK (clocked by clk_out1_UART_clk_wiz_0_0) and UART_i/microblaze_0/U0/MicroBlaze_Core_I/Performance.Core/Using_DCache.Using_WriteThrough.DCache_I1/Using_New_CacheInterface_for_AXI.Cache_Interface_I1/Using_AXI.M_AXI_ARADDR_I_reg[6]/CE (clocked by clk_out1_UART_clk_wiz_0_0). Large setup violations at the end of those stages might be difficult to fix during the post-placement implementation flow and could be the result of non-optimal XDC constraints or non-optimal design architecture
Related violations: <none>

TIMING-16#9 Warning
Large setup violation  
There is a large setup violation of -1.053 ns between UART_i/microblaze_0/U0/MicroBlaze_Core_I/Performance.Core/Using_DCache.Using_WriteThrough.DCache_I1/TAG_RAM_Module/Not_Using_XPM.Using_B36_S36.The_BRAMs[0].RAMB36_I1/Using_FPGA.Native/CLKARDCLK (clocked by clk_out1_UART_clk_wiz_0_0) and UART_i/microblaze_0/U0/MicroBlaze_Core_I/Performance.Core/Using_DCache.Using_WriteThrough.DCache_I1/Using_New_CacheInterface_for_AXI.Cache_Interface_I1/Using_AXI.M_AXI_ARADDR_I_reg[8]/CE (clocked by clk_out1_UART_clk_wiz_0_0). Large setup violations at the end of those stages might be difficult to fix during the post-placement implementation flow and could be the result of non-optimal XDC constraints or non-optimal design architecture
Related violations: <none>

TIMING-16#10 Warning
Large setup violation  
There is a large setup violation of -1.070 ns between UART_i/microblaze_0/U0/MicroBlaze_Core_I/Performance.Core/Using_DCache.Using_WriteThrough.DCache_I1/TAG_RAM_Module/Not_Using_XPM.Using_B36_S36.The_BRAMs[0].RAMB36_I1/Using_FPGA.Native/CLKARDCLK (clocked by clk_out1_UART_clk_wiz_0_0) and UART_i/microblaze_0_local_memory/lmb_bram/U0/inst_blk_mem_gen/gnbram.gnative_mem_map_bmg.native_mem_map_blk_mem_gen/valid.cstr/ramloop[15].ram.r/prim_noinit.ram/DEVICE_7SERIES.WITH_BMM_INFO.TRUE_DP.SIMPLE_PRIM36.TDP_SP36_NO_ECC_ATTR.ram/ENARDEN (clocked by clk_out1_UART_clk_wiz_0_0). Large setup violations at the end of those stages might be difficult to fix during the post-placement implementation flow and could be the result of non-optimal XDC constraints or non-optimal design architecture
Related violations: <none>

TIMING-16#11 Warning
Large setup violation  
There is a large setup violation of -1.073 ns between UART_i/microblaze_0/U0/MicroBlaze_Core_I/Performance.Core/Using_DCache.Using_WriteThrough.DCache_I1/TAG_RAM_Module/Not_Using_XPM.Using_B36_S36.The_BRAMs[0].RAMB36_I1/Using_FPGA.Native/CLKARDCLK (clocked by clk_out1_UART_clk_wiz_0_0) and UART_i/microblaze_0_local_memory/lmb_bram/U0/inst_blk_mem_gen/gnbram.gnative_mem_map_bmg.native_mem_map_blk_mem_gen/valid.cstr/ramloop[9].ram.r/prim_noinit.ram/DEVICE_7SERIES.WITH_BMM_INFO.TRUE_DP.SIMPLE_PRIM36.TDP_SP36_NO_ECC_ATTR.ram/ENARDEN (clocked by clk_out1_UART_clk_wiz_0_0). Large setup violations at the end of those stages might be difficult to fix during the post-placement implementation flow and could be the result of non-optimal XDC constraints or non-optimal design architecture
Related violations: <none>

TIMING-16#12 Warning
Large setup violation  
There is a large setup violation of -1.078 ns between UART_i/microblaze_0/U0/MicroBlaze_Core_I/Performance.Core/Using_DCache.Using_WriteThrough.DCache_I1/TAG_RAM_Module/Not_Using_XPM.Using_B36_S36.The_BRAMs[0].RAMB36_I1/Using_FPGA.Native/CLKARDCLK (clocked by clk_out1_UART_clk_wiz_0_0) and UART_i/microblaze_0/U0/MicroBlaze_Core_I/Performance.Core/Using_DCache.Using_WriteThrough.DCache_I1/DATA_RAM_Module/Not_Using_XPM.Using_B36_S9.The_BRAMs[0].RAMB36_I1/Using_FPGA.Native/ENARDEN (clocked by clk_out1_UART_clk_wiz_0_0). Large setup violations at the end of those stages might be difficult to fix during the post-placement implementation flow and could be the result of non-optimal XDC constraints or non-optimal design architecture
Related violations: <none>

TIMING-16#13 Warning
Large setup violation  
There is a large setup violation of -1.088 ns between UART_i/microblaze_0/U0/MicroBlaze_Core_I/Performance.Core/Using_DCache.Using_WriteThrough.DCache_I1/TAG_RAM_Module/Not_Using_XPM.Using_B36_S36.The_BRAMs[0].RAMB36_I1/Using_FPGA.Native/CLKARDCLK (clocked by clk_out1_UART_clk_wiz_0_0) and UART_i/microblaze_0/U0/MicroBlaze_Core_I/Performance.Core/Decode_I/ex_valid_jump_reg/D (clocked by clk_out1_UART_clk_wiz_0_0). Large setup violations at the end of those stages might be difficult to fix during the post-placement implementation flow and could be the result of non-optimal XDC constraints or non-optimal design architecture
Related violations: <none>

TIMING-16#14 Warning
Large setup violation  
There is a large setup violation of -1.089 ns between UART_i/microblaze_0/U0/MicroBlaze_Core_I/Performance.Core/Using_ICache.ICache_I1/Tag_RAM_Module/Not_Using_XPM.Using_B36_S36.The_BRAMs[0].RAMB36_I1/Using_FPGA.Native/CLKARDCLK (clocked by clk_out1_UART_clk_wiz_0_0) and UART_i/microblaze_0/U0/MicroBlaze_Core_I/Performance.Core/Using_ICache.ICache_I1/Tag_RAM_Module/Not_Using_XPM.Using_B36_S36.The_BRAMs[0].RAMB36_I1/Using_FPGA.Native/ADDRARDADDR[13] (clocked by clk_out1_UART_clk_wiz_0_0). Large setup violations at the end of those stages might be difficult to fix during the post-placement implementation flow and could be the result of non-optimal XDC constraints or non-optimal design architecture
Related violations: <none>

TIMING-16#15 Warning
Large setup violation  
There is a large setup violation of -1.122 ns between UART_i/microblaze_0/U0/MicroBlaze_Core_I/Performance.Core/Data_Flow_I/Operand_Select_I/EX_Op2_reg[30]/C (clocked by clk_out1_UART_clk_wiz_0_0) and UART_i/microblaze_0_local_memory/lmb_bram/U0/inst_blk_mem_gen/gnbram.gnative_mem_map_bmg.native_mem_map_blk_mem_gen/valid.cstr/ramloop[1].ram.r/prim_noinit.ram/DEVICE_7SERIES.WITH_BMM_INFO.TRUE_DP.SIMPLE_PRIM36.TDP_SP36_NO_ECC_ATTR.ram/ADDRBWRADDR[9] (clocked by clk_out1_UART_clk_wiz_0_0). Large setup violations at the end of those stages might be difficult to fix during the post-placement implementation flow and could be the result of non-optimal XDC constraints or non-optimal design architecture
Related violations: <none>

TIMING-16#16 Warning
Large setup violation  
There is a large setup violation of -1.191 ns between UART_i/microblaze_0/U0/MicroBlaze_Core_I/Performance.Core/Using_ICache.ICache_I1/Tag_RAM_Module/Not_Using_XPM.Using_B36_S36.The_BRAMs[0].RAMB36_I1/Using_FPGA.Native/CLKARDCLK (clocked by clk_out1_UART_clk_wiz_0_0) and UART_i/microblaze_0/U0/MicroBlaze_Core_I/Performance.Core/Using_ICache.ICache_I1/Tag_RAM_Module/Not_Using_XPM.Using_B36_S36.The_BRAMs[0].RAMB36_I1/Using_FPGA.Native/ADDRARDADDR[8] (clocked by clk_out1_UART_clk_wiz_0_0). Large setup violations at the end of those stages might be difficult to fix during the post-placement implementation flow and could be the result of non-optimal XDC constraints or non-optimal design architecture
Related violations: <none>

TIMING-16#17 Warning
Large setup violation  
There is a large setup violation of -1.194 ns between UART_i/microblaze_0/U0/MicroBlaze_Core_I/Performance.Core/Using_ICache.ICache_I1/Tag_RAM_Module/Not_Using_XPM.Using_B36_S36.The_BRAMs[0].RAMB36_I1/Using_FPGA.Native/CLKARDCLK (clocked by clk_out1_UART_clk_wiz_0_0) and UART_i/microblaze_0_local_memory/lmb_bram/U0/inst_blk_mem_gen/gnbram.gnative_mem_map_bmg.native_mem_map_blk_mem_gen/valid.cstr/ramloop[11].ram.r/prim_noinit.ram/DEVICE_7SERIES.WITH_BMM_INFO.TRUE_DP.SIMPLE_PRIM36.TDP_SP36_NO_ECC_ATTR.ram/ENBWREN (clocked by clk_out1_UART_clk_wiz_0_0). Large setup violations at the end of those stages might be difficult to fix during the post-placement implementation flow and could be the result of non-optimal XDC constraints or non-optimal design architecture
Related violations: <none>

TIMING-16#18 Warning
Large setup violation  
There is a large setup violation of -1.198 ns between UART_i/microblaze_0/U0/MicroBlaze_Core_I/Performance.Core/Using_DCache.Using_WriteThrough.DCache_I1/TAG_RAM_Module/Not_Using_XPM.Using_B36_S36.The_BRAMs[0].RAMB36_I1/Using_FPGA.Native/CLKARDCLK (clocked by clk_out1_UART_clk_wiz_0_0) and UART_i/microblaze_0_local_memory/lmb_bram/U0/inst_blk_mem_gen/gnbram.gnative_mem_map_bmg.native_mem_map_blk_mem_gen/valid.cstr/ramloop[13].ram.r/prim_noinit.ram/DEVICE_7SERIES.WITH_BMM_INFO.TRUE_DP.SIMPLE_PRIM36.TDP_SP36_NO_ECC_ATTR.ram/ENARDEN (clocked by clk_out1_UART_clk_wiz_0_0). Large setup violations at the end of those stages might be difficult to fix during the post-placement implementation flow and could be the result of non-optimal XDC constraints or non-optimal design architecture
Related violations: <none>

TIMING-16#19 Warning
Large setup violation  
There is a large setup violation of -1.228 ns between UART_i/microblaze_0/U0/MicroBlaze_Core_I/Performance.Core/Using_ICache.ICache_I1/Tag_RAM_Module/Not_Using_XPM.Using_B36_S36.The_BRAMs[0].RAMB36_I1/Using_FPGA.Native/CLKARDCLK (clocked by clk_out1_UART_clk_wiz_0_0) and UART_i/microblaze_0_local_memory/lmb_bram/U0/inst_blk_mem_gen/gnbram.gnative_mem_map_bmg.native_mem_map_blk_mem_gen/valid.cstr/ramloop[13].ram.r/prim_noinit.ram/DEVICE_7SERIES.WITH_BMM_INFO.TRUE_DP.SIMPLE_PRIM36.TDP_SP36_NO_ECC_ATTR.ram/ENBWREN (clocked by clk_out1_UART_clk_wiz_0_0). Large setup violations at the end of those stages might be difficult to fix during the post-placement implementation flow and could be the result of non-optimal XDC constraints or non-optimal design architecture
Related violations: <none>

TIMING-16#20 Warning
Large setup violation  
There is a large setup violation of -1.245 ns between UART_i/microblaze_0/U0/MicroBlaze_Core_I/Performance.Core/Using_ICache.ICache_I1/Tag_RAM_Module/Not_Using_XPM.Using_B36_S36.The_BRAMs[0].RAMB36_I1/Using_FPGA.Native/CLKARDCLK (clocked by clk_out1_UART_clk_wiz_0_0) and UART_i/microblaze_0_local_memory/lmb_bram/U0/inst_blk_mem_gen/gnbram.gnative_mem_map_bmg.native_mem_map_blk_mem_gen/valid.cstr/ramloop[0].ram.r/prim_noinit.ram/DEVICE_7SERIES.WITH_BMM_INFO.TRUE_DP.SIMPLE_PRIM36.TDP_SP36_NO_ECC_ATTR.ram/ENBWREN (clocked by clk_out1_UART_clk_wiz_0_0). Large setup violations at the end of those stages might be difficult to fix during the post-placement implementation flow and could be the result of non-optimal XDC constraints or non-optimal design architecture
Related violations: <none>

TIMING-16#21 Warning
Large setup violation  
There is a large setup violation of -1.274 ns between UART_i/microblaze_0/U0/MicroBlaze_Core_I/Performance.Core/Using_DCache.Using_WriteThrough.DCache_I1/TAG_RAM_Module/Not_Using_XPM.Using_B36_S36.The_BRAMs[0].RAMB36_I1/Using_FPGA.Native/CLKARDCLK (clocked by clk_out1_UART_clk_wiz_0_0) and UART_i/microblaze_0_local_memory/lmb_bram/U0/inst_blk_mem_gen/gnbram.gnative_mem_map_bmg.native_mem_map_blk_mem_gen/valid.cstr/ramloop[12].ram.r/prim_noinit.ram/DEVICE_7SERIES.WITH_BMM_INFO.TRUE_DP.SIMPLE_PRIM36.TDP_SP36_NO_ECC_ATTR.ram/ENARDEN (clocked by clk_out1_UART_clk_wiz_0_0). Large setup violations at the end of those stages might be difficult to fix during the post-placement implementation flow and could be the result of non-optimal XDC constraints or non-optimal design architecture
Related violations: <none>

TIMING-16#22 Warning
Large setup violation  
There is a large setup violation of -1.278 ns between UART_i/microblaze_0/U0/MicroBlaze_Core_I/Performance.Core/Using_ICache.ICache_I1/Tag_RAM_Module/Not_Using_XPM.Using_B36_S36.The_BRAMs[0].RAMB36_I1/Using_FPGA.Native/CLKARDCLK (clocked by clk_out1_UART_clk_wiz_0_0) and UART_i/microblaze_0/U0/MicroBlaze_Core_I/Performance.Core/Using_ICache.ICache_I1/Tag_RAM_Module/Not_Using_XPM.Using_B36_S36.The_BRAMs[0].RAMB36_I1/Using_FPGA.Native/ADDRARDADDR[7] (clocked by clk_out1_UART_clk_wiz_0_0). Large setup violations at the end of those stages might be difficult to fix during the post-placement implementation flow and could be the result of non-optimal XDC constraints or non-optimal design architecture
Related violations: <none>

TIMING-16#23 Warning
Large setup violation  
There is a large setup violation of -1.290 ns between UART_i/microblaze_0/U0/MicroBlaze_Core_I/Performance.Core/Using_ICache.ICache_I1/Tag_RAM_Module/Not_Using_XPM.Using_B36_S36.The_BRAMs[0].RAMB36_I1/Using_FPGA.Native/CLKARDCLK (clocked by clk_out1_UART_clk_wiz_0_0) and UART_i/microblaze_0/U0/MicroBlaze_Core_I/Performance.Core/Using_ICache.ICache_I1/Tag_RAM_Module/Not_Using_XPM.Using_B36_S36.The_BRAMs[0].RAMB36_I1/Using_FPGA.Native/ADDRARDADDR[11] (clocked by clk_out1_UART_clk_wiz_0_0). Large setup violations at the end of those stages might be difficult to fix during the post-placement implementation flow and could be the result of non-optimal XDC constraints or non-optimal design architecture
Related violations: <none>

TIMING-16#24 Warning
Large setup violation  
There is a large setup violation of -1.303 ns between UART_i/microblaze_0/U0/MicroBlaze_Core_I/Performance.Core/Using_ICache.ICache_I1/Tag_RAM_Module/Not_Using_XPM.Using_B36_S36.The_BRAMs[0].RAMB36_I1/Using_FPGA.Native/CLKARDCLK (clocked by clk_out1_UART_clk_wiz_0_0) and UART_i/microblaze_0_local_memory/lmb_bram/U0/inst_blk_mem_gen/gnbram.gnative_mem_map_bmg.native_mem_map_blk_mem_gen/valid.cstr/ramloop[4].ram.r/prim_noinit.ram/DEVICE_7SERIES.WITH_BMM_INFO.TRUE_DP.SIMPLE_PRIM36.TDP_SP36_NO_ECC_ATTR.ram/ENBWREN (clocked by clk_out1_UART_clk_wiz_0_0). Large setup violations at the end of those stages might be difficult to fix during the post-placement implementation flow and could be the result of non-optimal XDC constraints or non-optimal design architecture
Related violations: <none>

TIMING-16#25 Warning
Large setup violation  
There is a large setup violation of -1.316 ns between UART_i/microblaze_0/U0/MicroBlaze_Core_I/Performance.Core/Using_ICache.ICache_I1/Tag_RAM_Module/Not_Using_XPM.Using_B36_S36.The_BRAMs[0].RAMB36_I1/Using_FPGA.Native/CLKARDCLK (clocked by clk_out1_UART_clk_wiz_0_0) and UART_i/microblaze_0_local_memory/lmb_bram/U0/inst_blk_mem_gen/gnbram.gnative_mem_map_bmg.native_mem_map_blk_mem_gen/valid.cstr/ramloop[5].ram.r/prim_noinit.ram/DEVICE_7SERIES.WITH_BMM_INFO.TRUE_DP.SIMPLE_PRIM36.TDP_SP36_NO_ECC_ATTR.ram/ENBWREN (clocked by clk_out1_UART_clk_wiz_0_0). Large setup violations at the end of those stages might be difficult to fix during the post-placement implementation flow and could be the result of non-optimal XDC constraints or non-optimal design architecture
Related violations: <none>

TIMING-16#26 Warning
Large setup violation  
There is a large setup violation of -1.318 ns between UART_i/microblaze_0/U0/MicroBlaze_Core_I/Performance.Core/Using_DCache.Using_WriteThrough.DCache_I1/TAG_RAM_Module/Not_Using_XPM.Using_B36_S36.The_BRAMs[0].RAMB36_I1/Using_FPGA.Native/CLKARDCLK (clocked by clk_out1_UART_clk_wiz_0_0) and UART_i/microblaze_0/U0/MicroBlaze_Core_I/Performance.Core/Using_DCache.Using_WriteThrough.DCache_I1/Using_New_CacheInterface_for_AXI.Cache_Interface_I1/Using_AXI.M_AXI_ARVALID_I_reg/D (clocked by clk_out1_UART_clk_wiz_0_0). Large setup violations at the end of those stages might be difficult to fix during the post-placement implementation flow and could be the result of non-optimal XDC constraints or non-optimal design architecture
Related violations: <none>

TIMING-16#27 Warning
Large setup violation  
There is a large setup violation of -1.324 ns between UART_i/microblaze_0/U0/MicroBlaze_Core_I/Performance.Core/Using_ICache.ICache_I1/Tag_RAM_Module/Not_Using_XPM.Using_B36_S36.The_BRAMs[0].RAMB36_I1/Using_FPGA.Native/CLKARDCLK (clocked by clk_out1_UART_clk_wiz_0_0) and UART_i/microblaze_0/U0/MicroBlaze_Core_I/Performance.Core/Using_ICache.ICache_I1/Tag_RAM_Module/Not_Using_XPM.Using_B36_S36.The_BRAMs[0].RAMB36_I1/Using_FPGA.Native/ADDRARDADDR[9] (clocked by clk_out1_UART_clk_wiz_0_0). Large setup violations at the end of those stages might be difficult to fix during the post-placement implementation flow and could be the result of non-optimal XDC constraints or non-optimal design architecture
Related violations: <none>

TIMING-16#28 Warning
Large setup violation  
There is a large setup violation of -1.357 ns between UART_i/microblaze_0/U0/MicroBlaze_Core_I/Performance.Core/Using_ICache.ICache_I1/Tag_RAM_Module/Not_Using_XPM.Using_B36_S36.The_BRAMs[0].RAMB36_I1/Using_FPGA.Native/CLKARDCLK (clocked by clk_out1_UART_clk_wiz_0_0) and UART_i/microblaze_0/U0/MicroBlaze_Core_I/Performance.Core/Using_ICache.ICache_I1/Data_RAM_Module/Not_Using_XPM.Using_B36_S9.The_BRAMs[3].RAMB36_I1/Using_FPGA.Native/ADDRARDADDR[7] (clocked by clk_out1_UART_clk_wiz_0_0). Large setup violations at the end of those stages might be difficult to fix during the post-placement implementation flow and could be the result of non-optimal XDC constraints or non-optimal design architecture
Related violations: <none>

TIMING-16#29 Warning
Large setup violation  
There is a large setup violation of -1.378 ns between UART_i/microblaze_0/U0/MicroBlaze_Core_I/Performance.Core/Using_ICache.ICache_I1/Tag_RAM_Module/Not_Using_XPM.Using_B36_S36.The_BRAMs[0].RAMB36_I1/Using_FPGA.Native/CLKARDCLK (clocked by clk_out1_UART_clk_wiz_0_0) and UART_i/microblaze_0/U0/MicroBlaze_Core_I/Performance.Core/Using_ICache.ICache_I1/Tag_RAM_Module/Not_Using_XPM.Using_B36_S36.The_BRAMs[0].RAMB36_I1/Using_FPGA.Native/ADDRARDADDR[5] (clocked by clk_out1_UART_clk_wiz_0_0). Large setup violations at the end of those stages might be difficult to fix during the post-placement implementation flow and could be the result of non-optimal XDC constraints or non-optimal design architecture
Related violations: <none>

TIMING-16#30 Warning
Large setup violation  
There is a large setup violation of -1.386 ns between UART_i/microblaze_0/U0/MicroBlaze_Core_I/Performance.Core/Using_DCache.Using_WriteThrough.DCache_I1/TAG_RAM_Module/Not_Using_XPM.Using_B36_S36.The_BRAMs[0].RAMB36_I1/Using_FPGA.Native/CLKARDCLK (clocked by clk_out1_UART_clk_wiz_0_0) and UART_i/microblaze_0_local_memory/lmb_bram/U0/inst_blk_mem_gen/gnbram.gnative_mem_map_bmg.native_mem_map_blk_mem_gen/valid.cstr/ramloop[11].ram.r/prim_noinit.ram/DEVICE_7SERIES.WITH_BMM_INFO.TRUE_DP.SIMPLE_PRIM36.TDP_SP36_NO_ECC_ATTR.ram/ENARDEN (clocked by clk_out1_UART_clk_wiz_0_0). Large setup violations at the end of those stages might be difficult to fix during the post-placement implementation flow and could be the result of non-optimal XDC constraints or non-optimal design architecture
Related violations: <none>

TIMING-16#31 Warning
Large setup violation  
There is a large setup violation of -1.395 ns between UART_i/microblaze_0/U0/MicroBlaze_Core_I/Performance.Core/Using_ICache.ICache_I1/Tag_RAM_Module/Not_Using_XPM.Using_B36_S36.The_BRAMs[0].RAMB36_I1/Using_FPGA.Native/CLKARDCLK (clocked by clk_out1_UART_clk_wiz_0_0) and UART_i/microblaze_0/U0/MicroBlaze_Core_I/Performance.Core/Using_ICache.ICache_I1/Data_RAM_Module/Not_Using_XPM.Using_B36_S9.The_BRAMs[3].RAMB36_I1/Using_FPGA.Native/ADDRARDADDR[14] (clocked by clk_out1_UART_clk_wiz_0_0). Large setup violations at the end of those stages might be difficult to fix during the post-placement implementation flow and could be the result of non-optimal XDC constraints or non-optimal design architecture
Related violations: <none>

TIMING-16#32 Warning
Large setup violation  
There is a large setup violation of -1.396 ns between UART_i/microblaze_0/U0/MicroBlaze_Core_I/Performance.Core/Using_ICache.ICache_I1/Tag_RAM_Module/Not_Using_XPM.Using_B36_S36.The_BRAMs[0].RAMB36_I1/Using_FPGA.Native/CLKARDCLK (clocked by clk_out1_UART_clk_wiz_0_0) and UART_i/microblaze_0/U0/MicroBlaze_Core_I/Performance.Core/Using_ICache.ICache_I1/Data_RAM_Module/Not_Using_XPM.Using_B36_S9.The_BRAMs[3].RAMB36_I1/Using_FPGA.Native/ADDRARDADDR[13] (clocked by clk_out1_UART_clk_wiz_0_0). Large setup violations at the end of those stages might be difficult to fix during the post-placement implementation flow and could be the result of non-optimal XDC constraints or non-optimal design architecture
Related violations: <none>

TIMING-16#33 Warning
Large setup violation  
There is a large setup violation of -1.410 ns between UART_i/microblaze_0/U0/MicroBlaze_Core_I/Performance.Core/Using_DCache.Using_WriteThrough.DCache_I1/TAG_RAM_Module/Not_Using_XPM.Using_B36_S36.The_BRAMs[0].RAMB36_I1/Using_FPGA.Native/CLKARDCLK (clocked by clk_out1_UART_clk_wiz_0_0) and UART_i/microblaze_0_local_memory/lmb_bram/U0/inst_blk_mem_gen/gnbram.gnative_mem_map_bmg.native_mem_map_blk_mem_gen/valid.cstr/ramloop[4].ram.r/prim_noinit.ram/DEVICE_7SERIES.WITH_BMM_INFO.TRUE_DP.SIMPLE_PRIM36.TDP_SP36_NO_ECC_ATTR.ram/ENARDEN (clocked by clk_out1_UART_clk_wiz_0_0). Large setup violations at the end of those stages might be difficult to fix during the post-placement implementation flow and could be the result of non-optimal XDC constraints or non-optimal design architecture
Related violations: <none>

TIMING-16#34 Warning
Large setup violation  
There is a large setup violation of -1.417 ns between UART_i/microblaze_0/U0/MicroBlaze_Core_I/Performance.Core/Using_ICache.ICache_I1/Tag_RAM_Module/Not_Using_XPM.Using_B36_S36.The_BRAMs[0].RAMB36_I1/Using_FPGA.Native/CLKARDCLK (clocked by clk_out1_UART_clk_wiz_0_0) and UART_i/microblaze_0_local_memory/lmb_bram/U0/inst_blk_mem_gen/gnbram.gnative_mem_map_bmg.native_mem_map_blk_mem_gen/valid.cstr/ramloop[12].ram.r/prim_noinit.ram/DEVICE_7SERIES.WITH_BMM_INFO.TRUE_DP.SIMPLE_PRIM36.TDP_SP36_NO_ECC_ATTR.ram/ENBWREN (clocked by clk_out1_UART_clk_wiz_0_0). Large setup violations at the end of those stages might be difficult to fix during the post-placement implementation flow and could be the result of non-optimal XDC constraints or non-optimal design architecture
Related violations: <none>

TIMING-16#35 Warning
Large setup violation  
There is a large setup violation of -1.434 ns between UART_i/microblaze_0/U0/MicroBlaze_Core_I/Performance.Core/Using_ICache.ICache_I1/Tag_RAM_Module/Not_Using_XPM.Using_B36_S36.The_BRAMs[0].RAMB36_I1/Using_FPGA.Native/CLKARDCLK (clocked by clk_out1_UART_clk_wiz_0_0) and UART_i/microblaze_0/U0/MicroBlaze_Core_I/Performance.Core/Using_ICache.ICache_I1/Tag_RAM_Module/Not_Using_XPM.Using_B36_S36.The_BRAMs[0].RAMB36_I1/Using_FPGA.Native/ADDRARDADDR[12] (clocked by clk_out1_UART_clk_wiz_0_0). Large setup violations at the end of those stages might be difficult to fix during the post-placement implementation flow and could be the result of non-optimal XDC constraints or non-optimal design architecture
Related violations: <none>

TIMING-16#36 Warning
Large setup violation  
There is a large setup violation of -1.435 ns between UART_i/microblaze_0/U0/MicroBlaze_Core_I/Performance.Core/Using_ICache.ICache_I1/Tag_RAM_Module/Not_Using_XPM.Using_B36_S36.The_BRAMs[0].RAMB36_I1/Using_FPGA.Native/CLKARDCLK (clocked by clk_out1_UART_clk_wiz_0_0) and UART_i/microblaze_0_local_memory/lmb_bram/U0/inst_blk_mem_gen/gnbram.gnative_mem_map_bmg.native_mem_map_blk_mem_gen/valid.cstr/ramloop[2].ram.r/prim_noinit.ram/DEVICE_7SERIES.WITH_BMM_INFO.TRUE_DP.SIMPLE_PRIM36.TDP_SP36_NO_ECC_ATTR.ram/ENBWREN (clocked by clk_out1_UART_clk_wiz_0_0). Large setup violations at the end of those stages might be difficult to fix during the post-placement implementation flow and could be the result of non-optimal XDC constraints or non-optimal design architecture
Related violations: <none>

TIMING-16#37 Warning
Large setup violation  
There is a large setup violation of -1.450 ns between UART_i/microblaze_0/U0/MicroBlaze_Core_I/Performance.Core/Using_ICache.ICache_I1/Tag_RAM_Module/Not_Using_XPM.Using_B36_S36.The_BRAMs[0].RAMB36_I1/Using_FPGA.Native/CLKARDCLK (clocked by clk_out1_UART_clk_wiz_0_0) and UART_i/microblaze_0/U0/MicroBlaze_Core_I/Performance.Core/Using_ICache.ICache_I1/Tag_RAM_Module/Not_Using_XPM.Using_B36_S36.The_BRAMs[0].RAMB36_I1/Using_FPGA.Native/ADDRARDADDR[6] (clocked by clk_out1_UART_clk_wiz_0_0). Large setup violations at the end of those stages might be difficult to fix during the post-placement implementation flow and could be the result of non-optimal XDC constraints or non-optimal design architecture
Related violations: <none>

TIMING-16#38 Warning
Large setup violation  
There is a large setup violation of -1.458 ns between UART_i/microblaze_0/U0/MicroBlaze_Core_I/Performance.Core/Using_DCache.Using_WriteThrough.DCache_I1/TAG_RAM_Module/Not_Using_XPM.Using_B36_S36.The_BRAMs[0].RAMB36_I1/Using_FPGA.Native/CLKARDCLK (clocked by clk_out1_UART_clk_wiz_0_0) and UART_i/microblaze_0_local_memory/lmb_bram/U0/inst_blk_mem_gen/gnbram.gnative_mem_map_bmg.native_mem_map_blk_mem_gen/valid.cstr/ramloop[2].ram.r/prim_noinit.ram/DEVICE_7SERIES.WITH_BMM_INFO.TRUE_DP.SIMPLE_PRIM36.TDP_SP36_NO_ECC_ATTR.ram/ENARDEN (clocked by clk_out1_UART_clk_wiz_0_0). Large setup violations at the end of those stages might be difficult to fix during the post-placement implementation flow and could be the result of non-optimal XDC constraints or non-optimal design architecture
Related violations: <none>

TIMING-16#39 Warning
Large setup violation  
There is a large setup violation of -1.464 ns between UART_i/microblaze_0/U0/MicroBlaze_Core_I/Performance.Core/Using_ICache.ICache_I1/Tag_RAM_Module/Not_Using_XPM.Using_B36_S36.The_BRAMs[0].RAMB36_I1/Using_FPGA.Native/CLKARDCLK (clocked by clk_out1_UART_clk_wiz_0_0) and UART_i/microblaze_0/U0/MicroBlaze_Core_I/Performance.Core/Using_ICache.ICache_I1/Data_RAM_Module/Not_Using_XPM.Using_B36_S9.The_BRAMs[3].RAMB36_I1/Using_FPGA.Native/ADDRARDADDR[11] (clocked by clk_out1_UART_clk_wiz_0_0). Large setup violations at the end of those stages might be difficult to fix during the post-placement implementation flow and could be the result of non-optimal XDC constraints or non-optimal design architecture
Related violations: <none>

TIMING-16#40 Warning
Large setup violation  
There is a large setup violation of -1.480 ns between UART_i/microblaze_0/U0/MicroBlaze_Core_I/Performance.Core/Using_ICache.ICache_I1/Tag_RAM_Module/Not_Using_XPM.Using_B36_S36.The_BRAMs[0].RAMB36_I1/Using_FPGA.Native/CLKARDCLK (clocked by clk_out1_UART_clk_wiz_0_0) and UART_i/microblaze_0/U0/MicroBlaze_Core_I/Performance.Core/Using_ICache.ICache_I1/Tag_RAM_Module/Not_Using_XPM.Using_B36_S36.The_BRAMs[0].RAMB36_I1/Using_FPGA.Native/ADDRARDADDR[10] (clocked by clk_out1_UART_clk_wiz_0_0). Large setup violations at the end of those stages might be difficult to fix during the post-placement implementation flow and could be the result of non-optimal XDC constraints or non-optimal design architecture
Related violations: <none>

TIMING-16#41 Warning
Large setup violation  
There is a large setup violation of -1.491 ns between UART_i/microblaze_0/U0/MicroBlaze_Core_I/Performance.Core/Using_ICache.ICache_I1/Tag_RAM_Module/Not_Using_XPM.Using_B36_S36.The_BRAMs[0].RAMB36_I1/Using_FPGA.Native/CLKARDCLK (clocked by clk_out1_UART_clk_wiz_0_0) and UART_i/microblaze_0/U0/MicroBlaze_Core_I/Performance.Core/Using_ICache.ICache_I1/Data_RAM_Module/Not_Using_XPM.Using_B36_S9.The_BRAMs[3].RAMB36_I1/Using_FPGA.Native/ADDRARDADDR[9] (clocked by clk_out1_UART_clk_wiz_0_0). Large setup violations at the end of those stages might be difficult to fix during the post-placement implementation flow and could be the result of non-optimal XDC constraints or non-optimal design architecture
Related violations: <none>

TIMING-16#42 Warning
Large setup violation  
There is a large setup violation of -1.499 ns between UART_i/microblaze_0/U0/MicroBlaze_Core_I/Performance.Core/Using_ICache.ICache_I1/Tag_RAM_Module/Not_Using_XPM.Using_B36_S36.The_BRAMs[0].RAMB36_I1/Using_FPGA.Native/CLKARDCLK (clocked by clk_out1_UART_clk_wiz_0_0) and UART_i/microblaze_0_local_memory/lmb_bram/U0/inst_blk_mem_gen/gnbram.gnative_mem_map_bmg.native_mem_map_blk_mem_gen/valid.cstr/ramloop[6].ram.r/prim_noinit.ram/DEVICE_7SERIES.WITH_BMM_INFO.TRUE_DP.SIMPLE_PRIM36.TDP_SP36_NO_ECC_ATTR.ram/ENBWREN (clocked by clk_out1_UART_clk_wiz_0_0). Large setup violations at the end of those stages might be difficult to fix during the post-placement implementation flow and could be the result of non-optimal XDC constraints or non-optimal design architecture
Related violations: <none>

TIMING-16#43 Warning
Large setup violation  
There is a large setup violation of -1.500 ns between UART_i/microblaze_0/U0/MicroBlaze_Core_I/Performance.Core/Using_ICache.ICache_I1/Tag_RAM_Module/Not_Using_XPM.Using_B36_S36.The_BRAMs[0].RAMB36_I1/Using_FPGA.Native/CLKARDCLK (clocked by clk_out1_UART_clk_wiz_0_0) and UART_i/microblaze_0/U0/MicroBlaze_Core_I/Performance.Core/Using_ICache.ICache_I1/Data_RAM_Module/Not_Using_XPM.Using_B36_S9.The_BRAMs[3].RAMB36_I1/Using_FPGA.Native/ADDRARDADDR[3] (clocked by clk_out1_UART_clk_wiz_0_0). Large setup violations at the end of those stages might be difficult to fix during the post-placement implementation flow and could be the result of non-optimal XDC constraints or non-optimal design architecture
Related violations: <none>

TIMING-16#44 Warning
Large setup violation  
There is a large setup violation of -1.512 ns between UART_i/microblaze_0/U0/MicroBlaze_Core_I/Performance.Core/Using_ICache.ICache_I1/Tag_RAM_Module/Not_Using_XPM.Using_B36_S36.The_BRAMs[0].RAMB36_I1/Using_FPGA.Native/CLKARDCLK (clocked by clk_out1_UART_clk_wiz_0_0) and UART_i/microblaze_0_local_memory/lmb_bram/U0/inst_blk_mem_gen/gnbram.gnative_mem_map_bmg.native_mem_map_blk_mem_gen/valid.cstr/ramloop[9].ram.r/prim_noinit.ram/DEVICE_7SERIES.WITH_BMM_INFO.TRUE_DP.SIMPLE_PRIM36.TDP_SP36_NO_ECC_ATTR.ram/ENBWREN (clocked by clk_out1_UART_clk_wiz_0_0). Large setup violations at the end of those stages might be difficult to fix during the post-placement implementation flow and could be the result of non-optimal XDC constraints or non-optimal design architecture
Related violations: <none>

TIMING-16#45 Warning
Large setup violation  
There is a large setup violation of -1.517 ns between UART_i/microblaze_0/U0/MicroBlaze_Core_I/Performance.Core/Using_ICache.ICache_I1/Tag_RAM_Module/Not_Using_XPM.Using_B36_S36.The_BRAMs[0].RAMB36_I1/Using_FPGA.Native/CLKARDCLK (clocked by clk_out1_UART_clk_wiz_0_0) and UART_i/microblaze_0/U0/MicroBlaze_Core_I/Performance.Core/Using_ICache.ICache_I1/Data_RAM_Module/Not_Using_XPM.Using_B36_S9.The_BRAMs[3].RAMB36_I1/Using_FPGA.Native/ADDRARDADDR[8] (clocked by clk_out1_UART_clk_wiz_0_0). Large setup violations at the end of those stages might be difficult to fix during the post-placement implementation flow and could be the result of non-optimal XDC constraints or non-optimal design architecture
Related violations: <none>

TIMING-16#46 Warning
Large setup violation  
There is a large setup violation of -1.530 ns between UART_i/microblaze_0/U0/MicroBlaze_Core_I/Performance.Core/Using_ICache.ICache_I1/Tag_RAM_Module/Not_Using_XPM.Using_B36_S36.The_BRAMs[0].RAMB36_I1/Using_FPGA.Native/CLKARDCLK (clocked by clk_out1_UART_clk_wiz_0_0) and UART_i/microblaze_0/U0/MicroBlaze_Core_I/Performance.Core/Using_ICache.ICache_I1/Data_RAM_Module/Not_Using_XPM.Using_B36_S9.The_BRAMs[3].RAMB36_I1/Using_FPGA.Native/ADDRARDADDR[6] (clocked by clk_out1_UART_clk_wiz_0_0). Large setup violations at the end of those stages might be difficult to fix during the post-placement implementation flow and could be the result of non-optimal XDC constraints or non-optimal design architecture
Related violations: <none>

TIMING-16#47 Warning
Large setup violation  
There is a large setup violation of -1.576 ns between UART_i/microblaze_0/U0/MicroBlaze_Core_I/Performance.Core/Using_ICache.ICache_I1/Tag_RAM_Module/Not_Using_XPM.Using_B36_S36.The_BRAMs[0].RAMB36_I1/Using_FPGA.Native/CLKARDCLK (clocked by clk_out1_UART_clk_wiz_0_0) and UART_i/microblaze_0/U0/MicroBlaze_Core_I/Performance.Core/Using_ICache.ICache_I1/Data_RAM_Module/Not_Using_XPM.Using_B36_S9.The_BRAMs[3].RAMB36_I1/Using_FPGA.Native/ADDRARDADDR[4] (clocked by clk_out1_UART_clk_wiz_0_0). Large setup violations at the end of those stages might be difficult to fix during the post-placement implementation flow and could be the result of non-optimal XDC constraints or non-optimal design architecture
Related violations: <none>

TIMING-16#48 Warning
Large setup violation  
There is a large setup violation of -1.577 ns between UART_i/microblaze_0/U0/MicroBlaze_Core_I/Performance.Core/Using_ICache.ICache_I1/Tag_RAM_Module/Not_Using_XPM.Using_B36_S36.The_BRAMs[0].RAMB36_I1/Using_FPGA.Native/CLKARDCLK (clocked by clk_out1_UART_clk_wiz_0_0) and UART_i/microblaze_0/U0/MicroBlaze_Core_I/Performance.Core/Using_ICache.ICache_I1/Data_RAM_Module/Not_Using_XPM.Using_B36_S9.The_BRAMs[3].RAMB36_I1/Using_FPGA.Native/ADDRARDADDR[10] (clocked by clk_out1_UART_clk_wiz_0_0). Large setup violations at the end of those stages might be difficult to fix during the post-placement implementation flow and could be the result of non-optimal XDC constraints or non-optimal design architecture
Related violations: <none>

TIMING-16#49 Warning
Large setup violation  
There is a large setup violation of -1.607 ns between UART_i/microblaze_0/U0/MicroBlaze_Core_I/Performance.Core/Using_ICache.ICache_I1/Tag_RAM_Module/Not_Using_XPM.Using_B36_S36.The_BRAMs[0].RAMB36_I1/Using_FPGA.Native/CLKARDCLK (clocked by clk_out1_UART_clk_wiz_0_0) and UART_i/microblaze_0/U0/MicroBlaze_Core_I/Performance.Core/Using_ICache.ICache_I1/Data_RAM_Module/Not_Using_XPM.Using_B36_S9.The_BRAMs[3].RAMB36_I1/Using_FPGA.Native/ADDRARDADDR[5] (clocked by clk_out1_UART_clk_wiz_0_0). Large setup violations at the end of those stages might be difficult to fix during the post-placement implementation flow and could be the result of non-optimal XDC constraints or non-optimal design architecture
Related violations: <none>

TIMING-16#50 Warning
Large setup violation  
There is a large setup violation of -1.610 ns between UART_i/microblaze_0/U0/MicroBlaze_Core_I/Performance.Core/Using_DCache.Using_WriteThrough.DCache_I1/TAG_RAM_Module/Not_Using_XPM.Using_B36_S36.The_BRAMs[0].RAMB36_I1/Using_FPGA.Native/CLKARDCLK (clocked by clk_out1_UART_clk_wiz_0_0) and UART_i/microblaze_0_local_memory/lmb_bram/U0/inst_blk_mem_gen/gnbram.gnative_mem_map_bmg.native_mem_map_blk_mem_gen/valid.cstr/ramloop[3].ram.r/prim_noinit.ram/DEVICE_7SERIES.WITH_BMM_INFO.TRUE_DP.SIMPLE_PRIM36.TDP_SP36_NO_ECC_ATTR.ram/ENARDEN (clocked by clk_out1_UART_clk_wiz_0_0). Large setup violations at the end of those stages might be difficult to fix during the post-placement implementation flow and could be the result of non-optimal XDC constraints or non-optimal design architecture
Related violations: <none>

TIMING-16#51 Warning
Large setup violation  
There is a large setup violation of -1.665 ns between UART_i/microblaze_0/U0/MicroBlaze_Core_I/Performance.Core/Using_ICache.ICache_I1/Tag_RAM_Module/Not_Using_XPM.Using_B36_S36.The_BRAMs[0].RAMB36_I1/Using_FPGA.Native/CLKARDCLK (clocked by clk_out1_UART_clk_wiz_0_0) and UART_i/microblaze_0/U0/MicroBlaze_Core_I/Performance.Core/Using_ICache.ICache_I1/Data_RAM_Module/Not_Using_XPM.Using_B36_S9.The_BRAMs[3].RAMB36_I1/Using_FPGA.Native/ADDRARDADDR[12] (clocked by clk_out1_UART_clk_wiz_0_0). Large setup violations at the end of those stages might be difficult to fix during the post-placement implementation flow and could be the result of non-optimal XDC constraints or non-optimal design architecture
Related violations: <none>

TIMING-16#52 Warning
Large setup violation  
There is a large setup violation of -1.700 ns between UART_i/microblaze_0/U0/MicroBlaze_Core_I/Performance.Core/Using_ICache.ICache_I1/Tag_RAM_Module/Not_Using_XPM.Using_B36_S36.The_BRAMs[0].RAMB36_I1/Using_FPGA.Native/CLKARDCLK (clocked by clk_out1_UART_clk_wiz_0_0) and UART_i/microblaze_0_local_memory/lmb_bram/U0/inst_blk_mem_gen/gnbram.gnative_mem_map_bmg.native_mem_map_blk_mem_gen/valid.cstr/ramloop[15].ram.r/prim_noinit.ram/DEVICE_7SERIES.WITH_BMM_INFO.TRUE_DP.SIMPLE_PRIM36.TDP_SP36_NO_ECC_ATTR.ram/ENBWREN (clocked by clk_out1_UART_clk_wiz_0_0). Large setup violations at the end of those stages might be difficult to fix during the post-placement implementation flow and could be the result of non-optimal XDC constraints or non-optimal design architecture
Related violations: <none>

TIMING-16#53 Warning
Large setup violation  
There is a large setup violation of -1.702 ns between UART_i/microblaze_0/U0/MicroBlaze_Core_I/Performance.Core/Using_ICache.ICache_I1/Tag_RAM_Module/Not_Using_XPM.Using_B36_S36.The_BRAMs[0].RAMB36_I1/Using_FPGA.Native/CLKARDCLK (clocked by clk_out1_UART_clk_wiz_0_0) and UART_i/microblaze_0_local_memory/lmb_bram/U0/inst_blk_mem_gen/gnbram.gnative_mem_map_bmg.native_mem_map_blk_mem_gen/valid.cstr/ramloop[7].ram.r/prim_noinit.ram/DEVICE_7SERIES.WITH_BMM_INFO.TRUE_DP.SIMPLE_PRIM36.TDP_SP36_NO_ECC_ATTR.ram/ENBWREN (clocked by clk_out1_UART_clk_wiz_0_0). Large setup violations at the end of those stages might be difficult to fix during the post-placement implementation flow and could be the result of non-optimal XDC constraints or non-optimal design architecture
Related violations: <none>

TIMING-16#54 Warning
Large setup violation  
There is a large setup violation of -1.790 ns between UART_i/microblaze_0/U0/MicroBlaze_Core_I/Performance.Core/Using_DCache.Using_WriteThrough.DCache_I1/TAG_RAM_Module/Not_Using_XPM.Using_B36_S36.The_BRAMs[0].RAMB36_I1/Using_FPGA.Native/CLKARDCLK (clocked by clk_out1_UART_clk_wiz_0_0) and UART_i/microblaze_0_local_memory/lmb_bram/U0/inst_blk_mem_gen/gnbram.gnative_mem_map_bmg.native_mem_map_blk_mem_gen/valid.cstr/ramloop[0].ram.r/prim_noinit.ram/DEVICE_7SERIES.WITH_BMM_INFO.TRUE_DP.SIMPLE_PRIM36.TDP_SP36_NO_ECC_ATTR.ram/ENARDEN (clocked by clk_out1_UART_clk_wiz_0_0). Large setup violations at the end of those stages might be difficult to fix during the post-placement implementation flow and could be the result of non-optimal XDC constraints or non-optimal design architecture
Related violations: <none>

TIMING-16#55 Warning
Large setup violation  
There is a large setup violation of -1.832 ns between UART_i/microblaze_0/U0/MicroBlaze_Core_I/Performance.Core/Using_DCache.Using_WriteThrough.DCache_I1/TAG_RAM_Module/Not_Using_XPM.Using_B36_S36.The_BRAMs[0].RAMB36_I1/Using_FPGA.Native/CLKARDCLK (clocked by clk_out1_UART_clk_wiz_0_0) and UART_i/microblaze_0_local_memory/lmb_bram/U0/inst_blk_mem_gen/gnbram.gnative_mem_map_bmg.native_mem_map_blk_mem_gen/valid.cstr/ramloop[6].ram.r/prim_noinit.ram/DEVICE_7SERIES.WITH_BMM_INFO.TRUE_DP.SIMPLE_PRIM36.TDP_SP36_NO_ECC_ATTR.ram/ENARDEN (clocked by clk_out1_UART_clk_wiz_0_0). Large setup violations at the end of those stages might be difficult to fix during the post-placement implementation flow and could be the result of non-optimal XDC constraints or non-optimal design architecture
Related violations: <none>

TIMING-16#56 Warning
Large setup violation  
There is a large setup violation of -1.838 ns between UART_i/microblaze_0/U0/MicroBlaze_Core_I/Performance.Core/Using_ICache.ICache_I1/Tag_RAM_Module/Not_Using_XPM.Using_B36_S36.The_BRAMs[0].RAMB36_I1/Using_FPGA.Native/CLKARDCLK (clocked by clk_out1_UART_clk_wiz_0_0) and UART_i/microblaze_0_local_memory/lmb_bram/U0/inst_blk_mem_gen/gnbram.gnative_mem_map_bmg.native_mem_map_blk_mem_gen/valid.cstr/ramloop[1].ram.r/prim_noinit.ram/DEVICE_7SERIES.WITH_BMM_INFO.TRUE_DP.SIMPLE_PRIM36.TDP_SP36_NO_ECC_ATTR.ram/ENBWREN (clocked by clk_out1_UART_clk_wiz_0_0). Large setup violations at the end of those stages might be difficult to fix during the post-placement implementation flow and could be the result of non-optimal XDC constraints or non-optimal design architecture
Related violations: <none>

TIMING-16#57 Warning
Large setup violation  
There is a large setup violation of -1.858 ns between UART_i/microblaze_0/U0/MicroBlaze_Core_I/Performance.Core/Using_ICache.ICache_I1/Tag_RAM_Module/Not_Using_XPM.Using_B36_S36.The_BRAMs[0].RAMB36_I1/Using_FPGA.Native/CLKARDCLK (clocked by clk_out1_UART_clk_wiz_0_0) and UART_i/microblaze_0/U0/MicroBlaze_Core_I/Performance.Core/Using_ICache.ICache_I1/Data_RAM_Module/Not_Using_XPM.Using_B36_S9.The_BRAMs[2].RAMB36_I1/Using_FPGA.Native/ADDRARDADDR[8] (clocked by clk_out1_UART_clk_wiz_0_0). Large setup violations at the end of those stages might be difficult to fix during the post-placement implementation flow and could be the result of non-optimal XDC constraints or non-optimal design architecture
Related violations: <none>

TIMING-16#58 Warning
Large setup violation  
There is a large setup violation of -1.869 ns between UART_i/microblaze_0/U0/MicroBlaze_Core_I/Performance.Core/Using_ICache.ICache_I1/Tag_RAM_Module/Not_Using_XPM.Using_B36_S36.The_BRAMs[0].RAMB36_I1/Using_FPGA.Native/CLKARDCLK (clocked by clk_out1_UART_clk_wiz_0_0) and UART_i/microblaze_0/U0/MicroBlaze_Core_I/Performance.Core/Using_ICache.ICache_I1/Data_RAM_Module/Not_Using_XPM.Using_B36_S9.The_BRAMs[2].RAMB36_I1/Using_FPGA.Native/ADDRARDADDR[11] (clocked by clk_out1_UART_clk_wiz_0_0). Large setup violations at the end of those stages might be difficult to fix during the post-placement implementation flow and could be the result of non-optimal XDC constraints or non-optimal design architecture
Related violations: <none>

TIMING-16#59 Warning
Large setup violation  
There is a large setup violation of -1.882 ns between UART_i/microblaze_0/U0/MicroBlaze_Core_I/Performance.Core/Using_ICache.ICache_I1/Tag_RAM_Module/Not_Using_XPM.Using_B36_S36.The_BRAMs[0].RAMB36_I1/Using_FPGA.Native/CLKARDCLK (clocked by clk_out1_UART_clk_wiz_0_0) and UART_i/microblaze_0/U0/MicroBlaze_Core_I/Performance.Core/Using_ICache.ICache_I1/Data_RAM_Module/Not_Using_XPM.Using_B36_S9.The_BRAMs[2].RAMB36_I1/Using_FPGA.Native/ADDRARDADDR[14] (clocked by clk_out1_UART_clk_wiz_0_0). Large setup violations at the end of those stages might be difficult to fix during the post-placement implementation flow and could be the result of non-optimal XDC constraints or non-optimal design architecture
Related violations: <none>

TIMING-16#60 Warning
Large setup violation  
There is a large setup violation of -1.898 ns between UART_i/microblaze_0/U0/MicroBlaze_Core_I/Performance.Core/Using_ICache.ICache_I1/Tag_RAM_Module/Not_Using_XPM.Using_B36_S36.The_BRAMs[0].RAMB36_I1/Using_FPGA.Native/CLKARDCLK (clocked by clk_out1_UART_clk_wiz_0_0) and UART_i/microblaze_0/U0/MicroBlaze_Core_I/Performance.Core/Using_ICache.ICache_I1/Data_RAM_Module/Not_Using_XPM.Using_B36_S9.The_BRAMs[0].RAMB36_I1/Using_FPGA.Native/ADDRARDADDR[14] (clocked by clk_out1_UART_clk_wiz_0_0). Large setup violations at the end of those stages might be difficult to fix during the post-placement implementation flow and could be the result of non-optimal XDC constraints or non-optimal design architecture
Related violations: <none>

TIMING-16#61 Warning
Large setup violation  
There is a large setup violation of -1.900 ns between UART_i/microblaze_0/U0/MicroBlaze_Core_I/Performance.Core/Using_ICache.ICache_I1/Tag_RAM_Module/Not_Using_XPM.Using_B36_S36.The_BRAMs[0].RAMB36_I1/Using_FPGA.Native/CLKARDCLK (clocked by clk_out1_UART_clk_wiz_0_0) and UART_i/microblaze_0/U0/MicroBlaze_Core_I/Performance.Core/Using_ICache.ICache_I1/Data_RAM_Module/Not_Using_XPM.Using_B36_S9.The_BRAMs[2].RAMB36_I1/Using_FPGA.Native/ADDRARDADDR[13] (clocked by clk_out1_UART_clk_wiz_0_0). Large setup violations at the end of those stages might be difficult to fix during the post-placement implementation flow and could be the result of non-optimal XDC constraints or non-optimal design architecture
Related violations: <none>

TIMING-16#62 Warning
Large setup violation  
There is a large setup violation of -1.902 ns between UART_i/microblaze_0/U0/MicroBlaze_Core_I/Performance.Core/Using_ICache.ICache_I1/Tag_RAM_Module/Not_Using_XPM.Using_B36_S36.The_BRAMs[0].RAMB36_I1/Using_FPGA.Native/CLKARDCLK (clocked by clk_out1_UART_clk_wiz_0_0) and UART_i/microblaze_0_local_memory/lmb_bram/U0/inst_blk_mem_gen/gnbram.gnative_mem_map_bmg.native_mem_map_blk_mem_gen/valid.cstr/ramloop[14].ram.r/prim_noinit.ram/DEVICE_7SERIES.WITH_BMM_INFO.TRUE_DP.SIMPLE_PRIM36.TDP_SP36_NO_ECC_ATTR.ram/ENBWREN (clocked by clk_out1_UART_clk_wiz_0_0). Large setup violations at the end of those stages might be difficult to fix during the post-placement implementation flow and could be the result of non-optimal XDC constraints or non-optimal design architecture
Related violations: <none>

TIMING-16#63 Warning
Large setup violation  
There is a large setup violation of -1.906 ns between UART_i/microblaze_0/U0/MicroBlaze_Core_I/Performance.Core/Using_ICache.ICache_I1/Tag_RAM_Module/Not_Using_XPM.Using_B36_S36.The_BRAMs[0].RAMB36_I1/Using_FPGA.Native/CLKARDCLK (clocked by clk_out1_UART_clk_wiz_0_0) and UART_i/microblaze_0_local_memory/lmb_bram/U0/inst_blk_mem_gen/gnbram.gnative_mem_map_bmg.native_mem_map_blk_mem_gen/valid.cstr/ramloop[10].ram.r/prim_noinit.ram/DEVICE_7SERIES.WITH_BMM_INFO.TRUE_DP.SIMPLE_PRIM36.TDP_SP36_NO_ECC_ATTR.ram/ENBWREN (clocked by clk_out1_UART_clk_wiz_0_0). Large setup violations at the end of those stages might be difficult to fix during the post-placement implementation flow and could be the result of non-optimal XDC constraints or non-optimal design architecture
Related violations: <none>

TIMING-16#64 Warning
Large setup violation  
There is a large setup violation of -1.910 ns between UART_i/microblaze_0/U0/MicroBlaze_Core_I/Performance.Core/Using_ICache.ICache_I1/Tag_RAM_Module/Not_Using_XPM.Using_B36_S36.The_BRAMs[0].RAMB36_I1/Using_FPGA.Native/CLKARDCLK (clocked by clk_out1_UART_clk_wiz_0_0) and UART_i/microblaze_0/U0/MicroBlaze_Core_I/Performance.Core/Using_ICache.ICache_I1/Data_RAM_Module/Not_Using_XPM.Using_B36_S9.The_BRAMs[2].RAMB36_I1/Using_FPGA.Native/ADDRARDADDR[9] (clocked by clk_out1_UART_clk_wiz_0_0). Large setup violations at the end of those stages might be difficult to fix during the post-placement implementation flow and could be the result of non-optimal XDC constraints or non-optimal design architecture
Related violations: <none>

TIMING-16#65 Warning
Large setup violation  
There is a large setup violation of -1.956 ns between UART_i/microblaze_0/U0/MicroBlaze_Core_I/Performance.Core/Using_ICache.ICache_I1/Tag_RAM_Module/Not_Using_XPM.Using_B36_S36.The_BRAMs[0].RAMB36_I1/Using_FPGA.Native/CLKARDCLK (clocked by clk_out1_UART_clk_wiz_0_0) and UART_i/microblaze_0/U0/MicroBlaze_Core_I/Performance.Core/Using_ICache.ICache_I1/Data_RAM_Module/Not_Using_XPM.Using_B36_S9.The_BRAMs[1].RAMB36_I1/Using_FPGA.Native/ADDRARDADDR[14] (clocked by clk_out1_UART_clk_wiz_0_0). Large setup violations at the end of those stages might be difficult to fix during the post-placement implementation flow and could be the result of non-optimal XDC constraints or non-optimal design architecture
Related violations: <none>

TIMING-16#66 Warning
Large setup violation  
There is a large setup violation of -1.959 ns between UART_i/microblaze_0/U0/MicroBlaze_Core_I/Performance.Core/Using_ICache.ICache_I1/Tag_RAM_Module/Not_Using_XPM.Using_B36_S36.The_BRAMs[0].RAMB36_I1/Using_FPGA.Native/CLKARDCLK (clocked by clk_out1_UART_clk_wiz_0_0) and UART_i/microblaze_0/U0/MicroBlaze_Core_I/Performance.Core/Using_ICache.ICache_I1/Data_RAM_Module/Not_Using_XPM.Using_B36_S9.The_BRAMs[0].RAMB36_I1/Using_FPGA.Native/ADDRARDADDR[13] (clocked by clk_out1_UART_clk_wiz_0_0). Large setup violations at the end of those stages might be difficult to fix during the post-placement implementation flow and could be the result of non-optimal XDC constraints or non-optimal design architecture
Related violations: <none>

TIMING-16#67 Warning
Large setup violation  
There is a large setup violation of -1.964 ns between UART_i/microblaze_0/U0/MicroBlaze_Core_I/Performance.Core/Using_ICache.ICache_I1/Tag_RAM_Module/Not_Using_XPM.Using_B36_S36.The_BRAMs[0].RAMB36_I1/Using_FPGA.Native/CLKARDCLK (clocked by clk_out1_UART_clk_wiz_0_0) and UART_i/microblaze_0/U0/MicroBlaze_Core_I/Performance.Core/Using_ICache.ICache_I1/Data_RAM_Module/Not_Using_XPM.Using_B36_S9.The_BRAMs[1].RAMB36_I1/Using_FPGA.Native/ADDRARDADDR[13] (clocked by clk_out1_UART_clk_wiz_0_0). Large setup violations at the end of those stages might be difficult to fix during the post-placement implementation flow and could be the result of non-optimal XDC constraints or non-optimal design architecture
Related violations: <none>

TIMING-16#68 Warning
Large setup violation  
There is a large setup violation of -1.996 ns between UART_i/microblaze_0/U0/MicroBlaze_Core_I/Performance.Core/Using_ICache.ICache_I1/Tag_RAM_Module/Not_Using_XPM.Using_B36_S36.The_BRAMs[0].RAMB36_I1/Using_FPGA.Native/CLKARDCLK (clocked by clk_out1_UART_clk_wiz_0_0) and UART_i/microblaze_0/U0/MicroBlaze_Core_I/Performance.Core/Using_ICache.ICache_I1/Data_RAM_Module/Not_Using_XPM.Using_B36_S9.The_BRAMs[1].RAMB36_I1/Using_FPGA.Native/ADDRARDADDR[11] (clocked by clk_out1_UART_clk_wiz_0_0). Large setup violations at the end of those stages might be difficult to fix during the post-placement implementation flow and could be the result of non-optimal XDC constraints or non-optimal design architecture
Related violations: <none>

TIMING-16#69 Warning
Large setup violation  
There is a large setup violation of -2.001 ns between UART_i/microblaze_0/U0/MicroBlaze_Core_I/Performance.Core/Using_DCache.Using_WriteThrough.DCache_I1/TAG_RAM_Module/Not_Using_XPM.Using_B36_S36.The_BRAMs[0].RAMB36_I1/Using_FPGA.Native/CLKARDCLK (clocked by clk_out1_UART_clk_wiz_0_0) and UART_i/microblaze_0_local_memory/lmb_bram/U0/inst_blk_mem_gen/gnbram.gnative_mem_map_bmg.native_mem_map_blk_mem_gen/valid.cstr/ramloop[14].ram.r/prim_noinit.ram/DEVICE_7SERIES.WITH_BMM_INFO.TRUE_DP.SIMPLE_PRIM36.TDP_SP36_NO_ECC_ATTR.ram/ENARDEN (clocked by clk_out1_UART_clk_wiz_0_0). Large setup violations at the end of those stages might be difficult to fix during the post-placement implementation flow and could be the result of non-optimal XDC constraints or non-optimal design architecture
Related violations: <none>

TIMING-16#70 Warning
Large setup violation  
There is a large setup violation of -2.003 ns between UART_i/microblaze_0/U0/MicroBlaze_Core_I/Performance.Core/Using_ICache.ICache_I1/Tag_RAM_Module/Not_Using_XPM.Using_B36_S36.The_BRAMs[0].RAMB36_I1/Using_FPGA.Native/CLKARDCLK (clocked by clk_out1_UART_clk_wiz_0_0) and UART_i/microblaze_0/U0/MicroBlaze_Core_I/Performance.Core/Using_ICache.ICache_I1/Data_RAM_Module/Not_Using_XPM.Using_B36_S9.The_BRAMs[0].RAMB36_I1/Using_FPGA.Native/ADDRARDADDR[4] (clocked by clk_out1_UART_clk_wiz_0_0). Large setup violations at the end of those stages might be difficult to fix during the post-placement implementation flow and could be the result of non-optimal XDC constraints or non-optimal design architecture
Related violations: <none>

TIMING-16#71 Warning
Large setup violation  
There is a large setup violation of -2.012 ns between UART_i/microblaze_0/U0/MicroBlaze_Core_I/Performance.Core/Using_ICache.ICache_I1/Tag_RAM_Module/Not_Using_XPM.Using_B36_S36.The_BRAMs[0].RAMB36_I1/Using_FPGA.Native/CLKARDCLK (clocked by clk_out1_UART_clk_wiz_0_0) and UART_i/microblaze_0/U0/MicroBlaze_Core_I/Performance.Core/Using_ICache.ICache_I1/Data_RAM_Module/Not_Using_XPM.Using_B36_S9.The_BRAMs[0].RAMB36_I1/Using_FPGA.Native/ADDRARDADDR[3] (clocked by clk_out1_UART_clk_wiz_0_0). Large setup violations at the end of those stages might be difficult to fix during the post-placement implementation flow and could be the result of non-optimal XDC constraints or non-optimal design architecture
Related violations: <none>

TIMING-16#72 Warning
Large setup violation  
There is a large setup violation of -2.021 ns between UART_i/microblaze_0/U0/MicroBlaze_Core_I/Performance.Core/Using_ICache.ICache_I1/Tag_RAM_Module/Not_Using_XPM.Using_B36_S36.The_BRAMs[0].RAMB36_I1/Using_FPGA.Native/CLKARDCLK (clocked by clk_out1_UART_clk_wiz_0_0) and UART_i/microblaze_0/U0/MicroBlaze_Core_I/Performance.Core/Using_ICache.ICache_I1/Data_RAM_Module/Not_Using_XPM.Using_B36_S9.The_BRAMs[0].RAMB36_I1/Using_FPGA.Native/ADDRARDADDR[11] (clocked by clk_out1_UART_clk_wiz_0_0). Large setup violations at the end of those stages might be difficult to fix during the post-placement implementation flow and could be the result of non-optimal XDC constraints or non-optimal design architecture
Related violations: <none>

TIMING-16#73 Warning
Large setup violation  
There is a large setup violation of -2.023 ns between UART_i/microblaze_0/U0/MicroBlaze_Core_I/Performance.Core/Using_DCache.Using_WriteThrough.DCache_I1/TAG_RAM_Module/Not_Using_XPM.Using_B36_S36.The_BRAMs[0].RAMB36_I1/Using_FPGA.Native/CLKARDCLK (clocked by clk_out1_UART_clk_wiz_0_0) and UART_i/microblaze_0_local_memory/lmb_bram/U0/inst_blk_mem_gen/gnbram.gnative_mem_map_bmg.native_mem_map_blk_mem_gen/valid.cstr/ramloop[10].ram.r/prim_noinit.ram/DEVICE_7SERIES.WITH_BMM_INFO.TRUE_DP.SIMPLE_PRIM36.TDP_SP36_NO_ECC_ATTR.ram/ENARDEN (clocked by clk_out1_UART_clk_wiz_0_0). Large setup violations at the end of those stages might be difficult to fix during the post-placement implementation flow and could be the result of non-optimal XDC constraints or non-optimal design architecture
Related violations: <none>

TIMING-16#74 Warning
Large setup violation  
There is a large setup violation of -2.027 ns between UART_i/microblaze_0/U0/MicroBlaze_Core_I/Performance.Core/Using_ICache.ICache_I1/Tag_RAM_Module/Not_Using_XPM.Using_B36_S36.The_BRAMs[0].RAMB36_I1/Using_FPGA.Native/CLKARDCLK (clocked by clk_out1_UART_clk_wiz_0_0) and UART_i/microblaze_0/U0/MicroBlaze_Core_I/Performance.Core/Using_ICache.ICache_I1/Data_RAM_Module/Not_Using_XPM.Using_B36_S9.The_BRAMs[2].RAMB36_I1/Using_FPGA.Native/ADDRARDADDR[10] (clocked by clk_out1_UART_clk_wiz_0_0). Large setup violations at the end of those stages might be difficult to fix during the post-placement implementation flow and could be the result of non-optimal XDC constraints or non-optimal design architecture
Related violations: <none>

TIMING-16#75 Warning
Large setup violation  
There is a large setup violation of -2.035 ns between UART_i/microblaze_0/U0/MicroBlaze_Core_I/Performance.Core/Using_ICache.ICache_I1/Tag_RAM_Module/Not_Using_XPM.Using_B36_S36.The_BRAMs[0].RAMB36_I1/Using_FPGA.Native/CLKARDCLK (clocked by clk_out1_UART_clk_wiz_0_0) and UART_i/microblaze_0/U0/MicroBlaze_Core_I/Performance.Core/Using_ICache.ICache_I1/Data_RAM_Module/Not_Using_XPM.Using_B36_S9.The_BRAMs[0].RAMB36_I1/Using_FPGA.Native/ADDRARDADDR[5] (clocked by clk_out1_UART_clk_wiz_0_0). Large setup violations at the end of those stages might be difficult to fix during the post-placement implementation flow and could be the result of non-optimal XDC constraints or non-optimal design architecture
Related violations: <none>

TIMING-16#76 Warning
Large setup violation  
There is a large setup violation of -2.037 ns between UART_i/microblaze_0/U0/MicroBlaze_Core_I/Performance.Core/Using_ICache.ICache_I1/Tag_RAM_Module/Not_Using_XPM.Using_B36_S36.The_BRAMs[0].RAMB36_I1/Using_FPGA.Native/CLKARDCLK (clocked by clk_out1_UART_clk_wiz_0_0) and UART_i/microblaze_0/U0/MicroBlaze_Core_I/Performance.Core/Using_ICache.ICache_I1/Data_RAM_Module/Not_Using_XPM.Using_B36_S9.The_BRAMs[2].RAMB36_I1/Using_FPGA.Native/ADDRARDADDR[4] (clocked by clk_out1_UART_clk_wiz_0_0). Large setup violations at the end of those stages might be difficult to fix during the post-placement implementation flow and could be the result of non-optimal XDC constraints or non-optimal design architecture
Related violations: <none>

TIMING-16#77 Warning
Large setup violation  
There is a large setup violation of -2.043 ns between UART_i/microblaze_0/U0/MicroBlaze_Core_I/Performance.Core/Using_ICache.ICache_I1/Tag_RAM_Module/Not_Using_XPM.Using_B36_S36.The_BRAMs[0].RAMB36_I1/Using_FPGA.Native/CLKARDCLK (clocked by clk_out1_UART_clk_wiz_0_0) and UART_i/microblaze_0_local_memory/lmb_bram/U0/inst_blk_mem_gen/gnbram.gnative_mem_map_bmg.native_mem_map_blk_mem_gen/valid.cstr/ramloop[8].ram.r/prim_noinit.ram/DEVICE_7SERIES.WITH_BMM_INFO.TRUE_DP.SIMPLE_PRIM36.TDP_SP36_NO_ECC_ATTR.ram/ENBWREN (clocked by clk_out1_UART_clk_wiz_0_0). Large setup violations at the end of those stages might be difficult to fix during the post-placement implementation flow and could be the result of non-optimal XDC constraints or non-optimal design architecture
Related violations: <none>

TIMING-16#78 Warning
Large setup violation  
There is a large setup violation of -2.047 ns between UART_i/microblaze_0/U0/MicroBlaze_Core_I/Performance.Core/Using_ICache.ICache_I1/Tag_RAM_Module/Not_Using_XPM.Using_B36_S36.The_BRAMs[0].RAMB36_I1/Using_FPGA.Native/CLKARDCLK (clocked by clk_out1_UART_clk_wiz_0_0) and UART_i/microblaze_0/U0/MicroBlaze_Core_I/Performance.Core/Using_ICache.ICache_I1/Data_RAM_Module/Not_Using_XPM.Using_B36_S9.The_BRAMs[1].RAMB36_I1/Using_FPGA.Native/ADDRARDADDR[4] (clocked by clk_out1_UART_clk_wiz_0_0). Large setup violations at the end of those stages might be difficult to fix during the post-placement implementation flow and could be the result of non-optimal XDC constraints or non-optimal design architecture
Related violations: <none>

TIMING-16#79 Warning
Large setup violation  
There is a large setup violation of -2.051 ns between UART_i/microblaze_0/U0/MicroBlaze_Core_I/Performance.Core/Using_ICache.ICache_I1/Tag_RAM_Module/Not_Using_XPM.Using_B36_S36.The_BRAMs[0].RAMB36_I1/Using_FPGA.Native/CLKARDCLK (clocked by clk_out1_UART_clk_wiz_0_0) and UART_i/microblaze_0/U0/MicroBlaze_Core_I/Performance.Core/Using_ICache.ICache_I1/Data_RAM_Module/Not_Using_XPM.Using_B36_S9.The_BRAMs[2].RAMB36_I1/Using_FPGA.Native/ADDRARDADDR[3] (clocked by clk_out1_UART_clk_wiz_0_0). Large setup violations at the end of those stages might be difficult to fix during the post-placement implementation flow and could be the result of non-optimal XDC constraints or non-optimal design architecture
Related violations: <none>

TIMING-16#80 Warning
Large setup violation  
There is a large setup violation of -2.056 ns between UART_i/microblaze_0/U0/MicroBlaze_Core_I/Performance.Core/Using_ICache.ICache_I1/Tag_RAM_Module/Not_Using_XPM.Using_B36_S36.The_BRAMs[0].RAMB36_I1/Using_FPGA.Native/CLKARDCLK (clocked by clk_out1_UART_clk_wiz_0_0) and UART_i/microblaze_0/U0/MicroBlaze_Core_I/Performance.Core/Using_ICache.ICache_I1/Data_RAM_Module/Not_Using_XPM.Using_B36_S9.The_BRAMs[0].RAMB36_I1/Using_FPGA.Native/ADDRARDADDR[9] (clocked by clk_out1_UART_clk_wiz_0_0). Large setup violations at the end of those stages might be difficult to fix during the post-placement implementation flow and could be the result of non-optimal XDC constraints or non-optimal design architecture
Related violations: <none>

TIMING-16#81 Warning
Large setup violation  
There is a large setup violation of -2.068 ns between UART_i/microblaze_0/U0/MicroBlaze_Core_I/Performance.Core/Using_ICache.ICache_I1/Tag_RAM_Module/Not_Using_XPM.Using_B36_S36.The_BRAMs[0].RAMB36_I1/Using_FPGA.Native/CLKARDCLK (clocked by clk_out1_UART_clk_wiz_0_0) and UART_i/microblaze_0/U0/MicroBlaze_Core_I/Performance.Core/Using_ICache.ICache_I1/Data_RAM_Module/Not_Using_XPM.Using_B36_S9.The_BRAMs[0].RAMB36_I1/Using_FPGA.Native/ADDRARDADDR[7] (clocked by clk_out1_UART_clk_wiz_0_0). Large setup violations at the end of those stages might be difficult to fix during the post-placement implementation flow and could be the result of non-optimal XDC constraints or non-optimal design architecture
Related violations: <none>

TIMING-16#82 Warning
Large setup violation  
There is a large setup violation of -2.068 ns between UART_i/microblaze_0/U0/MicroBlaze_Core_I/Performance.Core/Using_ICache.ICache_I1/Tag_RAM_Module/Not_Using_XPM.Using_B36_S36.The_BRAMs[0].RAMB36_I1/Using_FPGA.Native/CLKARDCLK (clocked by clk_out1_UART_clk_wiz_0_0) and UART_i/microblaze_0/U0/MicroBlaze_Core_I/Performance.Core/Using_ICache.ICache_I1/Data_RAM_Module/Not_Using_XPM.Using_B36_S9.The_BRAMs[2].RAMB36_I1/Using_FPGA.Native/ADDRARDADDR[7] (clocked by clk_out1_UART_clk_wiz_0_0). Large setup violations at the end of those stages might be difficult to fix during the post-placement implementation flow and could be the result of non-optimal XDC constraints or non-optimal design architecture
Related violations: <none>

TIMING-16#83 Warning
Large setup violation  
There is a large setup violation of -2.070 ns between UART_i/microblaze_0/U0/MicroBlaze_Core_I/Performance.Core/Using_ICache.ICache_I1/Tag_RAM_Module/Not_Using_XPM.Using_B36_S36.The_BRAMs[0].RAMB36_I1/Using_FPGA.Native/CLKARDCLK (clocked by clk_out1_UART_clk_wiz_0_0) and UART_i/microblaze_0/U0/MicroBlaze_Core_I/Performance.Core/Using_ICache.ICache_I1/Data_RAM_Module/Not_Using_XPM.Using_B36_S9.The_BRAMs[1].RAMB36_I1/Using_FPGA.Native/ADDRARDADDR[8] (clocked by clk_out1_UART_clk_wiz_0_0). Large setup violations at the end of those stages might be difficult to fix during the post-placement implementation flow and could be the result of non-optimal XDC constraints or non-optimal design architecture
Related violations: <none>

TIMING-16#84 Warning
Large setup violation  
There is a large setup violation of -2.072 ns between UART_i/microblaze_0/U0/MicroBlaze_Core_I/Performance.Core/Using_ICache.ICache_I1/Tag_RAM_Module/Not_Using_XPM.Using_B36_S36.The_BRAMs[0].RAMB36_I1/Using_FPGA.Native/CLKARDCLK (clocked by clk_out1_UART_clk_wiz_0_0) and UART_i/microblaze_0/U0/MicroBlaze_Core_I/Performance.Core/Using_ICache.ICache_I1/Data_RAM_Module/Not_Using_XPM.Using_B36_S9.The_BRAMs[0].RAMB36_I1/Using_FPGA.Native/ADDRARDADDR[8] (clocked by clk_out1_UART_clk_wiz_0_0). Large setup violations at the end of those stages might be difficult to fix during the post-placement implementation flow and could be the result of non-optimal XDC constraints or non-optimal design architecture
Related violations: <none>

TIMING-16#85 Warning
Large setup violation  
There is a large setup violation of -2.078 ns between UART_i/microblaze_0/U0/MicroBlaze_Core_I/Performance.Core/Using_ICache.ICache_I1/Tag_RAM_Module/Not_Using_XPM.Using_B36_S36.The_BRAMs[0].RAMB36_I1/Using_FPGA.Native/CLKARDCLK (clocked by clk_out1_UART_clk_wiz_0_0) and UART_i/microblaze_0/U0/MicroBlaze_Core_I/Performance.Core/Using_ICache.ICache_I1/Data_RAM_Module/Not_Using_XPM.Using_B36_S9.The_BRAMs[1].RAMB36_I1/Using_FPGA.Native/ADDRARDADDR[5] (clocked by clk_out1_UART_clk_wiz_0_0). Large setup violations at the end of those stages might be difficult to fix during the post-placement implementation flow and could be the result of non-optimal XDC constraints or non-optimal design architecture
Related violations: <none>

TIMING-16#86 Warning
Large setup violation  
There is a large setup violation of -2.085 ns between UART_i/microblaze_0/U0/MicroBlaze_Core_I/Performance.Core/Using_ICache.ICache_I1/Tag_RAM_Module/Not_Using_XPM.Using_B36_S36.The_BRAMs[0].RAMB36_I1/Using_FPGA.Native/CLKARDCLK (clocked by clk_out1_UART_clk_wiz_0_0) and UART_i/microblaze_0/U0/MicroBlaze_Core_I/Performance.Core/Using_ICache.ICache_I1/Data_RAM_Module/Not_Using_XPM.Using_B36_S9.The_BRAMs[2].RAMB36_I1/Using_FPGA.Native/ADDRARDADDR[5] (clocked by clk_out1_UART_clk_wiz_0_0). Large setup violations at the end of those stages might be difficult to fix during the post-placement implementation flow and could be the result of non-optimal XDC constraints or non-optimal design architecture
Related violations: <none>

TIMING-16#87 Warning
Large setup violation  
There is a large setup violation of -2.089 ns between UART_i/microblaze_0/U0/MicroBlaze_Core_I/Performance.Core/Using_DCache.Using_WriteThrough.DCache_I1/TAG_RAM_Module/Not_Using_XPM.Using_B36_S36.The_BRAMs[0].RAMB36_I1/Using_FPGA.Native/CLKARDCLK (clocked by clk_out1_UART_clk_wiz_0_0) and UART_i/microblaze_0_local_memory/lmb_bram/U0/inst_blk_mem_gen/gnbram.gnative_mem_map_bmg.native_mem_map_blk_mem_gen/valid.cstr/ramloop[7].ram.r/prim_noinit.ram/DEVICE_7SERIES.WITH_BMM_INFO.TRUE_DP.SIMPLE_PRIM36.TDP_SP36_NO_ECC_ATTR.ram/ENARDEN (clocked by clk_out1_UART_clk_wiz_0_0). Large setup violations at the end of those stages might be difficult to fix during the post-placement implementation flow and could be the result of non-optimal XDC constraints or non-optimal design architecture
Related violations: <none>

TIMING-16#88 Warning
Large setup violation  
There is a large setup violation of -2.100 ns between UART_i/microblaze_0/U0/MicroBlaze_Core_I/Performance.Core/Using_ICache.ICache_I1/Tag_RAM_Module/Not_Using_XPM.Using_B36_S36.The_BRAMs[0].RAMB36_I1/Using_FPGA.Native/CLKARDCLK (clocked by clk_out1_UART_clk_wiz_0_0) and UART_i/microblaze_0/U0/MicroBlaze_Core_I/Performance.Core/Using_ICache.ICache_I1/Data_RAM_Module/Not_Using_XPM.Using_B36_S9.The_BRAMs[2].RAMB36_I1/Using_FPGA.Native/ADDRARDADDR[6] (clocked by clk_out1_UART_clk_wiz_0_0). Large setup violations at the end of those stages might be difficult to fix during the post-placement implementation flow and could be the result of non-optimal XDC constraints or non-optimal design architecture
Related violations: <none>

TIMING-16#89 Warning
Large setup violation  
There is a large setup violation of -2.115 ns between UART_i/microblaze_0/U0/MicroBlaze_Core_I/Performance.Core/Using_ICache.ICache_I1/Tag_RAM_Module/Not_Using_XPM.Using_B36_S36.The_BRAMs[0].RAMB36_I1/Using_FPGA.Native/CLKARDCLK (clocked by clk_out1_UART_clk_wiz_0_0) and UART_i/microblaze_0/U0/MicroBlaze_Core_I/Performance.Core/Using_ICache.ICache_I1/Data_RAM_Module/Not_Using_XPM.Using_B36_S9.The_BRAMs[0].RAMB36_I1/Using_FPGA.Native/ADDRARDADDR[10] (clocked by clk_out1_UART_clk_wiz_0_0). Large setup violations at the end of those stages might be difficult to fix during the post-placement implementation flow and could be the result of non-optimal XDC constraints or non-optimal design architecture
Related violations: <none>

TIMING-16#90 Warning
Large setup violation  
There is a large setup violation of -2.122 ns between UART_i/microblaze_0/U0/MicroBlaze_Core_I/Performance.Core/Using_ICache.ICache_I1/Tag_RAM_Module/Not_Using_XPM.Using_B36_S36.The_BRAMs[0].RAMB36_I1/Using_FPGA.Native/CLKARDCLK (clocked by clk_out1_UART_clk_wiz_0_0) and UART_i/microblaze_0/U0/MicroBlaze_Core_I/Performance.Core/Using_ICache.ICache_I1/Data_RAM_Module/Not_Using_XPM.Using_B36_S9.The_BRAMs[1].RAMB36_I1/Using_FPGA.Native/ADDRARDADDR[9] (clocked by clk_out1_UART_clk_wiz_0_0). Large setup violations at the end of those stages might be difficult to fix during the post-placement implementation flow and could be the result of non-optimal XDC constraints or non-optimal design architecture
Related violations: <none>

TIMING-16#91 Warning
Large setup violation  
There is a large setup violation of -2.134 ns between UART_i/microblaze_0/U0/MicroBlaze_Core_I/Performance.Core/Using_ICache.ICache_I1/Tag_RAM_Module/Not_Using_XPM.Using_B36_S36.The_BRAMs[0].RAMB36_I1/Using_FPGA.Native/CLKARDCLK (clocked by clk_out1_UART_clk_wiz_0_0) and UART_i/microblaze_0/U0/MicroBlaze_Core_I/Performance.Core/Using_ICache.ICache_I1/Data_RAM_Module/Not_Using_XPM.Using_B36_S9.The_BRAMs[0].RAMB36_I1/Using_FPGA.Native/ADDRARDADDR[6] (clocked by clk_out1_UART_clk_wiz_0_0). Large setup violations at the end of those stages might be difficult to fix during the post-placement implementation flow and could be the result of non-optimal XDC constraints or non-optimal design architecture
Related violations: <none>

TIMING-16#92 Warning
Large setup violation  
There is a large setup violation of -2.166 ns between UART_i/microblaze_0/U0/MicroBlaze_Core_I/Performance.Core/Using_ICache.ICache_I1/Tag_RAM_Module/Not_Using_XPM.Using_B36_S36.The_BRAMs[0].RAMB36_I1/Using_FPGA.Native/CLKARDCLK (clocked by clk_out1_UART_clk_wiz_0_0) and UART_i/microblaze_0/U0/MicroBlaze_Core_I/Performance.Core/Using_ICache.ICache_I1/Data_RAM_Module/Not_Using_XPM.Using_B36_S9.The_BRAMs[1].RAMB36_I1/Using_FPGA.Native/ADDRARDADDR[7] (clocked by clk_out1_UART_clk_wiz_0_0). Large setup violations at the end of those stages might be difficult to fix during the post-placement implementation flow and could be the result of non-optimal XDC constraints or non-optimal design architecture
Related violations: <none>

TIMING-16#93 Warning
Large setup violation  
There is a large setup violation of -2.168 ns between UART_i/microblaze_0/U0/MicroBlaze_Core_I/Performance.Core/Using_ICache.ICache_I1/Tag_RAM_Module/Not_Using_XPM.Using_B36_S36.The_BRAMs[0].RAMB36_I1/Using_FPGA.Native/CLKARDCLK (clocked by clk_out1_UART_clk_wiz_0_0) and UART_i/microblaze_0/U0/MicroBlaze_Core_I/Performance.Core/Using_ICache.ICache_I1/Data_RAM_Module/Not_Using_XPM.Using_B36_S9.The_BRAMs[2].RAMB36_I1/Using_FPGA.Native/ADDRARDADDR[12] (clocked by clk_out1_UART_clk_wiz_0_0). Large setup violations at the end of those stages might be difficult to fix during the post-placement implementation flow and could be the result of non-optimal XDC constraints or non-optimal design architecture
Related violations: <none>

TIMING-16#94 Warning
Large setup violation  
There is a large setup violation of -2.173 ns between UART_i/microblaze_0/U0/MicroBlaze_Core_I/Performance.Core/Using_ICache.ICache_I1/Tag_RAM_Module/Not_Using_XPM.Using_B36_S36.The_BRAMs[0].RAMB36_I1/Using_FPGA.Native/CLKARDCLK (clocked by clk_out1_UART_clk_wiz_0_0) and UART_i/microblaze_0/U0/MicroBlaze_Core_I/Performance.Core/Using_ICache.ICache_I1/Data_RAM_Module/Not_Using_XPM.Using_B36_S9.The_BRAMs[1].RAMB36_I1/Using_FPGA.Native/ADDRARDADDR[10] (clocked by clk_out1_UART_clk_wiz_0_0). Large setup violations at the end of those stages might be difficult to fix during the post-placement implementation flow and could be the result of non-optimal XDC constraints or non-optimal design architecture
Related violations: <none>

TIMING-16#95 Warning
Large setup violation  
There is a large setup violation of -2.177 ns between UART_i/microblaze_0/U0/MicroBlaze_Core_I/Performance.Core/Using_ICache.ICache_I1/Tag_RAM_Module/Not_Using_XPM.Using_B36_S36.The_BRAMs[0].RAMB36_I1/Using_FPGA.Native/CLKARDCLK (clocked by clk_out1_UART_clk_wiz_0_0) and UART_i/microblaze_0/U0/MicroBlaze_Core_I/Performance.Core/Using_ICache.ICache_I1/Data_RAM_Module/Not_Using_XPM.Using_B36_S9.The_BRAMs[1].RAMB36_I1/Using_FPGA.Native/ADDRARDADDR[3] (clocked by clk_out1_UART_clk_wiz_0_0). Large setup violations at the end of those stages might be difficult to fix during the post-placement implementation flow and could be the result of non-optimal XDC constraints or non-optimal design architecture
Related violations: <none>

TIMING-16#96 Warning
Large setup violation  
There is a large setup violation of -2.187 ns between UART_i/microblaze_0/U0/MicroBlaze_Core_I/Performance.Core/Using_ICache.ICache_I1/Tag_RAM_Module/Not_Using_XPM.Using_B36_S36.The_BRAMs[0].RAMB36_I1/Using_FPGA.Native/CLKARDCLK (clocked by clk_out1_UART_clk_wiz_0_0) and UART_i/microblaze_0/U0/MicroBlaze_Core_I/Performance.Core/Using_ICache.ICache_I1/Data_RAM_Module/Not_Using_XPM.Using_B36_S9.The_BRAMs[1].RAMB36_I1/Using_FPGA.Native/ADDRARDADDR[6] (clocked by clk_out1_UART_clk_wiz_0_0). Large setup violations at the end of those stages might be difficult to fix during the post-placement implementation flow and could be the result of non-optimal XDC constraints or non-optimal design architecture
Related violations: <none>

TIMING-16#97 Warning
Large setup violation  
There is a large setup violation of -2.274 ns between UART_i/microblaze_0/U0/MicroBlaze_Core_I/Performance.Core/Using_DCache.Using_WriteThrough.DCache_I1/TAG_RAM_Module/Not_Using_XPM.Using_B36_S36.The_BRAMs[0].RAMB36_I1/Using_FPGA.Native/CLKARDCLK (clocked by clk_out1_UART_clk_wiz_0_0) and UART_i/microblaze_0_local_memory/lmb_bram/U0/inst_blk_mem_gen/gnbram.gnative_mem_map_bmg.native_mem_map_blk_mem_gen/valid.cstr/ramloop[8].ram.r/prim_noinit.ram/DEVICE_7SERIES.WITH_BMM_INFO.TRUE_DP.SIMPLE_PRIM36.TDP_SP36_NO_ECC_ATTR.ram/ENARDEN (clocked by clk_out1_UART_clk_wiz_0_0). Large setup violations at the end of those stages might be difficult to fix during the post-placement implementation flow and could be the result of non-optimal XDC constraints or non-optimal design architecture
Related violations: <none>

TIMING-16#98 Warning
Large setup violation  
There is a large setup violation of -2.288 ns between UART_i/microblaze_0/U0/MicroBlaze_Core_I/Performance.Core/Using_ICache.ICache_I1/Tag_RAM_Module/Not_Using_XPM.Using_B36_S36.The_BRAMs[0].RAMB36_I1/Using_FPGA.Native/CLKARDCLK (clocked by clk_out1_UART_clk_wiz_0_0) and UART_i/microblaze_0/U0/MicroBlaze_Core_I/Performance.Core/Using_ICache.ICache_I1/Data_RAM_Module/Not_Using_XPM.Using_B36_S9.The_BRAMs[0].RAMB36_I1/Using_FPGA.Native/ADDRARDADDR[12] (clocked by clk_out1_UART_clk_wiz_0_0). Large setup violations at the end of those stages might be difficult to fix during the post-placement implementation flow and could be the result of non-optimal XDC constraints or non-optimal design architecture
Related violations: <none>

TIMING-16#99 Warning
Large setup violation  
There is a large setup violation of -2.320 ns between UART_i/microblaze_0/U0/MicroBlaze_Core_I/Performance.Core/Using_ICache.ICache_I1/Tag_RAM_Module/Not_Using_XPM.Using_B36_S36.The_BRAMs[0].RAMB36_I1/Using_FPGA.Native/CLKARDCLK (clocked by clk_out1_UART_clk_wiz_0_0) and UART_i/microblaze_0/U0/MicroBlaze_Core_I/Performance.Core/Using_ICache.ICache_I1/Data_RAM_Module/Not_Using_XPM.Using_B36_S9.The_BRAMs[1].RAMB36_I1/Using_FPGA.Native/ADDRARDADDR[12] (clocked by clk_out1_UART_clk_wiz_0_0). Large setup violations at the end of those stages might be difficult to fix during the post-placement implementation flow and could be the result of non-optimal XDC constraints or non-optimal design architecture
Related violations: <none>

TIMING-16#100 Warning
Large setup violation  
There is a large setup violation of -2.328 ns between UART_i/microblaze_0/U0/MicroBlaze_Core_I/Performance.Core/Using_DCache.Using_WriteThrough.DCache_I1/TAG_RAM_Module/Not_Using_XPM.Using_B36_S36.The_BRAMs[0].RAMB36_I1/Using_FPGA.Native/CLKARDCLK (clocked by clk_out1_UART_clk_wiz_0_0) and UART_i/microblaze_0_local_memory/lmb_bram/U0/inst_blk_mem_gen/gnbram.gnative_mem_map_bmg.native_mem_map_blk_mem_gen/valid.cstr/ramloop[1].ram.r/prim_noinit.ram/DEVICE_7SERIES.WITH_BMM_INFO.TRUE_DP.SIMPLE_PRIM36.TDP_SP36_NO_ECC_ATTR.ram/ENARDEN (clocked by clk_out1_UART_clk_wiz_0_0). Large setup violations at the end of those stages might be difficult to fix during the post-placement implementation flow and could be the result of non-optimal XDC constraints or non-optimal design architecture
Related violations: <none>

XDCB-5#1 Warning
Runtime inefficient way to find pin objects  
The option '-to : [get_pins -hier -include_replicated_objects -filter {NAME =~ *temp_mon_enabled.u_tempmon/device_temp_sync_r1_reg[*]/D}]' of constraint 'set_max_delay' uses inefficient query to find pin objects (see constraint position '8' in the Timing Constraint window in Vivado IDE). To reduce runtime, it is recommended to get the pins through the cell objects. Please refer to Using Constraints Guide (Constraints Efficiency). An example of optimal query is: get_pins -filter {REF_PIN_NAME=~yy*} -of_objects [get_cells -hierarchical xx*].
Current XDC: C:/Users/luisr/Desktop/FPGA/Arty A7-100T/UART/UART/UART.gen/sources_1/bd/UART/ip/UART_mig_7series_0_0/UART_mig_7series_0_0/user_design/constraints/UART_mig_7series_0_0.xdc (Line: 356)
Related violations: <none>

REQP-1959#1 Advisory
connects_SERDES_RST_driver_not_FF  
UART_i/mig_7series_0/u_UART_mig_7series_0_0_mig/u_memc_ui_top_axi/mem_intfc0/ddr_phy_top0/u_ddr_mc_phy_wrapper/u_ddr_mc_phy/ddr_phy_4lanes_0.u_ddr_phy_4lanes/ddr_byte_lane_C.ddr_byte_lane_C/ddr_byte_group_io/input_[1].iserdes_dq_.iserdesdq: The RST pin should only be driven by a Flip-flop.
Related violations: <none>

REQP-1959#2 Advisory
connects_SERDES_RST_driver_not_FF  
UART_i/mig_7series_0/u_UART_mig_7series_0_0_mig/u_memc_ui_top_axi/mem_intfc0/ddr_phy_top0/u_ddr_mc_phy_wrapper/u_ddr_mc_phy/ddr_phy_4lanes_0.u_ddr_phy_4lanes/ddr_byte_lane_C.ddr_byte_lane_C/ddr_byte_group_io/input_[2].iserdes_dq_.iserdesdq: The RST pin should only be driven by a Flip-flop.
Related violations: <none>

REQP-1959#3 Advisory
connects_SERDES_RST_driver_not_FF  
UART_i/mig_7series_0/u_UART_mig_7series_0_0_mig/u_memc_ui_top_axi/mem_intfc0/ddr_phy_top0/u_ddr_mc_phy_wrapper/u_ddr_mc_phy/ddr_phy_4lanes_0.u_ddr_phy_4lanes/ddr_byte_lane_C.ddr_byte_lane_C/ddr_byte_group_io/input_[3].iserdes_dq_.iserdesdq: The RST pin should only be driven by a Flip-flop.
Related violations: <none>

REQP-1959#4 Advisory
connects_SERDES_RST_driver_not_FF  
UART_i/mig_7series_0/u_UART_mig_7series_0_0_mig/u_memc_ui_top_axi/mem_intfc0/ddr_phy_top0/u_ddr_mc_phy_wrapper/u_ddr_mc_phy/ddr_phy_4lanes_0.u_ddr_phy_4lanes/ddr_byte_lane_C.ddr_byte_lane_C/ddr_byte_group_io/input_[4].iserdes_dq_.iserdesdq: The RST pin should only be driven by a Flip-flop.
Related violations: <none>

REQP-1959#5 Advisory
connects_SERDES_RST_driver_not_FF  
UART_i/mig_7series_0/u_UART_mig_7series_0_0_mig/u_memc_ui_top_axi/mem_intfc0/ddr_phy_top0/u_ddr_mc_phy_wrapper/u_ddr_mc_phy/ddr_phy_4lanes_0.u_ddr_phy_4lanes/ddr_byte_lane_C.ddr_byte_lane_C/ddr_byte_group_io/input_[5].iserdes_dq_.iserdesdq: The RST pin should only be driven by a Flip-flop.
Related violations: <none>

REQP-1959#6 Advisory
connects_SERDES_RST_driver_not_FF  
UART_i/mig_7series_0/u_UART_mig_7series_0_0_mig/u_memc_ui_top_axi/mem_intfc0/ddr_phy_top0/u_ddr_mc_phy_wrapper/u_ddr_mc_phy/ddr_phy_4lanes_0.u_ddr_phy_4lanes/ddr_byte_lane_C.ddr_byte_lane_C/ddr_byte_group_io/input_[6].iserdes_dq_.iserdesdq: The RST pin should only be driven by a Flip-flop.
Related violations: <none>

REQP-1959#7 Advisory
connects_SERDES_RST_driver_not_FF  
UART_i/mig_7series_0/u_UART_mig_7series_0_0_mig/u_memc_ui_top_axi/mem_intfc0/ddr_phy_top0/u_ddr_mc_phy_wrapper/u_ddr_mc_phy/ddr_phy_4lanes_0.u_ddr_phy_4lanes/ddr_byte_lane_C.ddr_byte_lane_C/ddr_byte_group_io/input_[7].iserdes_dq_.iserdesdq: The RST pin should only be driven by a Flip-flop.
Related violations: <none>

REQP-1959#8 Advisory
connects_SERDES_RST_driver_not_FF  
UART_i/mig_7series_0/u_UART_mig_7series_0_0_mig/u_memc_ui_top_axi/mem_intfc0/ddr_phy_top0/u_ddr_mc_phy_wrapper/u_ddr_mc_phy/ddr_phy_4lanes_0.u_ddr_phy_4lanes/ddr_byte_lane_C.ddr_byte_lane_C/ddr_byte_group_io/input_[8].iserdes_dq_.iserdesdq: The RST pin should only be driven by a Flip-flop.
Related violations: <none>

REQP-1959#9 Advisory
connects_SERDES_RST_driver_not_FF  
UART_i/mig_7series_0/u_UART_mig_7series_0_0_mig/u_memc_ui_top_axi/mem_intfc0/ddr_phy_top0/u_ddr_mc_phy_wrapper/u_ddr_mc_phy/ddr_phy_4lanes_0.u_ddr_phy_4lanes/ddr_byte_lane_D.ddr_byte_lane_D/ddr_byte_group_io/input_[1].iserdes_dq_.iserdesdq: The RST pin should only be driven by a Flip-flop.
Related violations: <none>

REQP-1959#10 Advisory
connects_SERDES_RST_driver_not_FF  
UART_i/mig_7series_0/u_UART_mig_7series_0_0_mig/u_memc_ui_top_axi/mem_intfc0/ddr_phy_top0/u_ddr_mc_phy_wrapper/u_ddr_mc_phy/ddr_phy_4lanes_0.u_ddr_phy_4lanes/ddr_byte_lane_D.ddr_byte_lane_D/ddr_byte_group_io/input_[2].iserdes_dq_.iserdesdq: The RST pin should only be driven by a Flip-flop.
Related violations: <none>

REQP-1959#11 Advisory
connects_SERDES_RST_driver_not_FF  
UART_i/mig_7series_0/u_UART_mig_7series_0_0_mig/u_memc_ui_top_axi/mem_intfc0/ddr_phy_top0/u_ddr_mc_phy_wrapper/u_ddr_mc_phy/ddr_phy_4lanes_0.u_ddr_phy_4lanes/ddr_byte_lane_D.ddr_byte_lane_D/ddr_byte_group_io/input_[3].iserdes_dq_.iserdesdq: The RST pin should only be driven by a Flip-flop.
Related violations: <none>

REQP-1959#12 Advisory
connects_SERDES_RST_driver_not_FF  
UART_i/mig_7series_0/u_UART_mig_7series_0_0_mig/u_memc_ui_top_axi/mem_intfc0/ddr_phy_top0/u_ddr_mc_phy_wrapper/u_ddr_mc_phy/ddr_phy_4lanes_0.u_ddr_phy_4lanes/ddr_byte_lane_D.ddr_byte_lane_D/ddr_byte_group_io/input_[4].iserdes_dq_.iserdesdq: The RST pin should only be driven by a Flip-flop.
Related violations: <none>

REQP-1959#13 Advisory
connects_SERDES_RST_driver_not_FF  
UART_i/mig_7series_0/u_UART_mig_7series_0_0_mig/u_memc_ui_top_axi/mem_intfc0/ddr_phy_top0/u_ddr_mc_phy_wrapper/u_ddr_mc_phy/ddr_phy_4lanes_0.u_ddr_phy_4lanes/ddr_byte_lane_D.ddr_byte_lane_D/ddr_byte_group_io/input_[5].iserdes_dq_.iserdesdq: The RST pin should only be driven by a Flip-flop.
Related violations: <none>

REQP-1959#14 Advisory
connects_SERDES_RST_driver_not_FF  
UART_i/mig_7series_0/u_UART_mig_7series_0_0_mig/u_memc_ui_top_axi/mem_intfc0/ddr_phy_top0/u_ddr_mc_phy_wrapper/u_ddr_mc_phy/ddr_phy_4lanes_0.u_ddr_phy_4lanes/ddr_byte_lane_D.ddr_byte_lane_D/ddr_byte_group_io/input_[6].iserdes_dq_.iserdesdq: The RST pin should only be driven by a Flip-flop.
Related violations: <none>

REQP-1959#15 Advisory
connects_SERDES_RST_driver_not_FF  
UART_i/mig_7series_0/u_UART_mig_7series_0_0_mig/u_memc_ui_top_axi/mem_intfc0/ddr_phy_top0/u_ddr_mc_phy_wrapper/u_ddr_mc_phy/ddr_phy_4lanes_0.u_ddr_phy_4lanes/ddr_byte_lane_D.ddr_byte_lane_D/ddr_byte_group_io/input_[7].iserdes_dq_.iserdesdq: The RST pin should only be driven by a Flip-flop.
Related violations: <none>

REQP-1959#16 Advisory
connects_SERDES_RST_driver_not_FF  
UART_i/mig_7series_0/u_UART_mig_7series_0_0_mig/u_memc_ui_top_axi/mem_intfc0/ddr_phy_top0/u_ddr_mc_phy_wrapper/u_ddr_mc_phy/ddr_phy_4lanes_0.u_ddr_phy_4lanes/ddr_byte_lane_D.ddr_byte_lane_D/ddr_byte_group_io/input_[8].iserdes_dq_.iserdesdq: The RST pin should only be driven by a Flip-flop.
Related violations: <none>


