
*** Running vivado
    with args -log GPIO_ilmb_bram_if_cntlr_0.vds -m64 -product Vivado -mode batch -messageDb vivado.pb -notrace -source GPIO_ilmb_bram_if_cntlr_0.tcl



****** Vivado v2020.2 (64-bit)
  **** SW Build 3064766 on Wed Nov 18 09:12:45 MST 2020
  **** IP Build 3064653 on Wed Nov 18 14:17:31 MST 2020
    ** Copyright 1986-2020 Xilinx, Inc. All Rights Reserved.

source GPIO_ilmb_bram_if_cntlr_0.tcl -notrace
create_project: Time (s): cpu = 00:00:07 ; elapsed = 00:00:13 . Memory (MB): peak = 1158.676 ; gain = 0.000
Command: synth_design -top GPIO_ilmb_bram_if_cntlr_0 -part xcku040-ffva1156-2-e -mode out_of_context
Starting synth_design
Attempting to get a license for feature 'Synthesis' and/or device 'xcku040'
INFO: [Common 17-349] Got license for feature 'Synthesis' and/or device 'xcku040'
INFO: [Common 17-1540] The version limit for your license is '2021.08' and has expired for new software. A version limit expiration means that, although you may be able to continue to use the current version of tools or IP with this license, you will not be eligible for any updates or new releases.
INFO: [Device 21-403] Loading part xcku040-ffva1156-2-e
INFO: [Synth 8-7079] Multithreading enabled for synth_design using a maximum of 2 processes.
INFO: [Synth 8-7078] Launching helper process for spawning children vivado processes
INFO: [Synth 8-7075] Helper process launched with PID 22500
---------------------------------------------------------------------------------
Starting RTL Elaboration : Time (s): cpu = 00:00:15 ; elapsed = 00:00:23 . Memory (MB): peak = 1480.332 ; gain = 253.973
---------------------------------------------------------------------------------
INFO: [Synth 8-638] synthesizing module 'GPIO_ilmb_bram_if_cntlr_0' [c:/Users/lurivera/Desktop/KCU105/GPIO/GPIO.gen/sources_1/bd/GPIO/ip/GPIO_ilmb_bram_if_cntlr_0/synth/GPIO_ilmb_bram_if_cntlr_0.vhd:84]
	Parameter C_FAMILY bound to: kintexu - type: string 
	Parameter C_HIGHADDR bound to: 64'b0000000000000000000000000000000000000000000000001111111111111111 
	Parameter C_BASEADDR bound to: 64'b0000000000000000000000000000000000000000000000000000000000000000 
	Parameter C_NUM_LMB bound to: 1 - type: integer 
	Parameter C_MASK bound to: 64'b0000000000000000000000000000000010000000000000000000000000000000 
	Parameter C_MASK1 bound to: 64'b0000000000000000000000000000000000000000100000000000000000000000 
	Parameter C_MASK2 bound to: 64'b0000000000000000000000000000000000000000100000000000000000000000 
	Parameter C_MASK3 bound to: 64'b0000000000000000000000000000000000000000100000000000000000000000 
	Parameter C_LMB_AWIDTH bound to: 32 - type: integer 
	Parameter C_LMB_DWIDTH bound to: 32 - type: integer 
	Parameter C_LMB_PROTOCOL bound to: 0 - type: integer 
	Parameter C_ECC bound to: 0 - type: integer 
	Parameter C_INTERCONNECT bound to: 0 - type: integer 
	Parameter C_FAULT_INJECT bound to: 0 - type: integer 
	Parameter C_CE_FAILING_REGISTERS bound to: 0 - type: integer 
	Parameter C_UE_FAILING_REGISTERS bound to: 0 - type: integer 
	Parameter C_ECC_STATUS_REGISTERS bound to: 0 - type: integer 
	Parameter C_ECC_ONOFF_REGISTER bound to: 0 - type: integer 
	Parameter C_ECC_ONOFF_RESET_VALUE bound to: 1 - type: integer 
	Parameter C_CE_COUNTER_WIDTH bound to: 0 - type: integer 
	Parameter C_WRITE_ACCESS bound to: 2 - type: integer 
	Parameter C_BRAM_AWIDTH bound to: 32 - type: integer 
	Parameter C_S_AXI_CTRL_ADDR_WIDTH bound to: 32 - type: integer 
	Parameter C_S_AXI_CTRL_DATA_WIDTH bound to: 32 - type: integer 
INFO: [Synth 8-3491] module 'lmb_bram_if_cntlr' declared at 'c:/Users/lurivera/Desktop/KCU105/GPIO/GPIO.gen/sources_1/bd/GPIO/ipshared/0b98/hdl/lmb_bram_if_cntlr_v4_0_vh_rfs.vhd:3134' bound to instance 'U0' of component 'lmb_bram_if_cntlr' [c:/Users/lurivera/Desktop/KCU105/GPIO/GPIO.gen/sources_1/bd/GPIO/ip/GPIO_ilmb_bram_if_cntlr_0/synth/GPIO_ilmb_bram_if_cntlr_0.vhd:226]
INFO: [Synth 8-638] synthesizing module 'lmb_bram_if_cntlr' [c:/Users/lurivera/Desktop/KCU105/GPIO/GPIO.gen/sources_1/bd/GPIO/ipshared/0b98/hdl/lmb_bram_if_cntlr_v4_0_vh_rfs.vhd:3259]
	Parameter C_FAMILY bound to: kintexu - type: string 
	Parameter C_HIGHADDR bound to: 64'b0000000000000000000000000000000000000000000000001111111111111111 
	Parameter C_BASEADDR bound to: 64'b0000000000000000000000000000000000000000000000000000000000000000 
	Parameter C_MASK bound to: 64'b0000000000000000000000000000000010000000000000000000000000000000 
	Parameter C_MASK1 bound to: 64'b0000000000000000000000000000000000000000100000000000000000000000 
	Parameter C_MASK2 bound to: 64'b0000000000000000000000000000000000000000100000000000000000000000 
	Parameter C_MASK3 bound to: 64'b0000000000000000000000000000000000000000100000000000000000000000 
	Parameter C_LMB_AWIDTH bound to: 32 - type: integer 
	Parameter C_LMB_DWIDTH bound to: 32 - type: integer 
	Parameter C_ECC bound to: 0 - type: integer 
	Parameter C_INTERCONNECT bound to: 0 - type: integer 
	Parameter C_FAULT_INJECT bound to: 0 - type: integer 
	Parameter C_CE_FAILING_REGISTERS bound to: 0 - type: integer 
	Parameter C_UE_FAILING_REGISTERS bound to: 0 - type: integer 
	Parameter C_ECC_STATUS_REGISTERS bound to: 0 - type: integer 
	Parameter C_ECC_ONOFF_REGISTER bound to: 0 - type: integer 
	Parameter C_ECC_ONOFF_RESET_VALUE bound to: 1 - type: integer 
	Parameter C_CE_COUNTER_WIDTH bound to: 0 - type: integer 
	Parameter C_WRITE_ACCESS bound to: 2 - type: integer 
	Parameter C_NUM_LMB bound to: 1 - type: integer 
	Parameter C_LMB_PROTOCOL bound to: 0 - type: integer 
	Parameter C_BRAM_AWIDTH bound to: 32 - type: integer 
	Parameter C_S_AXI_CTRL_BASEADDR bound to: 32'b11111111111111111111111111111111 
	Parameter C_S_AXI_CTRL_HIGHADDR bound to: 32'b00000000000000000000000000000000 
	Parameter C_S_AXI_CTRL_ADDR_WIDTH bound to: 32 - type: integer 
	Parameter C_S_AXI_CTRL_DATA_WIDTH bound to: 32 - type: integer 
	Parameter C_TARGET bound to: 5 - type: integer 
	Parameter C_BASEADDR bound to: 64'b0000000000000000000000000000000000000000000000000000000000000000 
	Parameter C_MASK bound to: 64'b0000000000000000000000000000000010000000000000000000000000000000 
	Parameter C_MASK1 bound to: 64'b0000000000000000000000000000000000000000100000000000000000000000 
	Parameter C_MASK2 bound to: 64'b0000000000000000000000000000000000000000100000000000000000000000 
	Parameter C_MASK3 bound to: 64'b0000000000000000000000000000000000000000100000000000000000000000 
	Parameter C_LMB_AWIDTH bound to: 32 - type: integer 
	Parameter C_LMB_DWIDTH bound to: 32 - type: integer 
	Parameter C_ECC bound to: 0 - type: integer 
	Parameter C_NUM_LMB bound to: 1 - type: integer 
	Parameter C_LMB_PROTOCOL bound to: 0 - type: integer 
INFO: [Synth 8-3491] module 'lmb_mux' declared at 'c:/Users/lurivera/Desktop/KCU105/GPIO/GPIO.gen/sources_1/bd/GPIO/ipshared/0b98/hdl/lmb_bram_if_cntlr_v4_0_vh_rfs.vhd:2527' bound to instance 'lmb_mux_I' of component 'lmb_mux' [c:/Users/lurivera/Desktop/KCU105/GPIO/GPIO.gen/sources_1/bd/GPIO/ipshared/0b98/hdl/lmb_bram_if_cntlr_v4_0_vh_rfs.vhd:3511]
INFO: [Synth 8-638] synthesizing module 'lmb_mux' [c:/Users/lurivera/Desktop/KCU105/GPIO/GPIO.gen/sources_1/bd/GPIO/ipshared/0b98/hdl/lmb_bram_if_cntlr_v4_0_vh_rfs.vhd:2614]
	Parameter C_TARGET bound to: 5 - type: integer 
	Parameter C_BASEADDR bound to: 64'b0000000000000000000000000000000000000000000000000000000000000000 
	Parameter C_MASK bound to: 64'b0000000000000000000000000000000010000000000000000000000000000000 
	Parameter C_MASK1 bound to: 64'b0000000000000000000000000000000000000000100000000000000000000000 
	Parameter C_MASK2 bound to: 64'b0000000000000000000000000000000000000000100000000000000000000000 
	Parameter C_MASK3 bound to: 64'b0000000000000000000000000000000000000000100000000000000000000000 
	Parameter C_LMB_AWIDTH bound to: 32 - type: integer 
	Parameter C_LMB_DWIDTH bound to: 32 - type: integer 
	Parameter C_ECC bound to: 0 - type: integer 
	Parameter C_NUM_LMB bound to: 1 - type: integer 
	Parameter C_LMB_PROTOCOL bound to: 0 - type: integer 
	Parameter C_AW bound to: 32 - type: integer 
	Parameter C_BAR bound to: 64'b0000000000000000000000000000000000000000000000000000000000000000 
	Parameter C_MASK bound to: 64'b0000000000000000000000000000000010000000000000000000000000000000 
INFO: [Synth 8-3491] module 'pselect_mask' declared at 'c:/Users/lurivera/Desktop/KCU105/GPIO/GPIO.gen/sources_1/bd/GPIO/ipshared/0b98/hdl/lmb_bram_if_cntlr_v4_0_vh_rfs.vhd:2110' bound to instance 'pselect_mask_lmb' of component 'pselect_mask' [c:/Users/lurivera/Desktop/KCU105/GPIO/GPIO.gen/sources_1/bd/GPIO/ipshared/0b98/hdl/lmb_bram_if_cntlr_v4_0_vh_rfs.vhd:2681]
INFO: [Synth 8-638] synthesizing module 'pselect_mask' [c:/Users/lurivera/Desktop/KCU105/GPIO/GPIO.gen/sources_1/bd/GPIO/ipshared/0b98/hdl/lmb_bram_if_cntlr_v4_0_vh_rfs.vhd:2125]
	Parameter C_AW bound to: 32 - type: integer 
	Parameter C_BAR bound to: 64'b0000000000000000000000000000000000000000000000000000000000000000 
	Parameter C_MASK bound to: 64'b0000000000000000000000000000000010000000000000000000000000000000 
INFO: [Synth 8-256] done synthesizing module 'pselect_mask' (1#1) [c:/Users/lurivera/Desktop/KCU105/GPIO/GPIO.gen/sources_1/bd/GPIO/ipshared/0b98/hdl/lmb_bram_if_cntlr_v4_0_vh_rfs.vhd:2125]
INFO: [Synth 8-256] done synthesizing module 'lmb_mux' (2#1) [c:/Users/lurivera/Desktop/KCU105/GPIO/GPIO.gen/sources_1/bd/GPIO/ipshared/0b98/hdl/lmb_bram_if_cntlr_v4_0_vh_rfs.vhd:2614]
INFO: [Synth 8-256] done synthesizing module 'lmb_bram_if_cntlr' (3#1) [c:/Users/lurivera/Desktop/KCU105/GPIO/GPIO.gen/sources_1/bd/GPIO/ipshared/0b98/hdl/lmb_bram_if_cntlr_v4_0_vh_rfs.vhd:3259]
INFO: [Synth 8-256] done synthesizing module 'GPIO_ilmb_bram_if_cntlr_0' (4#1) [c:/Users/lurivera/Desktop/KCU105/GPIO/GPIO.gen/sources_1/bd/GPIO/ip/GPIO_ilmb_bram_if_cntlr_0/synth/GPIO_ilmb_bram_if_cntlr_0.vhd:84]
---------------------------------------------------------------------------------
Finished RTL Elaboration : Time (s): cpu = 00:00:19 ; elapsed = 00:00:32 . Memory (MB): peak = 1539.188 ; gain = 312.828
---------------------------------------------------------------------------------
---------------------------------------------------------------------------------
Start Handling Custom Attributes
---------------------------------------------------------------------------------
---------------------------------------------------------------------------------
Finished Handling Custom Attributes : Time (s): cpu = 00:00:21 ; elapsed = 00:00:35 . Memory (MB): peak = 1557.113 ; gain = 330.754
---------------------------------------------------------------------------------
---------------------------------------------------------------------------------
Finished RTL Optimization Phase 1 : Time (s): cpu = 00:00:21 ; elapsed = 00:00:35 . Memory (MB): peak = 1557.113 ; gain = 330.754
---------------------------------------------------------------------------------
Netlist sorting complete. Time (s): cpu = 00:00:00 ; elapsed = 00:00:00.031 . Memory (MB): peak = 1557.113 ; gain = 0.000
INFO: [Project 1-570] Preparing netlist for logic optimization

Processing XDC Constraints
Initializing timing engine
Parsing XDC File [c:/Users/lurivera/Desktop/KCU105/GPIO/GPIO.gen/sources_1/bd/GPIO/ip/GPIO_ilmb_bram_if_cntlr_0/GPIO_ilmb_bram_if_cntlr_0_ooc.xdc] for cell 'U0'
Finished Parsing XDC File [c:/Users/lurivera/Desktop/KCU105/GPIO/GPIO.gen/sources_1/bd/GPIO/ip/GPIO_ilmb_bram_if_cntlr_0/GPIO_ilmb_bram_if_cntlr_0_ooc.xdc] for cell 'U0'
Parsing XDC File [C:/Users/lurivera/Desktop/KCU105/GPIO/GPIO.runs/GPIO_ilmb_bram_if_cntlr_0_synth_1/dont_touch.xdc]
Finished Parsing XDC File [C:/Users/lurivera/Desktop/KCU105/GPIO/GPIO.runs/GPIO_ilmb_bram_if_cntlr_0_synth_1/dont_touch.xdc]
Completed Processing XDC Constraints

Netlist sorting complete. Time (s): cpu = 00:00:00 ; elapsed = 00:00:00 . Memory (MB): peak = 1629.742 ; gain = 0.000
INFO: [Project 1-111] Unisim Transformation Summary:
No Unisim elements were transformed.

Constraint Validation Runtime : Time (s): cpu = 00:00:00 ; elapsed = 00:00:00.237 . Memory (MB): peak = 1629.742 ; gain = 0.000
---------------------------------------------------------------------------------
Finished Constraint Validation : Time (s): cpu = 00:00:39 ; elapsed = 00:01:08 . Memory (MB): peak = 1629.742 ; gain = 403.383
---------------------------------------------------------------------------------
---------------------------------------------------------------------------------
Start Loading Part and Timing Information
---------------------------------------------------------------------------------
Loading part: xcku040-ffva1156-2-e
INFO: [Synth 8-6742] Reading net delay rules and data
---------------------------------------------------------------------------------
Finished Loading Part and Timing Information : Time (s): cpu = 00:00:39 ; elapsed = 00:01:08 . Memory (MB): peak = 1629.742 ; gain = 403.383
---------------------------------------------------------------------------------
---------------------------------------------------------------------------------
Start Applying 'set_property' XDC Constraints
---------------------------------------------------------------------------------
Applied set_property KEEP_HIERARCHY = SOFT for U0. (constraint file  C:/Users/lurivera/Desktop/KCU105/GPIO/GPIO.runs/GPIO_ilmb_bram_if_cntlr_0_synth_1/dont_touch.xdc, line 9).
---------------------------------------------------------------------------------
Finished applying 'set_property' XDC Constraints : Time (s): cpu = 00:00:39 ; elapsed = 00:01:09 . Memory (MB): peak = 1629.742 ; gain = 403.383
---------------------------------------------------------------------------------
---------------------------------------------------------------------------------
Finished RTL Optimization Phase 2 : Time (s): cpu = 00:00:40 ; elapsed = 00:01:10 . Memory (MB): peak = 1629.742 ; gain = 403.383
---------------------------------------------------------------------------------
---------------------------------------------------------------------------------
Start RTL Component Statistics 
---------------------------------------------------------------------------------
Detailed RTL Component Info : 
+---Registers : 
	                1 Bit    Registers := 2     
---------------------------------------------------------------------------------
Finished RTL Component Statistics 
---------------------------------------------------------------------------------
---------------------------------------------------------------------------------
Start Part Resource Summary
---------------------------------------------------------------------------------
Part Resources:
DSPs: 1920 (col length:120)
BRAMs: 1200 (col length: RAMB18 120 RAMB36 60)
---------------------------------------------------------------------------------
Finished Part Resource Summary
---------------------------------------------------------------------------------
---------------------------------------------------------------------------------
Start Cross Boundary and Area Optimization
---------------------------------------------------------------------------------
---------------------------------------------------------------------------------
Finished Cross Boundary and Area Optimization : Time (s): cpu = 00:00:44 ; elapsed = 00:01:24 . Memory (MB): peak = 1629.742 ; gain = 403.383
---------------------------------------------------------------------------------
---------------------------------------------------------------------------------
Start Applying XDC Timing Constraints
---------------------------------------------------------------------------------
---------------------------------------------------------------------------------
Finished Applying XDC Timing Constraints : Time (s): cpu = 00:01:15 ; elapsed = 00:02:31 . Memory (MB): peak = 1746.363 ; gain = 520.004
---------------------------------------------------------------------------------
---------------------------------------------------------------------------------
Start Timing Optimization
---------------------------------------------------------------------------------
---------------------------------------------------------------------------------
Finished Timing Optimization : Time (s): cpu = 00:01:15 ; elapsed = 00:02:31 . Memory (MB): peak = 1746.363 ; gain = 520.004
---------------------------------------------------------------------------------
---------------------------------------------------------------------------------
Start Technology Mapping
---------------------------------------------------------------------------------
---------------------------------------------------------------------------------
Finished Technology Mapping : Time (s): cpu = 00:01:15 ; elapsed = 00:02:32 . Memory (MB): peak = 1765.473 ; gain = 539.113
---------------------------------------------------------------------------------
---------------------------------------------------------------------------------
Start IO Insertion
---------------------------------------------------------------------------------
---------------------------------------------------------------------------------
Start Flattening Before IO Insertion
---------------------------------------------------------------------------------
---------------------------------------------------------------------------------
Finished Flattening Before IO Insertion
---------------------------------------------------------------------------------
---------------------------------------------------------------------------------
Start Final Netlist Cleanup
---------------------------------------------------------------------------------
---------------------------------------------------------------------------------
Finished Final Netlist Cleanup
---------------------------------------------------------------------------------
---------------------------------------------------------------------------------
Finished IO Insertion : Time (s): cpu = 00:01:26 ; elapsed = 00:02:47 . Memory (MB): peak = 1772.227 ; gain = 545.867
---------------------------------------------------------------------------------
---------------------------------------------------------------------------------
Start Renaming Generated Instances
---------------------------------------------------------------------------------
---------------------------------------------------------------------------------
Finished Renaming Generated Instances : Time (s): cpu = 00:01:26 ; elapsed = 00:02:47 . Memory (MB): peak = 1772.227 ; gain = 545.867
---------------------------------------------------------------------------------
---------------------------------------------------------------------------------
Start Rebuilding User Hierarchy
---------------------------------------------------------------------------------
---------------------------------------------------------------------------------
Finished Rebuilding User Hierarchy : Time (s): cpu = 00:01:26 ; elapsed = 00:02:47 . Memory (MB): peak = 1772.227 ; gain = 545.867
---------------------------------------------------------------------------------
---------------------------------------------------------------------------------
Start Renaming Generated Ports
---------------------------------------------------------------------------------
---------------------------------------------------------------------------------
Finished Renaming Generated Ports : Time (s): cpu = 00:01:26 ; elapsed = 00:02:47 . Memory (MB): peak = 1772.227 ; gain = 545.867
---------------------------------------------------------------------------------
---------------------------------------------------------------------------------
Start Handling Custom Attributes
---------------------------------------------------------------------------------
---------------------------------------------------------------------------------
Finished Handling Custom Attributes : Time (s): cpu = 00:01:26 ; elapsed = 00:02:48 . Memory (MB): peak = 1772.227 ; gain = 545.867
---------------------------------------------------------------------------------
---------------------------------------------------------------------------------
Start Renaming Generated Nets
---------------------------------------------------------------------------------
---------------------------------------------------------------------------------
Finished Renaming Generated Nets : Time (s): cpu = 00:01:26 ; elapsed = 00:02:48 . Memory (MB): peak = 1772.227 ; gain = 545.867
---------------------------------------------------------------------------------
---------------------------------------------------------------------------------
Start Writing Synthesis Report
---------------------------------------------------------------------------------

Report BlackBoxes: 
+-+--------------+----------+
| |BlackBox name |Instances |
+-+--------------+----------+
+-+--------------+----------+

Report Cell Usage: 
+------+-----+------+
|      |Cell |Count |
+------+-----+------+
|1     |LUT1 |     1|
|2     |LUT2 |     1|
|3     |LUT3 |     4|
|4     |FDRE |     2|
+------+-----+------+
---------------------------------------------------------------------------------
Finished Writing Synthesis Report : Time (s): cpu = 00:01:26 ; elapsed = 00:02:48 . Memory (MB): peak = 1772.227 ; gain = 545.867
---------------------------------------------------------------------------------
Synthesis finished with 0 errors, 0 critical warnings and 0 warnings.
Synthesis Optimization Runtime : Time (s): cpu = 00:01:02 ; elapsed = 00:02:41 . Memory (MB): peak = 1772.227 ; gain = 473.238
Synthesis Optimization Complete : Time (s): cpu = 00:01:26 ; elapsed = 00:02:48 . Memory (MB): peak = 1772.227 ; gain = 545.867
INFO: [Project 1-571] Translating synthesized netlist
Netlist sorting complete. Time (s): cpu = 00:00:00 ; elapsed = 00:00:00.013 . Memory (MB): peak = 1784.254 ; gain = 0.000
INFO: [Project 1-570] Preparing netlist for logic optimization
INFO: [Opt 31-138] Pushed 0 inverter(s) to 0 load pin(s).
Netlist sorting complete. Time (s): cpu = 00:00:00 ; elapsed = 00:00:00 . Memory (MB): peak = 1807.098 ; gain = 0.000
INFO: [Project 1-111] Unisim Transformation Summary:
No Unisim elements were transformed.

INFO: [Common 17-83] Releasing license: Synthesis
25 Infos, 0 Warnings, 0 Critical Warnings and 0 Errors encountered.
synth_design completed successfully
synth_design: Time (s): cpu = 00:01:51 ; elapsed = 00:03:43 . Memory (MB): peak = 1807.098 ; gain = 648.422
INFO: [Common 17-1381] The checkpoint 'C:/Users/lurivera/Desktop/KCU105/GPIO/GPIO.runs/GPIO_ilmb_bram_if_cntlr_0_synth_1/GPIO_ilmb_bram_if_cntlr_0.dcp' has been generated.
WARNING: [Common 17-576] 'use_project_ipc' is deprecated. This option is deprecated and no longer used.
INFO: [Coretcl 2-1648] Added synthesis output to IP cache for IP GPIO_ilmb_bram_if_cntlr_0, cache-ID = acf470d90588abb3
INFO: [Common 17-1381] The checkpoint 'C:/Users/lurivera/Desktop/KCU105/GPIO/GPIO.runs/GPIO_ilmb_bram_if_cntlr_0_synth_1/GPIO_ilmb_bram_if_cntlr_0.dcp' has been generated.
INFO: [runtcl-4] Executing : report_utilization -file GPIO_ilmb_bram_if_cntlr_0_utilization_synth.rpt -pb GPIO_ilmb_bram_if_cntlr_0_utilization_synth.pb
INFO: [Common 17-206] Exiting Vivado at Mon Apr 24 10:56:58 2023...
