12:13:40 INFO  : Launching XSCT server: xsct.bat -n  -interactive C:\Users\luisr\Desktop\FPGA\Software\KCU105\GPIO\temp_xsdb_launch_script.tcl
12:13:42 INFO  : XSCT server has started successfully.
12:13:42 INFO  : Successfully done setting XSCT server connection channel  
12:13:42 INFO  : plnx-install-location is set to ''
12:13:42 INFO  : Successfully done setting workspace for the tool. 
12:14:22 INFO  : Registering command handlers for Vitis TCF services
12:14:22 INFO  : Platform repository initialization has completed.
12:14:23 INFO  : Successfully done query RDI_DATADIR 
12:16:55 INFO  : Result from executing command 'getProjects': GPIO_wrapper
12:16:55 INFO  : Result from executing command 'getPlatforms': 
12:16:55 WARN  : An unexpected exception occurred in the module 'platform project logging'
12:16:55 INFO  : Platform 'GPIO_wrapper' is added to custom repositories.
12:16:58 INFO  : Platform 'GPIO_wrapper' is added to custom repositories.
12:20:52 INFO  : Connected to target on host '127.0.0.1' and port '3121'.
12:21:52 INFO  : Connected to target on host '127.0.0.1' and port '3121'.
12:22:34 INFO  : Bit file 'C:/Users/luisr/Desktop/FPGA/Software/KCU105/GPIO/GPIO/_ide/bitstream/download.bit' is generated.
12:22:34 INFO  : Connected to target on host '127.0.0.1' and port '3121'.
12:22:36 INFO  : 'targets -set -filter {jtag_cable_name =~ "Digilent JTAG-SMT2NC 210308B0AABB" && level==0 && jtag_device_ctx=="jsn-JTAG-SMT2NC-210308B0AABB-13822093-0"}' command is executed.
12:22:46 INFO  : Device configured successfully with "C:/Users/luisr/Desktop/FPGA/Software/KCU105/GPIO/GPIO/_ide/bitstream/download.bit"
12:23:07 INFO  : Connected to target on host '127.0.0.1' and port '3121'.
12:23:08 INFO  : Jtag cable 'Digilent JTAG-SMT2NC 210308B0AABB' is selected.
12:23:13 INFO  : 'jtag frequency' command is executed.
12:23:17 INFO  : 'targets -set -filter {jtag_cable_name =~ "Digilent JTAG-SMT2NC 210308B0AABB" && level==0 && jtag_device_ctx=="jsn-JTAG-SMT2NC-210308B0AABB-13822093-0"}' command is executed.
12:23:27 INFO  : Device configured successfully with "C:/Users/luisr/Desktop/FPGA/Software/KCU105/GPIO/GPIO/_ide/bitstream/download.bit"
12:23:27 INFO  : Context for processor 'microblaze_0' is selected.
12:23:27 INFO  : Hardware design and registers information is loaded from 'C:/Users/luisr/Desktop/FPGA/Software/KCU105/GPIO/GPIO_wrapper/export/GPIO_wrapper/hw/GPIO_wrapper.xsa'.
12:23:27 INFO  : 'configparams mdm-detect-bscan-mask 2' command is executed.
12:23:31 INFO  : Context for processor 'microblaze_0' is selected.
12:23:31 INFO  : System reset is completed.
12:23:34 INFO  : 'after 3000' command is executed.
12:23:34 INFO  : ----------------XSDB Script----------------
connect -url tcp:127.0.0.1:3121
targets -set -filter {jtag_cable_name =~ "Digilent JTAG-SMT2NC 210308B0AABB" && level==0 && jtag_device_ctx=="jsn-JTAG-SMT2NC-210308B0AABB-13822093-0"}
fpga -file C:/Users/luisr/Desktop/FPGA/Software/KCU105/GPIO/GPIO/_ide/bitstream/download.bit
targets -set -nocase -filter {name =~ "*microblaze*#0" && bscan=="USER2" }
loadhw -hw C:/Users/luisr/Desktop/FPGA/Software/KCU105/GPIO/GPIO_wrapper/export/GPIO_wrapper/hw/GPIO_wrapper.xsa -regs
configparams mdm-detect-bscan-mask 2
targets -set -nocase -filter {name =~ "*microblaze*#0" && bscan=="USER2" }
rst -system
after 3000
----------------End of Script----------------

12:23:40 INFO  : Launch script is exported to file 'C:\Users\luisr\Desktop\FPGA\Software\KCU105\GPIO\GPIO_system\_ide\scripts\debugger_gpio-default.tcl'
12:24:18 INFO  : Disconnected from the channel tcfchan#1.
12:24:25 INFO  : Connected to target on host '127.0.0.1' and port '3121'.
12:24:25 INFO  : Jtag cable 'Digilent JTAG-SMT2NC 210308B0AABB' is selected.
12:24:30 ERROR : port closed
12:24:30 INFO  : ----------------XSDB Script----------------
connect -url tcp:127.0.0.1:3121
----------------End of Script----------------

12:24:30 ERROR : port closed
12:24:47 INFO  : Connected to target on host '127.0.0.1' and port '3121'.
12:24:48 INFO  : Jtag cable 'Digilent JTAG-SMT2NC 210308B0AABB' is selected.
12:24:52 INFO  : 'jtag frequency' command is executed.
12:24:57 INFO  : 'targets -set -filter {jtag_cable_name =~ "Digilent JTAG-SMT2NC 210308B0AABB" && level==0 && jtag_device_ctx=="jsn-JTAG-SMT2NC-210308B0AABB-13822093-0"}' command is executed.
12:25:11 INFO  : Device configured successfully with "C:/Users/luisr/Desktop/FPGA/Software/KCU105/GPIO/GPIO/_ide/bitstream/download.bit"
12:25:15 INFO  : Context for processor 'microblaze_0' is selected.
12:25:15 INFO  : Hardware design and registers information is loaded from 'C:/Users/luisr/Desktop/FPGA/Software/KCU105/GPIO/GPIO_wrapper/export/GPIO_wrapper/hw/GPIO_wrapper.xsa'.
12:25:15 INFO  : 'configparams mdm-detect-bscan-mask 2' command is executed.
12:25:15 INFO  : Context for processor 'microblaze_0' is selected.
12:25:20 INFO  : System reset is completed.
12:25:23 INFO  : 'after 3000' command is executed.
12:25:23 INFO  : ----------------XSDB Script----------------
connect -url tcp:127.0.0.1:3121
targets -set -filter {jtag_cable_name =~ "Digilent JTAG-SMT2NC 210308B0AABB" && level==0 && jtag_device_ctx=="jsn-JTAG-SMT2NC-210308B0AABB-13822093-0"}
fpga -file C:/Users/luisr/Desktop/FPGA/Software/KCU105/GPIO/GPIO/_ide/bitstream/download.bit
targets -set -nocase -filter {name =~ "*microblaze*#0" && bscan=="USER2" }
loadhw -hw C:/Users/luisr/Desktop/FPGA/Software/KCU105/GPIO/GPIO_wrapper/export/GPIO_wrapper/hw/GPIO_wrapper.xsa -regs
configparams mdm-detect-bscan-mask 2
targets -set -nocase -filter {name =~ "*microblaze*#0" && bscan=="USER2" }
rst -system
after 3000
----------------End of Script----------------

12:25:29 INFO  : Launch script is exported to file 'C:\Users\luisr\Desktop\FPGA\Software\KCU105\GPIO\GPIO_system\_ide\scripts\debugger_gpio-default.tcl'
12:26:13 INFO  : Connected to target on host '127.0.0.1' and port '3121'.
12:27:04 INFO  : Bit file 'C:/Users/luisr/Desktop/FPGA/Software/KCU105/GPIO/GPIO/_ide/bitstream/download.bit' is generated.
12:27:04 INFO  : Connected to target on host '127.0.0.1' and port '3121'.
12:27:08 INFO  : 'targets -set -filter {jtag_cable_name =~ "Digilent JTAG-SMT2NC 210308B0AABB" && level==0 && jtag_device_ctx=="jsn-JTAG-SMT2NC-210308B0AABB-13822093-0"}' command is executed.
12:27:22 INFO  : Device configured successfully with "C:/Users/luisr/Desktop/FPGA/Software/KCU105/GPIO/GPIO/_ide/bitstream/download.bit"
12:28:23 INFO  : Result from executing command 'removePlatformRepo': 
12:28:48 INFO  : Result from executing command 'getProjects': GPIO_wrapper
12:28:48 INFO  : Result from executing command 'getPlatforms': 
12:28:49 INFO  : Checking for BSP changes to sync application flags for project 'GPIO'...
12:29:19 INFO  : Disconnected from the channel tcfchan#2.
12:29:24 INFO  : Connected to target on host '127.0.0.1' and port '3121'.
12:29:24 INFO  : Jtag cable 'Digilent JTAG-SMT2NC 210308B0AABB' is selected.
12:29:29 ERROR : port closed
12:29:29 INFO  : ----------------XSDB Script----------------
connect -url tcp:127.0.0.1:3121
----------------End of Script----------------

12:29:29 ERROR : port closed
12:29:43 INFO  : Connected to target on host '127.0.0.1' and port '3121'.
12:29:47 INFO  : Jtag cable 'Digilent JTAG-SMT2NC 210308B0AABB' is selected.
12:29:51 INFO  : 'jtag frequency' command is executed.
12:29:56 INFO  : 'targets -set -filter {jtag_cable_name =~ "Digilent JTAG-SMT2NC 210308B0AABB" && level==0 && jtag_device_ctx=="jsn-JTAG-SMT2NC-210308B0AABB-13822093-0"}' command is executed.
12:30:05 INFO  : Device configured successfully with "C:/Users/luisr/Desktop/FPGA/Software/KCU105/GPIO/GPIO/_ide/bitstream/download.bit"
12:30:05 INFO  : Context for processor 'microblaze_0' is selected.
12:30:10 INFO  : Hardware design and registers information is loaded from 'C:/Users/luisr/Desktop/FPGA/Software/KCU105/GPIO/GPIO_wrapper/export/GPIO_wrapper/hw/GPIO_wrapper.xsa'.
12:30:10 INFO  : 'configparams mdm-detect-bscan-mask 2' command is executed.
12:30:10 INFO  : Context for processor 'microblaze_0' is selected.
12:30:10 INFO  : System reset is completed.
12:30:13 INFO  : 'after 3000' command is executed.
12:30:14 INFO  : Context for processor 'microblaze_0' is selected.
12:30:19 INFO  : The application 'C:/Users/luisr/Desktop/FPGA/Software/KCU105/GPIO/GPIO/Debug/GPIO.elf' is downloaded to processor 'microblaze_0'.
12:30:19 INFO  : ----------------XSDB Script----------------
connect -url tcp:127.0.0.1:3121
targets -set -filter {jtag_cable_name =~ "Digilent JTAG-SMT2NC 210308B0AABB" && level==0 && jtag_device_ctx=="jsn-JTAG-SMT2NC-210308B0AABB-13822093-0"}
fpga -file C:/Users/luisr/Desktop/FPGA/Software/KCU105/GPIO/GPIO/_ide/bitstream/download.bit
targets -set -nocase -filter {name =~ "*microblaze*#0" && bscan=="USER2" }
loadhw -hw C:/Users/luisr/Desktop/FPGA/Software/KCU105/GPIO/GPIO_wrapper/export/GPIO_wrapper/hw/GPIO_wrapper.xsa -regs
configparams mdm-detect-bscan-mask 2
targets -set -nocase -filter {name =~ "*microblaze*#0" && bscan=="USER2" }
rst -system
after 3000
targets -set -nocase -filter {name =~ "*microblaze*#0" && bscan=="USER2" }
dow C:/Users/luisr/Desktop/FPGA/Software/KCU105/GPIO/GPIO/Debug/GPIO.elf
----------------End of Script----------------

12:30:28 INFO  : Context for processor 'microblaze_0' is selected.
12:30:37 INFO  : 'con' command is executed.
12:30:37 INFO  : ----------------XSDB Script (After Launch)----------------
targets -set -nocase -filter {name =~ "*microblaze*#0" && bscan=="USER2" }
con
----------------End of Script----------------

12:30:37 INFO  : Launch script is exported to file 'C:\Users\luisr\Desktop\FPGA\Software\KCU105\GPIO\GPIO_system\_ide\scripts\debugger_gpio-default.tcl'
12:31:20 INFO  : Disconnected from the channel tcfchan#5.
12:31:22 INFO  : Connected to target on host '127.0.0.1' and port '3121'.
12:31:22 INFO  : Jtag cable 'Digilent JTAG-SMT2NC 210308B0AABB' is selected.
12:31:26 INFO  : 'jtag frequency' command is executed.
12:31:31 INFO  : 'targets -set -filter {jtag_cable_name =~ "Digilent JTAG-SMT2NC 210308B0AABB" && level==0 && jtag_device_ctx=="jsn-JTAG-SMT2NC-210308B0AABB-13822093-0"}' command is executed.
12:31:40 INFO  : Device configured successfully with "C:/Users/luisr/Desktop/FPGA/Software/KCU105/GPIO/GPIO/_ide/bitstream/download.bit"
12:31:40 INFO  : Context for processor 'microblaze_0' is selected.
12:31:45 INFO  : Hardware design and registers information is loaded from 'C:/Users/luisr/Desktop/FPGA/Software/KCU105/GPIO/GPIO_wrapper/export/GPIO_wrapper/hw/GPIO_wrapper.xsa'.
12:31:45 INFO  : 'configparams mdm-detect-bscan-mask 2' command is executed.
12:31:45 INFO  : Context for processor 'microblaze_0' is selected.
12:31:45 INFO  : System reset is completed.
12:31:48 INFO  : 'after 3000' command is executed.
12:31:49 INFO  : Context for processor 'microblaze_0' is selected.
12:31:54 INFO  : The application 'C:/Users/luisr/Desktop/FPGA/Software/KCU105/GPIO/GPIO/Debug/GPIO.elf' is downloaded to processor 'microblaze_0'.
12:31:54 INFO  : ----------------XSDB Script----------------
connect -url tcp:127.0.0.1:3121
targets -set -filter {jtag_cable_name =~ "Digilent JTAG-SMT2NC 210308B0AABB" && level==0 && jtag_device_ctx=="jsn-JTAG-SMT2NC-210308B0AABB-13822093-0"}
fpga -file C:/Users/luisr/Desktop/FPGA/Software/KCU105/GPIO/GPIO/_ide/bitstream/download.bit
targets -set -nocase -filter {name =~ "*microblaze*#0" && bscan=="USER2" }
loadhw -hw C:/Users/luisr/Desktop/FPGA/Software/KCU105/GPIO/GPIO_wrapper/export/GPIO_wrapper/hw/GPIO_wrapper.xsa -regs
configparams mdm-detect-bscan-mask 2
targets -set -nocase -filter {name =~ "*microblaze*#0" && bscan=="USER2" }
rst -system
after 3000
targets -set -nocase -filter {name =~ "*microblaze*#0" && bscan=="USER2" }
dow C:/Users/luisr/Desktop/FPGA/Software/KCU105/GPIO/GPIO/Debug/GPIO.elf
----------------End of Script----------------

12:31:58 INFO  : Context for processor 'microblaze_0' is selected.
12:32:03 INFO  : 'con' command is executed.
12:32:03 INFO  : ----------------XSDB Script (After Launch)----------------
targets -set -nocase -filter {name =~ "*microblaze*#0" && bscan=="USER2" }
con
----------------End of Script----------------

12:32:03 INFO  : Launch script is exported to file 'C:\Users\luisr\Desktop\FPGA\Software\KCU105\GPIO\GPIO_system\_ide\scripts\debugger_gpio-default.tcl'
12:41:19 INFO  : Checking for BSP changes to sync application flags for project 'GPIO'...
12:41:46 INFO  : Checking for BSP changes to sync application flags for project 'GPIO'...
12:42:10 INFO  : Disconnected from the channel tcfchan#6.
12:42:16 INFO  : Connected to target on host '127.0.0.1' and port '3121'.
12:42:16 INFO  : Jtag cable 'Digilent JTAG-SMT2NC 210308B0AABB' is selected.
12:42:20 ERROR : port closed
12:42:20 INFO  : ----------------XSDB Script----------------
connect -url tcp:127.0.0.1:3121
----------------End of Script----------------

12:42:20 ERROR : port closed
12:42:25 INFO  : Connected to target on host '127.0.0.1' and port '3121'.
12:42:30 INFO  : Jtag cable 'Digilent JTAG-SMT2NC 210308B0AABB' is selected.
12:42:34 INFO  : 'jtag frequency' command is executed.
12:42:38 INFO  : 'targets -set -filter {jtag_cable_name =~ "Digilent JTAG-SMT2NC 210308B0AABB" && level==0 && jtag_device_ctx=="jsn-JTAG-SMT2NC-210308B0AABB-13822093-0"}' command is executed.
12:42:52 INFO  : Device configured successfully with "C:/Users/luisr/Desktop/FPGA/Software/KCU105/GPIO/GPIO/_ide/bitstream/download.bit"
12:42:52 INFO  : Context for processor 'microblaze_0' is selected.
12:42:57 INFO  : Hardware design and registers information is loaded from 'C:/Users/luisr/Desktop/FPGA/Software/KCU105/GPIO/GPIO_wrapper/export/GPIO_wrapper/hw/GPIO_wrapper.xsa'.
12:42:57 INFO  : 'configparams mdm-detect-bscan-mask 2' command is executed.
12:42:57 INFO  : Context for processor 'microblaze_0' is selected.
12:42:57 INFO  : System reset is completed.
12:43:00 INFO  : 'after 3000' command is executed.
12:43:01 INFO  : Context for processor 'microblaze_0' is selected.
12:43:06 INFO  : The application 'C:/Users/luisr/Desktop/FPGA/Software/KCU105/GPIO/GPIO/Debug/GPIO.elf' is downloaded to processor 'microblaze_0'.
12:43:06 INFO  : ----------------XSDB Script----------------
connect -url tcp:127.0.0.1:3121
targets -set -filter {jtag_cable_name =~ "Digilent JTAG-SMT2NC 210308B0AABB" && level==0 && jtag_device_ctx=="jsn-JTAG-SMT2NC-210308B0AABB-13822093-0"}
fpga -file C:/Users/luisr/Desktop/FPGA/Software/KCU105/GPIO/GPIO/_ide/bitstream/download.bit
targets -set -nocase -filter {name =~ "*microblaze*#0" && bscan=="USER2" }
loadhw -hw C:/Users/luisr/Desktop/FPGA/Software/KCU105/GPIO/GPIO_wrapper/export/GPIO_wrapper/hw/GPIO_wrapper.xsa -regs
configparams mdm-detect-bscan-mask 2
targets -set -nocase -filter {name =~ "*microblaze*#0" && bscan=="USER2" }
rst -system
after 3000
targets -set -nocase -filter {name =~ "*microblaze*#0" && bscan=="USER2" }
dow C:/Users/luisr/Desktop/FPGA/Software/KCU105/GPIO/GPIO/Debug/GPIO.elf
----------------End of Script----------------

12:43:11 INFO  : Context for processor 'microblaze_0' is selected.
12:43:15 INFO  : 'con' command is executed.
12:43:15 INFO  : ----------------XSDB Script (After Launch)----------------
targets -set -nocase -filter {name =~ "*microblaze*#0" && bscan=="USER2" }
con
----------------End of Script----------------

12:43:15 INFO  : Launch script is exported to file 'C:\Users\luisr\Desktop\FPGA\Software\KCU105\GPIO\GPIO_system\_ide\scripts\debugger_gpio-default.tcl'
12:44:22 INFO  : Disconnected from the channel tcfchan#7.
12:45:34 INFO  : Checking for BSP changes to sync application flags for project 'GPIO'...
12:47:30 INFO  : Checking for BSP changes to sync application flags for project 'GPIO'...
12:49:14 INFO  : Launching XSCT server: xsct.bat -n  -interactive C:\Users\luisr\Desktop\FPGA\Software\KCU105\GPIO\temp_xsdb_launch_script.tcl
12:49:17 INFO  : XSCT server has started successfully.
12:49:17 INFO  : Successfully done setting XSCT server connection channel  
12:49:18 INFO  : plnx-install-location is set to ''
12:49:18 INFO  : Successfully done setting workspace for the tool. 
12:49:27 INFO  : Checking for BSP changes to sync application flags for project 'GPIO'...
12:49:27 ERROR : Failed to get platform details for the project 'GPIO'. Cannot sync application flags.
12:50:23 INFO  : Launching XSCT server: xsct.bat -n  -interactive C:\Users\luisr\Desktop\FPGA\Software\KCU105\GPIO\temp_xsdb_launch_script.tcl
12:50:30 INFO  : XSCT server has started successfully.
12:50:30 INFO  : plnx-install-location is set to ''
12:50:30 INFO  : Successfully done setting XSCT server connection channel  
12:50:30 INFO  : Successfully done setting workspace for the tool. 
12:50:41 INFO  : Checking for BSP changes to sync application flags for project 'GPIO'...
12:50:41 ERROR : Failed to get platform details for the project 'GPIO'. Cannot sync application flags.
12:50:50 INFO  : Platform repository initialization has completed.
12:50:50 INFO  : Successfully done query RDI_DATADIR 
12:50:50 INFO  : Registering command handlers for Vitis TCF services
12:51:06 INFO  : Connected to target on host '127.0.0.1' and port '3121'.
12:51:33 INFO  : Bit file 'C:/Users/luisr/Desktop/FPGA/Software/KCU105/GPIO/GPIO/_ide/bitstream/download.bit' is generated.
12:51:33 INFO  : Connected to target on host '127.0.0.1' and port '3121'.
12:51:38 INFO  : 'targets -set -filter {jtag_cable_name =~ "Digilent JTAG-SMT2NC 210308B0AABB" && level==0 && jtag_device_ctx=="jsn-JTAG-SMT2NC-210308B0AABB-13822093-0"}' command is executed.
12:51:47 INFO  : Device configured successfully with "C:/Users/luisr/Desktop/FPGA/Software/KCU105/GPIO/GPIO/_ide/bitstream/download.bit"
12:52:45 ERROR : xsct server communication channel has closed unexpectedly.
java.net.SocketException: Connection reset
	at java.base/java.net.SocketInputStream.read(SocketInputStream.java:186)
	at java.base/java.net.SocketInputStream.read(SocketInputStream.java:140)
	at java.base/java.io.BufferedInputStream.read1(BufferedInputStream.java:290)
	at java.base/java.io.BufferedInputStream.read(BufferedInputStream.java:351)
	at java.base/java.io.FilterInputStream.read(FilterInputStream.java:107)
	at org.eclipse.tcf.core.ChannelTCP.get(ChannelTCP.java:186)
	at org.eclipse.tcf.core.StreamChannel.read(StreamChannel.java:85)
	at org.eclipse.tcf.core.AbstractChannel$1.run(AbstractChannel.java:329)
12:52:45 INFO  : Checking for BSP changes to sync application flags for project 'GPIO'...
12:52:48 INFO  : Launching XSCT server: xsct.bat -n  -interactive C:\Users\luisr\Desktop\FPGA\Software\KCU105\GPIO\temp_xsdb_launch_script.tcl
12:54:35 INFO  : Launching XSCT server: xsct.bat -n  -interactive C:\Users\luisr\Desktop\FPGA\Software\KCU105\GPIO\temp_xsdb_launch_script.tcl
12:54:39 INFO  : XSCT server has started successfully.
12:54:39 INFO  : plnx-install-location is set to ''
12:54:39 INFO  : Successfully done setting XSCT server connection channel  
12:54:39 INFO  : Successfully done setting workspace for the tool. 
12:54:58 INFO  : Checking for BSP changes to sync application flags for project 'GPIO'...
12:54:58 ERROR : Failed to get platform details for the project 'GPIO'. Cannot sync application flags.
12:55:00 INFO  : Platform repository initialization has completed.
12:55:00 INFO  : Registering command handlers for Vitis TCF services
12:55:01 INFO  : Successfully done query RDI_DATADIR 
12:58:32 INFO  : Bit file 'C:/Users/luisr/Desktop/FPGA/Software/KCU105/GPIO/GPIO/_ide/bitstream/download.bit' is generated.
12:58:34 INFO  : Connected to target on host '127.0.0.1' and port '3121'.
12:58:34 INFO  : 'targets -set -filter {jtag_cable_name =~ "Digilent JTAG-SMT2NC 210308B0AABB" && level==0 && jtag_device_ctx=="jsn-JTAG-SMT2NC-210308B0AABB-13822093-0"}' command is executed.
12:58:44 INFO  : Device configured successfully with "C:/Users/luisr/Desktop/FPGA/Software/KCU105/GPIO/GPIO/_ide/bitstream/download.bit"
13:03:24 INFO  : Launching XSCT server: xsct.bat -n  -interactive C:\Users\luisr\Desktop\FPGA\Software\KCU105\GPIO\temp_xsdb_launch_script.tcl
13:03:28 INFO  : XSCT server has started successfully.
13:03:28 INFO  : plnx-install-location is set to ''
13:03:28 INFO  : Successfully done setting XSCT server connection channel  
13:03:28 INFO  : Successfully done setting workspace for the tool. 
13:04:11 INFO  : Platform repository initialization has completed.
13:04:11 INFO  : Registering command handlers for Vitis TCF services
13:04:11 INFO  : Successfully done query RDI_DATADIR 
13:04:31 INFO  : Connected to target on host '127.0.0.1' and port '3121'.
13:05:59 INFO  : Result from executing command 'getProjects': GPIO_wrapper
13:05:59 INFO  : Result from executing command 'getPlatforms': GPIO_wrapper|C:/Users/luisr/Desktop/FPGA/Software/KCU105/GPIO/GPIO_wrapper/export/GPIO_wrapper/GPIO_wrapper.xpfm
13:05:59 INFO  : Checking for BSP changes to sync application flags for project 'GPIO'...
13:06:16 INFO  : Checking for BSP changes to sync application flags for project 'GPIO'...
13:06:23 INFO  : Checking for BSP changes to sync application flags for project 'GPIO'...
13:06:30 INFO  : Connected to target on host '127.0.0.1' and port '3121'.
13:06:31 INFO  : Jtag cable 'Digilent JTAG-SMT2NC 210308B0AABB' is selected.
13:06:31 INFO  : 'jtag frequency' command is executed.
13:06:32 INFO  : 'targets -set -filter {jtag_cable_name =~ "Digilent JTAG-SMT2NC 210308B0AABB" && level==0 && jtag_device_ctx=="jsn-JTAG-SMT2NC-210308B0AABB-13822093-0"}' command is executed.
13:06:42 INFO  : Device configured successfully with "C:/Users/luisr/Desktop/FPGA/Software/KCU105/GPIO/GPIO/_ide/bitstream/download.bit"
13:06:42 INFO  : Context for processor 'microblaze_0' is selected.
13:06:43 INFO  : Hardware design and registers information is loaded from 'C:/Users/luisr/Desktop/FPGA/Software/KCU105/GPIO/GPIO_wrapper/export/GPIO_wrapper/hw/GPIO_wrapper.xsa'.
13:06:43 INFO  : 'configparams mdm-detect-bscan-mask 2' command is executed.
13:06:43 INFO  : Context for processor 'microblaze_0' is selected.
13:06:43 INFO  : System reset is completed.
13:06:46 INFO  : 'after 3000' command is executed.
13:06:46 INFO  : Context for processor 'microblaze_0' is selected.
13:06:47 INFO  : The application 'C:/Users/luisr/Desktop/FPGA/Software/KCU105/GPIO/GPIO/Debug/GPIO.elf' is downloaded to processor 'microblaze_0'.
13:06:47 INFO  : ----------------XSDB Script----------------
connect -url tcp:127.0.0.1:3121
targets -set -filter {jtag_cable_name =~ "Digilent JTAG-SMT2NC 210308B0AABB" && level==0 && jtag_device_ctx=="jsn-JTAG-SMT2NC-210308B0AABB-13822093-0"}
fpga -file C:/Users/luisr/Desktop/FPGA/Software/KCU105/GPIO/GPIO/_ide/bitstream/download.bit
targets -set -nocase -filter {name =~ "*microblaze*#0" && bscan=="USER2" }
loadhw -hw C:/Users/luisr/Desktop/FPGA/Software/KCU105/GPIO/GPIO_wrapper/export/GPIO_wrapper/hw/GPIO_wrapper.xsa -regs
configparams mdm-detect-bscan-mask 2
targets -set -nocase -filter {name =~ "*microblaze*#0" && bscan=="USER2" }
rst -system
after 3000
targets -set -nocase -filter {name =~ "*microblaze*#0" && bscan=="USER2" }
dow C:/Users/luisr/Desktop/FPGA/Software/KCU105/GPIO/GPIO/Debug/GPIO.elf
----------------End of Script----------------

13:06:48 INFO  : Context for processor 'microblaze_0' is selected.
13:06:49 INFO  : 'con' command is executed.
13:06:49 INFO  : ----------------XSDB Script (After Launch)----------------
targets -set -nocase -filter {name =~ "*microblaze*#0" && bscan=="USER2" }
con
----------------End of Script----------------

13:06:49 INFO  : Launch script is exported to file 'C:\Users\luisr\Desktop\FPGA\Software\KCU105\GPIO\GPIO_system\_ide\scripts\debugger_gpio-default.tcl'
13:09:09 INFO  : Checking for BSP changes to sync application flags for project 'GPIO'...
13:09:15 INFO  : Checking for BSP changes to sync application flags for project 'GPIO'...
13:09:23 INFO  : Disconnected from the channel tcfchan#1.
13:09:24 INFO  : Connected to target on host '127.0.0.1' and port '3121'.
13:09:33 INFO  : ----------------XSDB Script----------------
connect -url tcp:127.0.0.1:3121
----------------End of Script----------------

13:09:33 ERROR : Could not find FPGA device on the board for connection 'Local'.


Troubleshooting hints:
1. Check whether board is connected to system properly.
2. In case of zynq board, check whether Digilent/Xilinx cable switch settings are correct.
3. If you are using Xilinx Platform Cable USB, ensure that status LED is green.
13:09:39 INFO  : Connected to target on host '127.0.0.1' and port '3121'.
13:09:40 INFO  : Jtag cable 'Digilent JTAG-SMT2NC 210308B0AABB' is selected.
13:09:40 INFO  : 'jtag frequency' command is executed.
13:09:41 INFO  : 'targets -set -filter {jtag_cable_name =~ "Digilent JTAG-SMT2NC 210308B0AABB" && level==0 && jtag_device_ctx=="jsn-JTAG-SMT2NC-210308B0AABB-13822093-0"}' command is executed.
13:09:51 INFO  : Device configured successfully with "C:/Users/luisr/Desktop/FPGA/Software/KCU105/GPIO/GPIO/_ide/bitstream/download.bit"
13:09:51 INFO  : Context for processor 'microblaze_0' is selected.
13:09:52 INFO  : Hardware design and registers information is loaded from 'C:/Users/luisr/Desktop/FPGA/Software/KCU105/GPIO/GPIO_wrapper/export/GPIO_wrapper/hw/GPIO_wrapper.xsa'.
13:09:52 INFO  : 'configparams mdm-detect-bscan-mask 2' command is executed.
13:09:52 INFO  : Context for processor 'microblaze_0' is selected.
13:09:52 INFO  : System reset is completed.
13:09:55 INFO  : 'after 3000' command is executed.
13:09:55 INFO  : Context for processor 'microblaze_0' is selected.
13:09:57 INFO  : The application 'C:/Users/luisr/Desktop/FPGA/Software/KCU105/GPIO/GPIO/Debug/GPIO.elf' is downloaded to processor 'microblaze_0'.
13:09:57 INFO  : ----------------XSDB Script----------------
connect -url tcp:127.0.0.1:3121
targets -set -filter {jtag_cable_name =~ "Digilent JTAG-SMT2NC 210308B0AABB" && level==0 && jtag_device_ctx=="jsn-JTAG-SMT2NC-210308B0AABB-13822093-0"}
fpga -file C:/Users/luisr/Desktop/FPGA/Software/KCU105/GPIO/GPIO/_ide/bitstream/download.bit
targets -set -nocase -filter {name =~ "*microblaze*#0" && bscan=="USER2" }
loadhw -hw C:/Users/luisr/Desktop/FPGA/Software/KCU105/GPIO/GPIO_wrapper/export/GPIO_wrapper/hw/GPIO_wrapper.xsa -regs
configparams mdm-detect-bscan-mask 2
targets -set -nocase -filter {name =~ "*microblaze*#0" && bscan=="USER2" }
rst -system
after 3000
targets -set -nocase -filter {name =~ "*microblaze*#0" && bscan=="USER2" }
dow C:/Users/luisr/Desktop/FPGA/Software/KCU105/GPIO/GPIO/Debug/GPIO.elf
----------------End of Script----------------

13:09:57 INFO  : Context for processor 'microblaze_0' is selected.
13:09:58 INFO  : 'con' command is executed.
13:09:58 INFO  : ----------------XSDB Script (After Launch)----------------
targets -set -nocase -filter {name =~ "*microblaze*#0" && bscan=="USER2" }
con
----------------End of Script----------------

13:09:58 INFO  : Launch script is exported to file 'C:\Users\luisr\Desktop\FPGA\Software\KCU105\GPIO\GPIO_system\_ide\scripts\debugger_gpio-default.tcl'
13:11:30 INFO  : Checking for BSP changes to sync application flags for project 'GPIO'...
13:11:42 INFO  : Checking for BSP changes to sync application flags for project 'GPIO'...
13:11:47 INFO  : Checking for BSP changes to sync application flags for project 'GPIO'...
13:11:53 INFO  : Disconnected from the channel tcfchan#3.
13:11:55 INFO  : Connected to target on host '127.0.0.1' and port '3121'.
13:12:04 INFO  : ----------------XSDB Script----------------
connect -url tcp:127.0.0.1:3121
----------------End of Script----------------

13:12:04 ERROR : Could not find FPGA device on the board for connection 'Local'.


Troubleshooting hints:
1. Check whether board is connected to system properly.
2. In case of zynq board, check whether Digilent/Xilinx cable switch settings are correct.
3. If you are using Xilinx Platform Cable USB, ensure that status LED is green.
13:12:29 INFO  : Checking for BSP changes to sync application flags for project 'GPIO'...
13:12:33 INFO  : Checking for BSP changes to sync application flags for project 'GPIO'...
13:12:37 INFO  : Connected to target on host '127.0.0.1' and port '3121'.
13:12:37 INFO  : Jtag cable 'Digilent JTAG-SMT2NC 210308B0AABB' is selected.
13:12:38 INFO  : 'jtag frequency' command is executed.
13:12:38 INFO  : 'targets -set -filter {jtag_cable_name =~ "Digilent JTAG-SMT2NC 210308B0AABB" && level==0 && jtag_device_ctx=="jsn-JTAG-SMT2NC-210308B0AABB-13822093-0"}' command is executed.
13:12:48 INFO  : Device configured successfully with "C:/Users/luisr/Desktop/FPGA/Software/KCU105/GPIO/GPIO/_ide/bitstream/download.bit"
13:12:49 INFO  : Context for processor 'microblaze_0' is selected.
13:12:49 INFO  : Hardware design and registers information is loaded from 'C:/Users/luisr/Desktop/FPGA/Software/KCU105/GPIO/GPIO_wrapper/export/GPIO_wrapper/hw/GPIO_wrapper.xsa'.
13:12:49 INFO  : 'configparams mdm-detect-bscan-mask 2' command is executed.
13:12:49 INFO  : Context for processor 'microblaze_0' is selected.
13:12:50 INFO  : System reset is completed.
13:12:53 INFO  : 'after 3000' command is executed.
13:12:53 INFO  : Context for processor 'microblaze_0' is selected.
13:12:55 INFO  : The application 'C:/Users/luisr/Desktop/FPGA/Software/KCU105/GPIO/GPIO/Debug/GPIO.elf' is downloaded to processor 'microblaze_0'.
13:12:55 INFO  : ----------------XSDB Script----------------
connect -url tcp:127.0.0.1:3121
targets -set -filter {jtag_cable_name =~ "Digilent JTAG-SMT2NC 210308B0AABB" && level==0 && jtag_device_ctx=="jsn-JTAG-SMT2NC-210308B0AABB-13822093-0"}
fpga -file C:/Users/luisr/Desktop/FPGA/Software/KCU105/GPIO/GPIO/_ide/bitstream/download.bit
targets -set -nocase -filter {name =~ "*microblaze*#0" && bscan=="USER2" }
loadhw -hw C:/Users/luisr/Desktop/FPGA/Software/KCU105/GPIO/GPIO_wrapper/export/GPIO_wrapper/hw/GPIO_wrapper.xsa -regs
configparams mdm-detect-bscan-mask 2
targets -set -nocase -filter {name =~ "*microblaze*#0" && bscan=="USER2" }
rst -system
after 3000
targets -set -nocase -filter {name =~ "*microblaze*#0" && bscan=="USER2" }
dow C:/Users/luisr/Desktop/FPGA/Software/KCU105/GPIO/GPIO/Debug/GPIO.elf
----------------End of Script----------------

13:12:56 INFO  : Context for processor 'microblaze_0' is selected.
13:12:57 INFO  : 'con' command is executed.
13:12:57 INFO  : ----------------XSDB Script (After Launch)----------------
targets -set -nocase -filter {name =~ "*microblaze*#0" && bscan=="USER2" }
con
----------------End of Script----------------

13:12:57 INFO  : Launch script is exported to file 'C:\Users\luisr\Desktop\FPGA\Software\KCU105\GPIO\GPIO_system\_ide\scripts\debugger_gpio-default.tcl'
13:19:22 INFO  : Checking for BSP changes to sync application flags for project 'GPIO'...
13:19:31 INFO  : Checking for BSP changes to sync application flags for project 'GPIO'...
13:19:38 INFO  : Disconnected from the channel tcfchan#4.
13:19:40 INFO  : Connected to target on host '127.0.0.1' and port '3121'.
13:19:40 INFO  : Jtag cable 'Digilent JTAG-SMT2NC 210308B0AABB' is selected.
13:19:40 INFO  : 'jtag frequency' command is executed.
13:19:41 INFO  : 'targets -set -filter {jtag_cable_name =~ "Digilent JTAG-SMT2NC 210308B0AABB" && level==0 && jtag_device_ctx=="jsn-JTAG-SMT2NC-210308B0AABB-13822093-0"}' command is executed.
13:19:51 INFO  : Device configured successfully with "C:/Users/luisr/Desktop/FPGA/Software/KCU105/GPIO/GPIO/_ide/bitstream/download.bit"
13:19:52 INFO  : Context for processor 'microblaze_0' is selected.
13:19:52 INFO  : Hardware design and registers information is loaded from 'C:/Users/luisr/Desktop/FPGA/Software/KCU105/GPIO/GPIO_wrapper/export/GPIO_wrapper/hw/GPIO_wrapper.xsa'.
13:19:52 INFO  : 'configparams mdm-detect-bscan-mask 2' command is executed.
13:19:52 INFO  : Context for processor 'microblaze_0' is selected.
13:19:52 INFO  : System reset is completed.
13:19:56 INFO  : 'after 3000' command is executed.
13:19:56 INFO  : Context for processor 'microblaze_0' is selected.
13:19:57 INFO  : The application 'C:/Users/luisr/Desktop/FPGA/Software/KCU105/GPIO/GPIO/Debug/GPIO.elf' is downloaded to processor 'microblaze_0'.
13:19:57 INFO  : ----------------XSDB Script----------------
connect -url tcp:127.0.0.1:3121
targets -set -filter {jtag_cable_name =~ "Digilent JTAG-SMT2NC 210308B0AABB" && level==0 && jtag_device_ctx=="jsn-JTAG-SMT2NC-210308B0AABB-13822093-0"}
fpga -file C:/Users/luisr/Desktop/FPGA/Software/KCU105/GPIO/GPIO/_ide/bitstream/download.bit
targets -set -nocase -filter {name =~ "*microblaze*#0" && bscan=="USER2" }
loadhw -hw C:/Users/luisr/Desktop/FPGA/Software/KCU105/GPIO/GPIO_wrapper/export/GPIO_wrapper/hw/GPIO_wrapper.xsa -regs
configparams mdm-detect-bscan-mask 2
targets -set -nocase -filter {name =~ "*microblaze*#0" && bscan=="USER2" }
rst -system
after 3000
targets -set -nocase -filter {name =~ "*microblaze*#0" && bscan=="USER2" }
dow C:/Users/luisr/Desktop/FPGA/Software/KCU105/GPIO/GPIO/Debug/GPIO.elf
----------------End of Script----------------

13:19:57 INFO  : Context for processor 'microblaze_0' is selected.
13:19:58 INFO  : 'con' command is executed.
13:19:58 INFO  : ----------------XSDB Script (After Launch)----------------
targets -set -nocase -filter {name =~ "*microblaze*#0" && bscan=="USER2" }
con
----------------End of Script----------------

13:19:58 INFO  : Launch script is exported to file 'C:\Users\luisr\Desktop\FPGA\Software\KCU105\GPIO\GPIO_system\_ide\scripts\debugger_gpio-default.tcl'
13:25:44 INFO  : Checking for BSP changes to sync application flags for project 'GPIO'...
13:25:52 INFO  : Checking for BSP changes to sync application flags for project 'GPIO'...
13:25:57 INFO  : Checking for BSP changes to sync application flags for project 'GPIO'...
13:26:01 INFO  : Disconnected from the channel tcfchan#5.
13:26:02 INFO  : Connected to target on host '127.0.0.1' and port '3121'.
13:26:11 INFO  : ----------------XSDB Script----------------
connect -url tcp:127.0.0.1:3121
----------------End of Script----------------

13:26:11 ERROR : Could not find FPGA device on the board for connection 'Local'.


Troubleshooting hints:
1. Check whether board is connected to system properly.
2. In case of zynq board, check whether Digilent/Xilinx cable switch settings are correct.
3. If you are using Xilinx Platform Cable USB, ensure that status LED is green.
13:26:18 INFO  : Connected to target on host '127.0.0.1' and port '3121'.
13:26:18 INFO  : Jtag cable 'Digilent JTAG-SMT2NC 210308B0AABB' is selected.
13:26:18 INFO  : 'jtag frequency' command is executed.
13:26:19 INFO  : 'targets -set -filter {jtag_cable_name =~ "Digilent JTAG-SMT2NC 210308B0AABB" && level==0 && jtag_device_ctx=="jsn-JTAG-SMT2NC-210308B0AABB-13822093-0"}' command is executed.
13:26:29 INFO  : Device configured successfully with "C:/Users/luisr/Desktop/FPGA/Software/KCU105/GPIO/GPIO/_ide/bitstream/download.bit"
13:26:30 INFO  : Context for processor 'microblaze_0' is selected.
13:26:30 INFO  : Hardware design and registers information is loaded from 'C:/Users/luisr/Desktop/FPGA/Software/KCU105/GPIO/GPIO_wrapper/export/GPIO_wrapper/hw/GPIO_wrapper.xsa'.
13:26:30 INFO  : 'configparams mdm-detect-bscan-mask 2' command is executed.
13:26:30 INFO  : Context for processor 'microblaze_0' is selected.
13:26:31 INFO  : System reset is completed.
13:26:34 INFO  : 'after 3000' command is executed.
13:26:34 INFO  : Context for processor 'microblaze_0' is selected.
13:26:35 INFO  : The application 'C:/Users/luisr/Desktop/FPGA/Software/KCU105/GPIO/GPIO/Debug/GPIO.elf' is downloaded to processor 'microblaze_0'.
13:26:35 INFO  : ----------------XSDB Script----------------
connect -url tcp:127.0.0.1:3121
targets -set -filter {jtag_cable_name =~ "Digilent JTAG-SMT2NC 210308B0AABB" && level==0 && jtag_device_ctx=="jsn-JTAG-SMT2NC-210308B0AABB-13822093-0"}
fpga -file C:/Users/luisr/Desktop/FPGA/Software/KCU105/GPIO/GPIO/_ide/bitstream/download.bit
targets -set -nocase -filter {name =~ "*microblaze*#0" && bscan=="USER2" }
loadhw -hw C:/Users/luisr/Desktop/FPGA/Software/KCU105/GPIO/GPIO_wrapper/export/GPIO_wrapper/hw/GPIO_wrapper.xsa -regs
configparams mdm-detect-bscan-mask 2
targets -set -nocase -filter {name =~ "*microblaze*#0" && bscan=="USER2" }
rst -system
after 3000
targets -set -nocase -filter {name =~ "*microblaze*#0" && bscan=="USER2" }
dow C:/Users/luisr/Desktop/FPGA/Software/KCU105/GPIO/GPIO/Debug/GPIO.elf
----------------End of Script----------------

13:26:36 INFO  : Context for processor 'microblaze_0' is selected.
13:26:37 INFO  : 'con' command is executed.
13:26:37 INFO  : ----------------XSDB Script (After Launch)----------------
targets -set -nocase -filter {name =~ "*microblaze*#0" && bscan=="USER2" }
con
----------------End of Script----------------

13:26:37 INFO  : Launch script is exported to file 'C:\Users\luisr\Desktop\FPGA\Software\KCU105\GPIO\GPIO_system\_ide\scripts\debugger_gpio-default.tcl'
13:27:53 INFO  : Checking for BSP changes to sync application flags for project 'GPIO'...
13:27:57 INFO  : Checking for BSP changes to sync application flags for project 'GPIO'...
13:28:03 INFO  : Disconnected from the channel tcfchan#6.
13:28:04 INFO  : Connected to target on host '127.0.0.1' and port '3121'.
13:28:13 INFO  : ----------------XSDB Script----------------
connect -url tcp:127.0.0.1:3121
----------------End of Script----------------

13:28:13 ERROR : Could not find FPGA device on the board for connection 'Local'.


Troubleshooting hints:
1. Check whether board is connected to system properly.
2. In case of zynq board, check whether Digilent/Xilinx cable switch settings are correct.
3. If you are using Xilinx Platform Cable USB, ensure that status LED is green.
13:28:18 INFO  : Connected to target on host '127.0.0.1' and port '3121'.
13:28:18 INFO  : Jtag cable 'Digilent JTAG-SMT2NC 210308B0AABB' is selected.
13:28:19 INFO  : 'jtag frequency' command is executed.
13:28:20 INFO  : 'targets -set -filter {jtag_cable_name =~ "Digilent JTAG-SMT2NC 210308B0AABB" && level==0 && jtag_device_ctx=="jsn-JTAG-SMT2NC-210308B0AABB-13822093-0"}' command is executed.
13:28:29 INFO  : Device configured successfully with "C:/Users/luisr/Desktop/FPGA/Software/KCU105/GPIO/GPIO/_ide/bitstream/download.bit"
13:28:29 INFO  : Context for processor 'microblaze_0' is selected.
13:28:30 INFO  : Hardware design and registers information is loaded from 'C:/Users/luisr/Desktop/FPGA/Software/KCU105/GPIO/GPIO_wrapper/export/GPIO_wrapper/hw/GPIO_wrapper.xsa'.
13:28:30 INFO  : 'configparams mdm-detect-bscan-mask 2' command is executed.
13:28:30 INFO  : Context for processor 'microblaze_0' is selected.
13:28:30 INFO  : System reset is completed.
13:28:33 INFO  : 'after 3000' command is executed.
13:28:33 INFO  : Context for processor 'microblaze_0' is selected.
13:28:34 INFO  : The application 'C:/Users/luisr/Desktop/FPGA/Software/KCU105/GPIO/GPIO/Debug/GPIO.elf' is downloaded to processor 'microblaze_0'.
13:28:34 INFO  : ----------------XSDB Script----------------
connect -url tcp:127.0.0.1:3121
targets -set -filter {jtag_cable_name =~ "Digilent JTAG-SMT2NC 210308B0AABB" && level==0 && jtag_device_ctx=="jsn-JTAG-SMT2NC-210308B0AABB-13822093-0"}
fpga -file C:/Users/luisr/Desktop/FPGA/Software/KCU105/GPIO/GPIO/_ide/bitstream/download.bit
targets -set -nocase -filter {name =~ "*microblaze*#0" && bscan=="USER2" }
loadhw -hw C:/Users/luisr/Desktop/FPGA/Software/KCU105/GPIO/GPIO_wrapper/export/GPIO_wrapper/hw/GPIO_wrapper.xsa -regs
configparams mdm-detect-bscan-mask 2
targets -set -nocase -filter {name =~ "*microblaze*#0" && bscan=="USER2" }
rst -system
after 3000
targets -set -nocase -filter {name =~ "*microblaze*#0" && bscan=="USER2" }
dow C:/Users/luisr/Desktop/FPGA/Software/KCU105/GPIO/GPIO/Debug/GPIO.elf
----------------End of Script----------------

13:28:35 INFO  : Context for processor 'microblaze_0' is selected.
13:28:36 INFO  : 'con' command is executed.
13:28:36 INFO  : ----------------XSDB Script (After Launch)----------------
targets -set -nocase -filter {name =~ "*microblaze*#0" && bscan=="USER2" }
con
----------------End of Script----------------

13:28:36 INFO  : Launch script is exported to file 'C:\Users\luisr\Desktop\FPGA\Software\KCU105\GPIO\GPIO_system\_ide\scripts\debugger_gpio-default.tcl'
13:29:51 INFO  : Checking for BSP changes to sync application flags for project 'GPIO'...
13:30:00 INFO  : Checking for BSP changes to sync application flags for project 'GPIO'...
13:30:06 INFO  : Disconnected from the channel tcfchan#7.
13:30:08 INFO  : Connected to target on host '127.0.0.1' and port '3121'.
13:30:17 INFO  : ----------------XSDB Script----------------
connect -url tcp:127.0.0.1:3121
----------------End of Script----------------

13:30:17 ERROR : Could not find FPGA device on the board for connection 'Local'.


Troubleshooting hints:
1. Check whether board is connected to system properly.
2. In case of zynq board, check whether Digilent/Xilinx cable switch settings are correct.
3. If you are using Xilinx Platform Cable USB, ensure that status LED is green.
13:30:22 INFO  : Connected to target on host '127.0.0.1' and port '3121'.
13:30:23 INFO  : Jtag cable 'Digilent JTAG-SMT2NC 210308B0AABB' is selected.
13:30:23 INFO  : 'jtag frequency' command is executed.
13:30:24 INFO  : 'targets -set -filter {jtag_cable_name =~ "Digilent JTAG-SMT2NC 210308B0AABB" && level==0 && jtag_device_ctx=="jsn-JTAG-SMT2NC-210308B0AABB-13822093-0"}' command is executed.
13:30:34 INFO  : Device configured successfully with "C:/Users/luisr/Desktop/FPGA/Software/KCU105/GPIO/GPIO/_ide/bitstream/download.bit"
13:30:34 INFO  : Context for processor 'microblaze_0' is selected.
13:30:34 INFO  : Hardware design and registers information is loaded from 'C:/Users/luisr/Desktop/FPGA/Software/KCU105/GPIO/GPIO_wrapper/export/GPIO_wrapper/hw/GPIO_wrapper.xsa'.
13:30:34 INFO  : 'configparams mdm-detect-bscan-mask 2' command is executed.
13:30:34 INFO  : Context for processor 'microblaze_0' is selected.
13:30:34 INFO  : System reset is completed.
13:30:37 INFO  : 'after 3000' command is executed.
13:30:37 INFO  : Context for processor 'microblaze_0' is selected.
13:30:38 INFO  : The application 'C:/Users/luisr/Desktop/FPGA/Software/KCU105/GPIO/GPIO/Debug/GPIO.elf' is downloaded to processor 'microblaze_0'.
13:30:38 INFO  : ----------------XSDB Script----------------
connect -url tcp:127.0.0.1:3121
targets -set -filter {jtag_cable_name =~ "Digilent JTAG-SMT2NC 210308B0AABB" && level==0 && jtag_device_ctx=="jsn-JTAG-SMT2NC-210308B0AABB-13822093-0"}
fpga -file C:/Users/luisr/Desktop/FPGA/Software/KCU105/GPIO/GPIO/_ide/bitstream/download.bit
targets -set -nocase -filter {name =~ "*microblaze*#0" && bscan=="USER2" }
loadhw -hw C:/Users/luisr/Desktop/FPGA/Software/KCU105/GPIO/GPIO_wrapper/export/GPIO_wrapper/hw/GPIO_wrapper.xsa -regs
configparams mdm-detect-bscan-mask 2
targets -set -nocase -filter {name =~ "*microblaze*#0" && bscan=="USER2" }
rst -system
after 3000
targets -set -nocase -filter {name =~ "*microblaze*#0" && bscan=="USER2" }
dow C:/Users/luisr/Desktop/FPGA/Software/KCU105/GPIO/GPIO/Debug/GPIO.elf
----------------End of Script----------------

13:30:40 INFO  : Context for processor 'microblaze_0' is selected.
13:30:40 INFO  : 'con' command is executed.
13:30:40 INFO  : ----------------XSDB Script (After Launch)----------------
targets -set -nocase -filter {name =~ "*microblaze*#0" && bscan=="USER2" }
con
----------------End of Script----------------

13:30:40 INFO  : Launch script is exported to file 'C:\Users\luisr\Desktop\FPGA\Software\KCU105\GPIO\GPIO_system\_ide\scripts\debugger_gpio-default.tcl'
13:47:56 INFO  : Disconnected from the channel tcfchan#8.
