23:22:13 INFO  : Launching XSCT server: xsct.bat -n  -interactive C:\Users\luisr\Desktop\FPGA\Software\Pynq_Z1\Pmod_AD2\temp_xsdb_launch_script.tcl
23:22:17 INFO  : XSCT server has started successfully.
23:22:17 INFO  : plnx-install-location is set to ''
23:22:17 INFO  : Successfully done setting XSCT server connection channel  
23:22:17 INFO  : Successfully done setting workspace for the tool. 
23:22:34 INFO  : Registering command handlers for Vitis TCF services
23:22:34 INFO  : Platform repository initialization has completed.
23:22:41 INFO  : Successfully done query RDI_DATADIR 
23:24:28 INFO  : Result from executing command 'getProjects': Pmod_AD2_wrapper
23:24:28 INFO  : Result from executing command 'getPlatforms': 
23:24:28 WARN  : An unexpected exception occurred in the module 'platform project logging'
23:24:28 INFO  : Platform 'Pmod_AD2_wrapper' is added to custom repositories.
23:24:40 INFO  : Platform 'Pmod_AD2_wrapper' is added to custom repositories.
23:25:29 INFO  : Connected to target on host '127.0.0.1' and port '3121'.
23:25:36 INFO  : Connected to target on host '127.0.0.1' and port '3121'.
23:25:37 INFO  : 'targets -set -filter {jtag_cable_name =~ "Xilinx PYNQ-Z1 003017B5C7FEA" && level==0 && jtag_device_ctx=="jsn-Xilinx PYNQ-Z1-003017B5C7FEA-23727093-0"}' command is executed.
23:25:39 INFO  : Device configured successfully with "C:/Users/luisr/Desktop/FPGA/Software/Pynq_Z1/Pmod_AD2/Pmod_AD2/_ide/bitstream/Pmod_AD2_wrapper.bit"
23:26:24 INFO  : Connected to target on host '127.0.0.1' and port '3121'.
23:26:25 INFO  : Jtag cable 'Xilinx PYNQ-Z1 003017B5C7FEA' is selected.
23:26:27 INFO  : 'jtag frequency' command is executed.
23:26:27 INFO  : Context for 'APU' is selected.
23:26:28 INFO  : System reset is completed.
23:26:31 INFO  : 'after 3000' command is executed.
23:26:33 INFO  : 'targets -set -filter {jtag_cable_name =~ "Xilinx PYNQ-Z1 003017B5C7FEA" && level==0 && jtag_device_ctx=="jsn-Xilinx PYNQ-Z1-003017B5C7FEA-23727093-0"}' command is executed.
23:26:35 INFO  : Device configured successfully with "C:/Users/luisr/Desktop/FPGA/Software/Pynq_Z1/Pmod_AD2/Pmod_AD2/_ide/bitstream/Pmod_AD2_wrapper.bit"
23:26:38 INFO  : Context for 'APU' is selected.
23:26:40 INFO  : Hardware design and registers information is loaded from 'C:/Users/luisr/Desktop/FPGA/Software/Pynq_Z1/Pmod_AD2/Pmod_AD2_wrapper/export/Pmod_AD2_wrapper/hw/Pmod_AD2_wrapper.xsa'.
23:26:40 INFO  : 'configparams force-mem-access 1' command is executed.
23:26:40 INFO  : Context for 'APU' is selected.
23:26:40 INFO  : Sourcing of 'C:/Users/luisr/Desktop/FPGA/Software/Pynq_Z1/Pmod_AD2/Pmod_AD2/_ide/psinit/ps7_init.tcl' is done.
23:27:28 INFO  : 'ps7_init' command is executed.
23:27:30 INFO  : 'ps7_post_config' command is executed.
23:27:30 INFO  : 'configparams force-mem-access 0' command is executed.
23:27:30 INFO  : ----------------XSDB Script----------------
connect -url tcp:127.0.0.1:3121
targets -set -nocase -filter {name =~"APU*"}
rst -system
after 3000
targets -set -filter {jtag_cable_name =~ "Xilinx PYNQ-Z1 003017B5C7FEA" && level==0 && jtag_device_ctx=="jsn-Xilinx PYNQ-Z1-003017B5C7FEA-23727093-0"}
fpga -file C:/Users/luisr/Desktop/FPGA/Software/Pynq_Z1/Pmod_AD2/Pmod_AD2/_ide/bitstream/Pmod_AD2_wrapper.bit
targets -set -nocase -filter {name =~"APU*"}
loadhw -hw C:/Users/luisr/Desktop/FPGA/Software/Pynq_Z1/Pmod_AD2/Pmod_AD2_wrapper/export/Pmod_AD2_wrapper/hw/Pmod_AD2_wrapper.xsa -mem-ranges [list {0x40000000 0xbfffffff}] -regs
configparams force-mem-access 1
targets -set -nocase -filter {name =~"APU*"}
source C:/Users/luisr/Desktop/FPGA/Software/Pynq_Z1/Pmod_AD2/Pmod_AD2/_ide/psinit/ps7_init.tcl
ps7_init
ps7_post_config
configparams force-mem-access 0
----------------End of Script----------------

23:27:35 INFO  : Launch script is exported to file 'C:\Users\luisr\Desktop\FPGA\Software\Pynq_Z1\Pmod_AD2\Pmod_AD2_system\_ide\scripts\debugger_pmod_ad2-default.tcl'
23:28:12 INFO  : Result from executing command 'getProjects': Pmod_AD2_wrapper
23:28:12 INFO  : Result from executing command 'getPlatforms': Pmod_AD2_wrapper|C:/Users/luisr/Desktop/FPGA/Software/Pynq_Z1/Pmod_AD2/Pmod_AD2_wrapper/export/Pmod_AD2_wrapper/Pmod_AD2_wrapper.xpfm
23:28:13 INFO  : Checking for BSP changes to sync application flags for project 'Pmod_AD2'...
23:28:31 INFO  : Disconnected from the channel tcfchan#1.
23:28:34 INFO  : Connected to target on host '127.0.0.1' and port '3121'.
23:28:34 INFO  : Jtag cable 'Xilinx PYNQ-Z1 003017B5C7FEA' is selected.
23:28:36 INFO  : 'jtag frequency' command is executed.
23:28:39 ERROR : no targets found with "name =~"APU*"". available targets: none
23:28:39 INFO  : ----------------XSDB Script----------------
connect -url tcp:127.0.0.1:3121
targets -set -nocase -filter {name =~"APU*"}
----------------End of Script----------------

23:28:39 ERROR : no targets found with "name =~"APU*"". available targets: none
23:28:50 INFO  : Connected to target on host '127.0.0.1' and port '3121'.
23:28:52 INFO  : Jtag cable 'Xilinx PYNQ-Z1 003017B5C7FEA' is selected.
23:28:54 INFO  : 'jtag frequency' command is executed.
23:28:54 INFO  : Context for 'APU' is selected.
23:28:54 INFO  : System reset is completed.
23:28:57 INFO  : 'after 3000' command is executed.
23:28:59 INFO  : 'targets -set -filter {jtag_cable_name =~ "Xilinx PYNQ-Z1 003017B5C7FEA" && level==0 && jtag_device_ctx=="jsn-Xilinx PYNQ-Z1-003017B5C7FEA-23727093-0"}' command is executed.
23:29:02 INFO  : Device configured successfully with "C:/Users/luisr/Desktop/FPGA/Software/Pynq_Z1/Pmod_AD2/Pmod_AD2/_ide/bitstream/Pmod_AD2_wrapper.bit"
23:29:02 INFO  : Context for 'APU' is selected.
23:29:02 INFO  : Hardware design and registers information is loaded from 'C:/Users/luisr/Desktop/FPGA/Software/Pynq_Z1/Pmod_AD2/Pmod_AD2_wrapper/export/Pmod_AD2_wrapper/hw/Pmod_AD2_wrapper.xsa'.
23:29:02 INFO  : 'configparams force-mem-access 1' command is executed.
23:29:02 INFO  : Context for 'APU' is selected.
23:29:02 INFO  : Sourcing of 'C:/Users/luisr/Desktop/FPGA/Software/Pynq_Z1/Pmod_AD2/Pmod_AD2/_ide/psinit/ps7_init.tcl' is done.
23:29:55 INFO  : 'ps7_init' command is executed.
23:29:55 INFO  : 'ps7_post_config' command is executed.
23:29:57 INFO  : Context for processor 'ps7_cortexa9_0' is selected.
23:30:00 INFO  : The application 'C:/Users/luisr/Desktop/FPGA/Software/Pynq_Z1/Pmod_AD2/Pmod_AD2/Debug/Pmod_AD2.elf' is downloaded to processor 'ps7_cortexa9_0'.
23:30:02 INFO  : 'configparams force-mem-access 0' command is executed.
23:30:02 INFO  : ----------------XSDB Script----------------
connect -url tcp:127.0.0.1:3121
targets -set -nocase -filter {name =~"APU*"}
rst -system
after 3000
targets -set -filter {jtag_cable_name =~ "Xilinx PYNQ-Z1 003017B5C7FEA" && level==0 && jtag_device_ctx=="jsn-Xilinx PYNQ-Z1-003017B5C7FEA-23727093-0"}
fpga -file C:/Users/luisr/Desktop/FPGA/Software/Pynq_Z1/Pmod_AD2/Pmod_AD2/_ide/bitstream/Pmod_AD2_wrapper.bit
targets -set -nocase -filter {name =~"APU*"}
loadhw -hw C:/Users/luisr/Desktop/FPGA/Software/Pynq_Z1/Pmod_AD2/Pmod_AD2_wrapper/export/Pmod_AD2_wrapper/hw/Pmod_AD2_wrapper.xsa -mem-ranges [list {0x40000000 0xbfffffff}] -regs
configparams force-mem-access 1
targets -set -nocase -filter {name =~"APU*"}
source C:/Users/luisr/Desktop/FPGA/Software/Pynq_Z1/Pmod_AD2/Pmod_AD2/_ide/psinit/ps7_init.tcl
ps7_init
ps7_post_config
targets -set -nocase -filter {name =~ "*A9*#0"}
dow C:/Users/luisr/Desktop/FPGA/Software/Pynq_Z1/Pmod_AD2/Pmod_AD2/Debug/Pmod_AD2.elf
configparams force-mem-access 0
----------------End of Script----------------

23:30:05 INFO  : Context for processor 'ps7_cortexa9_0' is selected.
23:30:07 INFO  : 'con' command is executed.
23:30:07 INFO  : ----------------XSDB Script (After Launch)----------------
targets -set -nocase -filter {name =~ "*A9*#0"}
con
----------------End of Script----------------

23:30:07 INFO  : Launch script is exported to file 'C:\Users\luisr\Desktop\FPGA\Software\Pynq_Z1\Pmod_AD2\Pmod_AD2_system\_ide\scripts\debugger_pmod_ad2-default.tcl'
23:30:26 INFO  : Checking for BSP changes to sync application flags for project 'Pmod_AD2'...
23:30:52 INFO  : Disconnected from the channel tcfchan#4.
23:30:55 INFO  : Connected to target on host '127.0.0.1' and port '3121'.
23:30:55 INFO  : Jtag cable 'Xilinx PYNQ-Z1 003017B5C7FEA' is selected.
23:30:58 INFO  : 'jtag frequency' command is executed.
23:31:01 ERROR : no targets found with "name =~"APU*"". available targets: none
23:31:01 INFO  : ----------------XSDB Script----------------
connect -url tcp:127.0.0.1:3121
targets -set -nocase -filter {name =~"APU*"}
----------------End of Script----------------

23:31:01 ERROR : no targets found with "name =~"APU*"". available targets: none
23:31:07 INFO  : Connected to target on host '127.0.0.1' and port '3121'.
23:31:08 INFO  : Jtag cable 'Xilinx PYNQ-Z1 003017B5C7FEA' is selected.
23:31:10 INFO  : 'jtag frequency' command is executed.
23:31:11 INFO  : Context for 'APU' is selected.
23:31:11 INFO  : System reset is completed.
23:31:14 INFO  : 'after 3000' command is executed.
23:31:16 INFO  : 'targets -set -filter {jtag_cable_name =~ "Xilinx PYNQ-Z1 003017B5C7FEA" && level==0 && jtag_device_ctx=="jsn-Xilinx PYNQ-Z1-003017B5C7FEA-23727093-0"}' command is executed.
23:31:20 INFO  : Device configured successfully with "C:/Users/luisr/Desktop/FPGA/Software/Pynq_Z1/Pmod_AD2/Pmod_AD2/_ide/bitstream/Pmod_AD2_wrapper.bit"
23:31:21 INFO  : Context for 'APU' is selected.
23:31:23 INFO  : Hardware design and registers information is loaded from 'C:/Users/luisr/Desktop/FPGA/Software/Pynq_Z1/Pmod_AD2/Pmod_AD2_wrapper/export/Pmod_AD2_wrapper/hw/Pmod_AD2_wrapper.xsa'.
23:31:23 INFO  : 'configparams force-mem-access 1' command is executed.
23:31:23 INFO  : Context for 'APU' is selected.
23:31:23 INFO  : Sourcing of 'C:/Users/luisr/Desktop/FPGA/Software/Pynq_Z1/Pmod_AD2/Pmod_AD2/_ide/psinit/ps7_init.tcl' is done.
23:31:46 INFO  : 'ps7_init' command is executed.
23:31:46 INFO  : 'ps7_post_config' command is executed.
23:31:48 INFO  : Context for processor 'ps7_cortexa9_0' is selected.
23:31:54 INFO  : The application 'C:/Users/luisr/Desktop/FPGA/Software/Pynq_Z1/Pmod_AD2/Pmod_AD2/Debug/Pmod_AD2.elf' is downloaded to processor 'ps7_cortexa9_0'.
23:31:56 INFO  : 'configparams force-mem-access 0' command is executed.
23:31:56 INFO  : ----------------XSDB Script----------------
connect -url tcp:127.0.0.1:3121
targets -set -nocase -filter {name =~"APU*"}
rst -system
after 3000
targets -set -filter {jtag_cable_name =~ "Xilinx PYNQ-Z1 003017B5C7FEA" && level==0 && jtag_device_ctx=="jsn-Xilinx PYNQ-Z1-003017B5C7FEA-23727093-0"}
fpga -file C:/Users/luisr/Desktop/FPGA/Software/Pynq_Z1/Pmod_AD2/Pmod_AD2/_ide/bitstream/Pmod_AD2_wrapper.bit
targets -set -nocase -filter {name =~"APU*"}
loadhw -hw C:/Users/luisr/Desktop/FPGA/Software/Pynq_Z1/Pmod_AD2/Pmod_AD2_wrapper/export/Pmod_AD2_wrapper/hw/Pmod_AD2_wrapper.xsa -mem-ranges [list {0x40000000 0xbfffffff}] -regs
configparams force-mem-access 1
targets -set -nocase -filter {name =~"APU*"}
source C:/Users/luisr/Desktop/FPGA/Software/Pynq_Z1/Pmod_AD2/Pmod_AD2/_ide/psinit/ps7_init.tcl
ps7_init
ps7_post_config
targets -set -nocase -filter {name =~ "*A9*#0"}
dow C:/Users/luisr/Desktop/FPGA/Software/Pynq_Z1/Pmod_AD2/Pmod_AD2/Debug/Pmod_AD2.elf
configparams force-mem-access 0
----------------End of Script----------------

23:31:59 INFO  : Context for processor 'ps7_cortexa9_0' is selected.
23:32:01 INFO  : 'con' command is executed.
23:32:01 INFO  : ----------------XSDB Script (After Launch)----------------
targets -set -nocase -filter {name =~ "*A9*#0"}
con
----------------End of Script----------------

23:32:01 INFO  : Launch script is exported to file 'C:\Users\luisr\Desktop\FPGA\Software\Pynq_Z1\Pmod_AD2\Pmod_AD2_system\_ide\scripts\debugger_pmod_ad2-default.tcl'
23:32:44 INFO  : Disconnected from the channel tcfchan#6.
