Copyright 1986-2021 Xilinx, Inc. All Rights Reserved.
----------------------------------------------------------------------------------------------------------------------------------------------------------------------
| Tool Version     : Vivado v.2021.2 (win64) Build 3367213 Tue Oct 19 02:48:09 MDT 2021
| Date             : Fri Feb 24 14:49:04 2023
| Host             : DESKTOP-AJV8A0J running 64-bit major release  (build 9200)
| Command          : report_power -file Pmod_AD2_wrapper_power_routed.rpt -pb Pmod_AD2_wrapper_power_summary_routed.pb -rpx Pmod_AD2_wrapper_power_routed.rpx
| Design           : Pmod_AD2_wrapper
| Device           : xc7a100tcsg324-1
| Design State     : routed
| Grade            : commercial
| Process          : typical
| Characterization : Production
----------------------------------------------------------------------------------------------------------------------------------------------------------------------

Power Report

Table of Contents
-----------------
1. Summary
1.1 On-Chip Components
1.2 Power Supply Summary
1.3 Confidence Level
2. Settings
2.1 Environment
2.2 Clock Constraints
3. Detailed Reports
3.1 By Hierarchy

1. Summary
----------

+--------------------------+--------------+
| Total On-Chip Power (W)  | 0.914        |
| Design Power Budget (W)  | Unspecified* |
| Power Budget Margin (W)  | NA           |
| Dynamic (W)              | 0.807        |
| Device Static (W)        | 0.107        |
| Effective TJA (C/W)      | 4.6          |
| Max Ambient (C)          | 80.8         |
| Junction Temperature (C) | 29.2         |
| Confidence Level         | Low          |
| Setting File             | ---          |
| Simulation Activity File | ---          |
| Design Nets Matched      | NA           |
+--------------------------+--------------+
* Specify Design Power Budget using, set_operating_conditions -design_power_budget <value in Watts>


1.1 On-Chip Components
----------------------

+--------------------------+-----------+----------+-----------+-----------------+
| On-Chip                  | Power (W) | Used     | Available | Utilization (%) |
+--------------------------+-----------+----------+-----------+-----------------+
| Clocks                   |     0.045 |       26 |       --- |             --- |
| Slice Logic              |     0.018 |    25637 |       --- |             --- |
|   LUT as Logic           |     0.015 |     8184 |     63400 |           12.91 |
|   LUT as Distributed RAM |     0.002 |     1262 |     19000 |            6.64 |
|   Register               |    <0.001 |    10577 |    126800 |            8.34 |
|   CARRY4                 |    <0.001 |      189 |     15850 |            1.19 |
|   LUT as Shift Register  |    <0.001 |      431 |     19000 |            2.27 |
|   F7/F8 Muxes            |    <0.001 |      154 |     63400 |            0.24 |
|   Others                 |    <0.001 |     1052 |       --- |             --- |
| Signals                  |     0.026 |    18071 |       --- |             --- |
| Block RAM                |     0.029 |       26 |       135 |           19.26 |
| MMCM                     |     0.195 |        2 |         6 |           33.33 |
| PLL                      |     0.117 |        1 |         6 |           16.67 |
| I/O                      |     0.260 |       60 |       210 |           28.57 |
| PHASER                   |     0.113 |       14 |       --- |             --- |
| XADC                     |     0.004 |        1 |       --- |             --- |
| Static Power             |     0.107 |          |           |                 |
| Total                    |     0.914 |          |           |                 |
+--------------------------+-----------+----------+-----------+-----------------+


1.2 Power Supply Summary
------------------------

+-----------+-------------+-----------+-------------+------------+-------------+-------------+------------+
| Source    | Voltage (V) | Total (A) | Dynamic (A) | Static (A) | Powerup (A) | Budget (A)  | Margin (A) |
+-----------+-------------+-----------+-------------+------------+-------------+-------------+------------+
| Vccint    |       1.000 |     0.172 |       0.154 |      0.018 |       NA    | Unspecified | NA         |
| Vccaux    |       1.800 |     0.290 |       0.272 |      0.018 |       NA    | Unspecified | NA         |
| Vcco33    |       3.300 |     0.004 |       0.000 |      0.004 |       NA    | Unspecified | NA         |
| Vcco25    |       2.500 |     0.000 |       0.000 |      0.000 |       NA    | Unspecified | NA         |
| Vcco18    |       1.800 |     0.000 |       0.000 |      0.000 |       NA    | Unspecified | NA         |
| Vcco15    |       1.500 |     0.000 |       0.000 |      0.000 |       NA    | Unspecified | NA         |
| Vcco135   |       1.350 |     0.121 |       0.117 |      0.004 |       NA    | Unspecified | NA         |
| Vcco12    |       1.200 |     0.000 |       0.000 |      0.000 |       NA    | Unspecified | NA         |
| Vccaux_io |       1.800 |     0.000 |       0.000 |      0.000 |       NA    | Unspecified | NA         |
| Vccbram   |       1.000 |     0.003 |       0.002 |      0.001 |       NA    | Unspecified | NA         |
| MGTAVcc   |       1.000 |     0.000 |       0.000 |      0.000 |       NA    | Unspecified | NA         |
| MGTAVtt   |       1.200 |     0.000 |       0.000 |      0.000 |       NA    | Unspecified | NA         |
| Vccadc    |       1.800 |     0.022 |       0.002 |      0.020 |       NA    | Unspecified | NA         |
+-----------+-------------+-----------+-------------+------------+-------------+-------------+------------+


1.3 Confidence Level
--------------------

+-----------------------------+------------+--------------------------------------------------------+------------------------------------------------------------------------------------------------------------+
| User Input Data             | Confidence | Details                                                | Action                                                                                                     |
+-----------------------------+------------+--------------------------------------------------------+------------------------------------------------------------------------------------------------------------+
| Design implementation state | High       | Design is routed                                       |                                                                                                            |
| Clock nodes activity        | High       | User specified more than 95% of clocks                 |                                                                                                            |
| I/O nodes activity          | Low        | More than 75% of inputs are missing user specification | Provide missing input activity with simulation results or by editing the "By Resource Type -> I/Os" view   |
| Internal nodes activity     | Medium     | User specified less than 25% of internal nodes         | Provide missing internal nodes activity with simulation results or by editing the "By Resource Type" views |
| Device models               | High       | Device models are Production                           |                                                                                                            |
|                             |            |                                                        |                                                                                                            |
| Overall confidence level    | Low        |                                                        |                                                                                                            |
+-----------------------------+------------+--------------------------------------------------------+------------------------------------------------------------------------------------------------------------+


2. Settings
-----------

2.1 Environment
---------------

+-----------------------+--------------------------+
| Ambient Temp (C)      | 25.0                     |
| ThetaJA (C/W)         | 4.6                      |
| Airflow (LFM)         | 250                      |
| Heat Sink             | medium (Medium Profile)  |
| ThetaSA (C/W)         | 4.6                      |
| Board Selection       | medium (10"x10")         |
| # of Board Layers     | 12to15 (12 to 15 Layers) |
| Board Temperature (C) | 25.0                     |
+-----------------------+--------------------------+


2.2 Clock Constraints
---------------------

+-----------------------------------------------------------------------------------------------------------------------------------------------------------+--------------------------------------------------------------------------------------------------------------------------------------------------------------------------------------------------------------------------------------+-----------------+
| Clock                                                                                                                                                     | Domain                                                                                                                                                                                                                               | Constraint (ns) |
+-----------------------------------------------------------------------------------------------------------------------------------------------------------+--------------------------------------------------------------------------------------------------------------------------------------------------------------------------------------------------------------------------------------+-----------------+
| Pmod_AD2_i/mdm_1/U0/Use_E2.BSCAN_I/Use_E2.BSCANE2_I/DRCK                                                                                                  | Pmod_AD2_i/mdm_1/U0/Use_E2.BSCAN_I/DRCK                                                                                                                                                                                              |            33.3 |
| Pmod_AD2_i/mdm_1/U0/Use_E2.BSCAN_I/Use_E2.BSCANE2_I/UPDATE                                                                                                | Pmod_AD2_i/mdm_1/U0/Use_E2.BSCAN_I/Dbg_Update_0                                                                                                                                                                                      |            33.3 |
| clk_out1_Pmod_AD2_clk_wiz_0_2                                                                                                                             | Pmod_AD2_i/clk_wiz_0/inst/clk_out1_Pmod_AD2_clk_wiz_0_2                                                                                                                                                                              |             6.0 |
| clk_out2_Pmod_AD2_clk_wiz_0_2                                                                                                                             | Pmod_AD2_i/clk_wiz_0/inst/clk_out2_Pmod_AD2_clk_wiz_0_2                                                                                                                                                                              |             5.0 |
| clk_pll_i                                                                                                                                                 | Pmod_AD2_i/mig_7series_0/u_Pmod_AD2_UART_mig_7series_0_0_mig/u_ddr3_infrastructure/clk_pll_i                                                                                                                                         |            12.0 |
| clkfbout_Pmod_AD2_clk_wiz_0_2                                                                                                                             | Pmod_AD2_i/clk_wiz_0/inst/clkfbout_Pmod_AD2_clk_wiz_0_2                                                                                                                                                                              |            10.0 |
| freq_refclk                                                                                                                                               | Pmod_AD2_i/mig_7series_0/u_Pmod_AD2_UART_mig_7series_0_0_mig/u_ddr3_infrastructure/freq_refclk                                                                                                                                       |             1.5 |
| iserdes_clkdiv                                                                                                                                            | Pmod_AD2_i/mig_7series_0/u_Pmod_AD2_UART_mig_7series_0_0_mig/u_memc_ui_top_axi/mem_intfc0/ddr_phy_top0/u_ddr_mc_phy_wrapper/u_ddr_mc_phy/ddr_phy_4lanes_0.u_ddr_phy_4lanes/ddr_byte_lane_C.ddr_byte_lane_C/iserdes_clkdiv            |            12.0 |
| iserdes_clkdiv_1                                                                                                                                          | Pmod_AD2_i/mig_7series_0/u_Pmod_AD2_UART_mig_7series_0_0_mig/u_memc_ui_top_axi/mem_intfc0/ddr_phy_top0/u_ddr_mc_phy_wrapper/u_ddr_mc_phy/ddr_phy_4lanes_0.u_ddr_phy_4lanes/ddr_byte_lane_D.ddr_byte_lane_D/iserdes_clkdiv            |            12.0 |
| mem_refclk                                                                                                                                                | Pmod_AD2_i/mig_7series_0/u_Pmod_AD2_UART_mig_7series_0_0_mig/u_ddr3_infrastructure/mem_refclk                                                                                                                                        |             3.0 |
| oserdes_clk                                                                                                                                               | Pmod_AD2_i/mig_7series_0/u_Pmod_AD2_UART_mig_7series_0_0_mig/u_memc_ui_top_axi/mem_intfc0/ddr_phy_top0/u_ddr_mc_phy_wrapper/u_ddr_mc_phy/ddr_phy_4lanes_0.u_ddr_phy_4lanes/ddr_byte_lane_A.ddr_byte_lane_A/oserdes_clk               |             3.0 |
| oserdes_clk_1                                                                                                                                             | Pmod_AD2_i/mig_7series_0/u_Pmod_AD2_UART_mig_7series_0_0_mig/u_memc_ui_top_axi/mem_intfc0/ddr_phy_top0/u_ddr_mc_phy_wrapper/u_ddr_mc_phy/ddr_phy_4lanes_0.u_ddr_phy_4lanes/ddr_byte_lane_B.ddr_byte_lane_B/oserdes_clk               |             3.0 |
| oserdes_clk_2                                                                                                                                             | Pmod_AD2_i/mig_7series_0/u_Pmod_AD2_UART_mig_7series_0_0_mig/u_memc_ui_top_axi/mem_intfc0/ddr_phy_top0/u_ddr_mc_phy_wrapper/u_ddr_mc_phy/ddr_phy_4lanes_0.u_ddr_phy_4lanes/ddr_byte_lane_C.ddr_byte_lane_C/oserdes_clk               |             3.0 |
| oserdes_clk_3                                                                                                                                             | Pmod_AD2_i/mig_7series_0/u_Pmod_AD2_UART_mig_7series_0_0_mig/u_memc_ui_top_axi/mem_intfc0/ddr_phy_top0/u_ddr_mc_phy_wrapper/u_ddr_mc_phy/ddr_phy_4lanes_0.u_ddr_phy_4lanes/ddr_byte_lane_D.ddr_byte_lane_D/oserdes_clk               |             3.0 |
| oserdes_clkdiv                                                                                                                                            | Pmod_AD2_i/mig_7series_0/u_Pmod_AD2_UART_mig_7series_0_0_mig/u_memc_ui_top_axi/mem_intfc0/ddr_phy_top0/u_ddr_mc_phy_wrapper/u_ddr_mc_phy/ddr_phy_4lanes_0.u_ddr_phy_4lanes/ddr_byte_lane_A.ddr_byte_lane_A/oserdes_clkdiv            |            12.0 |
| oserdes_clkdiv_1                                                                                                                                          | Pmod_AD2_i/mig_7series_0/u_Pmod_AD2_UART_mig_7series_0_0_mig/u_memc_ui_top_axi/mem_intfc0/ddr_phy_top0/u_ddr_mc_phy_wrapper/u_ddr_mc_phy/ddr_phy_4lanes_0.u_ddr_phy_4lanes/ddr_byte_lane_B.ddr_byte_lane_B/oserdes_clkdiv            |            12.0 |
| oserdes_clkdiv_2                                                                                                                                          | Pmod_AD2_i/mig_7series_0/u_Pmod_AD2_UART_mig_7series_0_0_mig/u_memc_ui_top_axi/mem_intfc0/ddr_phy_top0/u_ddr_mc_phy_wrapper/u_ddr_mc_phy/ddr_phy_4lanes_0.u_ddr_phy_4lanes/ddr_byte_lane_C.ddr_byte_lane_C/oserdes_clkdiv            |             6.0 |
| oserdes_clkdiv_3                                                                                                                                          | Pmod_AD2_i/mig_7series_0/u_Pmod_AD2_UART_mig_7series_0_0_mig/u_memc_ui_top_axi/mem_intfc0/ddr_phy_top0/u_ddr_mc_phy_wrapper/u_ddr_mc_phy/ddr_phy_4lanes_0.u_ddr_phy_4lanes/ddr_byte_lane_D.ddr_byte_lane_D/oserdes_clkdiv            |             6.0 |
| pll_clk3_out                                                                                                                                              | Pmod_AD2_i/mig_7series_0/u_Pmod_AD2_UART_mig_7series_0_0_mig/u_ddr3_infrastructure/pll_clk3_out                                                                                                                                      |            12.0 |
| pll_clkfbout                                                                                                                                              | Pmod_AD2_i/mig_7series_0/u_Pmod_AD2_UART_mig_7series_0_0_mig/u_ddr3_infrastructure/pll_clkfbout                                                                                                                                      |             6.0 |
| sync_pulse                                                                                                                                                | Pmod_AD2_i/mig_7series_0/u_Pmod_AD2_UART_mig_7series_0_0_mig/u_ddr3_infrastructure/sync_pulse                                                                                                                                        |            48.0 |
| sys_clock                                                                                                                                                 | sys_clock                                                                                                                                                                                                                            |            10.0 |
| u_memc_ui_top_axi/mem_intfc0/ddr_phy_top0/u_ddr_mc_phy_wrapper/u_ddr_mc_phy/ddr_phy_4lanes_0.u_ddr_phy_4lanes/ddr_byte_lane_C.ddr_byte_lane_C/iserdes_clk | Pmod_AD2_i/mig_7series_0/u_Pmod_AD2_UART_mig_7series_0_0_mig/u_memc_ui_top_axi/mem_intfc0/ddr_phy_top0/u_ddr_mc_phy_wrapper/u_ddr_mc_phy/ddr_phy_4lanes_0.u_ddr_phy_4lanes/ddr_byte_lane_C.ddr_byte_lane_C/phaser_in_gen.phaser_in_0 |             3.0 |
| u_memc_ui_top_axi/mem_intfc0/ddr_phy_top0/u_ddr_mc_phy_wrapper/u_ddr_mc_phy/ddr_phy_4lanes_0.u_ddr_phy_4lanes/ddr_byte_lane_D.ddr_byte_lane_D/iserdes_clk | Pmod_AD2_i/mig_7series_0/u_Pmod_AD2_UART_mig_7series_0_0_mig/u_memc_ui_top_axi/mem_intfc0/ddr_phy_top0/u_ddr_mc_phy_wrapper/u_ddr_mc_phy/ddr_phy_4lanes_0.u_ddr_phy_4lanes/ddr_byte_lane_D.ddr_byte_lane_D/phaser_in_gen.phaser_in_0 |             3.0 |
+-----------------------------------------------------------------------------------------------------------------------------------------------------------+--------------------------------------------------------------------------------------------------------------------------------------------------------------------------------------------------------------------------------------+-----------------+


3. Detailed Reports
-------------------

3.1 By Hierarchy
----------------

+-------------------------------------------+-----------+
| Name                                      | Power (W) |
+-------------------------------------------+-----------+
| Pmod_AD2_wrapper                          |     0.807 |
|   Pmod_AD2_i                              |     0.807 |
|     PmodAD2_0                             |     0.002 |
|       inst                                |     0.002 |
|     axi_smc                               |     0.034 |
|       inst                                |     0.034 |
|     clk_wiz_0                             |     0.107 |
|       inst                                |     0.107 |
|     microblaze_0                          |     0.040 |
|       U0                                  |     0.040 |
|     microblaze_0_local_memory             |     0.006 |
|       lmb_bram                            |     0.005 |
|     mig_7series_0                         |     0.616 |
|       u_Pmod_AD2_UART_mig_7series_0_0_mig |     0.615 |
+-------------------------------------------+-----------+


