19:51:27 INFO  : Launching XSCT server: xsct.bat -n  -interactive C:\Users\luisr\Desktop\FPGA\Software\Arty_A7-100T\Pmod_OLED\temp_xsdb_launch_script.tcl
19:51:31 INFO  : XSCT server has started successfully.
19:51:31 INFO  : Successfully done setting XSCT server connection channel  
19:51:31 INFO  : plnx-install-location is set to ''
19:51:31 INFO  : Successfully done setting workspace for the tool. 
19:51:48 INFO  : Registering command handlers for Vitis TCF services
19:51:48 INFO  : Platform repository initialization has completed.
19:51:55 INFO  : Successfully done query RDI_DATADIR 
19:53:07 INFO  : Result from executing command 'getProjects': Pmod_OLED_wrapper
19:53:07 INFO  : Result from executing command 'getPlatforms': 
19:53:07 WARN  : An unexpected exception occurred in the module 'platform project logging'
19:53:08 INFO  : Platform 'Pmod_OLED_wrapper' is added to custom repositories.
19:53:10 INFO  : Platform 'Pmod_OLED_wrapper' is added to custom repositories.
19:54:01 INFO  : Bit file 'C:/Users/luisr/Desktop/FPGA/Software/Arty_A7-100T/Pmod_OLED/Pmod_OLED/_ide/bitstream/download.bit' is generated.
19:54:03 INFO  : Connected to target on host '127.0.0.1' and port '3121'.
19:54:04 INFO  : 'targets -set -filter {jtag_cable_name =~ "Digilent Arty A7-100T 210319B7C8A8A" && level==0 && jtag_device_ctx=="jsn-Arty A7-100T-210319B7C8A8A-13631093-0"}' command is executed.
19:54:06 INFO  : Device configured successfully with "C:/Users/luisr/Desktop/FPGA/Software/Arty_A7-100T/Pmod_OLED/Pmod_OLED/_ide/bitstream/download.bit"
19:54:22 INFO  : Result from executing command 'getProjects': Pmod_OLED_wrapper
19:54:22 INFO  : Result from executing command 'getPlatforms': Pmod_OLED_wrapper|C:/Users/luisr/Desktop/FPGA/Software/Arty_A7-100T/Pmod_OLED/Pmod_OLED_wrapper/export/Pmod_OLED_wrapper/Pmod_OLED_wrapper.xpfm
19:54:22 INFO  : Checking for BSP changes to sync application flags for project 'Pmod_OLED'...
19:54:36 INFO  : Checking for BSP changes to sync application flags for project 'Pmod_OLED'...
19:54:49 INFO  : Connected to target on host '127.0.0.1' and port '3121'.
19:54:49 INFO  : Jtag cable 'Digilent Arty A7-100T 210319B7C8A8A' is selected.
19:54:49 INFO  : 'jtag frequency' command is executed.
19:54:49 INFO  : 'targets -set -filter {jtag_cable_name =~ "Digilent Arty A7-100T 210319B7C8A8A" && level==0 && jtag_device_ctx=="jsn-Arty A7-100T-210319B7C8A8A-13631093-0"}' command is executed.
19:54:51 INFO  : Device configured successfully with "C:/Users/luisr/Desktop/FPGA/Software/Arty_A7-100T/Pmod_OLED/Pmod_OLED/_ide/bitstream/download.bit"
19:54:51 INFO  : Context for processor 'microblaze_0' is selected.
19:54:51 INFO  : Hardware design and registers information is loaded from 'C:/Users/luisr/Desktop/FPGA/Software/Arty_A7-100T/Pmod_OLED/Pmod_OLED_wrapper/export/Pmod_OLED_wrapper/hw/Pmod_OLED_wrapper.xsa'.
19:54:51 INFO  : 'configparams mdm-detect-bscan-mask 2' command is executed.
19:54:51 INFO  : Context for processor 'microblaze_0' is selected.
19:54:51 INFO  : System reset is completed.
19:54:54 INFO  : 'after 3000' command is executed.
19:54:54 INFO  : Context for processor 'microblaze_0' is selected.
19:54:55 INFO  : The application 'C:/Users/luisr/Desktop/FPGA/Software/Arty_A7-100T/Pmod_OLED/Pmod_OLED/Debug/Pmod_OLED.elf' is downloaded to processor 'microblaze_0'.
19:54:55 INFO  : ----------------XSDB Script----------------
connect -url tcp:127.0.0.1:3121
targets -set -filter {jtag_cable_name =~ "Digilent Arty A7-100T 210319B7C8A8A" && level==0 && jtag_device_ctx=="jsn-Arty A7-100T-210319B7C8A8A-13631093-0"}
fpga -file C:/Users/luisr/Desktop/FPGA/Software/Arty_A7-100T/Pmod_OLED/Pmod_OLED/_ide/bitstream/download.bit
targets -set -nocase -filter {name =~ "*microblaze*#0" && bscan=="USER2" }
loadhw -hw C:/Users/luisr/Desktop/FPGA/Software/Arty_A7-100T/Pmod_OLED/Pmod_OLED_wrapper/export/Pmod_OLED_wrapper/hw/Pmod_OLED_wrapper.xsa -regs
configparams mdm-detect-bscan-mask 2
targets -set -nocase -filter {name =~ "*microblaze*#0" && bscan=="USER2" }
rst -system
after 3000
targets -set -nocase -filter {name =~ "*microblaze*#0" && bscan=="USER2" }
dow C:/Users/luisr/Desktop/FPGA/Software/Arty_A7-100T/Pmod_OLED/Pmod_OLED/Debug/Pmod_OLED.elf
----------------End of Script----------------

19:54:55 INFO  : Context for processor 'microblaze_0' is selected.
19:54:55 INFO  : 'con' command is executed.
19:54:55 INFO  : ----------------XSDB Script (After Launch)----------------
targets -set -nocase -filter {name =~ "*microblaze*#0" && bscan=="USER2" }
con
----------------End of Script----------------

19:54:55 INFO  : Launch script is exported to file 'C:\Users\luisr\Desktop\FPGA\Software\Arty_A7-100T\Pmod_OLED\Pmod_OLED_system\_ide\scripts\debugger_pmod_oled-default.tcl'
