19:06:53 INFO  : Launching XSCT server: xsct.bat -n  -interactive C:\Users\luisr\Desktop\FPGA\Software\Arty_A7-100T\Pmod_TC1\temp_xsdb_launch_script.tcl
19:06:57 INFO  : XSCT server has started successfully.
19:06:57 INFO  : plnx-install-location is set to ''
19:06:57 INFO  : Successfully done setting XSCT server connection channel  
19:06:57 INFO  : Successfully done setting workspace for the tool. 
19:07:15 INFO  : Registering command handlers for Vitis TCF services
19:07:15 INFO  : Platform repository initialization has completed.
19:07:22 INFO  : Successfully done query RDI_DATADIR 
19:19:05 INFO  : Result from executing command 'getProjects': Pmod_TC1_wrapper
19:19:05 INFO  : Result from executing command 'getPlatforms': 
19:19:05 WARN  : An unexpected exception occurred in the module 'platform project logging'
19:19:05 INFO  : Platform 'Pmod_TC1_wrapper' is added to custom repositories.
19:19:08 INFO  : Platform 'Pmod_TC1_wrapper' is added to custom repositories.
19:19:57 INFO  : Result from executing command 'getProjects': Pmod_TC1_wrapper
19:19:57 INFO  : Result from executing command 'getPlatforms': Pmod_TC1_wrapper|C:/Users/luisr/Desktop/FPGA/Software/Arty_A7-100T/Pmod_TC1/Pmod_TC1_wrapper/export/Pmod_TC1_wrapper/Pmod_TC1_wrapper.xpfm
19:19:57 INFO  : Checking for BSP changes to sync application flags for project 'Pmod_TC1'...
19:20:32 INFO  : Connected to target on host '127.0.0.1' and port '3121'.
19:20:32 WARN  : Part name present in the hardware specification 'xc7a100tcsg324-1' doesn't match the one present on the target 'xc7z020'.
19:20:34 INFO  : Jtag cable 'Digilent Zybo Z7 210351B481C2A' is selected.
19:20:34 INFO  : 'jtag frequency' command is executed.
19:20:34 INFO  : 'targets -set -filter {jtag_cable_name =~ "Digilent Zybo Z7 210351B481C2A" && level==0 && jtag_device_ctx=="jsn-Zybo Z7-210351B481C2A-23727093-0"}' command is executed.
19:20:34 ERROR : bitstream is not compatible with the target
19:20:34 ERROR : Exception occured while running Program Device.
java.lang.RuntimeException: bitstream is not compatible with the target
19:20:34 INFO  : ----------------XSDB Script----------------
connect -url tcp:127.0.0.1:3121
----------------End of Script----------------

19:20:34 ERROR : bitstream is not compatible with the target
19:20:45 INFO  : Connected to target on host '127.0.0.1' and port '3121'.
19:20:46 WARN  : Part name present in the hardware specification 'xc7a100tcsg324-1' doesn't match the one present on the target 'xc7z020'.
19:20:47 INFO  : Jtag cable 'Digilent Zybo Z7 210351B481C2A' is selected.
19:20:47 INFO  : 'jtag frequency' command is executed.
19:20:47 INFO  : 'targets -set -filter {jtag_cable_name =~ "Digilent Zybo Z7 210351B481C2A" && level==0 && jtag_device_ctx=="jsn-Zybo Z7-210351B481C2A-23727093-0"}' command is executed.
19:20:47 ERROR : bitstream is not compatible with the target
19:20:47 ERROR : Exception occured while running Program Device.
java.lang.RuntimeException: bitstream is not compatible with the target
19:20:47 INFO  : ----------------XSDB Script----------------
connect -url tcp:127.0.0.1:3121
----------------End of Script----------------

19:20:47 ERROR : bitstream is not compatible with the target
19:21:21 INFO  : Connected to target on host '127.0.0.1' and port '3121'.
19:21:45 INFO  : Bit file 'C:/Users/luisr/Desktop/FPGA/Software/Arty_A7-100T/Pmod_TC1/Pmod_TC1/_ide/bitstream/download.bit' is generated.
19:21:45 INFO  : Connected to target on host '127.0.0.1' and port '3121'.
19:21:45 INFO  : 'targets -set -filter {jtag_cable_name =~ "Digilent Arty A7-100T 210319B7C8A8A" && level==0 && jtag_device_ctx=="jsn-Arty A7-100T-210319B7C8A8A-13631093-0"}' command is executed.
19:21:47 INFO  : Device configured successfully with "C:/Users/luisr/Desktop/FPGA/Software/Arty_A7-100T/Pmod_TC1/Pmod_TC1/_ide/bitstream/download.bit"
19:22:58 INFO  : Connected to target on host '127.0.0.1' and port '3121'.
19:22:58 INFO  : Jtag cable 'Digilent Arty A7-100T 210319B7C8A8A' is selected.
19:22:58 INFO  : 'jtag frequency' command is executed.
19:22:58 INFO  : 'targets -set -filter {jtag_cable_name =~ "Digilent Arty A7-100T 210319B7C8A8A" && level==0 && jtag_device_ctx=="jsn-Arty A7-100T-210319B7C8A8A-13631093-0"}' command is executed.
19:23:00 INFO  : Device configured successfully with "C:/Users/luisr/Desktop/FPGA/Software/Arty_A7-100T/Pmod_TC1/Pmod_TC1/_ide/bitstream/Pmod_TC1_wrapper.bit"
19:23:01 INFO  : Context for processor 'microblaze_0' is selected.
19:23:01 INFO  : Hardware design and registers information is loaded from 'C:/Users/luisr/Desktop/FPGA/Software/Arty_A7-100T/Pmod_TC1/Pmod_TC1_wrapper/export/Pmod_TC1_wrapper/hw/Pmod_TC1_wrapper.xsa'.
19:23:01 INFO  : 'configparams mdm-detect-bscan-mask 2' command is executed.
19:23:01 INFO  : Context for processor 'microblaze_0' is selected.
19:23:01 INFO  : System reset is completed.
19:23:04 INFO  : 'after 3000' command is executed.
19:23:04 INFO  : Context for processor 'microblaze_0' is selected.
19:23:04 INFO  : The application 'C:/Users/luisr/Desktop/FPGA/Software/Arty_A7-100T/Pmod_TC1/Pmod_TC1/Debug/Pmod_TC1.elf' is downloaded to processor 'microblaze_0'.
19:23:04 INFO  : ----------------XSDB Script----------------
connect -url tcp:127.0.0.1:3121
targets -set -filter {jtag_cable_name =~ "Digilent Arty A7-100T 210319B7C8A8A" && level==0 && jtag_device_ctx=="jsn-Arty A7-100T-210319B7C8A8A-13631093-0"}
fpga -file C:/Users/luisr/Desktop/FPGA/Software/Arty_A7-100T/Pmod_TC1/Pmod_TC1/_ide/bitstream/Pmod_TC1_wrapper.bit
targets -set -nocase -filter {name =~ "*microblaze*#0" && bscan=="USER2" }
loadhw -hw C:/Users/luisr/Desktop/FPGA/Software/Arty_A7-100T/Pmod_TC1/Pmod_TC1_wrapper/export/Pmod_TC1_wrapper/hw/Pmod_TC1_wrapper.xsa -regs
configparams mdm-detect-bscan-mask 2
targets -set -nocase -filter {name =~ "*microblaze*#0" && bscan=="USER2" }
rst -system
after 3000
targets -set -nocase -filter {name =~ "*microblaze*#0" && bscan=="USER2" }
dow C:/Users/luisr/Desktop/FPGA/Software/Arty_A7-100T/Pmod_TC1/Pmod_TC1/Debug/Pmod_TC1.elf
----------------End of Script----------------

19:23:04 INFO  : Context for processor 'microblaze_0' is selected.
19:23:04 INFO  : 'con' command is executed.
19:23:04 INFO  : ----------------XSDB Script (After Launch)----------------
targets -set -nocase -filter {name =~ "*microblaze*#0" && bscan=="USER2" }
con
----------------End of Script----------------

19:23:04 INFO  : Launch script is exported to file 'C:\Users\luisr\Desktop\FPGA\Software\Arty_A7-100T\Pmod_TC1\Pmod_TC1_system\_ide\scripts\debugger_pmod_tc1-default.tcl'
19:23:23 INFO  : Disconnected from the channel tcfchan#2.
19:23:24 INFO  : Connected to target on host '127.0.0.1' and port '3121'.
19:23:33 INFO  : ----------------XSDB Script----------------
connect -url tcp:127.0.0.1:3121
----------------End of Script----------------

19:23:33 ERROR : Could not find FPGA device on the board for connection 'Local'.


Troubleshooting hints:
1. Check whether board is connected to system properly.
2. In case of zynq board, check whether Digilent/Xilinx cable switch settings are correct.
3. If you are using Xilinx Platform Cable USB, ensure that status LED is green.
19:23:56 INFO  : Connected to target on host '127.0.0.1' and port '3121'.
19:23:56 INFO  : Jtag cable 'Digilent Arty A7-100T 210319B7C8A8A' is selected.
19:23:56 INFO  : 'jtag frequency' command is executed.
19:23:56 INFO  : 'targets -set -filter {jtag_cable_name =~ "Digilent Arty A7-100T 210319B7C8A8A" && level==0 && jtag_device_ctx=="jsn-Arty A7-100T-210319B7C8A8A-13631093-0"}' command is executed.
19:23:58 INFO  : Device configured successfully with "C:/Users/luisr/Desktop/FPGA/Software/Arty_A7-100T/Pmod_TC1/Pmod_TC1/_ide/bitstream/Pmod_TC1_wrapper.bit"
19:23:58 INFO  : Context for processor 'microblaze_0' is selected.
19:23:58 INFO  : Hardware design and registers information is loaded from 'C:/Users/luisr/Desktop/FPGA/Software/Arty_A7-100T/Pmod_TC1/Pmod_TC1_wrapper/export/Pmod_TC1_wrapper/hw/Pmod_TC1_wrapper.xsa'.
19:23:58 INFO  : 'configparams mdm-detect-bscan-mask 2' command is executed.
19:23:58 INFO  : Context for processor 'microblaze_0' is selected.
19:23:58 INFO  : System reset is completed.
19:24:01 INFO  : 'after 3000' command is executed.
19:24:01 INFO  : Context for processor 'microblaze_0' is selected.
19:24:02 INFO  : The application 'C:/Users/luisr/Desktop/FPGA/Software/Arty_A7-100T/Pmod_TC1/Pmod_TC1/Debug/Pmod_TC1.elf' is downloaded to processor 'microblaze_0'.
19:24:02 INFO  : ----------------XSDB Script----------------
connect -url tcp:127.0.0.1:3121
targets -set -filter {jtag_cable_name =~ "Digilent Arty A7-100T 210319B7C8A8A" && level==0 && jtag_device_ctx=="jsn-Arty A7-100T-210319B7C8A8A-13631093-0"}
fpga -file C:/Users/luisr/Desktop/FPGA/Software/Arty_A7-100T/Pmod_TC1/Pmod_TC1/_ide/bitstream/Pmod_TC1_wrapper.bit
targets -set -nocase -filter {name =~ "*microblaze*#0" && bscan=="USER2" }
loadhw -hw C:/Users/luisr/Desktop/FPGA/Software/Arty_A7-100T/Pmod_TC1/Pmod_TC1_wrapper/export/Pmod_TC1_wrapper/hw/Pmod_TC1_wrapper.xsa -regs
configparams mdm-detect-bscan-mask 2
targets -set -nocase -filter {name =~ "*microblaze*#0" && bscan=="USER2" }
rst -system
after 3000
targets -set -nocase -filter {name =~ "*microblaze*#0" && bscan=="USER2" }
dow C:/Users/luisr/Desktop/FPGA/Software/Arty_A7-100T/Pmod_TC1/Pmod_TC1/Debug/Pmod_TC1.elf
----------------End of Script----------------

19:24:02 INFO  : Context for processor 'microblaze_0' is selected.
19:24:02 INFO  : 'con' command is executed.
19:24:02 INFO  : ----------------XSDB Script (After Launch)----------------
targets -set -nocase -filter {name =~ "*microblaze*#0" && bscan=="USER2" }
con
----------------End of Script----------------

19:24:02 INFO  : Launch script is exported to file 'C:\Users\luisr\Desktop\FPGA\Software\Arty_A7-100T\Pmod_TC1\Pmod_TC1_system\_ide\scripts\debugger_pmod_tc1-default.tcl'
19:24:24 INFO  : Disconnected from the channel tcfchan#3.
19:24:25 INFO  : Connected to target on host '127.0.0.1' and port '3121'.
19:24:34 INFO  : ----------------XSDB Script----------------
connect -url tcp:127.0.0.1:3121
----------------End of Script----------------

19:24:34 ERROR : Could not find FPGA device on the board for connection 'Local'.


Troubleshooting hints:
1. Check whether board is connected to system properly.
2. In case of zynq board, check whether Digilent/Xilinx cable switch settings are correct.
3. If you are using Xilinx Platform Cable USB, ensure that status LED is green.
19:24:47 INFO  : Connected to target on host '127.0.0.1' and port '3121'.
19:24:48 INFO  : Jtag cable 'Digilent Arty A7-100T 210319B7C8A8A' is selected.
19:24:48 INFO  : 'jtag frequency' command is executed.
19:24:48 INFO  : 'targets -set -filter {jtag_cable_name =~ "Digilent Arty A7-100T 210319B7C8A8A" && level==0 && jtag_device_ctx=="jsn-Arty A7-100T-210319B7C8A8A-13631093-0"}' command is executed.
19:24:50 INFO  : Device configured successfully with "C:/Users/luisr/Desktop/FPGA/Software/Arty_A7-100T/Pmod_TC1/Pmod_TC1/_ide/bitstream/Pmod_TC1_wrapper.bit"
19:24:50 INFO  : Context for processor 'microblaze_0' is selected.
19:24:50 INFO  : Hardware design and registers information is loaded from 'C:/Users/luisr/Desktop/FPGA/Software/Arty_A7-100T/Pmod_TC1/Pmod_TC1_wrapper/export/Pmod_TC1_wrapper/hw/Pmod_TC1_wrapper.xsa'.
19:24:50 INFO  : 'configparams mdm-detect-bscan-mask 2' command is executed.
19:24:50 INFO  : Context for processor 'microblaze_0' is selected.
19:24:50 INFO  : System reset is completed.
19:24:53 INFO  : 'after 3000' command is executed.
19:24:53 INFO  : Context for processor 'microblaze_0' is selected.
19:24:54 INFO  : The application 'C:/Users/luisr/Desktop/FPGA/Software/Arty_A7-100T/Pmod_TC1/Pmod_TC1/Debug/Pmod_TC1.elf' is downloaded to processor 'microblaze_0'.
19:24:54 INFO  : ----------------XSDB Script----------------
connect -url tcp:127.0.0.1:3121
targets -set -filter {jtag_cable_name =~ "Digilent Arty A7-100T 210319B7C8A8A" && level==0 && jtag_device_ctx=="jsn-Arty A7-100T-210319B7C8A8A-13631093-0"}
fpga -file C:/Users/luisr/Desktop/FPGA/Software/Arty_A7-100T/Pmod_TC1/Pmod_TC1/_ide/bitstream/Pmod_TC1_wrapper.bit
targets -set -nocase -filter {name =~ "*microblaze*#0" && bscan=="USER2" }
loadhw -hw C:/Users/luisr/Desktop/FPGA/Software/Arty_A7-100T/Pmod_TC1/Pmod_TC1_wrapper/export/Pmod_TC1_wrapper/hw/Pmod_TC1_wrapper.xsa -regs
configparams mdm-detect-bscan-mask 2
targets -set -nocase -filter {name =~ "*microblaze*#0" && bscan=="USER2" }
rst -system
after 3000
targets -set -nocase -filter {name =~ "*microblaze*#0" && bscan=="USER2" }
dow C:/Users/luisr/Desktop/FPGA/Software/Arty_A7-100T/Pmod_TC1/Pmod_TC1/Debug/Pmod_TC1.elf
----------------End of Script----------------

19:24:54 INFO  : Context for processor 'microblaze_0' is selected.
19:24:54 INFO  : 'con' command is executed.
19:24:54 INFO  : ----------------XSDB Script (After Launch)----------------
targets -set -nocase -filter {name =~ "*microblaze*#0" && bscan=="USER2" }
con
----------------End of Script----------------

19:24:54 INFO  : Launch script is exported to file 'C:\Users\luisr\Desktop\FPGA\Software\Arty_A7-100T\Pmod_TC1\Pmod_TC1_system\_ide\scripts\debugger_pmod_tc1-default.tcl'
