16:27:13 INFO  : Launching XSCT server: xsct.bat -n  -interactive C:\Users\luisr\Desktop\FPGA\Software\Pynq_Z1\Sensors\temp_xsdb_launch_script.tcl
16:27:16 INFO  : XSCT server has started successfully.
16:27:16 INFO  : plnx-install-location is set to ''
16:27:16 INFO  : Successfully done setting XSCT server connection channel  
16:27:16 INFO  : Successfully done setting workspace for the tool. 
16:27:34 INFO  : Platform repository initialization has completed.
16:27:34 INFO  : Registering command handlers for Vitis TCF services
16:27:37 INFO  : Successfully done query RDI_DATADIR 
16:28:46 INFO  : Result from executing command 'getProjects': Sensors_wrapper
16:28:46 INFO  : Result from executing command 'getPlatforms': 
16:28:46 WARN  : An unexpected exception occurred in the module 'platform project logging'
16:28:46 INFO  : Platform 'Sensors_wrapper' is added to custom repositories.
16:28:57 INFO  : Platform 'Sensors_wrapper' is added to custom repositories.
16:29:48 INFO  : Result from executing command 'getProjects': Sensors_wrapper
16:29:48 INFO  : Result from executing command 'getPlatforms': Sensors_wrapper|C:/Users/luisr/Desktop/FPGA/Software/Pynq_Z1/Sensors/Sensors_wrapper/export/Sensors_wrapper/Sensors_wrapper.xpfm
16:29:49 INFO  : Checking for BSP changes to sync application flags for project 'Sensors'...
16:30:20 INFO  : Connected to target on host '127.0.0.1' and port '3121'.
16:30:26 INFO  : Jtag cable 'Xilinx PYNQ-Z1 003017B5C7FEA' is selected.
16:30:31 INFO  : 'jtag frequency' command is executed.
16:30:31 INFO  : Context for 'APU' is selected.
16:30:31 INFO  : System reset is completed.
16:30:34 INFO  : 'after 3000' command is executed.
16:30:37 INFO  : 'targets -set -filter {jtag_cable_name =~ "Xilinx PYNQ-Z1 003017B5C7FEA" && level==0 && jtag_device_ctx=="jsn-Xilinx PYNQ-Z1-003017B5C7FEA-23727093-0"}' command is executed.
16:30:39 INFO  : Device configured successfully with "C:/Users/luisr/Desktop/FPGA/Software/Pynq_Z1/Sensors/Sensors/_ide/bitstream/Sensors_OLED_wrapper.bit"
16:30:39 INFO  : Context for 'APU' is selected.
16:30:44 INFO  : Hardware design and registers information is loaded from 'C:/Users/luisr/Desktop/FPGA/Software/Pynq_Z1/Sensors/Sensors_wrapper/export/Sensors_wrapper/hw/Sensors_OLED_wrapper.xsa'.
16:30:44 INFO  : 'configparams force-mem-access 1' command is executed.
16:30:44 INFO  : Context for 'APU' is selected.
16:30:44 INFO  : Sourcing of 'C:/Users/luisr/Desktop/FPGA/Software/Pynq_Z1/Sensors/Sensors/_ide/psinit/ps7_init.tcl' is done.
16:31:38 INFO  : 'ps7_init' command is executed.
16:31:38 INFO  : 'ps7_post_config' command is executed.
16:31:38 INFO  : Context for processor 'ps7_cortexa9_0' is selected.
16:31:48 INFO  : The application 'C:/Users/luisr/Desktop/FPGA/Software/Pynq_Z1/Sensors/Sensors/Debug/Sensors.elf' is downloaded to processor 'ps7_cortexa9_0'.
16:31:54 INFO  : 'configparams force-mem-access 0' command is executed.
16:31:54 INFO  : ----------------XSDB Script----------------
connect -url tcp:127.0.0.1:3121
targets -set -nocase -filter {name =~"APU*"}
rst -system
after 3000
targets -set -filter {jtag_cable_name =~ "Xilinx PYNQ-Z1 003017B5C7FEA" && level==0 && jtag_device_ctx=="jsn-Xilinx PYNQ-Z1-003017B5C7FEA-23727093-0"}
fpga -file C:/Users/luisr/Desktop/FPGA/Software/Pynq_Z1/Sensors/Sensors/_ide/bitstream/Sensors_OLED_wrapper.bit
targets -set -nocase -filter {name =~"APU*"}
loadhw -hw C:/Users/luisr/Desktop/FPGA/Software/Pynq_Z1/Sensors/Sensors_wrapper/export/Sensors_wrapper/hw/Sensors_OLED_wrapper.xsa -mem-ranges [list {0x40000000 0xbfffffff}] -regs
configparams force-mem-access 1
targets -set -nocase -filter {name =~"APU*"}
source C:/Users/luisr/Desktop/FPGA/Software/Pynq_Z1/Sensors/Sensors/_ide/psinit/ps7_init.tcl
ps7_init
ps7_post_config
targets -set -nocase -filter {name =~ "*A9*#0"}
dow C:/Users/luisr/Desktop/FPGA/Software/Pynq_Z1/Sensors/Sensors/Debug/Sensors.elf
configparams force-mem-access 0
----------------End of Script----------------

16:32:04 INFO  : Context for processor 'ps7_cortexa9_0' is selected.
16:32:10 INFO  : 'con' command is executed.
16:32:10 INFO  : ----------------XSDB Script (After Launch)----------------
targets -set -nocase -filter {name =~ "*A9*#0"}
con
----------------End of Script----------------

16:32:10 INFO  : Launch script is exported to file 'C:\Users\luisr\Desktop\FPGA\Software\Pynq_Z1\Sensors\Sensors_system\_ide\scripts\debugger_sensors-default.tcl'
16:35:09 INFO  : Checking for BSP changes to sync application flags for project 'Sensors'...
16:35:38 INFO  : Checking for BSP changes to sync application flags for project 'Sensors'...
16:37:29 INFO  : Checking for BSP changes to sync application flags for project 'Sensors'...
16:37:58 INFO  : Checking for BSP changes to sync application flags for project 'Sensors'...
16:38:11 INFO  : Checking for BSP changes to sync application flags for project 'Sensors'...
16:38:22 INFO  : Checking for BSP changes to sync application flags for project 'Sensors'...
16:39:17 INFO  : Checking for BSP changes to sync application flags for project 'Sensors'...
16:39:43 INFO  : Checking for BSP changes to sync application flags for project 'Sensors'...
16:40:05 INFO  : Checking for BSP changes to sync application flags for project 'Sensors'...
16:40:53 INFO  : Checking for BSP changes to sync application flags for project 'Sensors'...
16:42:58 INFO  : Checking for BSP changes to sync application flags for project 'Sensors'...
16:43:20 INFO  : Checking for BSP changes to sync application flags for project 'Sensors'...
16:43:34 INFO  : Checking for BSP changes to sync application flags for project 'Sensors'...
16:43:43 INFO  : Disconnected from the channel tcfchan#3.
16:43:47 INFO  : Connected to target on host '127.0.0.1' and port '3121'.
16:43:48 INFO  : Jtag cable 'Xilinx PYNQ-Z1 003017B5C7FEA' is selected.
16:43:53 INFO  : 'jtag frequency' command is executed.
16:43:53 INFO  : Context for 'APU' is selected.
16:43:53 INFO  : System reset is completed.
16:43:56 INFO  : 'after 3000' command is executed.
16:43:58 INFO  : 'targets -set -filter {jtag_cable_name =~ "Xilinx PYNQ-Z1 003017B5C7FEA" && level==0 && jtag_device_ctx=="jsn-Xilinx PYNQ-Z1-003017B5C7FEA-23727093-0"}' command is executed.
16:44:01 INFO  : Device configured successfully with "C:/Users/luisr/Desktop/FPGA/Software/Pynq_Z1/Sensors/Sensors/_ide/bitstream/Sensors_OLED_wrapper.bit"
16:44:01 INFO  : Context for 'APU' is selected.
16:44:06 INFO  : Hardware design and registers information is loaded from 'C:/Users/luisr/Desktop/FPGA/Software/Pynq_Z1/Sensors/Sensors_wrapper/export/Sensors_wrapper/hw/Sensors_OLED_wrapper.xsa'.
16:44:06 INFO  : 'configparams force-mem-access 1' command is executed.
16:44:06 INFO  : Context for 'APU' is selected.
16:44:06 INFO  : Sourcing of 'C:/Users/luisr/Desktop/FPGA/Software/Pynq_Z1/Sensors/Sensors/_ide/psinit/ps7_init.tcl' is done.
16:45:36 INFO  : 'ps7_init' command is executed.
16:45:36 INFO  : 'ps7_post_config' command is executed.
16:45:36 INFO  : Context for processor 'ps7_cortexa9_0' is selected.
16:45:47 INFO  : The application 'C:/Users/luisr/Desktop/FPGA/Software/Pynq_Z1/Sensors/Sensors/Debug/Sensors.elf' is downloaded to processor 'ps7_cortexa9_0'.
16:45:52 INFO  : 'configparams force-mem-access 0' command is executed.
16:45:52 INFO  : ----------------XSDB Script----------------
connect -url tcp:127.0.0.1:3121
targets -set -nocase -filter {name =~"APU*"}
rst -system
after 3000
targets -set -filter {jtag_cable_name =~ "Xilinx PYNQ-Z1 003017B5C7FEA" && level==0 && jtag_device_ctx=="jsn-Xilinx PYNQ-Z1-003017B5C7FEA-23727093-0"}
fpga -file C:/Users/luisr/Desktop/FPGA/Software/Pynq_Z1/Sensors/Sensors/_ide/bitstream/Sensors_OLED_wrapper.bit
targets -set -nocase -filter {name =~"APU*"}
loadhw -hw C:/Users/luisr/Desktop/FPGA/Software/Pynq_Z1/Sensors/Sensors_wrapper/export/Sensors_wrapper/hw/Sensors_OLED_wrapper.xsa -mem-ranges [list {0x40000000 0xbfffffff}] -regs
configparams force-mem-access 1
targets -set -nocase -filter {name =~"APU*"}
source C:/Users/luisr/Desktop/FPGA/Software/Pynq_Z1/Sensors/Sensors/_ide/psinit/ps7_init.tcl
ps7_init
ps7_post_config
targets -set -nocase -filter {name =~ "*A9*#0"}
dow C:/Users/luisr/Desktop/FPGA/Software/Pynq_Z1/Sensors/Sensors/Debug/Sensors.elf
configparams force-mem-access 0
----------------End of Script----------------

16:45:58 INFO  : Context for processor 'ps7_cortexa9_0' is selected.
16:46:03 INFO  : 'con' command is executed.
16:46:03 INFO  : ----------------XSDB Script (After Launch)----------------
targets -set -nocase -filter {name =~ "*A9*#0"}
con
----------------End of Script----------------

16:46:03 INFO  : Launch script is exported to file 'C:\Users\luisr\Desktop\FPGA\Software\Pynq_Z1\Sensors\Sensors_system\_ide\scripts\debugger_sensors-default.tcl'
17:32:53 INFO  : Hardware specification for platform project 'Sensors_wrapper' is updated.
17:33:03 INFO  : Result from executing command 'getProjects': Sensors_wrapper
17:33:03 INFO  : Result from executing command 'getPlatforms': Sensors_wrapper|C:/Users/luisr/Desktop/FPGA/Software/Pynq_Z1/Sensors/Sensors_wrapper/export/Sensors_wrapper/Sensors_wrapper.xpfm
17:33:03 INFO  : Checking for BSP changes to sync application flags for project 'Sensors'...
17:33:08 INFO  : The hardware specification used by project 'Sensors' is out of sync with the platform. Resource files extracted from the hardware specification will be updated.
17:33:08 INFO  : The file 'C:\Users\luisr\Desktop\FPGA\Software\Pynq_Z1\Sensors\Sensors\_ide\bitstream\Sensors_OLED_wrapper.bit' stored in project is removed.
17:33:08 INFO  : The updated bitstream files are copied from platform to folder 'C:\Users\luisr\Desktop\FPGA\Software\Pynq_Z1\Sensors\Sensors\_ide\bitstream' in project 'Sensors'.
17:33:08 INFO  : The file 'C:\Users\luisr\Desktop\FPGA\Software\Pynq_Z1\Sensors\Sensors\_ide\psinit\ps7_init.tcl' stored in project is removed.
17:33:15 INFO  : The updated ps init files are copied from platform to folder 'C:\Users\luisr\Desktop\FPGA\Software\Pynq_Z1\Sensors\Sensors\_ide\psinit' in project 'Sensors'.
17:34:08 INFO  : Checking for BSP changes to sync application flags for project 'Sensors'...
17:34:33 INFO  : Launching XSCT server: xsct.bat -n  -interactive C:\Users\luisr\Desktop\FPGA\Software\Pynq_Z1\Sensors\temp_xsdb_launch_script.tcl
17:36:59 INFO  : Launching XSCT server: xsct.bat -n  -interactive C:\Users\luisr\Desktop\FPGA\Software\Pynq_Z1\Sensors\temp_xsdb_launch_script.tcl
17:37:09 INFO  : XSCT server has started successfully.
17:37:09 INFO  : plnx-install-location is set to ''
17:37:09 INFO  : Successfully done setting XSCT server connection channel  
17:37:09 INFO  : Successfully done setting workspace for the tool. 
17:37:47 INFO  : Registering command handlers for Vitis TCF services
17:37:47 ERROR : Error encountered while initializing user repository paths
Reason: No Platforms Found.


17:37:47 INFO  : Platform repository initialization has completed.
17:38:01 INFO  : Result from executing command 'getProjects': Sensors_wrapper
17:38:01 INFO  : Successfully done query RDI_DATADIR 
17:38:01 INFO  : Result from executing command 'getPlatforms': 
17:38:02 INFO  : Checking for BSP changes to sync application flags for project 'Sensors'...
17:38:40 INFO  : Checking for BSP changes to sync application flags for project 'Sensors'...
17:39:32 INFO  : Hardware specification for platform project 'Sensors_wrapper' is updated.
17:39:48 INFO  : Result from executing command 'removePlatformRepo': 
17:40:18 INFO  : Result from executing command 'getProjects': Sensors_wrapper
17:40:18 INFO  : Result from executing command 'getPlatforms': 
17:40:18 INFO  : Checking for BSP changes to sync application flags for project 'Sensors'...
17:40:38 INFO  : Checking for BSP changes to sync application flags for project 'Sensors'...
17:40:52 INFO  : Connected to target on host '127.0.0.1' and port '3121'.
17:40:53 INFO  : Jtag cable 'Xilinx PYNQ-Z1 003017B5C7FEA' is selected.
17:40:53 INFO  : 'jtag frequency' command is executed.
17:40:53 INFO  : Context for 'APU' is selected.
17:40:53 INFO  : System reset is completed.
17:40:56 INFO  : 'after 3000' command is executed.
17:40:56 INFO  : 'targets -set -filter {jtag_cable_name =~ "Xilinx PYNQ-Z1 003017B5C7FEA" && level==0 && jtag_device_ctx=="jsn-Xilinx PYNQ-Z1-003017B5C7FEA-23727093-0"}' command is executed.
17:40:56 ERROR : couldn't open "C:/Users/luisr/Desktop/FPGA/Software/Pynq_Z1/Sensors/Sensors/_ide/bitstream/Sensors_OLED_wrapper.bit": no such file or directory
17:40:56 ERROR : Exception occured while running Program Device.
java.lang.RuntimeException: couldn't open "C:/Users/luisr/Desktop/FPGA/Software/Pynq_Z1/Sensors/Sensors/_ide/bitstream/Sensors_OLED_wrapper.bit": no such file or directory
17:40:56 INFO  : ----------------XSDB Script----------------
connect -url tcp:127.0.0.1:3121
targets -set -nocase -filter {name =~"APU*"}
rst -system
after 3000
----------------End of Script----------------

17:40:56 ERROR : couldn't open "C:/Users/luisr/Desktop/FPGA/Software/Pynq_Z1/Sensors/Sensors/_ide/bitstream/Sensors_OLED_wrapper.bit": no such file or directory
17:41:18 INFO  : Connected to target on host '127.0.0.1' and port '3121'.
17:41:18 INFO  : Jtag cable 'Xilinx PYNQ-Z1 003017B5C7FEA' is selected.
17:41:18 INFO  : 'jtag frequency' command is executed.
17:41:18 INFO  : Context for 'APU' is selected.
17:41:18 INFO  : System reset is completed.
17:41:21 INFO  : 'after 3000' command is executed.
17:41:21 INFO  : 'targets -set -filter {jtag_cable_name =~ "Xilinx PYNQ-Z1 003017B5C7FEA" && level==0 && jtag_device_ctx=="jsn-Xilinx PYNQ-Z1-003017B5C7FEA-23727093-0"}' command is executed.
17:41:21 ERROR : couldn't open "C:/Users/luisr/Desktop/FPGA/Software/Pynq_Z1/Sensors/Sensors/_ide/bitstream/Sensors_OLED_wrapper.bit": no such file or directory
17:41:21 ERROR : Exception occured while running Program Device.
java.lang.RuntimeException: couldn't open "C:/Users/luisr/Desktop/FPGA/Software/Pynq_Z1/Sensors/Sensors/_ide/bitstream/Sensors_OLED_wrapper.bit": no such file or directory
17:41:21 INFO  : ----------------XSDB Script----------------
connect -url tcp:127.0.0.1:3121
targets -set -nocase -filter {name =~"APU*"}
rst -system
after 3000
----------------End of Script----------------

17:41:21 ERROR : couldn't open "C:/Users/luisr/Desktop/FPGA/Software/Pynq_Z1/Sensors/Sensors/_ide/bitstream/Sensors_OLED_wrapper.bit": no such file or directory
17:41:57 INFO  : Connected to target on host '127.0.0.1' and port '3121'.
17:41:57 INFO  : 'targets -set -filter {jtag_cable_name =~ "Xilinx PYNQ-Z1 003017B5C7FEA" && level==0 && jtag_device_ctx=="jsn-Xilinx PYNQ-Z1-003017B5C7FEA-23727093-0"}' command is executed.
17:41:59 INFO  : Device configured successfully with "C:/Users/luisr/Desktop/FPGA/Software/Pynq_Z1/Sensors/Sensors_wrapper/hw/Sensors_wrapper.bit"
17:42:04 INFO  : Connected to target on host '127.0.0.1' and port '3121'.
17:42:05 INFO  : Jtag cable 'Xilinx PYNQ-Z1 003017B5C7FEA' is selected.
17:42:05 INFO  : 'jtag frequency' command is executed.
17:42:05 INFO  : Context for 'APU' is selected.
17:42:05 INFO  : System reset is completed.
17:42:08 INFO  : 'after 3000' command is executed.
17:42:08 INFO  : 'targets -set -filter {jtag_cable_name =~ "Xilinx PYNQ-Z1 003017B5C7FEA" && level==0 && jtag_device_ctx=="jsn-Xilinx PYNQ-Z1-003017B5C7FEA-23727093-0"}' command is executed.
17:42:08 ERROR : couldn't open "C:/Users/luisr/Desktop/FPGA/Software/Pynq_Z1/Sensors/Sensors/_ide/bitstream/Sensors_OLED_wrapper.bit": no such file or directory
17:42:08 ERROR : Exception occured while running Program Device.
java.lang.RuntimeException: couldn't open "C:/Users/luisr/Desktop/FPGA/Software/Pynq_Z1/Sensors/Sensors/_ide/bitstream/Sensors_OLED_wrapper.bit": no such file or directory
17:42:08 INFO  : ----------------XSDB Script----------------
connect -url tcp:127.0.0.1:3121
targets -set -nocase -filter {name =~"APU*"}
rst -system
after 3000
----------------End of Script----------------

17:42:08 ERROR : couldn't open "C:/Users/luisr/Desktop/FPGA/Software/Pynq_Z1/Sensors/Sensors/_ide/bitstream/Sensors_OLED_wrapper.bit": no such file or directory
17:43:22 INFO  : Result from executing command 'getProjects': Sensors_wrapper
17:43:22 INFO  : Result from executing command 'getPlatforms': 
17:43:23 INFO  : Platform 'Sensors_wrapper' is added to custom repositories.
17:43:41 INFO  : Platform 'Sensors_wrapper' is added to custom repositories.
17:51:31 INFO  : Result from executing command 'getProjects': Sensors_wrapper
17:51:32 INFO  : Result from executing command 'getPlatforms': Sensors_wrapper|C:/Users/luisr/Desktop/FPGA/Software/Pynq_Z1/Sensors/Sensors_wrapper/export/Sensors_wrapper/Sensors_wrapper.xpfm
17:51:32 INFO  : Checking for BSP changes to sync application flags for project 'Sensors'...
17:51:52 INFO  : Checking for BSP changes to sync application flags for project 'Sensors'...
17:52:06 INFO  : Connected to target on host '127.0.0.1' and port '3121'.
17:52:06 INFO  : Jtag cable 'Xilinx PYNQ-Z1 003017B5C7FEA' is selected.
17:52:06 INFO  : 'jtag frequency' command is executed.
17:52:06 INFO  : Context for 'APU' is selected.
17:52:06 INFO  : System reset is completed.
17:52:09 INFO  : 'after 3000' command is executed.
17:52:09 INFO  : 'targets -set -filter {jtag_cable_name =~ "Xilinx PYNQ-Z1 003017B5C7FEA" && level==0 && jtag_device_ctx=="jsn-Xilinx PYNQ-Z1-003017B5C7FEA-23727093-0"}' command is executed.
17:52:11 INFO  : Device configured successfully with "C:/Users/luisr/Desktop/FPGA/Software/Pynq_Z1/Sensors/Sensors/_ide/bitstream/Sensors_wrapper.bit"
17:52:11 INFO  : Context for 'APU' is selected.
17:52:11 INFO  : Hardware design and registers information is loaded from 'C:/Users/luisr/Desktop/FPGA/Software/Pynq_Z1/Sensors/Sensors_wrapper/export/Sensors_wrapper/hw/Sensors_wrapper.xsa'.
17:52:11 INFO  : 'configparams force-mem-access 1' command is executed.
17:52:11 INFO  : Context for 'APU' is selected.
17:52:11 INFO  : Sourcing of 'C:/Users/luisr/Desktop/FPGA/Software/Pynq_Z1/Sensors/Sensors/_ide/psinit/ps7_init.tcl' is done.
17:52:12 INFO  : 'ps7_init' command is executed.
17:52:12 INFO  : 'ps7_post_config' command is executed.
17:52:12 INFO  : Context for processor 'ps7_cortexa9_0' is selected.
17:52:13 INFO  : The application 'C:/Users/luisr/Desktop/FPGA/Software/Pynq_Z1/Sensors/Sensors/Debug/Sensors.elf' is downloaded to processor 'ps7_cortexa9_0'.
17:52:13 INFO  : 'configparams force-mem-access 0' command is executed.
17:52:13 INFO  : ----------------XSDB Script----------------
connect -url tcp:127.0.0.1:3121
targets -set -nocase -filter {name =~"APU*"}
rst -system
after 3000
targets -set -filter {jtag_cable_name =~ "Xilinx PYNQ-Z1 003017B5C7FEA" && level==0 && jtag_device_ctx=="jsn-Xilinx PYNQ-Z1-003017B5C7FEA-23727093-0"}
fpga -file C:/Users/luisr/Desktop/FPGA/Software/Pynq_Z1/Sensors/Sensors/_ide/bitstream/Sensors_wrapper.bit
targets -set -nocase -filter {name =~"APU*"}
loadhw -hw C:/Users/luisr/Desktop/FPGA/Software/Pynq_Z1/Sensors/Sensors_wrapper/export/Sensors_wrapper/hw/Sensors_wrapper.xsa -mem-ranges [list {0x40000000 0xbfffffff}] -regs
configparams force-mem-access 1
targets -set -nocase -filter {name =~"APU*"}
source C:/Users/luisr/Desktop/FPGA/Software/Pynq_Z1/Sensors/Sensors/_ide/psinit/ps7_init.tcl
ps7_init
ps7_post_config
targets -set -nocase -filter {name =~ "*A9*#0"}
dow C:/Users/luisr/Desktop/FPGA/Software/Pynq_Z1/Sensors/Sensors/Debug/Sensors.elf
configparams force-mem-access 0
----------------End of Script----------------

17:52:13 INFO  : Context for processor 'ps7_cortexa9_0' is selected.
17:52:13 INFO  : 'con' command is executed.
17:52:13 INFO  : ----------------XSDB Script (After Launch)----------------
targets -set -nocase -filter {name =~ "*A9*#0"}
con
----------------End of Script----------------

17:52:13 INFO  : Launch script is exported to file 'C:\Users\luisr\Desktop\FPGA\Software\Pynq_Z1\Sensors\Sensors_system\_ide\scripts\debugger_sensors-default.tcl'
17:52:29 INFO  : Disconnected from the channel tcfchan#8.
17:52:30 INFO  : Connected to target on host '127.0.0.1' and port '3121'.
17:52:31 INFO  : Jtag cable 'Xilinx PYNQ-Z1 003017B5C7FEA' is selected.
17:52:31 INFO  : 'jtag frequency' command is executed.
17:52:31 INFO  : Context for 'APU' is selected.
17:52:31 INFO  : System reset is completed.
17:52:34 INFO  : 'after 3000' command is executed.
17:52:34 INFO  : 'targets -set -filter {jtag_cable_name =~ "Xilinx PYNQ-Z1 003017B5C7FEA" && level==0 && jtag_device_ctx=="jsn-Xilinx PYNQ-Z1-003017B5C7FEA-23727093-0"}' command is executed.
17:52:36 INFO  : Device configured successfully with "C:/Users/luisr/Desktop/FPGA/Software/Pynq_Z1/Sensors/Sensors/_ide/bitstream/Sensors_wrapper.bit"
17:52:36 INFO  : Context for 'APU' is selected.
17:52:40 INFO  : Hardware design and registers information is loaded from 'C:/Users/luisr/Desktop/FPGA/Software/Pynq_Z1/Sensors/Sensors_wrapper/export/Sensors_wrapper/hw/Sensors_wrapper.xsa'.
17:52:40 INFO  : 'configparams force-mem-access 1' command is executed.
17:52:40 INFO  : Context for 'APU' is selected.
17:52:40 INFO  : Sourcing of 'C:/Users/luisr/Desktop/FPGA/Software/Pynq_Z1/Sensors/Sensors/_ide/psinit/ps7_init.tcl' is done.
17:52:41 INFO  : 'ps7_init' command is executed.
17:52:41 INFO  : 'ps7_post_config' command is executed.
17:52:41 INFO  : Context for processor 'ps7_cortexa9_0' is selected.
17:52:42 INFO  : The application 'C:/Users/luisr/Desktop/FPGA/Software/Pynq_Z1/Sensors/Sensors/Debug/Sensors.elf' is downloaded to processor 'ps7_cortexa9_0'.
17:52:42 INFO  : 'configparams force-mem-access 0' command is executed.
17:52:42 INFO  : ----------------XSDB Script----------------
connect -url tcp:127.0.0.1:3121
targets -set -nocase -filter {name =~"APU*"}
rst -system
after 3000
targets -set -filter {jtag_cable_name =~ "Xilinx PYNQ-Z1 003017B5C7FEA" && level==0 && jtag_device_ctx=="jsn-Xilinx PYNQ-Z1-003017B5C7FEA-23727093-0"}
fpga -file C:/Users/luisr/Desktop/FPGA/Software/Pynq_Z1/Sensors/Sensors/_ide/bitstream/Sensors_wrapper.bit
targets -set -nocase -filter {name =~"APU*"}
loadhw -hw C:/Users/luisr/Desktop/FPGA/Software/Pynq_Z1/Sensors/Sensors_wrapper/export/Sensors_wrapper/hw/Sensors_wrapper.xsa -mem-ranges [list {0x40000000 0xbfffffff}] -regs
configparams force-mem-access 1
targets -set -nocase -filter {name =~"APU*"}
source C:/Users/luisr/Desktop/FPGA/Software/Pynq_Z1/Sensors/Sensors/_ide/psinit/ps7_init.tcl
ps7_init
ps7_post_config
targets -set -nocase -filter {name =~ "*A9*#0"}
dow C:/Users/luisr/Desktop/FPGA/Software/Pynq_Z1/Sensors/Sensors/Debug/Sensors.elf
configparams force-mem-access 0
----------------End of Script----------------

17:52:42 INFO  : Context for processor 'ps7_cortexa9_0' is selected.
17:52:42 INFO  : 'con' command is executed.
17:52:42 INFO  : ----------------XSDB Script (After Launch)----------------
targets -set -nocase -filter {name =~ "*A9*#0"}
con
----------------End of Script----------------

17:52:42 INFO  : Launch script is exported to file 'C:\Users\luisr\Desktop\FPGA\Software\Pynq_Z1\Sensors\Sensors_system\_ide\scripts\debugger_sensors-default.tcl'
17:53:12 INFO  : Disconnected from the channel tcfchan#12.
17:53:13 INFO  : Connected to target on host '127.0.0.1' and port '3121'.
17:53:13 INFO  : Jtag cable 'Xilinx PYNQ-Z1 003017B5C7FEA' is selected.
17:53:13 INFO  : 'jtag frequency' command is executed.
17:53:13 INFO  : Context for 'APU' is selected.
17:53:13 INFO  : System reset is completed.
17:53:16 INFO  : 'after 3000' command is executed.
17:53:16 INFO  : 'targets -set -filter {jtag_cable_name =~ "Xilinx PYNQ-Z1 003017B5C7FEA" && level==0 && jtag_device_ctx=="jsn-Xilinx PYNQ-Z1-003017B5C7FEA-23727093-0"}' command is executed.
17:53:19 INFO  : Device configured successfully with "C:/Users/luisr/Desktop/FPGA/Software/Pynq_Z1/Sensors/Sensors/_ide/bitstream/Sensors_wrapper.bit"
17:53:19 INFO  : Context for 'APU' is selected.
17:53:19 INFO  : Hardware design and registers information is loaded from 'C:/Users/luisr/Desktop/FPGA/Software/Pynq_Z1/Sensors/Sensors_wrapper/export/Sensors_wrapper/hw/Sensors_wrapper.xsa'.
17:53:19 INFO  : 'configparams force-mem-access 1' command is executed.
17:53:19 INFO  : Context for 'APU' is selected.
17:53:19 INFO  : Sourcing of 'C:/Users/luisr/Desktop/FPGA/Software/Pynq_Z1/Sensors/Sensors/_ide/psinit/ps7_init.tcl' is done.
17:53:19 INFO  : 'ps7_init' command is executed.
17:53:19 INFO  : 'ps7_post_config' command is executed.
17:53:19 INFO  : Context for processor 'ps7_cortexa9_0' is selected.
17:53:20 INFO  : The application 'C:/Users/luisr/Desktop/FPGA/Software/Pynq_Z1/Sensors/Sensors/Debug/Sensors.elf' is downloaded to processor 'ps7_cortexa9_0'.
17:53:20 INFO  : 'configparams force-mem-access 0' command is executed.
17:53:20 INFO  : ----------------XSDB Script----------------
connect -url tcp:127.0.0.1:3121
targets -set -nocase -filter {name =~"APU*"}
rst -system
after 3000
targets -set -filter {jtag_cable_name =~ "Xilinx PYNQ-Z1 003017B5C7FEA" && level==0 && jtag_device_ctx=="jsn-Xilinx PYNQ-Z1-003017B5C7FEA-23727093-0"}
fpga -file C:/Users/luisr/Desktop/FPGA/Software/Pynq_Z1/Sensors/Sensors/_ide/bitstream/Sensors_wrapper.bit
targets -set -nocase -filter {name =~"APU*"}
loadhw -hw C:/Users/luisr/Desktop/FPGA/Software/Pynq_Z1/Sensors/Sensors_wrapper/export/Sensors_wrapper/hw/Sensors_wrapper.xsa -mem-ranges [list {0x40000000 0xbfffffff}] -regs
configparams force-mem-access 1
targets -set -nocase -filter {name =~"APU*"}
source C:/Users/luisr/Desktop/FPGA/Software/Pynq_Z1/Sensors/Sensors/_ide/psinit/ps7_init.tcl
ps7_init
ps7_post_config
targets -set -nocase -filter {name =~ "*A9*#0"}
dow C:/Users/luisr/Desktop/FPGA/Software/Pynq_Z1/Sensors/Sensors/Debug/Sensors.elf
configparams force-mem-access 0
----------------End of Script----------------

17:53:20 INFO  : Context for processor 'ps7_cortexa9_0' is selected.
17:53:20 INFO  : 'con' command is executed.
17:53:20 INFO  : ----------------XSDB Script (After Launch)----------------
targets -set -nocase -filter {name =~ "*A9*#0"}
con
----------------End of Script----------------

17:53:20 INFO  : Launch script is exported to file 'C:\Users\luisr\Desktop\FPGA\Software\Pynq_Z1\Sensors\Sensors_system\_ide\scripts\debugger_sensors-default.tcl'
